11-Sep-2020 17:21:05.718 INFORMACIÓN [main] org.apache.catalina.startup.VersionLoggerListener.log Nombre de la versión del servidor:   Apache Tomcat/9.0.37

11-Sep-2020 17:21:05.722 INFORMACIÓN [main] org.apache.catalina.startup.VersionLoggerListener.log Server built:          Jun 30 2020 20:09:49 UTC
11-Sep-2020 17:21:05.723 INFORMACIÓN [main] org.apache.catalina.startup.VersionLoggerListener.log Número de versión de servidor:         9.0.37.0
11-Sep-2020 17:21:05.723 INFORMACIÓN [main] org.apache.catalina.startup.VersionLoggerListener.log OS Name:               Linux
11-Sep-2020 17:21:05.723 INFORMACIÓN [main] org.apache.catalina.startup.VersionLoggerListener.log Versión de Systema Operativo:      5.4.0-42-generic

11-Sep-2020 17:21:05.723 INFORMACIÓN [main] org.apache.catalina.startup.VersionLoggerListener.log Arquitectura:          amd64

11-Sep-2020 17:21:05.723 INFORMACIÓN [main] org.apache.catalina.startup.VersionLoggerListener.log Java Home:             /usr/lib/jvm/java-11-openjdk-amd64
11-Sep-2020 17:21:05.724 INFORMACIÓN [main] org.apache.catalina.startup.VersionLoggerListener.log JVM Version:           11.0.8+10-post-Ubuntu-0ubuntu120.04
11-Sep-2020 17:21:05.724 INFORMACIÓN [main] org.apache.catalina.startup.VersionLoggerListener.log Vededor JVM:     Ubuntu
11-Sep-2020 17:21:05.724 INFORMACIÓN [main] org.apache.catalina.startup.VersionLoggerListener.log CATALINA_BASE:         /home/clwn1/Escritorio/tomcat
11-Sep-2020 17:21:05.724 INFORMACIÓN [main] org.apache.catalina.startup.VersionLoggerListener.log CATALINA_HOME:         /home/clwn1/Escritorio/tomcat
11-Sep-2020 17:21:05.798 INFORMACIÓN [main] org.apache.catalina.startup.VersionLoggerListener.log Command line argument: --add-opens=java.base/java.lang=ALL-UNNAMED
11-Sep-2020 17:21:05.799 INFORMACIÓN [main] org.apache.catalina.startup.VersionLoggerListener.log Command line argument: --add-opens=java.base/java.io=ALL-UNNAMED
11-Sep-2020 17:21:05.799 INFORMACIÓN [main] org.apache.catalina.startup.VersionLoggerListener.log Command line argument: --add-opens=java.rmi/sun.rmi.transport=ALL-UNNAMED
11-Sep-2020 17:21:05.799 INFORMACIÓN [main] org.apache.catalina.startup.VersionLoggerListener.log Command line argument: -Djava.util.logging.config.file=/home/clwn1/Escritorio/tomcat/conf/logging.properties
11-Sep-2020 17:21:05.799 INFORMACIÓN [main] org.apache.catalina.startup.VersionLoggerListener.log Command line argument: -Djava.util.logging.manager=org.apache.juli.ClassLoaderLogManager
11-Sep-2020 17:21:05.799 INFORMACIÓN [main] org.apache.catalina.startup.VersionLoggerListener.log Command line argument: -Dhttp.nonProxyHosts=localhost|127.0.0.1|clwn1-GE72-2QL
11-Sep-2020 17:21:05.800 INFORMACIÓN [main] org.apache.catalina.startup.VersionLoggerListener.log Command line argument: -Djdk.tls.ephemeralDHKeySize=2048
11-Sep-2020 17:21:05.800 INFORMACIÓN [main] org.apache.catalina.startup.VersionLoggerListener.log Command line argument: -Djava.protocol.handler.pkgs=org.apache.catalina.webresources
11-Sep-2020 17:21:05.800 INFORMACIÓN [main] org.apache.catalina.startup.VersionLoggerListener.log Command line argument: -Dorg.apache.catalina.security.SecurityListener.UMASK=0027
11-Sep-2020 17:21:05.800 INFORMACIÓN [main] org.apache.catalina.startup.VersionLoggerListener.log Command line argument: -Dignore.endorsed.dirs=
11-Sep-2020 17:21:05.800 INFORMACIÓN [main] org.apache.catalina.startup.VersionLoggerListener.log Command line argument: -Dcatalina.base=/home/clwn1/Escritorio/tomcat
11-Sep-2020 17:21:05.800 INFORMACIÓN [main] org.apache.catalina.startup.VersionLoggerListener.log Command line argument: -Dcatalina.home=/home/clwn1/Escritorio/tomcat
11-Sep-2020 17:21:05.800 INFORMACIÓN [main] org.apache.catalina.startup.VersionLoggerListener.log Command line argument: -Djava.io.tmpdir=/home/clwn1/Escritorio/tomcat/temp
11-Sep-2020 17:21:05.801 INFORMACIÓN [main] org.apache.catalina.core.AprLifecycleListener.lifecycleEvent Cargada la biblioteca nativa APR de Apache Tomcat [1.2.23] con la versión APR [1.6.5].
11-Sep-2020 17:21:05.801 INFORMACIÓN [main] org.apache.catalina.core.AprLifecycleListener.lifecycleEvent Capacidades APR: IPv6 [true], enviar fichero [true], aceptar filtros [false], aleatorio [true].
11-Sep-2020 17:21:05.801 INFORMACIÓN [main] org.apache.catalina.core.AprLifecycleListener.lifecycleEvent APR/OpenSSL configuration: useAprConnector [false], useOpenSSL [true]
11-Sep-2020 17:21:05.805 INFORMACIÓN [main] org.apache.catalina.core.AprLifecycleListener.initializeSSL OpenSSL inicializado correctamente [OpenSSL 1.1.1f  31 Mar 2020]
11-Sep-2020 17:21:06.249 INFORMACIÓN [main] org.apache.coyote.AbstractProtocol.init Inicializando el manejador de protocolo ["http-nio-8080"]

11-Sep-2020 17:21:06.358 INFORMACIÓN [main] org.apache.catalina.startup.Catalina.load Server initialization in [1280] milliseconds
11-Sep-2020 17:21:06.447 INFORMACIÓN [main] org.apache.catalina.core.StandardService.startInternal Arrancando servicio [Catalina]
11-Sep-2020 17:21:06.447 INFORMACIÓN [main] org.apache.catalina.core.StandardEngine.startInternal Starting Servlet engine: [Apache Tomcat/9.0.37]
11-Sep-2020 17:21:06.479 INFORMACIÓN [main] org.apache.catalina.startup.HostConfig.deployDirectory Desplegando el directorio [/home/clwn1/Escritorio/tomcat/webapps/manager] de la aplicación web
11-Sep-2020 17:21:06.924 INFORMACIÓN [main] org.apache.catalina.startup.HostConfig.deployDirectory Deployment of web application directory [/home/clwn1/Escritorio/tomcat/webapps/manager] has finished in [443] ms
11-Sep-2020 17:21:06.925 INFORMACIÓN [main] org.apache.catalina.startup.HostConfig.deployDirectory Desplegando el directorio [/home/clwn1/Escritorio/tomcat/webapps/host-manager] de la aplicación web
11-Sep-2020 17:21:06.997 INFORMACIÓN [main] org.apache.catalina.startup.HostConfig.deployDirectory Deployment of web application directory [/home/clwn1/Escritorio/tomcat/webapps/host-manager] has finished in [73] ms
11-Sep-2020 17:21:06.997 INFORMACIÓN [main] org.apache.catalina.startup.HostConfig.deployDirectory Desplegando el directorio [/home/clwn1/Escritorio/tomcat/webapps/examples] de la aplicación web
11-Sep-2020 17:21:07.697 INFORMACIÓN [main] org.apache.catalina.startup.HostConfig.deployDirectory Deployment of web application directory [/home/clwn1/Escritorio/tomcat/webapps/examples] has finished in [700] ms
11-Sep-2020 17:21:07.697 INFORMACIÓN [main] org.apache.catalina.startup.HostConfig.deployDirectory Desplegando el directorio [/home/clwn1/Escritorio/tomcat/webapps/ROOT] de la aplicación web
11-Sep-2020 17:21:07.735 INFORMACIÓN [main] org.apache.catalina.startup.HostConfig.deployDirectory Deployment of web application directory [/home/clwn1/Escritorio/tomcat/webapps/ROOT] has finished in [37] ms
11-Sep-2020 17:21:07.735 INFORMACIÓN [main] org.apache.catalina.startup.HostConfig.deployDirectory Desplegando el directorio [/home/clwn1/Escritorio/tomcat/webapps/docs] de la aplicación web
11-Sep-2020 17:21:07.760 INFORMACIÓN [main] org.apache.catalina.startup.HostConfig.deployDirectory Deployment of web application directory [/home/clwn1/Escritorio/tomcat/webapps/docs] has finished in [25] ms
11-Sep-2020 17:21:07.764 INFORMACIÓN [main] org.apache.coyote.AbstractProtocol.start Starting ProtocolHandler ["http-nio-8080"]
11-Sep-2020 17:21:07.785 INFORMACIÓN [main] org.apache.catalina.startup.Catalina.start Server startup in [1426] milliseconds
11-Sep-2020 17:21:35.754 INFORMACIÓN [main] org.apache.catalina.core.StandardServer.await Se ha recibido un comando de apagado a través del puerto de apagado. Parando la instancia del Servidor.
11-Sep-2020 17:21:35.755 INFORMACIÓN [main] org.apache.coyote.AbstractProtocol.pause Pausing ProtocolHandler ["http-nio-8080"]
11-Sep-2020 17:21:35.763 INFORMACIÓN [main] org.apache.catalina.core.StandardService.stopInternal Parando servicio [Catalina]
11-Sep-2020 17:21:35.852 INFORMACIÓN [main] org.apache.coyote.AbstractProtocol.stop Stopping ProtocolHandler ["http-nio-8080"]
11-Sep-2020 17:21:35.854 INFORMACIÓN [main] org.apache.coyote.AbstractProtocol.destroy Destroying ProtocolHandler ["http-nio-8080"]
11-Sep-2020 17:22:15.522 INFORMACIÓN [main] org.apache.catalina.startup.VersionLoggerListener.log Nombre de la versión del servidor:   Apache Tomcat/9.0.37

11-Sep-2020 17:22:15.525 INFORMACIÓN [main] org.apache.catalina.startup.VersionLoggerListener.log Server built:          Jun 30 2020 20:09:49 UTC
11-Sep-2020 17:22:15.525 INFORMACIÓN [main] org.apache.catalina.startup.VersionLoggerListener.log Número de versión de servidor:         9.0.37.0
11-Sep-2020 17:22:15.525 INFORMACIÓN [main] org.apache.catalina.startup.VersionLoggerListener.log OS Name:               Linux
11-Sep-2020 17:22:15.526 INFORMACIÓN [main] org.apache.catalina.startup.VersionLoggerListener.log Versión de Systema Operativo:      5.4.0-42-generic

11-Sep-2020 17:22:15.526 INFORMACIÓN [main] org.apache.catalina.startup.VersionLoggerListener.log Arquitectura:          amd64

11-Sep-2020 17:22:15.526 INFORMACIÓN [main] org.apache.catalina.startup.VersionLoggerListener.log Java Home:             /usr/lib/jvm/java-11-openjdk-amd64
11-Sep-2020 17:22:15.526 INFORMACIÓN [main] org.apache.catalina.startup.VersionLoggerListener.log JVM Version:           11.0.8+10-post-Ubuntu-0ubuntu120.04
11-Sep-2020 17:22:15.526 INFORMACIÓN [main] org.apache.catalina.startup.VersionLoggerListener.log Vededor JVM:     Ubuntu
11-Sep-2020 17:22:15.526 INFORMACIÓN [main] org.apache.catalina.startup.VersionLoggerListener.log CATALINA_BASE:         /home/clwn1/Escritorio/tomcat
11-Sep-2020 17:22:15.526 INFORMACIÓN [main] org.apache.catalina.startup.VersionLoggerListener.log CATALINA_HOME:         /home/clwn1/Escritorio/tomcat
11-Sep-2020 17:22:15.538 INFORMACIÓN [main] org.apache.catalina.startup.VersionLoggerListener.log Command line argument: --add-opens=java.base/java.lang=ALL-UNNAMED
11-Sep-2020 17:22:15.538 INFORMACIÓN [main] org.apache.catalina.startup.VersionLoggerListener.log Command line argument: --add-opens=java.base/java.io=ALL-UNNAMED
11-Sep-2020 17:22:15.539 INFORMACIÓN [main] org.apache.catalina.startup.VersionLoggerListener.log Command line argument: --add-opens=java.rmi/sun.rmi.transport=ALL-UNNAMED
11-Sep-2020 17:22:15.539 INFORMACIÓN [main] org.apache.catalina.startup.VersionLoggerListener.log Command line argument: -Djava.util.logging.config.file=/home/clwn1/Escritorio/tomcat/conf/logging.properties
11-Sep-2020 17:22:15.539 INFORMACIÓN [main] org.apache.catalina.startup.VersionLoggerListener.log Command line argument: -Djava.util.logging.manager=org.apache.juli.ClassLoaderLogManager
11-Sep-2020 17:22:15.539 INFORMACIÓN [main] org.apache.catalina.startup.VersionLoggerListener.log Command line argument: -Dhttp.nonProxyHosts=localhost|127.0.0.1|clwn1-GE72-2QL
11-Sep-2020 17:22:15.539 INFORMACIÓN [main] org.apache.catalina.startup.VersionLoggerListener.log Command line argument: -Djdk.tls.ephemeralDHKeySize=2048
11-Sep-2020 17:22:15.539 INFORMACIÓN [main] org.apache.catalina.startup.VersionLoggerListener.log Command line argument: -Djava.protocol.handler.pkgs=org.apache.catalina.webresources
11-Sep-2020 17:22:15.539 INFORMACIÓN [main] org.apache.catalina.startup.VersionLoggerListener.log Command line argument: -Dorg.apache.catalina.security.SecurityListener.UMASK=0027
11-Sep-2020 17:22:15.540 INFORMACIÓN [main] org.apache.catalina.startup.VersionLoggerListener.log Command line argument: -Dignore.endorsed.dirs=
11-Sep-2020 17:22:15.540 INFORMACIÓN [main] org.apache.catalina.startup.VersionLoggerListener.log Command line argument: -Dcatalina.base=/home/clwn1/Escritorio/tomcat
11-Sep-2020 17:22:15.540 INFORMACIÓN [main] org.apache.catalina.startup.VersionLoggerListener.log Command line argument: -Dcatalina.home=/home/clwn1/Escritorio/tomcat
11-Sep-2020 17:22:15.540 INFORMACIÓN [main] org.apache.catalina.startup.VersionLoggerListener.log Command line argument: -Djava.io.tmpdir=/home/clwn1/Escritorio/tomcat/temp
11-Sep-2020 17:22:15.540 INFORMACIÓN [main] org.apache.catalina.core.AprLifecycleListener.lifecycleEvent Cargada la biblioteca nativa APR de Apache Tomcat [1.2.23] con la versión APR [1.6.5].
11-Sep-2020 17:22:15.540 INFORMACIÓN [main] org.apache.catalina.core.AprLifecycleListener.lifecycleEvent Capacidades APR: IPv6 [true], enviar fichero [true], aceptar filtros [false], aleatorio [true].
11-Sep-2020 17:22:15.540 INFORMACIÓN [main] org.apache.catalina.core.AprLifecycleListener.lifecycleEvent APR/OpenSSL configuration: useAprConnector [false], useOpenSSL [true]
11-Sep-2020 17:22:15.545 INFORMACIÓN [main] org.apache.catalina.core.AprLifecycleListener.initializeSSL OpenSSL inicializado correctamente [OpenSSL 1.1.1f  31 Mar 2020]
11-Sep-2020 17:22:15.874 INFORMACIÓN [main] org.apache.coyote.AbstractProtocol.init Inicializando el manejador de protocolo ["http-nio-8080"]

11-Sep-2020 17:22:15.904 INFORMACIÓN [main] org.apache.catalina.startup.Catalina.load Server initialization in [576] milliseconds
11-Sep-2020 17:22:15.958 INFORMACIÓN [main] org.apache.catalina.core.StandardService.startInternal Arrancando servicio [Catalina]
11-Sep-2020 17:22:15.958 INFORMACIÓN [main] org.apache.catalina.core.StandardEngine.startInternal Starting Servlet engine: [Apache Tomcat/9.0.37]
11-Sep-2020 17:22:15.964 INFORMACIÓN [main] org.apache.catalina.startup.HostConfig.deployDirectory Desplegando el directorio [/home/clwn1/Escritorio/tomcat/webapps/manager] de la aplicación web
11-Sep-2020 17:22:16.213 INFORMACIÓN [main] org.apache.catalina.startup.HostConfig.deployDirectory Deployment of web application directory [/home/clwn1/Escritorio/tomcat/webapps/manager] has finished in [248] ms
11-Sep-2020 17:22:16.214 INFORMACIÓN [main] org.apache.catalina.startup.HostConfig.deployDirectory Desplegando el directorio [/home/clwn1/Escritorio/tomcat/webapps/host-manager] de la aplicación web
11-Sep-2020 17:22:16.233 INFORMACIÓN [main] org.apache.catalina.startup.HostConfig.deployDirectory Deployment of web application directory [/home/clwn1/Escritorio/tomcat/webapps/host-manager] has finished in [19] ms
11-Sep-2020 17:22:16.233 INFORMACIÓN [main] org.apache.catalina.startup.HostConfig.deployDirectory Desplegando el directorio [/home/clwn1/Escritorio/tomcat/webapps/examples] de la aplicación web
11-Sep-2020 17:22:16.422 INFORMACIÓN [main] org.apache.catalina.startup.HostConfig.deployDirectory Deployment of web application directory [/home/clwn1/Escritorio/tomcat/webapps/examples] has finished in [189] ms
11-Sep-2020 17:22:16.422 INFORMACIÓN [main] org.apache.catalina.startup.HostConfig.deployDirectory Desplegando el directorio [/home/clwn1/Escritorio/tomcat/webapps/ROOT] de la aplicación web
11-Sep-2020 17:22:16.441 INFORMACIÓN [main] org.apache.catalina.startup.HostConfig.deployDirectory Deployment of web application directory [/home/clwn1/Escritorio/tomcat/webapps/ROOT] has finished in [19] ms
11-Sep-2020 17:22:16.442 INFORMACIÓN [main] org.apache.catalina.startup.HostConfig.deployDirectory Desplegando el directorio [/home/clwn1/Escritorio/tomcat/webapps/docs] de la aplicación web
11-Sep-2020 17:22:16.467 INFORMACIÓN [main] org.apache.catalina.startup.HostConfig.deployDirectory Deployment of web application directory [/home/clwn1/Escritorio/tomcat/webapps/docs] has finished in [25] ms
11-Sep-2020 17:22:16.473 INFORMACIÓN [main] org.apache.coyote.AbstractProtocol.start Starting ProtocolHandler ["http-nio-8080"]
11-Sep-2020 17:22:16.488 INFORMACIÓN [main] org.apache.catalina.startup.Catalina.start Server startup in [583] milliseconds
11-Sep-2020 17:23:41.053 INFORMACIÓN [main] org.apache.catalina.core.StandardServer.await Se ha recibido un comando de apagado a través del puerto de apagado. Parando la instancia del Servidor.
11-Sep-2020 17:23:41.054 INFORMACIÓN [main] org.apache.coyote.AbstractProtocol.pause Pausing ProtocolHandler ["http-nio-8080"]
11-Sep-2020 17:23:41.061 INFORMACIÓN [main] org.apache.catalina.core.StandardService.stopInternal Parando servicio [Catalina]
11-Sep-2020 17:23:41.081 INFORMACIÓN [main] org.apache.coyote.AbstractProtocol.stop Stopping ProtocolHandler ["http-nio-8080"]
11-Sep-2020 17:23:41.082 INFORMACIÓN [main] org.apache.coyote.AbstractProtocol.destroy Destroying ProtocolHandler ["http-nio-8080"]
11-Sep-2020 17:23:53.375 INFORMACIÓN [main] org.apache.catalina.startup.VersionLoggerListener.log Nombre de la versión del servidor:   Apache Tomcat/9.0.37

11-Sep-2020 17:23:53.378 INFORMACIÓN [main] org.apache.catalina.startup.VersionLoggerListener.log Server built:          Jun 30 2020 20:09:49 UTC
11-Sep-2020 17:23:53.378 INFORMACIÓN [main] org.apache.catalina.startup.VersionLoggerListener.log Número de versión de servidor:         9.0.37.0
11-Sep-2020 17:23:53.378 INFORMACIÓN [main] org.apache.catalina.startup.VersionLoggerListener.log OS Name:               Linux
11-Sep-2020 17:23:53.378 INFORMACIÓN [main] org.apache.catalina.startup.VersionLoggerListener.log Versión de Systema Operativo:      5.4.0-42-generic

11-Sep-2020 17:23:53.379 INFORMACIÓN [main] org.apache.catalina.startup.VersionLoggerListener.log Arquitectura:          amd64

11-Sep-2020 17:23:53.379 INFORMACIÓN [main] org.apache.catalina.startup.VersionLoggerListener.log Java Home:             /usr/lib/jvm/java-11-openjdk-amd64
11-Sep-2020 17:23:53.379 INFORMACIÓN [main] org.apache.catalina.startup.VersionLoggerListener.log JVM Version:           11.0.8+10-post-Ubuntu-0ubuntu120.04
11-Sep-2020 17:23:53.379 INFORMACIÓN [main] org.apache.catalina.startup.VersionLoggerListener.log Vededor JVM:     Ubuntu
11-Sep-2020 17:23:53.379 INFORMACIÓN [main] org.apache.catalina.startup.VersionLoggerListener.log CATALINA_BASE:         /home/clwn1/Escritorio/tomcat
11-Sep-2020 17:23:53.379 INFORMACIÓN [main] org.apache.catalina.startup.VersionLoggerListener.log CATALINA_HOME:         /home/clwn1/Escritorio/tomcat
11-Sep-2020 17:23:53.388 INFORMACIÓN [main] org.apache.catalina.startup.VersionLoggerListener.log Command line argument: --add-opens=java.base/java.lang=ALL-UNNAMED
11-Sep-2020 17:23:53.389 INFORMACIÓN [main] org.apache.catalina.startup.VersionLoggerListener.log Command line argument: --add-opens=java.base/java.io=ALL-UNNAMED
11-Sep-2020 17:23:53.389 INFORMACIÓN [main] org.apache.catalina.startup.VersionLoggerListener.log Command line argument: --add-opens=java.rmi/sun.rmi.transport=ALL-UNNAMED
11-Sep-2020 17:23:53.389 INFORMACIÓN [main] org.apache.catalina.startup.VersionLoggerListener.log Command line argument: -Djava.util.logging.config.file=/home/clwn1/Escritorio/tomcat/conf/logging.properties
11-Sep-2020 17:23:53.389 INFORMACIÓN [main] org.apache.catalina.startup.VersionLoggerListener.log Command line argument: -Djava.util.logging.manager=org.apache.juli.ClassLoaderLogManager
11-Sep-2020 17:23:53.389 INFORMACIÓN [main] org.apache.catalina.startup.VersionLoggerListener.log Command line argument: -Dhttp.nonProxyHosts=localhost|127.0.0.1|clwn1-GE72-2QL
11-Sep-2020 17:23:53.389 INFORMACIÓN [main] org.apache.catalina.startup.VersionLoggerListener.log Command line argument: -Djdk.tls.ephemeralDHKeySize=2048
11-Sep-2020 17:23:53.390 INFORMACIÓN [main] org.apache.catalina.startup.VersionLoggerListener.log Command line argument: -Djava.protocol.handler.pkgs=org.apache.catalina.webresources
11-Sep-2020 17:23:53.390 INFORMACIÓN [main] org.apache.catalina.startup.VersionLoggerListener.log Command line argument: -Dorg.apache.catalina.security.SecurityListener.UMASK=0027
11-Sep-2020 17:23:53.390 INFORMACIÓN [main] org.apache.catalina.startup.VersionLoggerListener.log Command line argument: -Djava.security.auth.login.config==/home/clwn1/Escritorio/tomcat/conf/jaas.config
11-Sep-2020 17:23:53.390 INFORMACIÓN [main] org.apache.catalina.startup.VersionLoggerListener.log Command line argument: -Dignore.endorsed.dirs=
11-Sep-2020 17:23:53.390 INFORMACIÓN [main] org.apache.catalina.startup.VersionLoggerListener.log Command line argument: -Dcatalina.base=/home/clwn1/Escritorio/tomcat
11-Sep-2020 17:23:53.390 INFORMACIÓN [main] org.apache.catalina.startup.VersionLoggerListener.log Command line argument: -Dcatalina.home=/home/clwn1/Escritorio/tomcat
11-Sep-2020 17:23:53.390 INFORMACIÓN [main] org.apache.catalina.startup.VersionLoggerListener.log Command line argument: -Djava.io.tmpdir=/home/clwn1/Escritorio/tomcat/temp
11-Sep-2020 17:23:53.390 INFORMACIÓN [main] org.apache.catalina.core.AprLifecycleListener.lifecycleEvent Cargada la biblioteca nativa APR de Apache Tomcat [1.2.23] con la versión APR [1.6.5].
11-Sep-2020 17:23:53.390 INFORMACIÓN [main] org.apache.catalina.core.AprLifecycleListener.lifecycleEvent Capacidades APR: IPv6 [true], enviar fichero [true], aceptar filtros [false], aleatorio [true].
11-Sep-2020 17:23:53.390 INFORMACIÓN [main] org.apache.catalina.core.AprLifecycleListener.lifecycleEvent APR/OpenSSL configuration: useAprConnector [false], useOpenSSL [true]
11-Sep-2020 17:23:53.393 INFORMACIÓN [main] org.apache.catalina.core.AprLifecycleListener.initializeSSL OpenSSL inicializado correctamente [OpenSSL 1.1.1f  31 Mar 2020]
11-Sep-2020 17:23:53.672 INFORMACIÓN [main] org.apache.coyote.AbstractProtocol.init Inicializando el manejador de protocolo ["http-nio-8080"]

11-Sep-2020 17:23:53.708 INFORMACIÓN [main] org.apache.catalina.startup.Catalina.load Server initialization in [501] milliseconds
11-Sep-2020 17:23:53.772 INFORMACIÓN [main] org.apache.catalina.core.StandardService.startInternal Arrancando servicio [Catalina]
11-Sep-2020 17:23:53.772 INFORMACIÓN [main] org.apache.catalina.core.StandardEngine.startInternal Starting Servlet engine: [Apache Tomcat/9.0.37]
11-Sep-2020 17:23:53.777 INFORMACIÓN [main] org.apache.catalina.startup.HostConfig.deployDirectory Desplegando el directorio [/home/clwn1/Escritorio/tomcat/webapps/manager] de la aplicación web
11-Sep-2020 17:23:54.040 INFORMACIÓN [main] org.apache.catalina.startup.HostConfig.deployDirectory Deployment of web application directory [/home/clwn1/Escritorio/tomcat/webapps/manager] has finished in [261] ms
11-Sep-2020 17:23:54.041 INFORMACIÓN [main] org.apache.catalina.startup.HostConfig.deployDirectory Desplegando el directorio [/home/clwn1/Escritorio/tomcat/webapps/host-manager] de la aplicación web
11-Sep-2020 17:23:54.062 INFORMACIÓN [main] org.apache.catalina.startup.HostConfig.deployDirectory Deployment of web application directory [/home/clwn1/Escritorio/tomcat/webapps/host-manager] has finished in [21] ms
11-Sep-2020 17:23:54.062 INFORMACIÓN [main] org.apache.catalina.startup.HostConfig.deployDirectory Desplegando el directorio [/home/clwn1/Escritorio/tomcat/webapps/examples] de la aplicación web
11-Sep-2020 17:23:54.247 INFORMACIÓN [main] org.apache.catalina.startup.HostConfig.deployDirectory Deployment of web application directory [/home/clwn1/Escritorio/tomcat/webapps/examples] has finished in [185] ms
11-Sep-2020 17:23:54.247 INFORMACIÓN [main] org.apache.catalina.startup.HostConfig.deployDirectory Desplegando el directorio [/home/clwn1/Escritorio/tomcat/webapps/ROOT] de la aplicación web
11-Sep-2020 17:23:54.263 INFORMACIÓN [main] org.apache.catalina.startup.HostConfig.deployDirectory Deployment of web application directory [/home/clwn1/Escritorio/tomcat/webapps/ROOT] has finished in [16] ms
11-Sep-2020 17:23:54.264 INFORMACIÓN [main] org.apache.catalina.startup.HostConfig.deployDirectory Desplegando el directorio [/home/clwn1/Escritorio/tomcat/webapps/docs] de la aplicación web
11-Sep-2020 17:23:54.278 INFORMACIÓN [main] org.apache.catalina.startup.HostConfig.deployDirectory Deployment of web application directory [/home/clwn1/Escritorio/tomcat/webapps/docs] has finished in [14] ms
11-Sep-2020 17:23:54.282 INFORMACIÓN [main] org.apache.coyote.AbstractProtocol.start Starting ProtocolHandler ["http-nio-8080"]
11-Sep-2020 17:23:54.297 INFORMACIÓN [main] org.apache.catalina.startup.Catalina.start Server startup in [588] milliseconds
11-Sep-2020 17:37:01.453 INFORMACIÓN [http-nio-8080-exec-3] org.apache.catalina.startup.HostConfig.deployDescriptor Desplieque del descriptor de configuración [/home/clwn1/Escritorio/tomcat/conf/Catalina/localhost/bytes.xml]
11-Sep-2020 17:37:01.455 ADVERTENCIA [http-nio-8080-exec-3] org.apache.catalina.startup.HostConfig.deployDescriptor The path attribute with value [/bytes] in deployment descriptor [/home/clwn1/Escritorio/tomcat/conf/Catalina/localhost/bytes.xml] has been ignored
11-Sep-2020 17:37:01.529 INFORMACIÓN [http-nio-8080-exec-3] org.apache.catalina.startup.HostConfig.deployDescriptor Deployment of deployment descriptor [/home/clwn1/Escritorio/tomcat/conf/Catalina/localhost/bytes.xml] has finished in [76] ms
11-Sep-2020 17:37:01.533 INFORMACIÓN [http-nio-8080-exec-5] org.apache.catalina.util.LifecycleBase.start The start() method was called on component [StandardEngine[Catalina].StandardHost[localhost].StandardContext[/bytes]] after start() had already been called. The second call will be ignored.
11-Sep-2020 17:38:11.289 INFORMACIÓN [http-nio-8080-exec-4] org.apache.catalina.startup.HostConfig.undeploy Repliegue (undeploy) de la aplicación web que tiene como trayectoria de contexto [/bytes]
11-Sep-2020 17:38:11.300 INFORMACIÓN [http-nio-8080-exec-3] org.apache.catalina.startup.HostConfig.deployDescriptor Desplieque del descriptor de configuración [/home/clwn1/Escritorio/tomcat/conf/Catalina/localhost/bytes.xml]
11-Sep-2020 17:38:11.302 ADVERTENCIA [http-nio-8080-exec-3] org.apache.catalina.startup.HostConfig.deployDescriptor The path attribute with value [/bytes] in deployment descriptor [/home/clwn1/Escritorio/tomcat/conf/Catalina/localhost/bytes.xml] has been ignored
11-Sep-2020 17:38:11.345 INFORMACIÓN [http-nio-8080-exec-3] org.apache.catalina.startup.HostConfig.deployDescriptor Deployment of deployment descriptor [/home/clwn1/Escritorio/tomcat/conf/Catalina/localhost/bytes.xml] has finished in [44] ms
11-Sep-2020 17:38:11.350 INFORMACIÓN [http-nio-8080-exec-6] org.apache.catalina.util.LifecycleBase.start The start() method was called on component [StandardEngine[Catalina].StandardHost[localhost].StandardContext[/bytes]] after start() had already been called. The second call will be ignored.
11-Sep-2020 17:39:04.407 INFORMACIÓN [http-nio-8080-exec-10] org.apache.catalina.startup.HostConfig.undeploy Repliegue (undeploy) de la aplicación web que tiene como trayectoria de contexto [/bytes]
11-Sep-2020 17:39:17.957 INFORMACIÓN [http-nio-8080-exec-12] org.apache.catalina.startup.HostConfig.deployDescriptor Desplieque del descriptor de configuración [/home/clwn1/Escritorio/tomcat/conf/Catalina/localhost/bytes.xml]
11-Sep-2020 17:39:17.959 ADVERTENCIA [http-nio-8080-exec-12] org.apache.catalina.startup.HostConfig.deployDescriptor The path attribute with value [/bytes] in deployment descriptor [/home/clwn1/Escritorio/tomcat/conf/Catalina/localhost/bytes.xml] has been ignored
11-Sep-2020 17:39:17.987 INFORMACIÓN [http-nio-8080-exec-12] org.apache.catalina.startup.HostConfig.deployDescriptor Deployment of deployment descriptor [/home/clwn1/Escritorio/tomcat/conf/Catalina/localhost/bytes.xml] has finished in [30] ms
11-Sep-2020 17:39:17.994 INFORMACIÓN [http-nio-8080-exec-16] org.apache.catalina.util.LifecycleBase.start The start() method was called on component [StandardEngine[Catalina].StandardHost[localhost].StandardContext[/bytes]] after start() had already been called. The second call will be ignored.
11-Sep-2020 17:39:41.110 ADVERTENCIA [http-nio-8080-exec-12] org.apache.catalina.realm.JAASRealm.authenticate Excepción de Login autenticando nombre de usuario [user1123]
	javax.security.auth.login.LoginException: Authentication failed
		at com.byteslounge.jaas.BytesLoungeLoginModule.login(BytesLoungeLoginModule.java:61)
		at java.base/javax.security.auth.login.LoginContext.invoke(LoginContext.java:726)
		at java.base/javax.security.auth.login.LoginContext$4.run(LoginContext.java:665)
		at java.base/javax.security.auth.login.LoginContext$4.run(LoginContext.java:663)
		at java.base/java.security.AccessController.doPrivileged(Native Method)
		at java.base/javax.security.auth.login.LoginContext.invokePriv(LoginContext.java:663)
		at java.base/javax.security.auth.login.LoginContext.login(LoginContext.java:574)
		at org.apache.catalina.realm.JAASRealm.authenticate(JAASRealm.java:418)
		at org.apache.catalina.realm.JAASRealm.authenticate(JAASRealm.java:332)
		at org.apache.catalina.authenticator.BasicAuthenticator.doAuthenticate(BasicAuthenticator.java:101)
		at org.apache.catalina.authenticator.AuthenticatorBase.invoke(AuthenticatorBase.java:631)
		at org.apache.catalina.core.StandardHostValve.invoke(StandardHostValve.java:139)
		at org.apache.catalina.valves.ErrorReportValve.invoke(ErrorReportValve.java:92)
		at org.apache.catalina.valves.AbstractAccessLogValve.invoke(AbstractAccessLogValve.java:690)
		at org.apache.catalina.core.StandardEngineValve.invoke(StandardEngineValve.java:74)
		at org.apache.catalina.connector.CoyoteAdapter.service(CoyoteAdapter.java:343)
		at org.apache.coyote.http11.Http11Processor.service(Http11Processor.java:373)
		at org.apache.coyote.AbstractProcessorLight.process(AbstractProcessorLight.java:65)
		at org.apache.coyote.AbstractProtocol$ConnectionHandler.process(AbstractProtocol.java:868)
		at org.apache.tomcat.util.net.NioEndpoint$SocketProcessor.doRun(NioEndpoint.java:1589)
		at org.apache.tomcat.util.net.SocketProcessorBase.run(SocketProcessorBase.java:49)
		at java.base/java.util.concurrent.ThreadPoolExecutor.runWorker(ThreadPoolExecutor.java:1128)
		at java.base/java.util.concurrent.ThreadPoolExecutor$Worker.run(ThreadPoolExecutor.java:628)
		at org.apache.tomcat.util.threads.TaskThread$WrappingRunnable.run(TaskThread.java:61)
		at java.base/java.lang.Thread.run(Thread.java:834)
11-Sep-2020 17:43:26.754 INFORMACIÓN [http-nio-8080-exec-23] org.apache.catalina.core.StandardContext.reload Ha comenzado la recarga de Contexto [/bytes]
11-Sep-2020 17:43:27.146 INFORMACIÓN [http-nio-8080-exec-23] org.apache.catalina.core.StandardContext.reload Se ha completado la recarga de este Contexto
11-Sep-2020 18:02:01.692 INFORMACIÓN [main] org.apache.catalina.core.StandardServer.await Se ha recibido un comando de apagado a través del puerto de apagado. Parando la instancia del Servidor.
11-Sep-2020 18:02:01.692 INFORMACIÓN [main] org.apache.coyote.AbstractProtocol.pause Pausing ProtocolHandler ["http-nio-8080"]
11-Sep-2020 18:02:01.700 INFORMACIÓN [main] org.apache.catalina.core.StandardService.stopInternal Parando servicio [Catalina]
11-Sep-2020 18:02:01.790 INFORMACIÓN [main] org.apache.coyote.AbstractProtocol.stop Stopping ProtocolHandler ["http-nio-8080"]
11-Sep-2020 18:02:01.795 INFORMACIÓN [main] org.apache.coyote.AbstractProtocol.destroy Destroying ProtocolHandler ["http-nio-8080"]
11-Sep-2020 19:52:58.448 INFORMACIÓN [main] org.apache.catalina.startup.VersionLoggerListener.log Nombre de la versión del servidor:   Apache Tomcat/9.0.37

11-Sep-2020 19:52:58.470 INFORMACIÓN [main] org.apache.catalina.startup.VersionLoggerListener.log Server built:          Jun 30 2020 20:09:49 UTC
11-Sep-2020 19:52:58.472 INFORMACIÓN [main] org.apache.catalina.startup.VersionLoggerListener.log Número de versión de servidor:         9.0.37.0
11-Sep-2020 19:52:58.472 INFORMACIÓN [main] org.apache.catalina.startup.VersionLoggerListener.log OS Name:               Linux
11-Sep-2020 19:52:58.472 INFORMACIÓN [main] org.apache.catalina.startup.VersionLoggerListener.log Versión de Systema Operativo:      5.4.0-47-generic

11-Sep-2020 19:52:58.472 INFORMACIÓN [main] org.apache.catalina.startup.VersionLoggerListener.log Arquitectura:          amd64

11-Sep-2020 19:52:58.473 INFORMACIÓN [main] org.apache.catalina.startup.VersionLoggerListener.log Java Home:             /usr/lib/jvm/java-11-openjdk-amd64
11-Sep-2020 19:52:58.473 INFORMACIÓN [main] org.apache.catalina.startup.VersionLoggerListener.log JVM Version:           11.0.8+10-post-Ubuntu-0ubuntu120.04
11-Sep-2020 19:52:58.473 INFORMACIÓN [main] org.apache.catalina.startup.VersionLoggerListener.log Vededor JVM:     Ubuntu
11-Sep-2020 19:52:58.473 INFORMACIÓN [main] org.apache.catalina.startup.VersionLoggerListener.log CATALINA_BASE:         /home/clwn1/Escritorio/tomcat
11-Sep-2020 19:52:58.473 INFORMACIÓN [main] org.apache.catalina.startup.VersionLoggerListener.log CATALINA_HOME:         /home/clwn1/Escritorio/tomcat
11-Sep-2020 19:52:58.534 INFORMACIÓN [main] org.apache.catalina.startup.VersionLoggerListener.log Command line argument: --add-opens=java.base/java.lang=ALL-UNNAMED
11-Sep-2020 19:52:58.534 INFORMACIÓN [main] org.apache.catalina.startup.VersionLoggerListener.log Command line argument: --add-opens=java.base/java.io=ALL-UNNAMED
11-Sep-2020 19:52:58.535 INFORMACIÓN [main] org.apache.catalina.startup.VersionLoggerListener.log Command line argument: --add-opens=java.rmi/sun.rmi.transport=ALL-UNNAMED
11-Sep-2020 19:52:58.536 INFORMACIÓN [main] org.apache.catalina.startup.VersionLoggerListener.log Command line argument: -Djava.util.logging.config.file=/home/clwn1/Escritorio/tomcat/conf/logging.properties
11-Sep-2020 19:52:58.536 INFORMACIÓN [main] org.apache.catalina.startup.VersionLoggerListener.log Command line argument: -Djava.util.logging.manager=org.apache.juli.ClassLoaderLogManager
11-Sep-2020 19:52:58.536 INFORMACIÓN [main] org.apache.catalina.startup.VersionLoggerListener.log Command line argument: -Dhttp.nonProxyHosts=localhost|127.0.0.1|clwn1-GE72-2QL
11-Sep-2020 19:52:58.536 INFORMACIÓN [main] org.apache.catalina.startup.VersionLoggerListener.log Command line argument: -Djdk.tls.ephemeralDHKeySize=2048
11-Sep-2020 19:52:58.537 INFORMACIÓN [main] org.apache.catalina.startup.VersionLoggerListener.log Command line argument: -Djava.protocol.handler.pkgs=org.apache.catalina.webresources
11-Sep-2020 19:52:58.537 INFORMACIÓN [main] org.apache.catalina.startup.VersionLoggerListener.log Command line argument: -Dorg.apache.catalina.security.SecurityListener.UMASK=0027
11-Sep-2020 19:52:58.537 INFORMACIÓN [main] org.apache.catalina.startup.VersionLoggerListener.log Command line argument: -Djava.security.auth.login.config==/home/clwn1/Escritorio/tomcat/conf/jaas.config
11-Sep-2020 19:52:58.537 INFORMACIÓN [main] org.apache.catalina.startup.VersionLoggerListener.log Command line argument: -Dignore.endorsed.dirs=
11-Sep-2020 19:52:58.537 INFORMACIÓN [main] org.apache.catalina.startup.VersionLoggerListener.log Command line argument: -Dcatalina.base=/home/clwn1/Escritorio/tomcat
11-Sep-2020 19:52:58.537 INFORMACIÓN [main] org.apache.catalina.startup.VersionLoggerListener.log Command line argument: -Dcatalina.home=/home/clwn1/Escritorio/tomcat
11-Sep-2020 19:52:58.537 INFORMACIÓN [main] org.apache.catalina.startup.VersionLoggerListener.log Command line argument: -Djava.io.tmpdir=/home/clwn1/Escritorio/tomcat/temp
11-Sep-2020 19:52:58.537 INFORMACIÓN [main] org.apache.catalina.core.AprLifecycleListener.lifecycleEvent Cargada la biblioteca nativa APR de Apache Tomcat [1.2.23] con la versión APR [1.6.5].
11-Sep-2020 19:52:58.537 INFORMACIÓN [main] org.apache.catalina.core.AprLifecycleListener.lifecycleEvent Capacidades APR: IPv6 [true], enviar fichero [true], aceptar filtros [false], aleatorio [true].
11-Sep-2020 19:52:58.537 INFORMACIÓN [main] org.apache.catalina.core.AprLifecycleListener.lifecycleEvent APR/OpenSSL configuration: useAprConnector [false], useOpenSSL [true]
11-Sep-2020 19:52:58.646 INFORMACIÓN [main] org.apache.catalina.core.AprLifecycleListener.initializeSSL OpenSSL inicializado correctamente [OpenSSL 1.1.1f  31 Mar 2020]
11-Sep-2020 19:52:59.789 INFORMACIÓN [main] org.apache.coyote.AbstractProtocol.init Inicializando el manejador de protocolo ["http-nio-8080"]

11-Sep-2020 19:52:59.955 INFORMACIÓN [main] org.apache.catalina.startup.Catalina.load Server initialization in [2968] milliseconds
11-Sep-2020 19:53:00.165 INFORMACIÓN [main] org.apache.catalina.core.StandardService.startInternal Arrancando servicio [Catalina]
11-Sep-2020 19:53:00.165 INFORMACIÓN [main] org.apache.catalina.core.StandardEngine.startInternal Starting Servlet engine: [Apache Tomcat/9.0.37]
11-Sep-2020 19:53:00.214 INFORMACIÓN [main] org.apache.catalina.startup.HostConfig.deployDescriptor Desplieque del descriptor de configuración [/home/clwn1/Escritorio/tomcat/conf/Catalina/localhost/bytes.xml]
11-Sep-2020 19:53:00.298 ADVERTENCIA [main] org.apache.catalina.startup.HostConfig.deployDescriptor The path attribute with value [/bytes] in deployment descriptor [/home/clwn1/Escritorio/tomcat/conf/Catalina/localhost/bytes.xml] has been ignored
11-Sep-2020 19:53:01.098 ADVERTENCIA [main] org.apache.catalina.util.SessionIdGeneratorBase.createSecureRandom Creation of SecureRandom instance for session ID generation using [SHA1PRNG] took [119] milliseconds.
11-Sep-2020 19:53:01.627 INFORMACIÓN [main] org.apache.catalina.startup.HostConfig.deployDescriptor Deployment of deployment descriptor [/home/clwn1/Escritorio/tomcat/conf/Catalina/localhost/bytes.xml] has finished in [1.412] ms
11-Sep-2020 19:53:01.627 INFORMACIÓN [main] org.apache.catalina.startup.HostConfig.deployDirectory Desplegando el directorio [/home/clwn1/Escritorio/tomcat/webapps/manager] de la aplicación web
11-Sep-2020 19:53:01.788 INFORMACIÓN [main] org.apache.catalina.startup.HostConfig.deployDirectory Deployment of web application directory [/home/clwn1/Escritorio/tomcat/webapps/manager] has finished in [161] ms
11-Sep-2020 19:53:01.789 INFORMACIÓN [main] org.apache.catalina.startup.HostConfig.deployDirectory Desplegando el directorio [/home/clwn1/Escritorio/tomcat/webapps/host-manager] de la aplicación web
11-Sep-2020 19:53:02.035 INFORMACIÓN [main] org.apache.catalina.startup.HostConfig.deployDirectory Deployment of web application directory [/home/clwn1/Escritorio/tomcat/webapps/host-manager] has finished in [246] ms
11-Sep-2020 19:53:02.036 INFORMACIÓN [main] org.apache.catalina.startup.HostConfig.deployDirectory Desplegando el directorio [/home/clwn1/Escritorio/tomcat/webapps/examples] de la aplicación web
11-Sep-2020 19:53:02.881 INFORMACIÓN [main] org.apache.catalina.startup.HostConfig.deployDirectory Deployment of web application directory [/home/clwn1/Escritorio/tomcat/webapps/examples] has finished in [845] ms
11-Sep-2020 19:53:02.881 INFORMACIÓN [main] org.apache.catalina.startup.HostConfig.deployDirectory Desplegando el directorio [/home/clwn1/Escritorio/tomcat/webapps/ROOT] de la aplicación web
11-Sep-2020 19:53:02.966 INFORMACIÓN [main] org.apache.catalina.startup.HostConfig.deployDirectory Deployment of web application directory [/home/clwn1/Escritorio/tomcat/webapps/ROOT] has finished in [80] ms
11-Sep-2020 19:53:02.967 INFORMACIÓN [main] org.apache.catalina.startup.HostConfig.deployDirectory Desplegando el directorio [/home/clwn1/Escritorio/tomcat/webapps/docs] de la aplicación web
11-Sep-2020 19:53:03.021 INFORMACIÓN [main] org.apache.catalina.startup.HostConfig.deployDirectory Deployment of web application directory [/home/clwn1/Escritorio/tomcat/webapps/docs] has finished in [54] ms
11-Sep-2020 19:53:03.037 INFORMACIÓN [main] org.apache.coyote.AbstractProtocol.start Starting ProtocolHandler ["http-nio-8080"]
11-Sep-2020 19:53:03.078 INFORMACIÓN [main] org.apache.catalina.startup.Catalina.start Server startup in [3121] milliseconds
11-Sep-2020 19:53:13.863 ADVERTENCIA [http-nio-8080-exec-6] org.apache.catalina.realm.LockOutRealm.filterLockedAccounts Se ha intentado autenticar al usuario bloqueado [auth]
11-Sep-2020 19:53:30.552 ADVERTENCIA [http-nio-8080-exec-10] org.apache.catalina.realm.LockOutRealm.filterLockedAccounts Se ha intentado autenticar al usuario bloqueado [auth]
11-Sep-2020 19:53:31.899 ADVERTENCIA [http-nio-8080-exec-7] org.apache.catalina.realm.LockOutRealm.filterLockedAccounts Se ha intentado autenticar al usuario bloqueado [auth]
11-Sep-2020 19:53:48.975 ADVERTENCIA [http-nio-8080-exec-3] org.apache.catalina.realm.LockOutRealm.filterLockedAccounts Se ha intentado autenticar al usuario bloqueado [auth]
11-Sep-2020 19:53:51.443 INFORMACIÓN [main] org.apache.catalina.core.StandardServer.await Se ha recibido un comando de apagado a través del puerto de apagado. Parando la instancia del Servidor.
11-Sep-2020 19:53:51.444 INFORMACIÓN [main] org.apache.coyote.AbstractProtocol.pause Pausing ProtocolHandler ["http-nio-8080"]
11-Sep-2020 19:53:51.465 INFORMACIÓN [main] org.apache.catalina.core.StandardService.stopInternal Parando servicio [Catalina]
11-Sep-2020 19:53:51.632 INFORMACIÓN [main] org.apache.coyote.AbstractProtocol.stop Stopping ProtocolHandler ["http-nio-8080"]
11-Sep-2020 19:53:51.640 INFORMACIÓN [main] org.apache.coyote.AbstractProtocol.destroy Destroying ProtocolHandler ["http-nio-8080"]
11-Sep-2020 19:54:29.839 INFORMACIÓN [main] org.apache.catalina.startup.VersionLoggerListener.log Nombre de la versión del servidor:   Apache Tomcat/9.0.37

11-Sep-2020 19:54:29.847 INFORMACIÓN [main] org.apache.catalina.startup.VersionLoggerListener.log Server built:          Jun 30 2020 20:09:49 UTC
11-Sep-2020 19:54:29.848 INFORMACIÓN [main] org.apache.catalina.startup.VersionLoggerListener.log Número de versión de servidor:         9.0.37.0
11-Sep-2020 19:54:29.848 INFORMACIÓN [main] org.apache.catalina.startup.VersionLoggerListener.log OS Name:               Linux
11-Sep-2020 19:54:29.848 INFORMACIÓN [main] org.apache.catalina.startup.VersionLoggerListener.log Versión de Systema Operativo:      5.4.0-47-generic

11-Sep-2020 19:54:29.848 INFORMACIÓN [main] org.apache.catalina.startup.VersionLoggerListener.log Arquitectura:          amd64

11-Sep-2020 19:54:29.848 INFORMACIÓN [main] org.apache.catalina.startup.VersionLoggerListener.log Java Home:             /usr/lib/jvm/java-11-openjdk-amd64
11-Sep-2020 19:54:29.849 INFORMACIÓN [main] org.apache.catalina.startup.VersionLoggerListener.log JVM Version:           11.0.8+10-post-Ubuntu-0ubuntu120.04
11-Sep-2020 19:54:29.849 INFORMACIÓN [main] org.apache.catalina.startup.VersionLoggerListener.log Vededor JVM:     Ubuntu
11-Sep-2020 19:54:29.849 INFORMACIÓN [main] org.apache.catalina.startup.VersionLoggerListener.log CATALINA_BASE:         /home/clwn1/Escritorio/tomcat
11-Sep-2020 19:54:29.849 INFORMACIÓN [main] org.apache.catalina.startup.VersionLoggerListener.log CATALINA_HOME:         /home/clwn1/Escritorio/tomcat
11-Sep-2020 19:54:29.931 INFORMACIÓN [main] org.apache.catalina.startup.VersionLoggerListener.log Command line argument: --add-opens=java.base/java.lang=ALL-UNNAMED
11-Sep-2020 19:54:29.932 INFORMACIÓN [main] org.apache.catalina.startup.VersionLoggerListener.log Command line argument: --add-opens=java.base/java.io=ALL-UNNAMED
11-Sep-2020 19:54:29.932 INFORMACIÓN [main] org.apache.catalina.startup.VersionLoggerListener.log Command line argument: --add-opens=java.rmi/sun.rmi.transport=ALL-UNNAMED
11-Sep-2020 19:54:29.932 INFORMACIÓN [main] org.apache.catalina.startup.VersionLoggerListener.log Command line argument: -Djava.util.logging.config.file=/home/clwn1/Escritorio/tomcat/conf/logging.properties
11-Sep-2020 19:54:29.933 INFORMACIÓN [main] org.apache.catalina.startup.VersionLoggerListener.log Command line argument: -Djava.util.logging.manager=org.apache.juli.ClassLoaderLogManager
11-Sep-2020 19:54:29.933 INFORMACIÓN [main] org.apache.catalina.startup.VersionLoggerListener.log Command line argument: -Dhttp.nonProxyHosts=localhost|127.0.0.1|clwn1-GE72-2QL
11-Sep-2020 19:54:29.933 INFORMACIÓN [main] org.apache.catalina.startup.VersionLoggerListener.log Command line argument: -Djdk.tls.ephemeralDHKeySize=2048
11-Sep-2020 19:54:29.933 INFORMACIÓN [main] org.apache.catalina.startup.VersionLoggerListener.log Command line argument: -Djava.protocol.handler.pkgs=org.apache.catalina.webresources
11-Sep-2020 19:54:29.934 INFORMACIÓN [main] org.apache.catalina.startup.VersionLoggerListener.log Command line argument: -Dorg.apache.catalina.security.SecurityListener.UMASK=0027
11-Sep-2020 19:54:29.934 INFORMACIÓN [main] org.apache.catalina.startup.VersionLoggerListener.log Command line argument: -Djava.security.auth.login.config==/home/clwn1/Escritorio/tomcat/conf/jaas.config
11-Sep-2020 19:54:29.934 INFORMACIÓN [main] org.apache.catalina.startup.VersionLoggerListener.log Command line argument: -Dignore.endorsed.dirs=
11-Sep-2020 19:54:29.934 INFORMACIÓN [main] org.apache.catalina.startup.VersionLoggerListener.log Command line argument: -Dcatalina.base=/home/clwn1/Escritorio/tomcat
11-Sep-2020 19:54:29.935 INFORMACIÓN [main] org.apache.catalina.startup.VersionLoggerListener.log Command line argument: -Dcatalina.home=/home/clwn1/Escritorio/tomcat
11-Sep-2020 19:54:29.935 INFORMACIÓN [main] org.apache.catalina.startup.VersionLoggerListener.log Command line argument: -Djava.io.tmpdir=/home/clwn1/Escritorio/tomcat/temp
11-Sep-2020 19:54:29.935 INFORMACIÓN [main] org.apache.catalina.core.AprLifecycleListener.lifecycleEvent Cargada la biblioteca nativa APR de Apache Tomcat [1.2.23] con la versión APR [1.6.5].
11-Sep-2020 19:54:29.936 INFORMACIÓN [main] org.apache.catalina.core.AprLifecycleListener.lifecycleEvent Capacidades APR: IPv6 [true], enviar fichero [true], aceptar filtros [false], aleatorio [true].
11-Sep-2020 19:54:29.936 INFORMACIÓN [main] org.apache.catalina.core.AprLifecycleListener.lifecycleEvent APR/OpenSSL configuration: useAprConnector [false], useOpenSSL [true]
11-Sep-2020 19:54:29.944 INFORMACIÓN [main] org.apache.catalina.core.AprLifecycleListener.initializeSSL OpenSSL inicializado correctamente [OpenSSL 1.1.1f  31 Mar 2020]
11-Sep-2020 19:54:30.699 INFORMACIÓN [main] org.apache.coyote.AbstractProtocol.init Inicializando el manejador de protocolo ["http-nio-8080"]

11-Sep-2020 19:54:30.758 INFORMACIÓN [main] org.apache.catalina.startup.Catalina.load Server initialization in [1357] milliseconds
11-Sep-2020 19:54:30.890 INFORMACIÓN [main] org.apache.catalina.core.StandardService.startInternal Arrancando servicio [Catalina]
11-Sep-2020 19:54:30.891 INFORMACIÓN [main] org.apache.catalina.core.StandardEngine.startInternal Starting Servlet engine: [Apache Tomcat/9.0.37]
11-Sep-2020 19:54:30.900 INFORMACIÓN [main] org.apache.catalina.startup.HostConfig.deployDescriptor Desplieque del descriptor de configuración [/home/clwn1/Escritorio/tomcat/conf/Catalina/localhost/bytes.xml]
11-Sep-2020 19:54:30.948 ADVERTENCIA [main] org.apache.catalina.startup.HostConfig.deployDescriptor The path attribute with value [/bytes] in deployment descriptor [/home/clwn1/Escritorio/tomcat/conf/Catalina/localhost/bytes.xml] has been ignored
11-Sep-2020 19:54:31.695 INFORMACIÓN [main] org.apache.catalina.startup.HostConfig.deployDescriptor Deployment of deployment descriptor [/home/clwn1/Escritorio/tomcat/conf/Catalina/localhost/bytes.xml] has finished in [792] ms
11-Sep-2020 19:54:31.696 INFORMACIÓN [main] org.apache.catalina.startup.HostConfig.deployDirectory Desplegando el directorio [/home/clwn1/Escritorio/tomcat/webapps/manager] de la aplicación web
11-Sep-2020 19:54:31.829 INFORMACIÓN [main] org.apache.catalina.startup.HostConfig.deployDirectory Deployment of web application directory [/home/clwn1/Escritorio/tomcat/webapps/manager] has finished in [132] ms
11-Sep-2020 19:54:31.829 INFORMACIÓN [main] org.apache.catalina.startup.HostConfig.deployDirectory Desplegando el directorio [/home/clwn1/Escritorio/tomcat/webapps/host-manager] de la aplicación web
11-Sep-2020 19:54:32.198 INFORMACIÓN [main] org.apache.catalina.startup.HostConfig.deployDirectory Deployment of web application directory [/home/clwn1/Escritorio/tomcat/webapps/host-manager] has finished in [369] ms
11-Sep-2020 19:54:32.198 INFORMACIÓN [main] org.apache.catalina.startup.HostConfig.deployDirectory Desplegando el directorio [/home/clwn1/Escritorio/tomcat/webapps/examples] de la aplicación web
11-Sep-2020 19:54:34.985 INFORMACIÓN [main] org.apache.catalina.startup.HostConfig.deployDirectory Deployment of web application directory [/home/clwn1/Escritorio/tomcat/webapps/examples] has finished in [2.786] ms
11-Sep-2020 19:54:34.985 INFORMACIÓN [main] org.apache.catalina.startup.HostConfig.deployDirectory Desplegando el directorio [/home/clwn1/Escritorio/tomcat/webapps/ROOT] de la aplicación web
11-Sep-2020 19:54:35.022 INFORMACIÓN [main] org.apache.catalina.startup.HostConfig.deployDirectory Deployment of web application directory [/home/clwn1/Escritorio/tomcat/webapps/ROOT] has finished in [37] ms
11-Sep-2020 19:54:35.023 INFORMACIÓN [main] org.apache.catalina.startup.HostConfig.deployDirectory Desplegando el directorio [/home/clwn1/Escritorio/tomcat/webapps/docs] de la aplicación web
11-Sep-2020 19:54:35.071 INFORMACIÓN [main] org.apache.catalina.startup.HostConfig.deployDirectory Deployment of web application directory [/home/clwn1/Escritorio/tomcat/webapps/docs] has finished in [48] ms
11-Sep-2020 19:54:35.083 INFORMACIÓN [main] org.apache.coyote.AbstractProtocol.start Starting ProtocolHandler ["http-nio-8080"]
11-Sep-2020 19:54:35.190 INFORMACIÓN [main] org.apache.catalina.startup.Catalina.start Server startup in [4430] milliseconds
11-Sep-2020 19:55:01.611 INFORMACIÓN [http-nio-8080-exec-5] org.apache.catalina.startup.HostConfig.undeploy Repliegue (undeploy) de la aplicación web que tiene como trayectoria de contexto [/bytes]
11-Sep-2020 19:55:13.875 INFORMACIÓN [http-nio-8080-exec-7] org.apache.catalina.startup.HostConfig.deployDescriptor Desplieque del descriptor de configuración [/home/clwn1/Escritorio/tomcat/conf/Catalina/localhost/bytes.xml]
11-Sep-2020 19:55:13.878 ADVERTENCIA [http-nio-8080-exec-7] org.apache.catalina.startup.HostConfig.deployDescriptor The path attribute with value [/bytes] in deployment descriptor [/home/clwn1/Escritorio/tomcat/conf/Catalina/localhost/bytes.xml] has been ignored
11-Sep-2020 19:55:13.985 INFORMACIÓN [http-nio-8080-exec-7] org.apache.catalina.startup.HostConfig.deployDescriptor Deployment of deployment descriptor [/home/clwn1/Escritorio/tomcat/conf/Catalina/localhost/bytes.xml] has finished in [110] ms
11-Sep-2020 19:55:14.002 INFORMACIÓN [http-nio-8080-exec-3] org.apache.catalina.util.LifecycleBase.start The start() method was called on component [StandardEngine[Catalina].StandardHost[localhost].StandardContext[/bytes]] after start() had already been called. The second call will be ignored.
11-Sep-2020 19:55:16.723 INFORMACIÓN [http-nio-8080-exec-11] org.apache.catalina.core.StandardContext.reload Ha comenzado la recarga de Contexto [/bytes]
11-Sep-2020 19:55:16.773 INFORMACIÓN [http-nio-8080-exec-11] org.apache.catalina.core.StandardContext.reload Se ha completado la recarga de este Contexto
11-Sep-2020 19:55:37.313 GRAVE [http-nio-8080-exec-11] org.apache.catalina.realm.JAASRealm.authenticate Error inesperado
	java.lang.SecurityException: java.io.IOException: Error de configuración:
	Línea 3: se esperaba [controlFlag]
		at java.base/sun.security.provider.ConfigFile$Spi.<init>(ConfigFile.java:137)
		at java.base/sun.security.provider.ConfigFile.<init>(ConfigFile.java:102)
		at java.base/jdk.internal.reflect.NativeConstructorAccessorImpl.newInstance0(Native Method)
		at java.base/jdk.internal.reflect.NativeConstructorAccessorImpl.newInstance(NativeConstructorAccessorImpl.java:62)
		at java.base/jdk.internal.reflect.DelegatingConstructorAccessorImpl.newInstance(DelegatingConstructorAccessorImpl.java:45)
		at java.base/java.lang.reflect.Constructor.newInstance(Constructor.java:490)
		at java.base/java.lang.Class.newInstance(Class.java:584)
		at java.base/javax.security.auth.login.Configuration$2.run(Configuration.java:255)
		at java.base/javax.security.auth.login.Configuration$2.run(Configuration.java:246)
		at java.base/java.security.AccessController.doPrivileged(Native Method)
		at java.base/javax.security.auth.login.Configuration.getConfiguration(Configuration.java:245)
		at java.base/javax.security.auth.login.LoginContext$1.run(LoginContext.java:242)
		at java.base/javax.security.auth.login.LoginContext$1.run(LoginContext.java:240)
		at java.base/java.security.AccessController.doPrivileged(Native Method)
		at java.base/javax.security.auth.login.LoginContext.init(LoginContext.java:240)
		at java.base/javax.security.auth.login.LoginContext.<init>(LoginContext.java:501)
		at org.apache.catalina.realm.JAASRealm.authenticate(JAASRealm.java:397)
		at org.apache.catalina.realm.JAASRealm.authenticate(JAASRealm.java:332)
		at org.apache.catalina.authenticator.BasicAuthenticator.doAuthenticate(BasicAuthenticator.java:101)
		at org.apache.catalina.authenticator.AuthenticatorBase.invoke(AuthenticatorBase.java:631)
		at org.apache.catalina.core.StandardHostValve.invoke(StandardHostValve.java:139)
		at org.apache.catalina.valves.ErrorReportValve.invoke(ErrorReportValve.java:92)
		at org.apache.catalina.valves.AbstractAccessLogValve.invoke(AbstractAccessLogValve.java:690)
		at org.apache.catalina.core.StandardEngineValve.invoke(StandardEngineValve.java:74)
		at org.apache.catalina.connector.CoyoteAdapter.service(CoyoteAdapter.java:343)
		at org.apache.coyote.http11.Http11Processor.service(Http11Processor.java:373)
		at org.apache.coyote.AbstractProcessorLight.process(AbstractProcessorLight.java:65)
		at org.apache.coyote.AbstractProtocol$ConnectionHandler.process(AbstractProtocol.java:868)
		at org.apache.tomcat.util.net.NioEndpoint$SocketProcessor.doRun(NioEndpoint.java:1589)
		at org.apache.tomcat.util.net.SocketProcessorBase.run(SocketProcessorBase.java:49)
		at java.base/java.util.concurrent.ThreadPoolExecutor.runWorker(ThreadPoolExecutor.java:1128)
		at java.base/java.util.concurrent.ThreadPoolExecutor$Worker.run(ThreadPoolExecutor.java:628)
		at org.apache.tomcat.util.threads.TaskThread$WrappingRunnable.run(TaskThread.java:61)
		at java.base/java.lang.Thread.run(Thread.java:834)
	Caused by: java.io.IOException: Error de configuración:
	Línea 3: se esperaba [controlFlag]
		at java.base/sun.security.provider.ConfigFile$Spi.ioException(ConfigFile.java:665)
		at java.base/sun.security.provider.ConfigFile$Spi.match(ConfigFile.java:571)
		at java.base/sun.security.provider.ConfigFile$Spi.parseLoginEntry(ConfigFile.java:453)
		at java.base/sun.security.provider.ConfigFile$Spi.readConfig(ConfigFile.java:426)
		at java.base/sun.security.provider.ConfigFile$Spi.init(ConfigFile.java:329)
		at java.base/sun.security.provider.ConfigFile$Spi.init(ConfigFile.java:271)
		at java.base/sun.security.provider.ConfigFile$Spi.<init>(ConfigFile.java:135)
		... 33 more
11-Sep-2020 19:56:21.233 GRAVE [http-nio-8080-exec-14] org.apache.catalina.realm.JAASRealm.authenticate Error inesperado
	java.lang.SecurityException: java.io.IOException: Error de configuración:
	Línea 3: se esperaba [controlFlag]
		at java.base/sun.security.provider.ConfigFile$Spi.<init>(ConfigFile.java:137)
		at java.base/sun.security.provider.ConfigFile.<init>(ConfigFile.java:102)
		at java.base/jdk.internal.reflect.NativeConstructorAccessorImpl.newInstance0(Native Method)
		at java.base/jdk.internal.reflect.NativeConstructorAccessorImpl.newInstance(NativeConstructorAccessorImpl.java:62)
		at java.base/jdk.internal.reflect.DelegatingConstructorAccessorImpl.newInstance(DelegatingConstructorAccessorImpl.java:45)
		at java.base/java.lang.reflect.Constructor.newInstance(Constructor.java:490)
		at java.base/java.lang.Class.newInstance(Class.java:584)
		at java.base/javax.security.auth.login.Configuration$2.run(Configuration.java:255)
		at java.base/javax.security.auth.login.Configuration$2.run(Configuration.java:246)
		at java.base/java.security.AccessController.doPrivileged(Native Method)
		at java.base/javax.security.auth.login.Configuration.getConfiguration(Configuration.java:245)
		at java.base/javax.security.auth.login.LoginContext$1.run(LoginContext.java:242)
		at java.base/javax.security.auth.login.LoginContext$1.run(LoginContext.java:240)
		at java.base/java.security.AccessController.doPrivileged(Native Method)
		at java.base/javax.security.auth.login.LoginContext.init(LoginContext.java:240)
		at java.base/javax.security.auth.login.LoginContext.<init>(LoginContext.java:501)
		at org.apache.catalina.realm.JAASRealm.authenticate(JAASRealm.java:397)
		at org.apache.catalina.realm.JAASRealm.authenticate(JAASRealm.java:332)
		at org.apache.catalina.authenticator.BasicAuthenticator.doAuthenticate(BasicAuthenticator.java:101)
		at org.apache.catalina.authenticator.AuthenticatorBase.invoke(AuthenticatorBase.java:631)
		at org.apache.catalina.core.StandardHostValve.invoke(StandardHostValve.java:139)
		at org.apache.catalina.valves.ErrorReportValve.invoke(ErrorReportValve.java:92)
		at org.apache.catalina.valves.AbstractAccessLogValve.invoke(AbstractAccessLogValve.java:690)
		at org.apache.catalina.core.StandardEngineValve.invoke(StandardEngineValve.java:74)
		at org.apache.catalina.connector.CoyoteAdapter.service(CoyoteAdapter.java:343)
		at org.apache.coyote.http11.Http11Processor.service(Http11Processor.java:373)
		at org.apache.coyote.AbstractProcessorLight.process(AbstractProcessorLight.java:65)
		at org.apache.coyote.AbstractProtocol$ConnectionHandler.process(AbstractProtocol.java:868)
		at org.apache.tomcat.util.net.NioEndpoint$SocketProcessor.doRun(NioEndpoint.java:1589)
		at org.apache.tomcat.util.net.SocketProcessorBase.run(SocketProcessorBase.java:49)
		at java.base/java.util.concurrent.ThreadPoolExecutor.runWorker(ThreadPoolExecutor.java:1128)
		at java.base/java.util.concurrent.ThreadPoolExecutor$Worker.run(ThreadPoolExecutor.java:628)
		at org.apache.tomcat.util.threads.TaskThread$WrappingRunnable.run(TaskThread.java:61)
		at java.base/java.lang.Thread.run(Thread.java:834)
	Caused by: java.io.IOException: Error de configuración:
	Línea 3: se esperaba [controlFlag]
		at java.base/sun.security.provider.ConfigFile$Spi.ioException(ConfigFile.java:665)
		at java.base/sun.security.provider.ConfigFile$Spi.match(ConfigFile.java:571)
		at java.base/sun.security.provider.ConfigFile$Spi.parseLoginEntry(ConfigFile.java:453)
		at java.base/sun.security.provider.ConfigFile$Spi.readConfig(ConfigFile.java:426)
		at java.base/sun.security.provider.ConfigFile$Spi.init(ConfigFile.java:329)
		at java.base/sun.security.provider.ConfigFile$Spi.init(ConfigFile.java:271)
		at java.base/sun.security.provider.ConfigFile$Spi.<init>(ConfigFile.java:135)
		... 33 more
11-Sep-2020 19:56:26.589 GRAVE [http-nio-8080-exec-4] org.apache.catalina.realm.JAASRealm.authenticate Error inesperado
	java.lang.SecurityException: java.io.IOException: Error de configuración:
	Línea 3: se esperaba [controlFlag]
		at java.base/sun.security.provider.ConfigFile$Spi.<init>(ConfigFile.java:137)
		at java.base/sun.security.provider.ConfigFile.<init>(ConfigFile.java:102)
		at java.base/jdk.internal.reflect.NativeConstructorAccessorImpl.newInstance0(Native Method)
		at java.base/jdk.internal.reflect.NativeConstructorAccessorImpl.newInstance(NativeConstructorAccessorImpl.java:62)
		at java.base/jdk.internal.reflect.DelegatingConstructorAccessorImpl.newInstance(DelegatingConstructorAccessorImpl.java:45)
		at java.base/java.lang.reflect.Constructor.newInstance(Constructor.java:490)
		at java.base/java.lang.Class.newInstance(Class.java:584)
		at java.base/javax.security.auth.login.Configuration$2.run(Configuration.java:255)
		at java.base/javax.security.auth.login.Configuration$2.run(Configuration.java:246)
		at java.base/java.security.AccessController.doPrivileged(Native Method)
		at java.base/javax.security.auth.login.Configuration.getConfiguration(Configuration.java:245)
		at java.base/javax.security.auth.login.LoginContext$1.run(LoginContext.java:242)
		at java.base/javax.security.auth.login.LoginContext$1.run(LoginContext.java:240)
		at java.base/java.security.AccessController.doPrivileged(Native Method)
		at java.base/javax.security.auth.login.LoginContext.init(LoginContext.java:240)
		at java.base/javax.security.auth.login.LoginContext.<init>(LoginContext.java:501)
		at org.apache.catalina.realm.JAASRealm.authenticate(JAASRealm.java:397)
		at org.apache.catalina.realm.JAASRealm.authenticate(JAASRealm.java:332)
		at org.apache.catalina.authenticator.BasicAuthenticator.doAuthenticate(BasicAuthenticator.java:101)
		at org.apache.catalina.authenticator.AuthenticatorBase.invoke(AuthenticatorBase.java:631)
		at org.apache.catalina.core.StandardHostValve.invoke(StandardHostValve.java:139)
		at org.apache.catalina.valves.ErrorReportValve.invoke(ErrorReportValve.java:92)
		at org.apache.catalina.valves.AbstractAccessLogValve.invoke(AbstractAccessLogValve.java:690)
		at org.apache.catalina.core.StandardEngineValve.invoke(StandardEngineValve.java:74)
		at org.apache.catalina.connector.CoyoteAdapter.service(CoyoteAdapter.java:343)
		at org.apache.coyote.http11.Http11Processor.service(Http11Processor.java:373)
		at org.apache.coyote.AbstractProcessorLight.process(AbstractProcessorLight.java:65)
		at org.apache.coyote.AbstractProtocol$ConnectionHandler.process(AbstractProtocol.java:868)
		at org.apache.tomcat.util.net.NioEndpoint$SocketProcessor.doRun(NioEndpoint.java:1589)
		at org.apache.tomcat.util.net.SocketProcessorBase.run(SocketProcessorBase.java:49)
		at java.base/java.util.concurrent.ThreadPoolExecutor.runWorker(ThreadPoolExecutor.java:1128)
		at java.base/java.util.concurrent.ThreadPoolExecutor$Worker.run(ThreadPoolExecutor.java:628)
		at org.apache.tomcat.util.threads.TaskThread$WrappingRunnable.run(TaskThread.java:61)
		at java.base/java.lang.Thread.run(Thread.java:834)
	Caused by: java.io.IOException: Error de configuración:
	Línea 3: se esperaba [controlFlag]
		at java.base/sun.security.provider.ConfigFile$Spi.ioException(ConfigFile.java:665)
		at java.base/sun.security.provider.ConfigFile$Spi.match(ConfigFile.java:571)
		at java.base/sun.security.provider.ConfigFile$Spi.parseLoginEntry(ConfigFile.java:453)
		at java.base/sun.security.provider.ConfigFile$Spi.readConfig(ConfigFile.java:426)
		at java.base/sun.security.provider.ConfigFile$Spi.init(ConfigFile.java:329)
		at java.base/sun.security.provider.ConfigFile$Spi.init(ConfigFile.java:271)
		at java.base/sun.security.provider.ConfigFile$Spi.<init>(ConfigFile.java:135)
		... 33 more
11-Sep-2020 19:56:57.631 INFORMACIÓN [http-nio-8080-exec-14] org.apache.catalina.core.StandardContext.reload Ha comenzado la recarga de Contexto [/bytes]
11-Sep-2020 19:56:57.775 INFORMACIÓN [http-nio-8080-exec-14] org.apache.catalina.core.StandardContext.reload Se ha completado la recarga de este Contexto
11-Sep-2020 19:57:55.499 INFORMACIÓN [Catalina-utility-1] org.apache.catalina.startup.HostConfig.reload Falló la recarga del contexto [/bytes]
11-Sep-2020 19:57:55.500 INFORMACIÓN [Catalina-utility-1] org.apache.catalina.core.StandardContext.reload Ha comenzado la recarga de Contexto [/bytes]
11-Sep-2020 19:57:55.585 INFORMACIÓN [Catalina-utility-1] org.apache.catalina.core.StandardContext.reload Se ha completado la recarga de este Contexto
11-Sep-2020 19:57:57.116 ADVERTENCIA [http-nio-8080-exec-26] org.apache.catalina.startup.ContextConfig.validateSecurityRoles El nombre de papel de seguridad [user] es usado en un <auth-constraint> sin haber sido definido en <security-role>
11-Sep-2020 19:58:08.521 ADVERTENCIA [http-nio-8080-exec-15] org.apache.catalina.startup.ContextConfig.validateSecurityRoles El nombre de papel de seguridad [user] es usado en un <auth-constraint> sin haber sido definido en <security-role>
11-Sep-2020 19:58:08.986 ADVERTENCIA [http-nio-8080-exec-27] org.apache.catalina.startup.ContextConfig.validateSecurityRoles El nombre de papel de seguridad [user] es usado en un <auth-constraint> sin haber sido definido en <security-role>
11-Sep-2020 19:58:15.590 INFORMACIÓN [Catalina-utility-2] org.apache.catalina.startup.HostConfig.reload Falló la recarga del contexto [/bytes]
11-Sep-2020 19:58:15.591 INFORMACIÓN [Catalina-utility-2] org.apache.catalina.core.StandardContext.reload Ha comenzado la recarga de Contexto [/bytes]
11-Sep-2020 19:58:15.687 ADVERTENCIA [Catalina-utility-2] org.apache.catalina.startup.ContextConfig.validateSecurityRoles El nombre de papel de seguridad [user] es usado en un <auth-constraint> sin haber sido definido en <security-role>
11-Sep-2020 19:58:15.693 INFORMACIÓN [Catalina-utility-2] org.apache.catalina.core.StandardContext.reload Se ha completado la recarga de este Contexto
11-Sep-2020 19:58:19.291 INFORMACIÓN [http-nio-8080-exec-21] org.apache.catalina.startup.HostConfig.undeploy Repliegue (undeploy) de la aplicación web que tiene como trayectoria de contexto [/bytes]
11-Sep-2020 19:58:42.115 INFORMACIÓN [http-nio-8080-exec-30] org.apache.catalina.startup.HostConfig.deployDescriptor Desplieque del descriptor de configuración [/home/clwn1/Escritorio/tomcat/conf/Catalina/localhost/bytes.xml]
11-Sep-2020 19:58:42.121 ADVERTENCIA [http-nio-8080-exec-30] org.apache.catalina.startup.HostConfig.deployDescriptor The path attribute with value [/bytes] in deployment descriptor [/home/clwn1/Escritorio/tomcat/conf/Catalina/localhost/bytes.xml] has been ignored
11-Sep-2020 19:58:42.368 ADVERTENCIA [http-nio-8080-exec-30] org.apache.catalina.startup.ContextConfig.validateSecurityRoles El nombre de papel de seguridad [user] es usado en un <auth-constraint> sin haber sido definido en <security-role>
11-Sep-2020 19:58:42.398 INFORMACIÓN [http-nio-8080-exec-30] org.apache.catalina.startup.HostConfig.deployDescriptor Deployment of deployment descriptor [/home/clwn1/Escritorio/tomcat/conf/Catalina/localhost/bytes.xml] has finished in [281] ms
11-Sep-2020 19:58:42.410 INFORMACIÓN [http-nio-8080-exec-21] org.apache.catalina.util.LifecycleBase.start The start() method was called on component [StandardEngine[Catalina].StandardHost[localhost].StandardContext[/bytes]] after start() had already been called. The second call will be ignored.
11-Sep-2020 19:58:49.146 INFORMACIÓN [http-nio-8080-exec-29] org.apache.catalina.core.StandardContext.reload Ha comenzado la recarga de Contexto [/bytes]
11-Sep-2020 19:58:49.379 ADVERTENCIA [http-nio-8080-exec-29] org.apache.catalina.startup.ContextConfig.validateSecurityRoles El nombre de papel de seguridad [user] es usado en un <auth-constraint> sin haber sido definido en <security-role>
11-Sep-2020 19:58:49.391 INFORMACIÓN [http-nio-8080-exec-29] org.apache.catalina.core.StandardContext.reload Se ha completado la recarga de este Contexto
11-Sep-2020 19:59:20.994 INFORMACIÓN [http-nio-8080-exec-28] org.apache.catalina.startup.HostConfig.undeploy Repliegue (undeploy) de la aplicación web que tiene como trayectoria de contexto [/bytes]
11-Sep-2020 19:59:21.587 INFORMACIÓN [http-nio-8080-exec-31] org.apache.catalina.startup.HostConfig.deployDescriptor Desplieque del descriptor de configuración [/home/clwn1/Escritorio/tomcat/conf/Catalina/localhost/bytes.xml]
11-Sep-2020 19:59:21.588 ADVERTENCIA [http-nio-8080-exec-31] org.apache.catalina.startup.HostConfig.deployDescriptor The path attribute with value [/bytes] in deployment descriptor [/home/clwn1/Escritorio/tomcat/conf/Catalina/localhost/bytes.xml] has been ignored
11-Sep-2020 19:59:21.890 ADVERTENCIA [http-nio-8080-exec-31] org.apache.catalina.startup.ContextConfig.validateSecurityRoles El nombre de papel de seguridad [user] es usado en un <auth-constraint> sin haber sido definido en <security-role>
11-Sep-2020 19:59:21.894 INFORMACIÓN [http-nio-8080-exec-31] org.apache.catalina.startup.HostConfig.deployDescriptor Deployment of deployment descriptor [/home/clwn1/Escritorio/tomcat/conf/Catalina/localhost/bytes.xml] has finished in [307] ms
11-Sep-2020 19:59:21.907 INFORMACIÓN [http-nio-8080-exec-35] org.apache.catalina.util.LifecycleBase.start The start() method was called on component [StandardEngine[Catalina].StandardHost[localhost].StandardContext[/bytes]] after start() had already been called. The second call will be ignored.
11-Sep-2020 20:02:37.278 GRAVE [http-nio-8080-exec-39] org.apache.catalina.realm.JAASRealm.authenticate Error inesperado
	java.lang.SecurityException: java.io.IOException: Error de configuración:
	Línea 3: se esperaba [controlFlag]
		at java.base/sun.security.provider.ConfigFile$Spi.<init>(ConfigFile.java:137)
		at java.base/sun.security.provider.ConfigFile.<init>(ConfigFile.java:102)
		at java.base/jdk.internal.reflect.NativeConstructorAccessorImpl.newInstance0(Native Method)
		at java.base/jdk.internal.reflect.NativeConstructorAccessorImpl.newInstance(NativeConstructorAccessorImpl.java:62)
		at java.base/jdk.internal.reflect.DelegatingConstructorAccessorImpl.newInstance(DelegatingConstructorAccessorImpl.java:45)
		at java.base/java.lang.reflect.Constructor.newInstance(Constructor.java:490)
		at java.base/java.lang.Class.newInstance(Class.java:584)
		at java.base/javax.security.auth.login.Configuration$2.run(Configuration.java:255)
		at java.base/javax.security.auth.login.Configuration$2.run(Configuration.java:246)
		at java.base/java.security.AccessController.doPrivileged(Native Method)
		at java.base/javax.security.auth.login.Configuration.getConfiguration(Configuration.java:245)
		at java.base/javax.security.auth.login.LoginContext$1.run(LoginContext.java:242)
		at java.base/javax.security.auth.login.LoginContext$1.run(LoginContext.java:240)
		at java.base/java.security.AccessController.doPrivileged(Native Method)
		at java.base/javax.security.auth.login.LoginContext.init(LoginContext.java:240)
		at java.base/javax.security.auth.login.LoginContext.<init>(LoginContext.java:501)
		at org.apache.catalina.realm.JAASRealm.authenticate(JAASRealm.java:397)
		at org.apache.catalina.realm.JAASRealm.authenticate(JAASRealm.java:332)
		at org.apache.catalina.authenticator.FormAuthenticator.doAuthenticate(FormAuthenticator.java:243)
		at org.apache.catalina.authenticator.AuthenticatorBase.invoke(AuthenticatorBase.java:631)
		at org.apache.catalina.core.StandardHostValve.invoke(StandardHostValve.java:139)
		at org.apache.catalina.valves.ErrorReportValve.invoke(ErrorReportValve.java:92)
		at org.apache.catalina.valves.AbstractAccessLogValve.invoke(AbstractAccessLogValve.java:690)
		at org.apache.catalina.core.StandardEngineValve.invoke(StandardEngineValve.java:74)
		at org.apache.catalina.connector.CoyoteAdapter.service(CoyoteAdapter.java:343)
		at org.apache.coyote.http11.Http11Processor.service(Http11Processor.java:373)
		at org.apache.coyote.AbstractProcessorLight.process(AbstractProcessorLight.java:65)
		at org.apache.coyote.AbstractProtocol$ConnectionHandler.process(AbstractProtocol.java:868)
		at org.apache.tomcat.util.net.NioEndpoint$SocketProcessor.doRun(NioEndpoint.java:1589)
		at org.apache.tomcat.util.net.SocketProcessorBase.run(SocketProcessorBase.java:49)
		at java.base/java.util.concurrent.ThreadPoolExecutor.runWorker(ThreadPoolExecutor.java:1128)
		at java.base/java.util.concurrent.ThreadPoolExecutor$Worker.run(ThreadPoolExecutor.java:628)
		at org.apache.tomcat.util.threads.TaskThread$WrappingRunnable.run(TaskThread.java:61)
		at java.base/java.lang.Thread.run(Thread.java:834)
	Caused by: java.io.IOException: Error de configuración:
	Línea 3: se esperaba [controlFlag]
		at java.base/sun.security.provider.ConfigFile$Spi.ioException(ConfigFile.java:665)
		at java.base/sun.security.provider.ConfigFile$Spi.match(ConfigFile.java:571)
		at java.base/sun.security.provider.ConfigFile$Spi.parseLoginEntry(ConfigFile.java:453)
		at java.base/sun.security.provider.ConfigFile$Spi.readConfig(ConfigFile.java:426)
		at java.base/sun.security.provider.ConfigFile$Spi.init(ConfigFile.java:329)
		at java.base/sun.security.provider.ConfigFile$Spi.init(ConfigFile.java:271)
		at java.base/sun.security.provider.ConfigFile$Spi.<init>(ConfigFile.java:135)
		... 33 more
11-Sep-2020 20:02:37.345 GRAVE [http-nio-8080-exec-40] org.apache.catalina.realm.JAASRealm.authenticate Error inesperado
	java.lang.SecurityException: java.io.IOException: Error de configuración:
	Línea 3: se esperaba [controlFlag]
		at java.base/sun.security.provider.ConfigFile$Spi.<init>(ConfigFile.java:137)
		at java.base/sun.security.provider.ConfigFile.<init>(ConfigFile.java:102)
		at java.base/jdk.internal.reflect.NativeConstructorAccessorImpl.newInstance0(Native Method)
		at java.base/jdk.internal.reflect.NativeConstructorAccessorImpl.newInstance(NativeConstructorAccessorImpl.java:62)
		at java.base/jdk.internal.reflect.DelegatingConstructorAccessorImpl.newInstance(DelegatingConstructorAccessorImpl.java:45)
		at java.base/java.lang.reflect.Constructor.newInstance(Constructor.java:490)
		at java.base/java.lang.Class.newInstance(Class.java:584)
		at java.base/javax.security.auth.login.Configuration$2.run(Configuration.java:255)
		at java.base/javax.security.auth.login.Configuration$2.run(Configuration.java:246)
		at java.base/java.security.AccessController.doPrivileged(Native Method)
		at java.base/javax.security.auth.login.Configuration.getConfiguration(Configuration.java:245)
		at java.base/javax.security.auth.login.LoginContext$1.run(LoginContext.java:242)
		at java.base/javax.security.auth.login.LoginContext$1.run(LoginContext.java:240)
		at java.base/java.security.AccessController.doPrivileged(Native Method)
		at java.base/javax.security.auth.login.LoginContext.init(LoginContext.java:240)
		at java.base/javax.security.auth.login.LoginContext.<init>(LoginContext.java:501)
		at org.apache.catalina.realm.JAASRealm.authenticate(JAASRealm.java:397)
		at org.apache.catalina.realm.JAASRealm.authenticate(JAASRealm.java:332)
		at org.apache.catalina.authenticator.FormAuthenticator.doAuthenticate(FormAuthenticator.java:243)
		at org.apache.catalina.authenticator.AuthenticatorBase.invoke(AuthenticatorBase.java:631)
		at org.apache.catalina.core.StandardHostValve.invoke(StandardHostValve.java:139)
		at org.apache.catalina.valves.ErrorReportValve.invoke(ErrorReportValve.java:92)
		at org.apache.catalina.valves.AbstractAccessLogValve.invoke(AbstractAccessLogValve.java:690)
		at org.apache.catalina.core.StandardEngineValve.invoke(StandardEngineValve.java:74)
		at org.apache.catalina.connector.CoyoteAdapter.service(CoyoteAdapter.java:343)
		at org.apache.coyote.http11.Http11Processor.service(Http11Processor.java:373)
		at org.apache.coyote.AbstractProcessorLight.process(AbstractProcessorLight.java:65)
		at org.apache.coyote.AbstractProtocol$ConnectionHandler.process(AbstractProtocol.java:868)
		at org.apache.tomcat.util.net.NioEndpoint$SocketProcessor.doRun(NioEndpoint.java:1589)
		at org.apache.tomcat.util.net.SocketProcessorBase.run(SocketProcessorBase.java:49)
		at java.base/java.util.concurrent.ThreadPoolExecutor.runWorker(ThreadPoolExecutor.java:1128)
		at java.base/java.util.concurrent.ThreadPoolExecutor$Worker.run(ThreadPoolExecutor.java:628)
		at org.apache.tomcat.util.threads.TaskThread$WrappingRunnable.run(TaskThread.java:61)
		at java.base/java.lang.Thread.run(Thread.java:834)
	Caused by: java.io.IOException: Error de configuración:
	Línea 3: se esperaba [controlFlag]
		at java.base/sun.security.provider.ConfigFile$Spi.ioException(ConfigFile.java:665)
		at java.base/sun.security.provider.ConfigFile$Spi.match(ConfigFile.java:571)
		at java.base/sun.security.provider.ConfigFile$Spi.parseLoginEntry(ConfigFile.java:453)
		at java.base/sun.security.provider.ConfigFile$Spi.readConfig(ConfigFile.java:426)
		at java.base/sun.security.provider.ConfigFile$Spi.init(ConfigFile.java:329)
		at java.base/sun.security.provider.ConfigFile$Spi.init(ConfigFile.java:271)
		at java.base/sun.security.provider.ConfigFile$Spi.<init>(ConfigFile.java:135)
		... 33 more
11-Sep-2020 20:13:24.005 INFORMACIÓN [main] org.apache.catalina.core.StandardServer.await Se ha recibido un comando de apagado a través del puerto de apagado. Parando la instancia del Servidor.
11-Sep-2020 20:13:24.006 INFORMACIÓN [main] org.apache.coyote.AbstractProtocol.pause Pausing ProtocolHandler ["http-nio-8080"]
11-Sep-2020 20:13:24.015 INFORMACIÓN [main] org.apache.catalina.core.StandardService.stopInternal Parando servicio [Catalina]
11-Sep-2020 20:13:24.268 INFORMACIÓN [main] org.apache.coyote.AbstractProtocol.stop Stopping ProtocolHandler ["http-nio-8080"]
11-Sep-2020 20:13:24.284 INFORMACIÓN [main] org.apache.coyote.AbstractProtocol.destroy Destroying ProtocolHandler ["http-nio-8080"]
11-Sep-2020 20:51:17.847 INFORMACIÓN [main] org.apache.catalina.startup.VersionLoggerListener.log Nombre de la versión del servidor:   Apache Tomcat/9.0.37

11-Sep-2020 20:51:17.850 INFORMACIÓN [main] org.apache.catalina.startup.VersionLoggerListener.log Server built:          Jun 30 2020 20:09:49 UTC
11-Sep-2020 20:51:17.850 INFORMACIÓN [main] org.apache.catalina.startup.VersionLoggerListener.log Número de versión de servidor:         9.0.37.0
11-Sep-2020 20:51:17.850 INFORMACIÓN [main] org.apache.catalina.startup.VersionLoggerListener.log OS Name:               Linux
11-Sep-2020 20:51:17.850 INFORMACIÓN [main] org.apache.catalina.startup.VersionLoggerListener.log Versión de Systema Operativo:      5.4.0-47-generic

11-Sep-2020 20:51:17.850 INFORMACIÓN [main] org.apache.catalina.startup.VersionLoggerListener.log Arquitectura:          amd64

11-Sep-2020 20:51:17.850 INFORMACIÓN [main] org.apache.catalina.startup.VersionLoggerListener.log Java Home:             /usr/lib/jvm/java-11-openjdk-amd64
11-Sep-2020 20:51:17.850 INFORMACIÓN [main] org.apache.catalina.startup.VersionLoggerListener.log JVM Version:           11.0.8+10-post-Ubuntu-0ubuntu120.04
11-Sep-2020 20:51:17.850 INFORMACIÓN [main] org.apache.catalina.startup.VersionLoggerListener.log Vededor JVM:     Ubuntu
11-Sep-2020 20:51:17.851 INFORMACIÓN [main] org.apache.catalina.startup.VersionLoggerListener.log CATALINA_BASE:         /home/clwn1/Escritorio/tomcat
11-Sep-2020 20:51:17.851 INFORMACIÓN [main] org.apache.catalina.startup.VersionLoggerListener.log CATALINA_HOME:         /home/clwn1/Escritorio/tomcat
11-Sep-2020 20:51:17.861 INFORMACIÓN [main] org.apache.catalina.startup.VersionLoggerListener.log Command line argument: --add-opens=java.base/java.lang=ALL-UNNAMED
11-Sep-2020 20:51:17.861 INFORMACIÓN [main] org.apache.catalina.startup.VersionLoggerListener.log Command line argument: --add-opens=java.base/java.io=ALL-UNNAMED
11-Sep-2020 20:51:17.861 INFORMACIÓN [main] org.apache.catalina.startup.VersionLoggerListener.log Command line argument: --add-opens=java.rmi/sun.rmi.transport=ALL-UNNAMED
11-Sep-2020 20:51:17.861 INFORMACIÓN [main] org.apache.catalina.startup.VersionLoggerListener.log Command line argument: -Djava.util.logging.config.file=/home/clwn1/Escritorio/tomcat/conf/logging.properties
11-Sep-2020 20:51:17.862 INFORMACIÓN [main] org.apache.catalina.startup.VersionLoggerListener.log Command line argument: -Djava.util.logging.manager=org.apache.juli.ClassLoaderLogManager
11-Sep-2020 20:51:17.862 INFORMACIÓN [main] org.apache.catalina.startup.VersionLoggerListener.log Command line argument: -Dhttp.nonProxyHosts=localhost|127.0.0.1|clwn1-GE72-2QL
11-Sep-2020 20:51:17.862 INFORMACIÓN [main] org.apache.catalina.startup.VersionLoggerListener.log Command line argument: -Djdk.tls.ephemeralDHKeySize=2048
11-Sep-2020 20:51:17.862 INFORMACIÓN [main] org.apache.catalina.startup.VersionLoggerListener.log Command line argument: -Djava.protocol.handler.pkgs=org.apache.catalina.webresources
11-Sep-2020 20:51:17.862 INFORMACIÓN [main] org.apache.catalina.startup.VersionLoggerListener.log Command line argument: -Dorg.apache.catalina.security.SecurityListener.UMASK=0027
11-Sep-2020 20:51:17.862 INFORMACIÓN [main] org.apache.catalina.startup.VersionLoggerListener.log Command line argument: -Djava.security.auth.login.config==/home/clwn1/Escritorio/tomcat/conf/jaas.config
11-Sep-2020 20:51:17.862 INFORMACIÓN [main] org.apache.catalina.startup.VersionLoggerListener.log Command line argument: -Dignore.endorsed.dirs=
11-Sep-2020 20:51:17.862 INFORMACIÓN [main] org.apache.catalina.startup.VersionLoggerListener.log Command line argument: -Dcatalina.base=/home/clwn1/Escritorio/tomcat
11-Sep-2020 20:51:17.862 INFORMACIÓN [main] org.apache.catalina.startup.VersionLoggerListener.log Command line argument: -Dcatalina.home=/home/clwn1/Escritorio/tomcat
11-Sep-2020 20:51:17.862 INFORMACIÓN [main] org.apache.catalina.startup.VersionLoggerListener.log Command line argument: -Djava.io.tmpdir=/home/clwn1/Escritorio/tomcat/temp
11-Sep-2020 20:51:17.863 INFORMACIÓN [main] org.apache.catalina.core.AprLifecycleListener.lifecycleEvent Cargada la biblioteca nativa APR de Apache Tomcat [1.2.23] con la versión APR [1.6.5].
11-Sep-2020 20:51:17.863 INFORMACIÓN [main] org.apache.catalina.core.AprLifecycleListener.lifecycleEvent Capacidades APR: IPv6 [true], enviar fichero [true], aceptar filtros [false], aleatorio [true].
11-Sep-2020 20:51:17.863 INFORMACIÓN [main] org.apache.catalina.core.AprLifecycleListener.lifecycleEvent APR/OpenSSL configuration: useAprConnector [false], useOpenSSL [true]
11-Sep-2020 20:51:17.877 INFORMACIÓN [main] org.apache.catalina.core.AprLifecycleListener.initializeSSL OpenSSL inicializado correctamente [OpenSSL 1.1.1f  31 Mar 2020]
11-Sep-2020 20:51:18.247 INFORMACIÓN [main] org.apache.coyote.AbstractProtocol.init Inicializando el manejador de protocolo ["http-nio-8080"]

11-Sep-2020 20:51:18.323 INFORMACIÓN [main] org.apache.catalina.startup.Catalina.load Server initialization in [1593] milliseconds
11-Sep-2020 20:51:18.468 INFORMACIÓN [main] org.apache.catalina.core.StandardService.startInternal Arrancando servicio [Catalina]
11-Sep-2020 20:51:18.469 INFORMACIÓN [main] org.apache.catalina.core.StandardEngine.startInternal Starting Servlet engine: [Apache Tomcat/9.0.37]
11-Sep-2020 20:51:18.477 INFORMACIÓN [main] org.apache.catalina.startup.HostConfig.deployDescriptor Desplieque del descriptor de configuración [/home/clwn1/Escritorio/tomcat/conf/Catalina/localhost/bytes.xml]
11-Sep-2020 20:51:18.522 ADVERTENCIA [main] org.apache.catalina.startup.HostConfig.deployDescriptor The path attribute with value [/bytes] in deployment descriptor [/home/clwn1/Escritorio/tomcat/conf/Catalina/localhost/bytes.xml] has been ignored
11-Sep-2020 20:51:18.865 ADVERTENCIA [main] org.apache.catalina.startup.ContextConfig.validateSecurityRoles El nombre de papel de seguridad [user] es usado en un <auth-constraint> sin haber sido definido en <security-role>
11-Sep-2020 20:51:19.020 INFORMACIÓN [main] org.apache.catalina.startup.HostConfig.deployDescriptor Deployment of deployment descriptor [/home/clwn1/Escritorio/tomcat/conf/Catalina/localhost/bytes.xml] has finished in [540] ms
11-Sep-2020 20:51:19.021 INFORMACIÓN [main] org.apache.catalina.startup.HostConfig.deployDirectory Desplegando el directorio [/home/clwn1/Escritorio/tomcat/webapps/manager] de la aplicación web
11-Sep-2020 20:51:19.093 INFORMACIÓN [main] org.apache.catalina.startup.HostConfig.deployDirectory Deployment of web application directory [/home/clwn1/Escritorio/tomcat/webapps/manager] has finished in [71] ms
11-Sep-2020 20:51:19.093 INFORMACIÓN [main] org.apache.catalina.startup.HostConfig.deployDirectory Desplegando el directorio [/home/clwn1/Escritorio/tomcat/webapps/host-manager] de la aplicación web
11-Sep-2020 20:51:19.120 INFORMACIÓN [main] org.apache.catalina.startup.HostConfig.deployDirectory Deployment of web application directory [/home/clwn1/Escritorio/tomcat/webapps/host-manager] has finished in [26] ms
11-Sep-2020 20:51:19.120 INFORMACIÓN [main] org.apache.catalina.startup.HostConfig.deployDirectory Desplegando el directorio [/home/clwn1/Escritorio/tomcat/webapps/examples] de la aplicación web
11-Sep-2020 20:51:19.723 INFORMACIÓN [main] org.apache.catalina.startup.HostConfig.deployDirectory Deployment of web application directory [/home/clwn1/Escritorio/tomcat/webapps/examples] has finished in [602] ms
11-Sep-2020 20:51:19.723 INFORMACIÓN [main] org.apache.catalina.startup.HostConfig.deployDirectory Desplegando el directorio [/home/clwn1/Escritorio/tomcat/webapps/ROOT] de la aplicación web
11-Sep-2020 20:51:19.765 INFORMACIÓN [main] org.apache.catalina.startup.HostConfig.deployDirectory Deployment of web application directory [/home/clwn1/Escritorio/tomcat/webapps/ROOT] has finished in [42] ms
11-Sep-2020 20:51:19.766 INFORMACIÓN [main] org.apache.catalina.startup.HostConfig.deployDirectory Desplegando el directorio [/home/clwn1/Escritorio/tomcat/webapps/docs] de la aplicación web
11-Sep-2020 20:51:19.808 INFORMACIÓN [main] org.apache.catalina.startup.HostConfig.deployDirectory Deployment of web application directory [/home/clwn1/Escritorio/tomcat/webapps/docs] has finished in [42] ms
11-Sep-2020 20:51:19.821 INFORMACIÓN [main] org.apache.coyote.AbstractProtocol.start Starting ProtocolHandler ["http-nio-8080"]
11-Sep-2020 20:51:19.841 INFORMACIÓN [main] org.apache.catalina.startup.Catalina.start Server startup in [1517] milliseconds
11-Sep-2020 20:51:23.802 INFORMACIÓN [http-nio-8080-exec-5] org.apache.catalina.startup.HostConfig.undeploy Repliegue (undeploy) de la aplicación web que tiene como trayectoria de contexto [/bytes]
11-Sep-2020 20:51:23.858 INFORMACIÓN [http-nio-8080-exec-1] org.apache.catalina.startup.HostConfig.deployDescriptor Desplieque del descriptor de configuración [/home/clwn1/Escritorio/tomcat/conf/Catalina/localhost/bytes.xml]
11-Sep-2020 20:51:23.859 ADVERTENCIA [http-nio-8080-exec-1] org.apache.catalina.startup.HostConfig.deployDescriptor The path attribute with value [/bytes] in deployment descriptor [/home/clwn1/Escritorio/tomcat/conf/Catalina/localhost/bytes.xml] has been ignored
11-Sep-2020 20:51:23.876 ADVERTENCIA [http-nio-8080-exec-1] org.apache.catalina.startup.ContextConfig.validateSecurityRoles El nombre de papel de seguridad [user] es usado en un <auth-constraint> sin haber sido definido en <security-role>
11-Sep-2020 20:51:23.881 INFORMACIÓN [http-nio-8080-exec-1] org.apache.catalina.startup.HostConfig.deployDescriptor Deployment of deployment descriptor [/home/clwn1/Escritorio/tomcat/conf/Catalina/localhost/bytes.xml] has finished in [23] ms
11-Sep-2020 20:51:23.891 INFORMACIÓN [http-nio-8080-exec-4] org.apache.catalina.util.LifecycleBase.start The start() method was called on component [StandardEngine[Catalina].StandardHost[localhost].StandardContext[/bytes]] after start() had already been called. The second call will be ignored.
11-Sep-2020 20:52:31.504 ADVERTENCIA [http-nio-8080-exec-15] org.apache.catalina.startup.ContextConfig.validateSecurityRoles El nombre de papel de seguridad [admin] es usado en un <auth-constraint> sin haber sido definido en <security-role>
11-Sep-2020 20:52:34.232 ADVERTENCIA [http-nio-8080-exec-18] org.apache.catalina.startup.ContextConfig.validateSecurityRoles El nombre de papel de seguridad [admin] es usado en un <auth-constraint> sin haber sido definido en <security-role>
11-Sep-2020 20:52:36.656 INFORMACIÓN [http-nio-8080-exec-13] org.apache.catalina.startup.HostConfig.undeploy Repliegue (undeploy) de la aplicación web que tiene como trayectoria de contexto [/bytes]
11-Sep-2020 20:52:45.218 INFORMACIÓN [http-nio-8080-exec-21] org.apache.catalina.startup.HostConfig.deployDescriptor Desplieque del descriptor de configuración [/home/clwn1/Escritorio/tomcat/conf/Catalina/localhost/bytes.xml]
11-Sep-2020 20:52:45.223 ADVERTENCIA [http-nio-8080-exec-21] org.apache.catalina.startup.HostConfig.deployDescriptor The path attribute with value [/bytes] in deployment descriptor [/home/clwn1/Escritorio/tomcat/conf/Catalina/localhost/bytes.xml] has been ignored
11-Sep-2020 20:52:45.244 ADVERTENCIA [http-nio-8080-exec-21] org.apache.catalina.startup.ContextConfig.validateSecurityRoles El nombre de papel de seguridad [admin] es usado en un <auth-constraint> sin haber sido definido en <security-role>
11-Sep-2020 20:52:45.251 INFORMACIÓN [http-nio-8080-exec-21] org.apache.catalina.startup.HostConfig.deployDescriptor Deployment of deployment descriptor [/home/clwn1/Escritorio/tomcat/conf/Catalina/localhost/bytes.xml] has finished in [34] ms
11-Sep-2020 20:52:45.258 INFORMACIÓN [http-nio-8080-exec-12] org.apache.catalina.util.LifecycleBase.start The start() method was called on component [StandardEngine[Catalina].StandardHost[localhost].StandardContext[/bytes]] after start() had already been called. The second call will be ignored.
11-Sep-2020 21:21:04.553 INFORMACIÓN [http-nio-8080-exec-31] org.apache.catalina.startup.HostConfig.deployDescriptor Desplieque del descriptor de configuración [/home/clwn1/Escritorio/tomcat/conf/Catalina/localhost/web.xml]
11-Sep-2020 21:21:04.555 ADVERTENCIA [http-nio-8080-exec-31] org.apache.catalina.startup.HostConfig.deployDescriptor The path attribute with value [/web] in deployment descriptor [/home/clwn1/Escritorio/tomcat/conf/Catalina/localhost/web.xml] has been ignored
11-Sep-2020 21:21:04.590 ADVERTENCIA [http-nio-8080-exec-31] org.apache.tomcat.util.digester.SetPropertiesRule.begin Match [Context/Realm/CredentialHandler] failed to set property [keyLength] to [256]
11-Sep-2020 21:21:04.788 ADVERTENCIA [http-nio-8080-exec-31] org.apache.catalina.startup.ContextConfig.validateSecurityRoles El nombre de papel de seguridad [user] es usado en un <auth-constraint> sin haber sido definido en <security-role>
11-Sep-2020 21:21:04.794 INFORMACIÓN [http-nio-8080-exec-31] org.apache.jasper.servlet.TldScanner.scanJars Al menos un JAR, que se ha explorado buscando TLDs, aún no contenía TLDs. Activar historial de depuración para este historiador para una completa lista de los JARs que fueron explorados y de los que nos se halló TLDs. Saltarse JARs no necesarios durante la exploración puede dar lugar a una mejora de tiempo significativa en el arranque y compilación de JSP .
11-Sep-2020 21:21:04.798 INFORMACIÓN [http-nio-8080-exec-31] org.apache.catalina.startup.HostConfig.deployDescriptor Deployment of deployment descriptor [/home/clwn1/Escritorio/tomcat/conf/Catalina/localhost/web.xml] has finished in [245] ms
11-Sep-2020 21:21:04.813 INFORMACIÓN [http-nio-8080-exec-23] org.apache.catalina.util.LifecycleBase.start The start() method was called on component [StandardEngine[Catalina].StandardHost[localhost].StandardContext[/web]] after start() had already been called. The second call will be ignored.
11-Sep-2020 21:23:51.622 ADVERTENCIA [http-nio-8080-exec-26] org.apache.catalina.realm.LockOutRealm.filterLockedAccounts Se ha intentado autenticar al usuario bloqueado [marc]
11-Sep-2020 21:23:51.633 ADVERTENCIA [http-nio-8080-exec-31] org.apache.catalina.realm.LockOutRealm.filterLockedAccounts Se ha intentado autenticar al usuario bloqueado [marc]
11-Sep-2020 21:24:23.547 INFORMACIÓN [http-nio-8080-exec-29] org.apache.catalina.startup.HostConfig.deployDescriptor Desplieque del descriptor de configuración [/home/clwn1/Escritorio/tomcat/conf/Catalina/localhost/WebServer.xml]
11-Sep-2020 21:24:23.549 ADVERTENCIA [http-nio-8080-exec-29] org.apache.catalina.startup.HostConfig.deployDescriptor The path attribute with value [/WebServer] in deployment descriptor [/home/clwn1/Escritorio/tomcat/conf/Catalina/localhost/WebServer.xml] has been ignored
11-Sep-2020 21:24:23.585 INFORMACIÓN [http-nio-8080-exec-29] org.apache.catalina.startup.HostConfig.deployDescriptor Deployment of deployment descriptor [/home/clwn1/Escritorio/tomcat/conf/Catalina/localhost/WebServer.xml] has finished in [38] ms
11-Sep-2020 21:24:23.598 INFORMACIÓN [http-nio-8080-exec-23] org.apache.catalina.util.LifecycleBase.start The start() method was called on component [StandardEngine[Catalina].StandardHost[localhost].StandardContext[/WebServer]] after start() had already been called. The second call will be ignored.
11-Sep-2020 21:25:50.691 ADVERTENCIA [http-nio-8080-exec-28] org.apache.catalina.startup.ContextConfig.validateSecurityRoles El nombre de papel de seguridad [admin] es usado en un <auth-constraint> sin haber sido definido en <security-role>
11-Sep-2020 21:25:51.097 ADVERTENCIA [http-nio-8080-exec-30] org.apache.catalina.startup.ContextConfig.validateSecurityRoles El nombre de papel de seguridad [admin] es usado en un <auth-constraint> sin haber sido definido en <security-role>
11-Sep-2020 21:26:00.244 ADVERTENCIA [http-nio-8080-exec-22] org.apache.catalina.startup.ContextConfig.validateSecurityRoles El nombre de papel de seguridad [user] es usado en un <auth-constraint> sin haber sido definido en <security-role>
11-Sep-2020 21:26:00.635 ADVERTENCIA [http-nio-8080-exec-26] org.apache.catalina.startup.ContextConfig.validateSecurityRoles El nombre de papel de seguridad [user] es usado en un <auth-constraint> sin haber sido definido en <security-role>
11-Sep-2020 21:26:08.551 INFORMACIÓN [http-nio-8080-exec-34] org.apache.catalina.startup.HostConfig.undeploy Repliegue (undeploy) de la aplicación web que tiene como trayectoria de contexto [/WebServer]
11-Sep-2020 21:27:12.320 INFORMACIÓN [http-nio-8080-exec-33] org.apache.catalina.startup.HostConfig.deployDescriptor Desplieque del descriptor de configuración [/home/clwn1/Escritorio/tomcat/conf/Catalina/localhost/WebServer.xml]
11-Sep-2020 21:27:12.321 ADVERTENCIA [http-nio-8080-exec-33] org.apache.catalina.startup.HostConfig.deployDescriptor The path attribute with value [/WebServer] in deployment descriptor [/home/clwn1/Escritorio/tomcat/conf/Catalina/localhost/WebServer.xml] has been ignored
11-Sep-2020 21:27:12.334 ADVERTENCIA [http-nio-8080-exec-33] org.apache.catalina.startup.ContextConfig.validateSecurityRoles El nombre de papel de seguridad [user] es usado en un <auth-constraint> sin haber sido definido en <security-role>
11-Sep-2020 21:27:12.338 INFORMACIÓN [http-nio-8080-exec-33] org.apache.catalina.startup.HostConfig.deployDescriptor Deployment of deployment descriptor [/home/clwn1/Escritorio/tomcat/conf/Catalina/localhost/WebServer.xml] has finished in [19] ms
11-Sep-2020 21:27:12.343 INFORMACIÓN [http-nio-8080-exec-34] org.apache.catalina.util.LifecycleBase.start The start() method was called on component [StandardEngine[Catalina].StandardHost[localhost].StandardContext[/WebServer]] after start() had already been called. The second call will be ignored.
11-Sep-2020 21:27:30.323 INFORMACIÓN [http-nio-8080-exec-31] org.apache.catalina.startup.HostConfig.undeploy Repliegue (undeploy) de la aplicación web que tiene como trayectoria de contexto [/WebServer]
11-Sep-2020 21:27:38.874 INFORMACIÓN [http-nio-8080-exec-32] org.apache.catalina.startup.HostConfig.deployDescriptor Desplieque del descriptor de configuración [/home/clwn1/Escritorio/tomcat/conf/Catalina/localhost/WebServer.xml]
11-Sep-2020 21:27:38.875 ADVERTENCIA [http-nio-8080-exec-32] org.apache.catalina.startup.HostConfig.deployDescriptor The path attribute with value [/WebServer] in deployment descriptor [/home/clwn1/Escritorio/tomcat/conf/Catalina/localhost/WebServer.xml] has been ignored
11-Sep-2020 21:27:38.897 ADVERTENCIA [http-nio-8080-exec-32] org.apache.catalina.startup.ContextConfig.validateSecurityRoles El nombre de papel de seguridad [user] es usado en un <auth-constraint> sin haber sido definido en <security-role>
11-Sep-2020 21:27:38.905 INFORMACIÓN [http-nio-8080-exec-32] org.apache.catalina.startup.HostConfig.deployDescriptor Deployment of deployment descriptor [/home/clwn1/Escritorio/tomcat/conf/Catalina/localhost/WebServer.xml] has finished in [30] ms
11-Sep-2020 21:27:38.911 INFORMACIÓN [http-nio-8080-exec-34] org.apache.catalina.util.LifecycleBase.start The start() method was called on component [StandardEngine[Catalina].StandardHost[localhost].StandardContext[/WebServer]] after start() had already been called. The second call will be ignored.
11-Sep-2020 21:27:54.648 GRAVE [http-nio-8080-exec-36] org.apache.catalina.realm.JAASRealm.authenticate Error inesperado
	javax.security.auth.login.LoginException: No se han configurado LoginModules para WebServer
		at java.base/javax.security.auth.login.LoginContext.init(LoginContext.java:261)
		at java.base/javax.security.auth.login.LoginContext.<init>(LoginContext.java:501)
		at org.apache.catalina.realm.JAASRealm.authenticate(JAASRealm.java:397)
		at org.apache.catalina.realm.JAASRealm.authenticate(JAASRealm.java:332)
		at org.apache.catalina.authenticator.FormAuthenticator.doAuthenticate(FormAuthenticator.java:243)
		at org.apache.catalina.authenticator.AuthenticatorBase.invoke(AuthenticatorBase.java:631)
		at org.apache.catalina.core.StandardHostValve.invoke(StandardHostValve.java:139)
		at org.apache.catalina.valves.ErrorReportValve.invoke(ErrorReportValve.java:92)
		at org.apache.catalina.valves.AbstractAccessLogValve.invoke(AbstractAccessLogValve.java:690)
		at org.apache.catalina.core.StandardEngineValve.invoke(StandardEngineValve.java:74)
		at org.apache.catalina.connector.CoyoteAdapter.service(CoyoteAdapter.java:343)
		at org.apache.coyote.http11.Http11Processor.service(Http11Processor.java:373)
		at org.apache.coyote.AbstractProcessorLight.process(AbstractProcessorLight.java:65)
		at org.apache.coyote.AbstractProtocol$ConnectionHandler.process(AbstractProtocol.java:868)
		at org.apache.tomcat.util.net.NioEndpoint$SocketProcessor.doRun(NioEndpoint.java:1589)
		at org.apache.tomcat.util.net.SocketProcessorBase.run(SocketProcessorBase.java:49)
		at java.base/java.util.concurrent.ThreadPoolExecutor.runWorker(ThreadPoolExecutor.java:1128)
		at java.base/java.util.concurrent.ThreadPoolExecutor$Worker.run(ThreadPoolExecutor.java:628)
		at org.apache.tomcat.util.threads.TaskThread$WrappingRunnable.run(TaskThread.java:61)
		at java.base/java.lang.Thread.run(Thread.java:834)
11-Sep-2020 21:28:01.361 GRAVE [http-nio-8080-exec-34] org.apache.catalina.realm.JAASRealm.authenticate Error inesperado
	javax.security.auth.login.LoginException: No se han configurado LoginModules para WebServer
		at java.base/javax.security.auth.login.LoginContext.init(LoginContext.java:261)
		at java.base/javax.security.auth.login.LoginContext.<init>(LoginContext.java:501)
		at org.apache.catalina.realm.JAASRealm.authenticate(JAASRealm.java:397)
		at org.apache.catalina.realm.JAASRealm.authenticate(JAASRealm.java:332)
		at org.apache.catalina.authenticator.FormAuthenticator.doAuthenticate(FormAuthenticator.java:243)
		at org.apache.catalina.authenticator.AuthenticatorBase.invoke(AuthenticatorBase.java:631)
		at org.apache.catalina.core.StandardHostValve.invoke(StandardHostValve.java:139)
		at org.apache.catalina.valves.ErrorReportValve.invoke(ErrorReportValve.java:92)
		at org.apache.catalina.valves.AbstractAccessLogValve.invoke(AbstractAccessLogValve.java:690)
		at org.apache.catalina.core.StandardEngineValve.invoke(StandardEngineValve.java:74)
		at org.apache.catalina.connector.CoyoteAdapter.service(CoyoteAdapter.java:343)
		at org.apache.coyote.http11.Http11Processor.service(Http11Processor.java:373)
		at org.apache.coyote.AbstractProcessorLight.process(AbstractProcessorLight.java:65)
		at org.apache.coyote.AbstractProtocol$ConnectionHandler.process(AbstractProtocol.java:868)
		at org.apache.tomcat.util.net.NioEndpoint$SocketProcessor.doRun(NioEndpoint.java:1589)
		at org.apache.tomcat.util.net.SocketProcessorBase.run(SocketProcessorBase.java:49)
		at java.base/java.util.concurrent.ThreadPoolExecutor.runWorker(ThreadPoolExecutor.java:1128)
		at java.base/java.util.concurrent.ThreadPoolExecutor$Worker.run(ThreadPoolExecutor.java:628)
		at org.apache.tomcat.util.threads.TaskThread$WrappingRunnable.run(TaskThread.java:61)
		at java.base/java.lang.Thread.run(Thread.java:834)
11-Sep-2020 21:28:46.289 INFORMACIÓN [main] org.apache.catalina.core.StandardServer.await Se ha recibido un comando de apagado a través del puerto de apagado. Parando la instancia del Servidor.
11-Sep-2020 21:28:46.290 INFORMACIÓN [main] org.apache.coyote.AbstractProtocol.pause Pausing ProtocolHandler ["http-nio-8080"]
11-Sep-2020 21:28:46.298 INFORMACIÓN [main] org.apache.catalina.core.StandardService.stopInternal Parando servicio [Catalina]
11-Sep-2020 21:28:46.323 INFORMACIÓN [main] org.apache.coyote.AbstractProtocol.stop Stopping ProtocolHandler ["http-nio-8080"]
11-Sep-2020 21:28:46.324 INFORMACIÓN [main] org.apache.coyote.AbstractProtocol.destroy Destroying ProtocolHandler ["http-nio-8080"]
