13-Apr-2021 16:29:27.612 INFORMACIÓN [main] org.apache.catalina.startup.VersionLoggerListener.log Nombre de la versión del servidor:   Apache Tomcat/9.0.37

13-Apr-2021 16:29:27.613 INFORMACIÓN [main] org.apache.catalina.startup.VersionLoggerListener.log Server built:          Jun 30 2020 20:09:49 UTC
13-Apr-2021 16:29:27.615 INFORMACIÓN [main] org.apache.catalina.startup.VersionLoggerListener.log Número de versión de servidor:         9.0.37.0
13-Apr-2021 16:29:27.615 INFORMACIÓN [main] org.apache.catalina.startup.VersionLoggerListener.log OS Name:               Windows 10
13-Apr-2021 16:29:27.615 INFORMACIÓN [main] org.apache.catalina.startup.VersionLoggerListener.log Versión de Systema Operativo:      10.0

13-Apr-2021 16:29:27.615 INFORMACIÓN [main] org.apache.catalina.startup.VersionLoggerListener.log Arquitectura:          amd64

13-Apr-2021 16:29:27.615 INFORMACIÓN [main] org.apache.catalina.startup.VersionLoggerListener.log Java Home:             C:\Program Files\Java\jdk1.8.0_281\jre
13-Apr-2021 16:29:27.615 INFORMACIÓN [main] org.apache.catalina.startup.VersionLoggerListener.log JVM Version:           1.8.0_281-b09
13-Apr-2021 16:29:27.615 INFORMACIÓN [main] org.apache.catalina.startup.VersionLoggerListener.log Vededor JVM:     Oracle Corporation
13-Apr-2021 16:29:27.615 INFORMACIÓN [main] org.apache.catalina.startup.VersionLoggerListener.log CATALINA_BASE:         C:\TFG\tomcat
13-Apr-2021 16:29:27.615 INFORMACIÓN [main] org.apache.catalina.startup.VersionLoggerListener.log CATALINA_HOME:         C:\TFG\tomcat
13-Apr-2021 16:29:27.616 INFORMACIÓN [main] org.apache.catalina.startup.VersionLoggerListener.log Command line argument: -Djava.util.logging.config.file=C:\TFG\tomcat\conf\logging.properties
13-Apr-2021 16:29:27.616 INFORMACIÓN [main] org.apache.catalina.startup.VersionLoggerListener.log Command line argument: -Djava.util.logging.manager=org.apache.juli.ClassLoaderLogManager
13-Apr-2021 16:29:27.616 INFORMACIÓN [main] org.apache.catalina.startup.VersionLoggerListener.log Command line argument: -Djava.security.auth.login.config=C:\TFG\tomcat/conf/jaas.config
13-Apr-2021 16:29:27.616 INFORMACIÓN [main] org.apache.catalina.startup.VersionLoggerListener.log Command line argument: -Djdk.tls.ephemeralDHKeySize=2048
13-Apr-2021 16:29:27.616 INFORMACIÓN [main] org.apache.catalina.startup.VersionLoggerListener.log Command line argument: -Djava.protocol.handler.pkgs=org.apache.catalina.webresources
13-Apr-2021 16:29:27.617 INFORMACIÓN [main] org.apache.catalina.startup.VersionLoggerListener.log Command line argument: -Dignore.endorsed.dirs=
13-Apr-2021 16:29:27.617 INFORMACIÓN [main] org.apache.catalina.startup.VersionLoggerListener.log Command line argument: -Dcatalina.base=C:\TFG\tomcat
13-Apr-2021 16:29:27.617 INFORMACIÓN [main] org.apache.catalina.startup.VersionLoggerListener.log Command line argument: -Dcatalina.home=C:\TFG\tomcat
13-Apr-2021 16:29:27.617 INFORMACIÓN [main] org.apache.catalina.startup.VersionLoggerListener.log Command line argument: -Djava.io.tmpdir=C:\TFG\tomcat\temp
13-Apr-2021 16:29:27.618 INFORMACIÓN [main] org.apache.catalina.core.AprLifecycleListener.lifecycleEvent Cargada la biblioteca nativa APR de Apache Tomcat [1.2.26] con la versión APR [1.7.0].
13-Apr-2021 16:29:27.618 INFORMACIÓN [main] org.apache.catalina.core.AprLifecycleListener.lifecycleEvent Capacidades APR: IPv6 [true], enviar fichero [true], aceptar filtros [false], aleatorio [true].
13-Apr-2021 16:29:27.618 INFORMACIÓN [main] org.apache.catalina.core.AprLifecycleListener.lifecycleEvent APR/OpenSSL configuration: useAprConnector [false], useOpenSSL [true]
13-Apr-2021 16:29:27.623 INFORMACIÓN [main] org.apache.catalina.core.AprLifecycleListener.initializeSSL OpenSSL inicializado correctamente [OpenSSL 1.1.1i  8 Dec 2020]
13-Apr-2021 16:29:27.826 INFORMACIÓN [main] org.apache.coyote.AbstractProtocol.init Inicializando el manejador de protocolo ["http-nio-8080"]

13-Apr-2021 16:29:27.963 INFORMACIÓN [main] org.apache.coyote.AbstractProtocol.init Inicializando el manejador de protocolo ["http-nio-100"]

13-Apr-2021 16:29:27.964 INFORMACIÓN [main] org.apache.catalina.startup.Catalina.load Server initialization in [488] milliseconds
13-Apr-2021 16:29:27.982 INFORMACIÓN [main] org.apache.catalina.core.StandardService.startInternal Arrancando servicio [Catalina]
13-Apr-2021 16:29:27.983 INFORMACIÓN [main] org.apache.catalina.core.StandardEngine.startInternal Starting Servlet engine: [Apache Tomcat/9.0.37]
13-Apr-2021 16:29:27.988 INFORMACIÓN [main] org.apache.catalina.startup.HostConfig.deployDescriptor Desplieque del descriptor de configuración [C:\TFG\tomcat\conf\Catalina\localhost\Api.xml]
13-Apr-2021 16:29:27.999 ADVERTENCIA [main] org.apache.catalina.startup.HostConfig.deployDescriptor The path attribute with value [/Api] in deployment descriptor [C:\TFG\tomcat\conf\Catalina\localhost\Api.xml] has been ignored
13-Apr-2021 16:29:28.017 GRAVE [main] org.apache.catalina.startup.HostConfig.deployDescriptor Error durante el despliegue del descriptor de configuración [C:\TFG\tomcat\conf\Catalina\localhost\Api.xml]
	java.lang.IllegalStateException: Error starting child
		at org.apache.catalina.core.ContainerBase.addChildInternal(ContainerBase.java:720)
		at org.apache.catalina.core.ContainerBase.addChild(ContainerBase.java:690)
		at org.apache.catalina.core.StandardHost.addChild(StandardHost.java:705)
		at org.apache.catalina.startup.HostConfig.deployDescriptor(HostConfig.java:631)
		at org.apache.catalina.startup.HostConfig$DeployDescriptor.run(HostConfig.java:1830)
		at java.util.concurrent.Executors$RunnableAdapter.call(Executors.java:511)
		at java.util.concurrent.FutureTask.run(FutureTask.java:266)
		at org.apache.tomcat.util.threads.InlineExecutorService.execute(InlineExecutorService.java:75)
		at java.util.concurrent.AbstractExecutorService.submit(AbstractExecutorService.java:112)
		at org.apache.catalina.startup.HostConfig.deployDescriptors(HostConfig.java:526)
		at org.apache.catalina.startup.HostConfig.deployApps(HostConfig.java:425)
		at org.apache.catalina.startup.HostConfig.start(HostConfig.java:1576)
		at org.apache.catalina.startup.HostConfig.lifecycleEvent(HostConfig.java:309)
		at org.apache.catalina.util.LifecycleBase.fireLifecycleEvent(LifecycleBase.java:123)
		at org.apache.catalina.util.LifecycleBase.setStateInternal(LifecycleBase.java:423)
		at org.apache.catalina.util.LifecycleBase.setState(LifecycleBase.java:366)
		at org.apache.catalina.core.ContainerBase.startInternal(ContainerBase.java:936)
		at org.apache.catalina.core.StandardHost.startInternal(StandardHost.java:841)
		at org.apache.catalina.util.LifecycleBase.start(LifecycleBase.java:183)
		at org.apache.catalina.core.ContainerBase$StartChild.call(ContainerBase.java:1384)
		at org.apache.catalina.core.ContainerBase$StartChild.call(ContainerBase.java:1374)
		at java.util.concurrent.FutureTask.run(FutureTask.java:266)
		at org.apache.tomcat.util.threads.InlineExecutorService.execute(InlineExecutorService.java:75)
		at java.util.concurrent.AbstractExecutorService.submit(AbstractExecutorService.java:134)
		at org.apache.catalina.core.ContainerBase.startInternal(ContainerBase.java:909)
		at org.apache.catalina.core.StandardEngine.startInternal(StandardEngine.java:262)
		at org.apache.catalina.util.LifecycleBase.start(LifecycleBase.java:183)
		at org.apache.catalina.core.StandardService.startInternal(StandardService.java:421)
		at org.apache.catalina.util.LifecycleBase.start(LifecycleBase.java:183)
		at org.apache.catalina.core.StandardServer.startInternal(StandardServer.java:930)
		at org.apache.catalina.util.LifecycleBase.start(LifecycleBase.java:183)
		at org.apache.catalina.startup.Catalina.start(Catalina.java:738)
		at sun.reflect.NativeMethodAccessorImpl.invoke0(Native Method)
		at sun.reflect.NativeMethodAccessorImpl.invoke(NativeMethodAccessorImpl.java:62)
		at sun.reflect.DelegatingMethodAccessorImpl.invoke(DelegatingMethodAccessorImpl.java:43)
		at java.lang.reflect.Method.invoke(Method.java:498)
		at org.apache.catalina.startup.Bootstrap.start(Bootstrap.java:342)
		at org.apache.catalina.startup.Bootstrap.main(Bootstrap.java:473)
	Caused by: org.apache.catalina.LifecycleException: Failed to start component [org.apache.catalina.webresources.StandardRoot@8b87145]
		at org.apache.catalina.util.LifecycleBase.handleSubClassException(LifecycleBase.java:440)
		at org.apache.catalina.util.LifecycleBase.start(LifecycleBase.java:198)
		at org.apache.catalina.core.StandardContext.resourcesStart(StandardContext.java:4792)
		at org.apache.catalina.core.StandardContext.startInternal(StandardContext.java:4928)
		at org.apache.catalina.util.LifecycleBase.start(LifecycleBase.java:183)
		at org.apache.catalina.core.ContainerBase.addChildInternal(ContainerBase.java:717)
		... 37 more
	Caused by: java.lang.IllegalArgumentException: The main resource set specified [C:\Users\CLwn1\Documents\NetBeansProjects\Api\target\Api-1.0-SNAPSHOT] is not valid
		at org.apache.catalina.webresources.StandardRoot.createMainResourceSet(StandardRoot.java:751)
		at org.apache.catalina.webresources.StandardRoot.startInternal(StandardRoot.java:708)
		at org.apache.catalina.util.LifecycleBase.start(LifecycleBase.java:183)
		... 41 more
13-Apr-2021 16:29:28.019 INFORMACIÓN [main] org.apache.catalina.startup.HostConfig.deployDescriptor Deployment of deployment descriptor [C:\TFG\tomcat\conf\Catalina\localhost\Api.xml] has finished in [31] ms
13-Apr-2021 16:29:28.020 INFORMACIÓN [main] org.apache.catalina.startup.HostConfig.deployDescriptor Desplieque del descriptor de configuración [C:\TFG\tomcat\conf\Catalina\localhost\bytes.xml]
13-Apr-2021 16:29:28.021 ADVERTENCIA [main] org.apache.catalina.startup.HostConfig.deployDescriptor The path attribute with value [/bytes] in deployment descriptor [C:\TFG\tomcat\conf\Catalina\localhost\bytes.xml] has been ignored
13-Apr-2021 16:29:28.022 ADVERTENCIA [main] org.apache.catalina.startup.HostConfig.deployDescriptor Se ha especificado un docBase [C:\TFG\tomcat\webapps\home\clwn1\Escritorio\urv\jaas-authentication-in-tomcat-example\com-byteslounge-jaas\target\com-byteslounge-jaas-1.0-SNAPSHOT] dentro del appBase de la máquina y será ignorado
13-Apr-2021 16:29:28.026 GRAVE [main] org.apache.catalina.startup.HostConfig.deployDescriptor Error durante el despliegue del descriptor de configuración [C:\TFG\tomcat\conf\Catalina\localhost\bytes.xml]
	java.lang.IllegalStateException: Error starting child
		at org.apache.catalina.core.ContainerBase.addChildInternal(ContainerBase.java:720)
		at org.apache.catalina.core.ContainerBase.addChild(ContainerBase.java:690)
		at org.apache.catalina.core.StandardHost.addChild(StandardHost.java:705)
		at org.apache.catalina.startup.HostConfig.deployDescriptor(HostConfig.java:631)
		at org.apache.catalina.startup.HostConfig$DeployDescriptor.run(HostConfig.java:1830)
		at java.util.concurrent.Executors$RunnableAdapter.call(Executors.java:511)
		at java.util.concurrent.FutureTask.run(FutureTask.java:266)
		at org.apache.tomcat.util.threads.InlineExecutorService.execute(InlineExecutorService.java:75)
		at java.util.concurrent.AbstractExecutorService.submit(AbstractExecutorService.java:112)
		at org.apache.catalina.startup.HostConfig.deployDescriptors(HostConfig.java:526)
		at org.apache.catalina.startup.HostConfig.deployApps(HostConfig.java:425)
		at org.apache.catalina.startup.HostConfig.start(HostConfig.java:1576)
		at org.apache.catalina.startup.HostConfig.lifecycleEvent(HostConfig.java:309)
		at org.apache.catalina.util.LifecycleBase.fireLifecycleEvent(LifecycleBase.java:123)
		at org.apache.catalina.util.LifecycleBase.setStateInternal(LifecycleBase.java:423)
		at org.apache.catalina.util.LifecycleBase.setState(LifecycleBase.java:366)
		at org.apache.catalina.core.ContainerBase.startInternal(ContainerBase.java:936)
		at org.apache.catalina.core.StandardHost.startInternal(StandardHost.java:841)
		at org.apache.catalina.util.LifecycleBase.start(LifecycleBase.java:183)
		at org.apache.catalina.core.ContainerBase$StartChild.call(ContainerBase.java:1384)
		at org.apache.catalina.core.ContainerBase$StartChild.call(ContainerBase.java:1374)
		at java.util.concurrent.FutureTask.run(FutureTask.java:266)
		at org.apache.tomcat.util.threads.InlineExecutorService.execute(InlineExecutorService.java:75)
		at java.util.concurrent.AbstractExecutorService.submit(AbstractExecutorService.java:134)
		at org.apache.catalina.core.ContainerBase.startInternal(ContainerBase.java:909)
		at org.apache.catalina.core.StandardEngine.startInternal(StandardEngine.java:262)
		at org.apache.catalina.util.LifecycleBase.start(LifecycleBase.java:183)
		at org.apache.catalina.core.StandardService.startInternal(StandardService.java:421)
		at org.apache.catalina.util.LifecycleBase.start(LifecycleBase.java:183)
		at org.apache.catalina.core.StandardServer.startInternal(StandardServer.java:930)
		at org.apache.catalina.util.LifecycleBase.start(LifecycleBase.java:183)
		at org.apache.catalina.startup.Catalina.start(Catalina.java:738)
		at sun.reflect.NativeMethodAccessorImpl.invoke0(Native Method)
		at sun.reflect.NativeMethodAccessorImpl.invoke(NativeMethodAccessorImpl.java:62)
		at sun.reflect.DelegatingMethodAccessorImpl.invoke(DelegatingMethodAccessorImpl.java:43)
		at java.lang.reflect.Method.invoke(Method.java:498)
		at org.apache.catalina.startup.Bootstrap.start(Bootstrap.java:342)
		at org.apache.catalina.startup.Bootstrap.main(Bootstrap.java:473)
	Caused by: org.apache.catalina.LifecycleException: Failed to start component [org.apache.catalina.webresources.StandardRoot@6366ebe0]
		at org.apache.catalina.util.LifecycleBase.handleSubClassException(LifecycleBase.java:440)
		at org.apache.catalina.util.LifecycleBase.start(LifecycleBase.java:198)
		at org.apache.catalina.core.StandardContext.resourcesStart(StandardContext.java:4792)
		at org.apache.catalina.core.StandardContext.startInternal(StandardContext.java:4928)
		at org.apache.catalina.util.LifecycleBase.start(LifecycleBase.java:183)
		at org.apache.catalina.core.ContainerBase.addChildInternal(ContainerBase.java:717)
		... 37 more
	Caused by: java.lang.IllegalArgumentException: The main resource set specified [C:\TFG\tomcat\webapps\bytes] is not valid
		at org.apache.catalina.webresources.StandardRoot.createMainResourceSet(StandardRoot.java:751)
		at org.apache.catalina.webresources.StandardRoot.startInternal(StandardRoot.java:708)
		at org.apache.catalina.util.LifecycleBase.start(LifecycleBase.java:183)
		... 41 more
13-Apr-2021 16:29:28.027 INFORMACIÓN [main] org.apache.catalina.startup.HostConfig.deployDescriptor Deployment of deployment descriptor [C:\TFG\tomcat\conf\Catalina\localhost\bytes.xml] has finished in [7] ms
13-Apr-2021 16:29:28.027 INFORMACIÓN [main] org.apache.catalina.startup.HostConfig.deployDescriptor Desplieque del descriptor de configuración [C:\TFG\tomcat\conf\Catalina\localhost\hola.xml]
13-Apr-2021 16:29:28.028 ADVERTENCIA [main] org.apache.catalina.startup.HostConfig.deployDescriptor The path attribute with value [/hola] in deployment descriptor [C:\TFG\tomcat\conf\Catalina\localhost\hola.xml] has been ignored
13-Apr-2021 16:29:28.030 GRAVE [main] org.apache.catalina.startup.HostConfig.deployDescriptor Error durante el despliegue del descriptor de configuración [C:\TFG\tomcat\conf\Catalina\localhost\hola.xml]
	java.lang.IllegalStateException: Error starting child
		at org.apache.catalina.core.ContainerBase.addChildInternal(ContainerBase.java:720)
		at org.apache.catalina.core.ContainerBase.addChild(ContainerBase.java:690)
		at org.apache.catalina.core.StandardHost.addChild(StandardHost.java:705)
		at org.apache.catalina.startup.HostConfig.deployDescriptor(HostConfig.java:631)
		at org.apache.catalina.startup.HostConfig$DeployDescriptor.run(HostConfig.java:1830)
		at java.util.concurrent.Executors$RunnableAdapter.call(Executors.java:511)
		at java.util.concurrent.FutureTask.run(FutureTask.java:266)
		at org.apache.tomcat.util.threads.InlineExecutorService.execute(InlineExecutorService.java:75)
		at java.util.concurrent.AbstractExecutorService.submit(AbstractExecutorService.java:112)
		at org.apache.catalina.startup.HostConfig.deployDescriptors(HostConfig.java:526)
		at org.apache.catalina.startup.HostConfig.deployApps(HostConfig.java:425)
		at org.apache.catalina.startup.HostConfig.start(HostConfig.java:1576)
		at org.apache.catalina.startup.HostConfig.lifecycleEvent(HostConfig.java:309)
		at org.apache.catalina.util.LifecycleBase.fireLifecycleEvent(LifecycleBase.java:123)
		at org.apache.catalina.util.LifecycleBase.setStateInternal(LifecycleBase.java:423)
		at org.apache.catalina.util.LifecycleBase.setState(LifecycleBase.java:366)
		at org.apache.catalina.core.ContainerBase.startInternal(ContainerBase.java:936)
		at org.apache.catalina.core.StandardHost.startInternal(StandardHost.java:841)
		at org.apache.catalina.util.LifecycleBase.start(LifecycleBase.java:183)
		at org.apache.catalina.core.ContainerBase$StartChild.call(ContainerBase.java:1384)
		at org.apache.catalina.core.ContainerBase$StartChild.call(ContainerBase.java:1374)
		at java.util.concurrent.FutureTask.run(FutureTask.java:266)
		at org.apache.tomcat.util.threads.InlineExecutorService.execute(InlineExecutorService.java:75)
		at java.util.concurrent.AbstractExecutorService.submit(AbstractExecutorService.java:134)
		at org.apache.catalina.core.ContainerBase.startInternal(ContainerBase.java:909)
		at org.apache.catalina.core.StandardEngine.startInternal(StandardEngine.java:262)
		at org.apache.catalina.util.LifecycleBase.start(LifecycleBase.java:183)
		at org.apache.catalina.core.StandardService.startInternal(StandardService.java:421)
		at org.apache.catalina.util.LifecycleBase.start(LifecycleBase.java:183)
		at org.apache.catalina.core.StandardServer.startInternal(StandardServer.java:930)
		at org.apache.catalina.util.LifecycleBase.start(LifecycleBase.java:183)
		at org.apache.catalina.startup.Catalina.start(Catalina.java:738)
		at sun.reflect.NativeMethodAccessorImpl.invoke0(Native Method)
		at sun.reflect.NativeMethodAccessorImpl.invoke(NativeMethodAccessorImpl.java:62)
		at sun.reflect.DelegatingMethodAccessorImpl.invoke(DelegatingMethodAccessorImpl.java:43)
		at java.lang.reflect.Method.invoke(Method.java:498)
		at org.apache.catalina.startup.Bootstrap.start(Bootstrap.java:342)
		at org.apache.catalina.startup.Bootstrap.main(Bootstrap.java:473)
	Caused by: org.apache.catalina.LifecycleException: Failed to start component [org.apache.catalina.webresources.StandardRoot@17baae6e]
		at org.apache.catalina.util.LifecycleBase.handleSubClassException(LifecycleBase.java:440)
		at org.apache.catalina.util.LifecycleBase.start(LifecycleBase.java:198)
		at org.apache.catalina.core.StandardContext.resourcesStart(StandardContext.java:4792)
		at org.apache.catalina.core.StandardContext.startInternal(StandardContext.java:4928)
		at org.apache.catalina.util.LifecycleBase.start(LifecycleBase.java:183)
		at org.apache.catalina.core.ContainerBase.addChildInternal(ContainerBase.java:717)
		... 37 more
	Caused by: java.lang.IllegalArgumentException: The main resource set specified [C:\Users\CLwn1\Documents\NetBeansProjects\hola\target\hola-1.0-SNAPSHOT] is not valid
		at org.apache.catalina.webresources.StandardRoot.createMainResourceSet(StandardRoot.java:751)
		at org.apache.catalina.webresources.StandardRoot.startInternal(StandardRoot.java:708)
		at org.apache.catalina.util.LifecycleBase.start(LifecycleBase.java:183)
		... 41 more
13-Apr-2021 16:29:28.031 INFORMACIÓN [main] org.apache.catalina.startup.HostConfig.deployDescriptor Deployment of deployment descriptor [C:\TFG\tomcat\conf\Catalina\localhost\hola.xml] has finished in [4] ms
13-Apr-2021 16:29:28.031 INFORMACIÓN [main] org.apache.catalina.startup.HostConfig.deployDescriptor Desplieque del descriptor de configuración [C:\TFG\tomcat\conf\Catalina\localhost\imageinservlet.xml]
13-Apr-2021 16:29:28.032 ADVERTENCIA [main] org.apache.catalina.startup.HostConfig.deployDescriptor The path attribute with value [/imageinservlet] in deployment descriptor [C:\TFG\tomcat\conf\Catalina\localhost\imageinservlet.xml] has been ignored
13-Apr-2021 16:29:28.292 INFORMACIÓN [main] org.apache.jasper.servlet.TldScanner.scanJars Al menos un JAR, que se ha explorado buscando TLDs, aún no contenía TLDs. Activar historial de depuración para este historiador para una completa lista de los JARs que fueron explorados y de los que nos se halló TLDs. Saltarse JARs no necesarios durante la exploración puede dar lugar a una mejora de tiempo significativa en el arranque y compilación de JSP .
13-Apr-2021 16:29:28.318 INFORMACIÓN [main] org.apache.catalina.startup.HostConfig.deployDescriptor Deployment of deployment descriptor [C:\TFG\tomcat\conf\Catalina\localhost\imageinservlet.xml] has finished in [287] ms
13-Apr-2021 16:29:28.318 INFORMACIÓN [main] org.apache.catalina.startup.HostConfig.deployDescriptor Desplieque del descriptor de configuración [C:\TFG\tomcat\conf\Catalina\localhost\Rest-service.xml]
13-Apr-2021 16:29:28.319 ADVERTENCIA [main] org.apache.catalina.startup.HostConfig.deployDescriptor The path attribute with value [/Rest-service] in deployment descriptor [C:\TFG\tomcat\conf\Catalina\localhost\Rest-service.xml] has been ignored
13-Apr-2021 16:29:29.607 INFORMACIÓN [main] org.apache.jasper.servlet.TldScanner.scanJars Al menos un JAR, que se ha explorado buscando TLDs, aún no contenía TLDs. Activar historial de depuración para este historiador para una completa lista de los JARs que fueron explorados y de los que nos se halló TLDs. Saltarse JARs no necesarios durante la exploración puede dar lugar a una mejora de tiempo significativa en el arranque y compilación de JSP .
13-Apr-2021 16:29:30.256 INFORMACIÓN [main] org.apache.catalina.startup.HostConfig.deployDescriptor Deployment of deployment descriptor [C:\TFG\tomcat\conf\Catalina\localhost\Rest-service.xml] has finished in [1.938] ms
13-Apr-2021 16:29:30.256 INFORMACIÓN [main] org.apache.catalina.startup.HostConfig.deployDescriptor Desplieque del descriptor de configuración [C:\TFG\tomcat\conf\Catalina\localhost\Rest-Try2.xml]
13-Apr-2021 16:29:30.258 ADVERTENCIA [main] org.apache.catalina.startup.HostConfig.deployDescriptor The path attribute with value [/Rest-Try2] in deployment descriptor [C:\TFG\tomcat\conf\Catalina\localhost\Rest-Try2.xml] has been ignored
13-Apr-2021 16:29:30.728 INFORMACIÓN [main] org.apache.jasper.servlet.TldScanner.scanJars Al menos un JAR, que se ha explorado buscando TLDs, aún no contenía TLDs. Activar historial de depuración para este historiador para una completa lista de los JARs que fueron explorados y de los que nos se halló TLDs. Saltarse JARs no necesarios durante la exploración puede dar lugar a una mejora de tiempo significativa en el arranque y compilación de JSP .
13-Apr-2021 16:29:31.319 INFORMACIÓN [main] org.apache.catalina.startup.HostConfig.deployDescriptor Deployment of deployment descriptor [C:\TFG\tomcat\conf\Catalina\localhost\Rest-Try2.xml] has finished in [1.063] ms
13-Apr-2021 16:29:31.319 INFORMACIÓN [main] org.apache.catalina.startup.HostConfig.deployDescriptor Desplieque del descriptor de configuración [C:\TFG\tomcat\conf\Catalina\localhost\web.xml]
13-Apr-2021 16:29:31.321 ADVERTENCIA [main] org.apache.catalina.startup.HostConfig.deployDescriptor The path attribute with value [/web] in deployment descriptor [C:\TFG\tomcat\conf\Catalina\localhost\web.xml] has been ignored
13-Apr-2021 16:29:31.321 ADVERTENCIA [main] org.apache.catalina.startup.HostConfig.deployDescriptor Se ha especificado un docBase [C:\TFG\tomcat\webapps\home\clwn1\Escritorio\TFG\web\target\web-1.0-SNAPSHOT] dentro del appBase de la máquina y será ignorado
13-Apr-2021 16:29:31.325 ADVERTENCIA [main] org.apache.tomcat.util.digester.SetPropertiesRule.begin Match [Context/Realm/CredentialHandler] failed to set property [keyLength] to [256]
13-Apr-2021 16:29:31.326 GRAVE [main] org.apache.catalina.startup.HostConfig.deployDescriptor Error durante el despliegue del descriptor de configuración [C:\TFG\tomcat\conf\Catalina\localhost\web.xml]
	java.lang.IllegalStateException: Error starting child
		at org.apache.catalina.core.ContainerBase.addChildInternal(ContainerBase.java:720)
		at org.apache.catalina.core.ContainerBase.addChild(ContainerBase.java:690)
		at org.apache.catalina.core.StandardHost.addChild(StandardHost.java:705)
		at org.apache.catalina.startup.HostConfig.deployDescriptor(HostConfig.java:631)
		at org.apache.catalina.startup.HostConfig$DeployDescriptor.run(HostConfig.java:1830)
		at java.util.concurrent.Executors$RunnableAdapter.call(Executors.java:511)
		at java.util.concurrent.FutureTask.run(FutureTask.java:266)
		at org.apache.tomcat.util.threads.InlineExecutorService.execute(InlineExecutorService.java:75)
		at java.util.concurrent.AbstractExecutorService.submit(AbstractExecutorService.java:112)
		at org.apache.catalina.startup.HostConfig.deployDescriptors(HostConfig.java:526)
		at org.apache.catalina.startup.HostConfig.deployApps(HostConfig.java:425)
		at org.apache.catalina.startup.HostConfig.start(HostConfig.java:1576)
		at org.apache.catalina.startup.HostConfig.lifecycleEvent(HostConfig.java:309)
		at org.apache.catalina.util.LifecycleBase.fireLifecycleEvent(LifecycleBase.java:123)
		at org.apache.catalina.util.LifecycleBase.setStateInternal(LifecycleBase.java:423)
		at org.apache.catalina.util.LifecycleBase.setState(LifecycleBase.java:366)
		at org.apache.catalina.core.ContainerBase.startInternal(ContainerBase.java:936)
		at org.apache.catalina.core.StandardHost.startInternal(StandardHost.java:841)
		at org.apache.catalina.util.LifecycleBase.start(LifecycleBase.java:183)
		at org.apache.catalina.core.ContainerBase$StartChild.call(ContainerBase.java:1384)
		at org.apache.catalina.core.ContainerBase$StartChild.call(ContainerBase.java:1374)
		at java.util.concurrent.FutureTask.run(FutureTask.java:266)
		at org.apache.tomcat.util.threads.InlineExecutorService.execute(InlineExecutorService.java:75)
		at java.util.concurrent.AbstractExecutorService.submit(AbstractExecutorService.java:134)
		at org.apache.catalina.core.ContainerBase.startInternal(ContainerBase.java:909)
		at org.apache.catalina.core.StandardEngine.startInternal(StandardEngine.java:262)
		at org.apache.catalina.util.LifecycleBase.start(LifecycleBase.java:183)
		at org.apache.catalina.core.StandardService.startInternal(StandardService.java:421)
		at org.apache.catalina.util.LifecycleBase.start(LifecycleBase.java:183)
		at org.apache.catalina.core.StandardServer.startInternal(StandardServer.java:930)
		at org.apache.catalina.util.LifecycleBase.start(LifecycleBase.java:183)
		at org.apache.catalina.startup.Catalina.start(Catalina.java:738)
		at sun.reflect.NativeMethodAccessorImpl.invoke0(Native Method)
		at sun.reflect.NativeMethodAccessorImpl.invoke(NativeMethodAccessorImpl.java:62)
		at sun.reflect.DelegatingMethodAccessorImpl.invoke(DelegatingMethodAccessorImpl.java:43)
		at java.lang.reflect.Method.invoke(Method.java:498)
		at org.apache.catalina.startup.Bootstrap.start(Bootstrap.java:342)
		at org.apache.catalina.startup.Bootstrap.main(Bootstrap.java:473)
	Caused by: org.apache.catalina.LifecycleException: Failed to start component [org.apache.catalina.webresources.StandardRoot@f1b0658]
		at org.apache.catalina.util.LifecycleBase.handleSubClassException(LifecycleBase.java:440)
		at org.apache.catalina.util.LifecycleBase.start(LifecycleBase.java:198)
		at org.apache.catalina.core.StandardContext.resourcesStart(StandardContext.java:4792)
		at org.apache.catalina.core.StandardContext.startInternal(StandardContext.java:4928)
		at org.apache.catalina.util.LifecycleBase.start(LifecycleBase.java:183)
		at org.apache.catalina.core.ContainerBase.addChildInternal(ContainerBase.java:717)
		... 37 more
	Caused by: java.lang.IllegalArgumentException: The main resource set specified [C:\TFG\tomcat\webapps\web] is not valid
		at org.apache.catalina.webresources.StandardRoot.createMainResourceSet(StandardRoot.java:751)
		at org.apache.catalina.webresources.StandardRoot.startInternal(StandardRoot.java:708)
		at org.apache.catalina.util.LifecycleBase.start(LifecycleBase.java:183)
		... 41 more
13-Apr-2021 16:29:31.327 INFORMACIÓN [main] org.apache.catalina.startup.HostConfig.deployDescriptor Deployment of deployment descriptor [C:\TFG\tomcat\conf\Catalina\localhost\web.xml] has finished in [8] ms
13-Apr-2021 16:29:31.327 INFORMACIÓN [main] org.apache.catalina.startup.HostConfig.deployDescriptor Desplieque del descriptor de configuración [C:\TFG\tomcat\conf\Catalina\localhost\WebServer.xml]
13-Apr-2021 16:29:31.328 ADVERTENCIA [main] org.apache.catalina.startup.HostConfig.deployDescriptor The path attribute with value [/WebServer] in deployment descriptor [C:\TFG\tomcat\conf\Catalina\localhost\WebServer.xml] has been ignored
13-Apr-2021 16:29:32.650 INFORMACIÓN [main] org.apache.jasper.servlet.TldScanner.scanJars Al menos un JAR, que se ha explorado buscando TLDs, aún no contenía TLDs. Activar historial de depuración para este historiador para una completa lista de los JARs que fueron explorados y de los que nos se halló TLDs. Saltarse JARs no necesarios durante la exploración puede dar lugar a una mejora de tiempo significativa en el arranque y compilación de JSP .
13-Apr-2021 16:29:33.155 INFORMACIÓN [main] org.apache.catalina.startup.HostConfig.deployDescriptor Deployment of deployment descriptor [C:\TFG\tomcat\conf\Catalina\localhost\WebServer.xml] has finished in [1.828] ms
13-Apr-2021 16:29:33.198 INFORMACIÓN [main] org.apache.catalina.startup.HostConfig.deployWAR Despliegue del archivo [C:\TFG\tomcat\webapps\WebServer-1.0-SNAPSHOT.war] de la aplicación web
13-Apr-2021 16:29:33.308 INFORMACIÓN [main] org.apache.jasper.servlet.TldScanner.scanJars Al menos un JAR, que se ha explorado buscando TLDs, aún no contenía TLDs. Activar historial de depuración para este historiador para una completa lista de los JARs que fueron explorados y de los que nos se halló TLDs. Saltarse JARs no necesarios durante la exploración puede dar lugar a una mejora de tiempo significativa en el arranque y compilación de JSP .
13-Apr-2021 16:29:33.309 INFORMACIÓN [main] org.apache.catalina.startup.HostConfig.deployWAR Deployment of web application archive [C:\TFG\tomcat\webapps\WebServer-1.0-SNAPSHOT.war] has finished in [111] ms
13-Apr-2021 16:29:33.310 INFORMACIÓN [main] org.apache.catalina.startup.HostConfig.deployDirectory Desplegando el directorio [C:\TFG\tomcat\webapps\docs] de la aplicación web
13-Apr-2021 16:29:33.403 INFORMACIÓN [main] org.apache.jasper.servlet.TldScanner.scanJars Al menos un JAR, que se ha explorado buscando TLDs, aún no contenía TLDs. Activar historial de depuración para este historiador para una completa lista de los JARs que fueron explorados y de los que nos se halló TLDs. Saltarse JARs no necesarios durante la exploración puede dar lugar a una mejora de tiempo significativa en el arranque y compilación de JSP .
13-Apr-2021 16:29:33.404 INFORMACIÓN [main] org.apache.catalina.startup.HostConfig.deployDirectory Deployment of web application directory [C:\TFG\tomcat\webapps\docs] has finished in [94] ms
13-Apr-2021 16:29:33.405 INFORMACIÓN [main] org.apache.catalina.startup.HostConfig.deployDirectory Desplegando el directorio [C:\TFG\tomcat\webapps\examples] de la aplicación web
13-Apr-2021 16:29:33.758 INFORMACIÓN [main] org.apache.jasper.servlet.TldScanner.scanJars Al menos un JAR, que se ha explorado buscando TLDs, aún no contenía TLDs. Activar historial de depuración para este historiador para una completa lista de los JARs que fueron explorados y de los que nos se halló TLDs. Saltarse JARs no necesarios durante la exploración puede dar lugar a una mejora de tiempo significativa en el arranque y compilación de JSP .
13-Apr-2021 16:29:33.785 INFORMACIÓN [main] org.apache.catalina.startup.HostConfig.deployDirectory Deployment of web application directory [C:\TFG\tomcat\webapps\examples] has finished in [380] ms
13-Apr-2021 16:29:33.785 INFORMACIÓN [main] org.apache.catalina.startup.HostConfig.deployDirectory Desplegando el directorio [C:\TFG\tomcat\webapps\host-manager] de la aplicación web
13-Apr-2021 16:29:33.874 INFORMACIÓN [main] org.apache.jasper.servlet.TldScanner.scanJars Al menos un JAR, que se ha explorado buscando TLDs, aún no contenía TLDs. Activar historial de depuración para este historiador para una completa lista de los JARs que fueron explorados y de los que nos se halló TLDs. Saltarse JARs no necesarios durante la exploración puede dar lugar a una mejora de tiempo significativa en el arranque y compilación de JSP .
13-Apr-2021 16:29:33.878 INFORMACIÓN [main] org.apache.catalina.startup.HostConfig.deployDirectory Deployment of web application directory [C:\TFG\tomcat\webapps\host-manager] has finished in [92] ms
13-Apr-2021 16:29:33.878 INFORMACIÓN [main] org.apache.catalina.startup.HostConfig.deployDirectory Desplegando el directorio [C:\TFG\tomcat\webapps\manager] de la aplicación web
13-Apr-2021 16:29:33.964 INFORMACIÓN [main] org.apache.jasper.servlet.TldScanner.scanJars Al menos un JAR, que se ha explorado buscando TLDs, aún no contenía TLDs. Activar historial de depuración para este historiador para una completa lista de los JARs que fueron explorados y de los que nos se halló TLDs. Saltarse JARs no necesarios durante la exploración puede dar lugar a una mejora de tiempo significativa en el arranque y compilación de JSP .
13-Apr-2021 16:29:33.966 INFORMACIÓN [main] org.apache.catalina.startup.HostConfig.deployDirectory Deployment of web application directory [C:\TFG\tomcat\webapps\manager] has finished in [87] ms
13-Apr-2021 16:29:33.966 INFORMACIÓN [main] org.apache.catalina.startup.HostConfig.deployDirectory Desplegando el directorio [C:\TFG\tomcat\webapps\ROOT] de la aplicación web
13-Apr-2021 16:29:34.057 INFORMACIÓN [main] org.apache.jasper.servlet.TldScanner.scanJars Al menos un JAR, que se ha explorado buscando TLDs, aún no contenía TLDs. Activar historial de depuración para este historiador para una completa lista de los JARs que fueron explorados y de los que nos se halló TLDs. Saltarse JARs no necesarios durante la exploración puede dar lugar a una mejora de tiempo significativa en el arranque y compilación de JSP .
13-Apr-2021 16:29:34.059 INFORMACIÓN [main] org.apache.catalina.startup.HostConfig.deployDirectory Deployment of web application directory [C:\TFG\tomcat\webapps\ROOT] has finished in [93] ms
13-Apr-2021 16:29:34.063 INFORMACIÓN [main] org.apache.coyote.AbstractProtocol.start Starting ProtocolHandler ["http-nio-8080"]
13-Apr-2021 16:29:34.068 INFORMACIÓN [main] org.apache.coyote.AbstractProtocol.start Starting ProtocolHandler ["http-nio-100"]
13-Apr-2021 16:29:34.070 INFORMACIÓN [main] org.apache.catalina.startup.Catalina.start Server startup in [6104] milliseconds
13-Apr-2021 16:29:36.179 INFORMACIÓN [http-nio-8080-exec-2] org.apache.catalina.startup.HostConfig.undeploy Repliegue (undeploy) de la aplicación web que tiene como trayectoria de contexto [/WebServer]
13-Apr-2021 16:29:47.922 INFORMACIÓN [http-nio-8080-exec-10] org.apache.catalina.startup.HostConfig.deployDescriptor Desplieque del descriptor de configuración [C:\TFG\tomcat\conf\Catalina\localhost\WebServer.xml]
13-Apr-2021 16:29:47.923 ADVERTENCIA [http-nio-8080-exec-10] org.apache.catalina.startup.HostConfig.deployDescriptor The path attribute with value [/WebServer] in deployment descriptor [C:\TFG\tomcat\conf\Catalina\localhost\WebServer.xml] has been ignored
13-Apr-2021 16:29:49.006 INFORMACIÓN [http-nio-8080-exec-10] org.apache.jasper.servlet.TldScanner.scanJars Al menos un JAR, que se ha explorado buscando TLDs, aún no contenía TLDs. Activar historial de depuración para este historiador para una completa lista de los JARs que fueron explorados y de los que nos se halló TLDs. Saltarse JARs no necesarios durante la exploración puede dar lugar a una mejora de tiempo significativa en el arranque y compilación de JSP .
13-Apr-2021 16:29:49.502 INFORMACIÓN [http-nio-8080-exec-10] org.apache.catalina.startup.HostConfig.deployDescriptor Deployment of deployment descriptor [C:\TFG\tomcat\conf\Catalina\localhost\WebServer.xml] has finished in [1.580] ms
13-Apr-2021 16:29:49.506 INFORMACIÓN [http-nio-8080-exec-6] org.apache.catalina.util.LifecycleBase.start The start() method was called on component [StandardEngine[Catalina].StandardHost[localhost].StandardContext[/WebServer]] after start() had already been called. The second call will be ignored.
13-Apr-2021 16:30:36.184 INFORMACIÓN [http-nio-8080-exec-13] org.apache.catalina.core.StandardContext.reload Ha comenzado la recarga de Contexto [/WebServer]
13-Apr-2021 16:30:37.365 INFORMACIÓN [http-nio-8080-exec-13] org.apache.jasper.servlet.TldScanner.scanJars Al menos un JAR, que se ha explorado buscando TLDs, aún no contenía TLDs. Activar historial de depuración para este historiador para una completa lista de los JARs que fueron explorados y de los que nos se halló TLDs. Saltarse JARs no necesarios durante la exploración puede dar lugar a una mejora de tiempo significativa en el arranque y compilación de JSP .
13-Apr-2021 16:30:37.863 INFORMACIÓN [http-nio-8080-exec-13] org.apache.catalina.core.StandardContext.reload Se ha completado la recarga de este Contexto
13-Apr-2021 16:30:41.855 INFORMACIÓN [http-nio-8080-exec-14] org.apache.catalina.startup.HostConfig.undeploy Repliegue (undeploy) de la aplicación web que tiene como trayectoria de contexto [/WebServer]
13-Apr-2021 16:30:48.599 INFORMACIÓN [http-nio-8080-exec-4] org.apache.catalina.startup.HostConfig.deployDescriptor Desplieque del descriptor de configuración [C:\TFG\tomcat\conf\Catalina\localhost\WebServer.xml]
13-Apr-2021 16:30:48.601 ADVERTENCIA [http-nio-8080-exec-4] org.apache.catalina.startup.HostConfig.deployDescriptor The path attribute with value [/WebServer] in deployment descriptor [C:\TFG\tomcat\conf\Catalina\localhost\WebServer.xml] has been ignored
13-Apr-2021 16:30:49.615 INFORMACIÓN [http-nio-8080-exec-4] org.apache.jasper.servlet.TldScanner.scanJars Al menos un JAR, que se ha explorado buscando TLDs, aún no contenía TLDs. Activar historial de depuración para este historiador para una completa lista de los JARs que fueron explorados y de los que nos se halló TLDs. Saltarse JARs no necesarios durante la exploración puede dar lugar a una mejora de tiempo significativa en el arranque y compilación de JSP .
13-Apr-2021 16:30:50.101 INFORMACIÓN [http-nio-8080-exec-4] org.apache.catalina.startup.HostConfig.deployDescriptor Deployment of deployment descriptor [C:\TFG\tomcat\conf\Catalina\localhost\WebServer.xml] has finished in [1.502] ms
13-Apr-2021 16:30:50.104 INFORMACIÓN [http-nio-8080-exec-9] org.apache.catalina.util.LifecycleBase.start The start() method was called on component [StandardEngine[Catalina].StandardHost[localhost].StandardContext[/WebServer]] after start() had already been called. The second call will be ignored.
13-Apr-2021 16:31:12.536 ADVERTENCIA [http-nio-8080-exec-18] org.apache.catalina.realm.JAASRealm.authenticate Excepción de Login autenticando nombre de usuario [admin]
	javax.security.auth.login.LoginException: Fallo en inicio de sesión: se han ignorado todos los módulos
		at javax.security.auth.login.LoginContext.invoke(LoginContext.java:906)
		at javax.security.auth.login.LoginContext.access$000(LoginContext.java:195)
		at javax.security.auth.login.LoginContext$4.run(LoginContext.java:682)
		at javax.security.auth.login.LoginContext$4.run(LoginContext.java:680)
		at java.security.AccessController.doPrivileged(Native Method)
		at javax.security.auth.login.LoginContext.invokePriv(LoginContext.java:680)
		at javax.security.auth.login.LoginContext.login(LoginContext.java:587)
		at org.apache.catalina.realm.JAASRealm.authenticate(JAASRealm.java:418)
		at org.apache.catalina.realm.JAASRealm.authenticate(JAASRealm.java:332)
		at org.apache.catalina.authenticator.FormAuthenticator.doAuthenticate(FormAuthenticator.java:243)
		at org.apache.catalina.authenticator.AuthenticatorBase.invoke(AuthenticatorBase.java:631)
		at org.apache.catalina.core.StandardHostValve.invoke(StandardHostValve.java:139)
		at org.apache.catalina.valves.ErrorReportValve.invoke(ErrorReportValve.java:92)
		at org.apache.catalina.valves.AbstractAccessLogValve.invoke(AbstractAccessLogValve.java:690)
		at org.apache.catalina.core.StandardEngineValve.invoke(StandardEngineValve.java:74)
		at org.apache.catalina.connector.CoyoteAdapter.service(CoyoteAdapter.java:343)
		at org.apache.coyote.http11.Http11Processor.service(Http11Processor.java:373)
		at org.apache.coyote.AbstractProcessorLight.process(AbstractProcessorLight.java:65)
		at org.apache.coyote.AbstractProtocol$ConnectionHandler.process(AbstractProtocol.java:868)
		at org.apache.tomcat.util.net.NioEndpoint$SocketProcessor.doRun(NioEndpoint.java:1589)
		at org.apache.tomcat.util.net.SocketProcessorBase.run(SocketProcessorBase.java:49)
		at java.util.concurrent.ThreadPoolExecutor.runWorker(ThreadPoolExecutor.java:1149)
		at java.util.concurrent.ThreadPoolExecutor$Worker.run(ThreadPoolExecutor.java:624)
		at org.apache.tomcat.util.threads.TaskThread$WrappingRunnable.run(TaskThread.java:61)
		at java.lang.Thread.run(Thread.java:748)
13-Apr-2021 16:31:48.337 INFORMACIÓN [http-nio-8080-exec-20] org.apache.catalina.core.StandardContext.reload Ha comenzado la recarga de Contexto [/WebServer]
13-Apr-2021 16:31:49.422 INFORMACIÓN [http-nio-8080-exec-20] org.apache.jasper.servlet.TldScanner.scanJars Al menos un JAR, que se ha explorado buscando TLDs, aún no contenía TLDs. Activar historial de depuración para este historiador para una completa lista de los JARs que fueron explorados y de los que nos se halló TLDs. Saltarse JARs no necesarios durante la exploración puede dar lugar a una mejora de tiempo significativa en el arranque y compilación de JSP .
13-Apr-2021 16:31:50.043 INFORMACIÓN [http-nio-8080-exec-20] org.apache.catalina.core.StandardContext.reload Se ha completado la recarga de este Contexto
13-Apr-2021 16:33:26.237 INFORMACIÓN [http-nio-8080-exec-19] org.apache.catalina.startup.HostConfig.undeploy Repliegue (undeploy) de la aplicación web que tiene como trayectoria de contexto [/WebServer]
13-Apr-2021 16:33:36.458 INFORMACIÓN [http-nio-8080-exec-26] org.apache.catalina.startup.HostConfig.deployDescriptor Desplieque del descriptor de configuración [C:\TFG\tomcat\conf\Catalina\localhost\WebServer.xml]
13-Apr-2021 16:33:36.458 ADVERTENCIA [http-nio-8080-exec-26] org.apache.catalina.startup.HostConfig.deployDescriptor The path attribute with value [/WebServer] in deployment descriptor [C:\TFG\tomcat\conf\Catalina\localhost\WebServer.xml] has been ignored
13-Apr-2021 16:33:37.420 INFORMACIÓN [http-nio-8080-exec-26] org.apache.jasper.servlet.TldScanner.scanJars Al menos un JAR, que se ha explorado buscando TLDs, aún no contenía TLDs. Activar historial de depuración para este historiador para una completa lista de los JARs que fueron explorados y de los que nos se halló TLDs. Saltarse JARs no necesarios durante la exploración puede dar lugar a una mejora de tiempo significativa en el arranque y compilación de JSP .
13-Apr-2021 16:33:37.897 INFORMACIÓN [http-nio-8080-exec-26] org.apache.catalina.startup.HostConfig.deployDescriptor Deployment of deployment descriptor [C:\TFG\tomcat\conf\Catalina\localhost\WebServer.xml] has finished in [1.440] ms
13-Apr-2021 16:33:37.900 INFORMACIÓN [http-nio-8080-exec-21] org.apache.catalina.util.LifecycleBase.start The start() method was called on component [StandardEngine[Catalina].StandardHost[localhost].StandardContext[/WebServer]] after start() had already been called. The second call will be ignored.
13-Apr-2021 16:35:26.156 INFORMACIÓN [http-nio-8080-exec-19] org.apache.catalina.startup.HostConfig.undeploy Repliegue (undeploy) de la aplicación web que tiene como trayectoria de contexto [/WebServer]
13-Apr-2021 16:37:34.965 INFORMACIÓN [main] org.apache.catalina.startup.VersionLoggerListener.log Nombre de la versión del servidor:   Apache Tomcat/9.0.37

13-Apr-2021 16:37:34.966 INFORMACIÓN [main] org.apache.catalina.startup.VersionLoggerListener.log Server built:          Jun 30 2020 20:09:49 UTC
13-Apr-2021 16:37:34.967 INFORMACIÓN [main] org.apache.catalina.startup.VersionLoggerListener.log Número de versión de servidor:         9.0.37.0
13-Apr-2021 16:37:34.967 INFORMACIÓN [main] org.apache.catalina.startup.VersionLoggerListener.log OS Name:               Windows 10
13-Apr-2021 16:37:34.967 INFORMACIÓN [main] org.apache.catalina.startup.VersionLoggerListener.log Versión de Systema Operativo:      10.0

13-Apr-2021 16:37:34.967 INFORMACIÓN [main] org.apache.catalina.startup.VersionLoggerListener.log Arquitectura:          amd64

13-Apr-2021 16:37:34.967 INFORMACIÓN [main] org.apache.catalina.startup.VersionLoggerListener.log Java Home:             C:\Program Files\Java\jdk1.8.0_281\jre
13-Apr-2021 16:37:34.967 INFORMACIÓN [main] org.apache.catalina.startup.VersionLoggerListener.log JVM Version:           1.8.0_281-b09
13-Apr-2021 16:37:34.967 INFORMACIÓN [main] org.apache.catalina.startup.VersionLoggerListener.log Vededor JVM:     Oracle Corporation
13-Apr-2021 16:37:34.967 INFORMACIÓN [main] org.apache.catalina.startup.VersionLoggerListener.log CATALINA_BASE:         C:\TFG\tomcat
13-Apr-2021 16:37:34.967 INFORMACIÓN [main] org.apache.catalina.startup.VersionLoggerListener.log CATALINA_HOME:         C:\TFG\tomcat
13-Apr-2021 16:37:34.968 INFORMACIÓN [main] org.apache.catalina.startup.VersionLoggerListener.log Command line argument: -Djava.util.logging.config.file=C:\TFG\tomcat\conf\logging.properties
13-Apr-2021 16:37:34.968 INFORMACIÓN [main] org.apache.catalina.startup.VersionLoggerListener.log Command line argument: -Djava.util.logging.manager=org.apache.juli.ClassLoaderLogManager
13-Apr-2021 16:37:34.968 INFORMACIÓN [main] org.apache.catalina.startup.VersionLoggerListener.log Command line argument: -Djava.security.auth.login.config=C:\TFG\tomcat/conf/jaas.config
13-Apr-2021 16:37:34.968 INFORMACIÓN [main] org.apache.catalina.startup.VersionLoggerListener.log Command line argument: -Djdk.tls.ephemeralDHKeySize=2048
13-Apr-2021 16:37:34.968 INFORMACIÓN [main] org.apache.catalina.startup.VersionLoggerListener.log Command line argument: -Djava.protocol.handler.pkgs=org.apache.catalina.webresources
13-Apr-2021 16:37:34.969 INFORMACIÓN [main] org.apache.catalina.startup.VersionLoggerListener.log Command line argument: -Dignore.endorsed.dirs=
13-Apr-2021 16:37:34.969 INFORMACIÓN [main] org.apache.catalina.startup.VersionLoggerListener.log Command line argument: -Dcatalina.base=C:\TFG\tomcat
13-Apr-2021 16:37:34.970 INFORMACIÓN [main] org.apache.catalina.startup.VersionLoggerListener.log Command line argument: -Dcatalina.home=C:\TFG\tomcat
13-Apr-2021 16:37:34.970 INFORMACIÓN [main] org.apache.catalina.startup.VersionLoggerListener.log Command line argument: -Djava.io.tmpdir=C:\TFG\tomcat\temp
13-Apr-2021 16:37:34.970 INFORMACIÓN [main] org.apache.catalina.core.AprLifecycleListener.lifecycleEvent Cargada la biblioteca nativa APR de Apache Tomcat [1.2.26] con la versión APR [1.7.0].
13-Apr-2021 16:37:34.970 INFORMACIÓN [main] org.apache.catalina.core.AprLifecycleListener.lifecycleEvent Capacidades APR: IPv6 [true], enviar fichero [true], aceptar filtros [false], aleatorio [true].
13-Apr-2021 16:37:34.971 INFORMACIÓN [main] org.apache.catalina.core.AprLifecycleListener.lifecycleEvent APR/OpenSSL configuration: useAprConnector [false], useOpenSSL [true]
13-Apr-2021 16:37:34.975 INFORMACIÓN [main] org.apache.catalina.core.AprLifecycleListener.initializeSSL OpenSSL inicializado correctamente [OpenSSL 1.1.1i  8 Dec 2020]
13-Apr-2021 16:37:35.167 INFORMACIÓN [main] org.apache.coyote.AbstractProtocol.init Inicializando el manejador de protocolo ["http-nio-8080"]

13-Apr-2021 16:37:35.302 INFORMACIÓN [main] org.apache.coyote.AbstractProtocol.init Inicializando el manejador de protocolo ["http-nio-100"]

13-Apr-2021 16:37:35.303 INFORMACIÓN [main] org.apache.catalina.startup.Catalina.load Server initialization in [455] milliseconds
13-Apr-2021 16:37:35.319 INFORMACIÓN [main] org.apache.catalina.core.StandardService.startInternal Arrancando servicio [Catalina]
13-Apr-2021 16:37:35.320 INFORMACIÓN [main] org.apache.catalina.core.StandardEngine.startInternal Starting Servlet engine: [Apache Tomcat/9.0.37]
13-Apr-2021 16:37:35.325 INFORMACIÓN [main] org.apache.catalina.startup.HostConfig.deployDescriptor Desplieque del descriptor de configuración [C:\TFG\tomcat\conf\Catalina\localhost\Api.xml]
13-Apr-2021 16:37:35.335 ADVERTENCIA [main] org.apache.catalina.startup.HostConfig.deployDescriptor The path attribute with value [/Api] in deployment descriptor [C:\TFG\tomcat\conf\Catalina\localhost\Api.xml] has been ignored
13-Apr-2021 16:37:35.352 GRAVE [main] org.apache.catalina.startup.HostConfig.deployDescriptor Error durante el despliegue del descriptor de configuración [C:\TFG\tomcat\conf\Catalina\localhost\Api.xml]
	java.lang.IllegalStateException: Error starting child
		at org.apache.catalina.core.ContainerBase.addChildInternal(ContainerBase.java:720)
		at org.apache.catalina.core.ContainerBase.addChild(ContainerBase.java:690)
		at org.apache.catalina.core.StandardHost.addChild(StandardHost.java:705)
		at org.apache.catalina.startup.HostConfig.deployDescriptor(HostConfig.java:631)
		at org.apache.catalina.startup.HostConfig$DeployDescriptor.run(HostConfig.java:1830)
		at java.util.concurrent.Executors$RunnableAdapter.call(Executors.java:511)
		at java.util.concurrent.FutureTask.run(FutureTask.java:266)
		at org.apache.tomcat.util.threads.InlineExecutorService.execute(InlineExecutorService.java:75)
		at java.util.concurrent.AbstractExecutorService.submit(AbstractExecutorService.java:112)
		at org.apache.catalina.startup.HostConfig.deployDescriptors(HostConfig.java:526)
		at org.apache.catalina.startup.HostConfig.deployApps(HostConfig.java:425)
		at org.apache.catalina.startup.HostConfig.start(HostConfig.java:1576)
		at org.apache.catalina.startup.HostConfig.lifecycleEvent(HostConfig.java:309)
		at org.apache.catalina.util.LifecycleBase.fireLifecycleEvent(LifecycleBase.java:123)
		at org.apache.catalina.util.LifecycleBase.setStateInternal(LifecycleBase.java:423)
		at org.apache.catalina.util.LifecycleBase.setState(LifecycleBase.java:366)
		at org.apache.catalina.core.ContainerBase.startInternal(ContainerBase.java:936)
		at org.apache.catalina.core.StandardHost.startInternal(StandardHost.java:841)
		at org.apache.catalina.util.LifecycleBase.start(LifecycleBase.java:183)
		at org.apache.catalina.core.ContainerBase$StartChild.call(ContainerBase.java:1384)
		at org.apache.catalina.core.ContainerBase$StartChild.call(ContainerBase.java:1374)
		at java.util.concurrent.FutureTask.run(FutureTask.java:266)
		at org.apache.tomcat.util.threads.InlineExecutorService.execute(InlineExecutorService.java:75)
		at java.util.concurrent.AbstractExecutorService.submit(AbstractExecutorService.java:134)
		at org.apache.catalina.core.ContainerBase.startInternal(ContainerBase.java:909)
		at org.apache.catalina.core.StandardEngine.startInternal(StandardEngine.java:262)
		at org.apache.catalina.util.LifecycleBase.start(LifecycleBase.java:183)
		at org.apache.catalina.core.StandardService.startInternal(StandardService.java:421)
		at org.apache.catalina.util.LifecycleBase.start(LifecycleBase.java:183)
		at org.apache.catalina.core.StandardServer.startInternal(StandardServer.java:930)
		at org.apache.catalina.util.LifecycleBase.start(LifecycleBase.java:183)
		at org.apache.catalina.startup.Catalina.start(Catalina.java:738)
		at sun.reflect.NativeMethodAccessorImpl.invoke0(Native Method)
		at sun.reflect.NativeMethodAccessorImpl.invoke(NativeMethodAccessorImpl.java:62)
		at sun.reflect.DelegatingMethodAccessorImpl.invoke(DelegatingMethodAccessorImpl.java:43)
		at java.lang.reflect.Method.invoke(Method.java:498)
		at org.apache.catalina.startup.Bootstrap.start(Bootstrap.java:342)
		at org.apache.catalina.startup.Bootstrap.main(Bootstrap.java:473)
	Caused by: org.apache.catalina.LifecycleException: Failed to start component [org.apache.catalina.webresources.StandardRoot@8b87145]
		at org.apache.catalina.util.LifecycleBase.handleSubClassException(LifecycleBase.java:440)
		at org.apache.catalina.util.LifecycleBase.start(LifecycleBase.java:198)
		at org.apache.catalina.core.StandardContext.resourcesStart(StandardContext.java:4792)
		at org.apache.catalina.core.StandardContext.startInternal(StandardContext.java:4928)
		at org.apache.catalina.util.LifecycleBase.start(LifecycleBase.java:183)
		at org.apache.catalina.core.ContainerBase.addChildInternal(ContainerBase.java:717)
		... 37 more
	Caused by: java.lang.IllegalArgumentException: The main resource set specified [C:\Users\CLwn1\Documents\NetBeansProjects\Api\target\Api-1.0-SNAPSHOT] is not valid
		at org.apache.catalina.webresources.StandardRoot.createMainResourceSet(StandardRoot.java:751)
		at org.apache.catalina.webresources.StandardRoot.startInternal(StandardRoot.java:708)
		at org.apache.catalina.util.LifecycleBase.start(LifecycleBase.java:183)
		... 41 more
13-Apr-2021 16:37:35.355 INFORMACIÓN [main] org.apache.catalina.startup.HostConfig.deployDescriptor Deployment of deployment descriptor [C:\TFG\tomcat\conf\Catalina\localhost\Api.xml] has finished in [29] ms
13-Apr-2021 16:37:35.355 INFORMACIÓN [main] org.apache.catalina.startup.HostConfig.deployDescriptor Desplieque del descriptor de configuración [C:\TFG\tomcat\conf\Catalina\localhost\bytes.xml]
13-Apr-2021 16:37:35.356 ADVERTENCIA [main] org.apache.catalina.startup.HostConfig.deployDescriptor The path attribute with value [/bytes] in deployment descriptor [C:\TFG\tomcat\conf\Catalina\localhost\bytes.xml] has been ignored
13-Apr-2021 16:37:35.356 ADVERTENCIA [main] org.apache.catalina.startup.HostConfig.deployDescriptor Se ha especificado un docBase [C:\TFG\tomcat\webapps\home\clwn1\Escritorio\urv\jaas-authentication-in-tomcat-example\com-byteslounge-jaas\target\com-byteslounge-jaas-1.0-SNAPSHOT] dentro del appBase de la máquina y será ignorado
13-Apr-2021 16:37:35.360 GRAVE [main] org.apache.catalina.startup.HostConfig.deployDescriptor Error durante el despliegue del descriptor de configuración [C:\TFG\tomcat\conf\Catalina\localhost\bytes.xml]
	java.lang.IllegalStateException: Error starting child
		at org.apache.catalina.core.ContainerBase.addChildInternal(ContainerBase.java:720)
		at org.apache.catalina.core.ContainerBase.addChild(ContainerBase.java:690)
		at org.apache.catalina.core.StandardHost.addChild(StandardHost.java:705)
		at org.apache.catalina.startup.HostConfig.deployDescriptor(HostConfig.java:631)
		at org.apache.catalina.startup.HostConfig$DeployDescriptor.run(HostConfig.java:1830)
		at java.util.concurrent.Executors$RunnableAdapter.call(Executors.java:511)
		at java.util.concurrent.FutureTask.run(FutureTask.java:266)
		at org.apache.tomcat.util.threads.InlineExecutorService.execute(InlineExecutorService.java:75)
		at java.util.concurrent.AbstractExecutorService.submit(AbstractExecutorService.java:112)
		at org.apache.catalina.startup.HostConfig.deployDescriptors(HostConfig.java:526)
		at org.apache.catalina.startup.HostConfig.deployApps(HostConfig.java:425)
		at org.apache.catalina.startup.HostConfig.start(HostConfig.java:1576)
		at org.apache.catalina.startup.HostConfig.lifecycleEvent(HostConfig.java:309)
		at org.apache.catalina.util.LifecycleBase.fireLifecycleEvent(LifecycleBase.java:123)
		at org.apache.catalina.util.LifecycleBase.setStateInternal(LifecycleBase.java:423)
		at org.apache.catalina.util.LifecycleBase.setState(LifecycleBase.java:366)
		at org.apache.catalina.core.ContainerBase.startInternal(ContainerBase.java:936)
		at org.apache.catalina.core.StandardHost.startInternal(StandardHost.java:841)
		at org.apache.catalina.util.LifecycleBase.start(LifecycleBase.java:183)
		at org.apache.catalina.core.ContainerBase$StartChild.call(ContainerBase.java:1384)
		at org.apache.catalina.core.ContainerBase$StartChild.call(ContainerBase.java:1374)
		at java.util.concurrent.FutureTask.run(FutureTask.java:266)
		at org.apache.tomcat.util.threads.InlineExecutorService.execute(InlineExecutorService.java:75)
		at java.util.concurrent.AbstractExecutorService.submit(AbstractExecutorService.java:134)
		at org.apache.catalina.core.ContainerBase.startInternal(ContainerBase.java:909)
		at org.apache.catalina.core.StandardEngine.startInternal(StandardEngine.java:262)
		at org.apache.catalina.util.LifecycleBase.start(LifecycleBase.java:183)
		at org.apache.catalina.core.StandardService.startInternal(StandardService.java:421)
		at org.apache.catalina.util.LifecycleBase.start(LifecycleBase.java:183)
		at org.apache.catalina.core.StandardServer.startInternal(StandardServer.java:930)
		at org.apache.catalina.util.LifecycleBase.start(LifecycleBase.java:183)
		at org.apache.catalina.startup.Catalina.start(Catalina.java:738)
		at sun.reflect.NativeMethodAccessorImpl.invoke0(Native Method)
		at sun.reflect.NativeMethodAccessorImpl.invoke(NativeMethodAccessorImpl.java:62)
		at sun.reflect.DelegatingMethodAccessorImpl.invoke(DelegatingMethodAccessorImpl.java:43)
		at java.lang.reflect.Method.invoke(Method.java:498)
		at org.apache.catalina.startup.Bootstrap.start(Bootstrap.java:342)
		at org.apache.catalina.startup.Bootstrap.main(Bootstrap.java:473)
	Caused by: org.apache.catalina.LifecycleException: Failed to start component [org.apache.catalina.webresources.StandardRoot@543e710e]
		at org.apache.catalina.util.LifecycleBase.handleSubClassException(LifecycleBase.java:440)
		at org.apache.catalina.util.LifecycleBase.start(LifecycleBase.java:198)
		at org.apache.catalina.core.StandardContext.resourcesStart(StandardContext.java:4792)
		at org.apache.catalina.core.StandardContext.startInternal(StandardContext.java:4928)
		at org.apache.catalina.util.LifecycleBase.start(LifecycleBase.java:183)
		at org.apache.catalina.core.ContainerBase.addChildInternal(ContainerBase.java:717)
		... 37 more
	Caused by: java.lang.IllegalArgumentException: The main resource set specified [C:\TFG\tomcat\webapps\bytes] is not valid
		at org.apache.catalina.webresources.StandardRoot.createMainResourceSet(StandardRoot.java:751)
		at org.apache.catalina.webresources.StandardRoot.startInternal(StandardRoot.java:708)
		at org.apache.catalina.util.LifecycleBase.start(LifecycleBase.java:183)
		... 41 more
13-Apr-2021 16:37:35.362 INFORMACIÓN [main] org.apache.catalina.startup.HostConfig.deployDescriptor Deployment of deployment descriptor [C:\TFG\tomcat\conf\Catalina\localhost\bytes.xml] has finished in [6] ms
13-Apr-2021 16:37:35.362 INFORMACIÓN [main] org.apache.catalina.startup.HostConfig.deployDescriptor Desplieque del descriptor de configuración [C:\TFG\tomcat\conf\Catalina\localhost\hola.xml]
13-Apr-2021 16:37:35.362 ADVERTENCIA [main] org.apache.catalina.startup.HostConfig.deployDescriptor The path attribute with value [/hola] in deployment descriptor [C:\TFG\tomcat\conf\Catalina\localhost\hola.xml] has been ignored
13-Apr-2021 16:37:35.365 GRAVE [main] org.apache.catalina.startup.HostConfig.deployDescriptor Error durante el despliegue del descriptor de configuración [C:\TFG\tomcat\conf\Catalina\localhost\hola.xml]
	java.lang.IllegalStateException: Error starting child
		at org.apache.catalina.core.ContainerBase.addChildInternal(ContainerBase.java:720)
		at org.apache.catalina.core.ContainerBase.addChild(ContainerBase.java:690)
		at org.apache.catalina.core.StandardHost.addChild(StandardHost.java:705)
		at org.apache.catalina.startup.HostConfig.deployDescriptor(HostConfig.java:631)
		at org.apache.catalina.startup.HostConfig$DeployDescriptor.run(HostConfig.java:1830)
		at java.util.concurrent.Executors$RunnableAdapter.call(Executors.java:511)
		at java.util.concurrent.FutureTask.run(FutureTask.java:266)
		at org.apache.tomcat.util.threads.InlineExecutorService.execute(InlineExecutorService.java:75)
		at java.util.concurrent.AbstractExecutorService.submit(AbstractExecutorService.java:112)
		at org.apache.catalina.startup.HostConfig.deployDescriptors(HostConfig.java:526)
		at org.apache.catalina.startup.HostConfig.deployApps(HostConfig.java:425)
		at org.apache.catalina.startup.HostConfig.start(HostConfig.java:1576)
		at org.apache.catalina.startup.HostConfig.lifecycleEvent(HostConfig.java:309)
		at org.apache.catalina.util.LifecycleBase.fireLifecycleEvent(LifecycleBase.java:123)
		at org.apache.catalina.util.LifecycleBase.setStateInternal(LifecycleBase.java:423)
		at org.apache.catalina.util.LifecycleBase.setState(LifecycleBase.java:366)
		at org.apache.catalina.core.ContainerBase.startInternal(ContainerBase.java:936)
		at org.apache.catalina.core.StandardHost.startInternal(StandardHost.java:841)
		at org.apache.catalina.util.LifecycleBase.start(LifecycleBase.java:183)
		at org.apache.catalina.core.ContainerBase$StartChild.call(ContainerBase.java:1384)
		at org.apache.catalina.core.ContainerBase$StartChild.call(ContainerBase.java:1374)
		at java.util.concurrent.FutureTask.run(FutureTask.java:266)
		at org.apache.tomcat.util.threads.InlineExecutorService.execute(InlineExecutorService.java:75)
		at java.util.concurrent.AbstractExecutorService.submit(AbstractExecutorService.java:134)
		at org.apache.catalina.core.ContainerBase.startInternal(ContainerBase.java:909)
		at org.apache.catalina.core.StandardEngine.startInternal(StandardEngine.java:262)
		at org.apache.catalina.util.LifecycleBase.start(LifecycleBase.java:183)
		at org.apache.catalina.core.StandardService.startInternal(StandardService.java:421)
		at org.apache.catalina.util.LifecycleBase.start(LifecycleBase.java:183)
		at org.apache.catalina.core.StandardServer.startInternal(StandardServer.java:930)
		at org.apache.catalina.util.LifecycleBase.start(LifecycleBase.java:183)
		at org.apache.catalina.startup.Catalina.start(Catalina.java:738)
		at sun.reflect.NativeMethodAccessorImpl.invoke0(Native Method)
		at sun.reflect.NativeMethodAccessorImpl.invoke(NativeMethodAccessorImpl.java:62)
		at sun.reflect.DelegatingMethodAccessorImpl.invoke(DelegatingMethodAccessorImpl.java:43)
		at java.lang.reflect.Method.invoke(Method.java:498)
		at org.apache.catalina.startup.Bootstrap.start(Bootstrap.java:342)
		at org.apache.catalina.startup.Bootstrap.main(Bootstrap.java:473)
	Caused by: org.apache.catalina.LifecycleException: Failed to start component [org.apache.catalina.webresources.StandardRoot@44f75083]
		at org.apache.catalina.util.LifecycleBase.handleSubClassException(LifecycleBase.java:440)
		at org.apache.catalina.util.LifecycleBase.start(LifecycleBase.java:198)
		at org.apache.catalina.core.StandardContext.resourcesStart(StandardContext.java:4792)
		at org.apache.catalina.core.StandardContext.startInternal(StandardContext.java:4928)
		at org.apache.catalina.util.LifecycleBase.start(LifecycleBase.java:183)
		at org.apache.catalina.core.ContainerBase.addChildInternal(ContainerBase.java:717)
		... 37 more
	Caused by: java.lang.IllegalArgumentException: The main resource set specified [C:\Users\CLwn1\Documents\NetBeansProjects\hola\target\hola-1.0-SNAPSHOT] is not valid
		at org.apache.catalina.webresources.StandardRoot.createMainResourceSet(StandardRoot.java:751)
		at org.apache.catalina.webresources.StandardRoot.startInternal(StandardRoot.java:708)
		at org.apache.catalina.util.LifecycleBase.start(LifecycleBase.java:183)
		... 41 more
13-Apr-2021 16:37:35.366 INFORMACIÓN [main] org.apache.catalina.startup.HostConfig.deployDescriptor Deployment of deployment descriptor [C:\TFG\tomcat\conf\Catalina\localhost\hola.xml] has finished in [4] ms
13-Apr-2021 16:37:35.366 INFORMACIÓN [main] org.apache.catalina.startup.HostConfig.deployDescriptor Desplieque del descriptor de configuración [C:\TFG\tomcat\conf\Catalina\localhost\imageinservlet.xml]
13-Apr-2021 16:37:35.367 ADVERTENCIA [main] org.apache.catalina.startup.HostConfig.deployDescriptor The path attribute with value [/imageinservlet] in deployment descriptor [C:\TFG\tomcat\conf\Catalina\localhost\imageinservlet.xml] has been ignored
13-Apr-2021 16:37:35.608 INFORMACIÓN [main] org.apache.jasper.servlet.TldScanner.scanJars Al menos un JAR, que se ha explorado buscando TLDs, aún no contenía TLDs. Activar historial de depuración para este historiador para una completa lista de los JARs que fueron explorados y de los que nos se halló TLDs. Saltarse JARs no necesarios durante la exploración puede dar lugar a una mejora de tiempo significativa en el arranque y compilación de JSP .
13-Apr-2021 16:37:35.632 INFORMACIÓN [main] org.apache.catalina.startup.HostConfig.deployDescriptor Deployment of deployment descriptor [C:\TFG\tomcat\conf\Catalina\localhost\imageinservlet.xml] has finished in [266] ms
13-Apr-2021 16:37:35.632 INFORMACIÓN [main] org.apache.catalina.startup.HostConfig.deployDescriptor Desplieque del descriptor de configuración [C:\TFG\tomcat\conf\Catalina\localhost\Rest-service.xml]
13-Apr-2021 16:37:35.633 ADVERTENCIA [main] org.apache.catalina.startup.HostConfig.deployDescriptor The path attribute with value [/Rest-service] in deployment descriptor [C:\TFG\tomcat\conf\Catalina\localhost\Rest-service.xml] has been ignored
13-Apr-2021 16:37:36.803 INFORMACIÓN [main] org.apache.jasper.servlet.TldScanner.scanJars Al menos un JAR, que se ha explorado buscando TLDs, aún no contenía TLDs. Activar historial de depuración para este historiador para una completa lista de los JARs que fueron explorados y de los que nos se halló TLDs. Saltarse JARs no necesarios durante la exploración puede dar lugar a una mejora de tiempo significativa en el arranque y compilación de JSP .
13-Apr-2021 16:37:37.457 INFORMACIÓN [main] org.apache.catalina.startup.HostConfig.deployDescriptor Deployment of deployment descriptor [C:\TFG\tomcat\conf\Catalina\localhost\Rest-service.xml] has finished in [1.824] ms
13-Apr-2021 16:37:37.457 INFORMACIÓN [main] org.apache.catalina.startup.HostConfig.deployDescriptor Desplieque del descriptor de configuración [C:\TFG\tomcat\conf\Catalina\localhost\Rest-Try2.xml]
13-Apr-2021 16:37:37.458 ADVERTENCIA [main] org.apache.catalina.startup.HostConfig.deployDescriptor The path attribute with value [/Rest-Try2] in deployment descriptor [C:\TFG\tomcat\conf\Catalina\localhost\Rest-Try2.xml] has been ignored
13-Apr-2021 16:37:37.891 INFORMACIÓN [main] org.apache.jasper.servlet.TldScanner.scanJars Al menos un JAR, que se ha explorado buscando TLDs, aún no contenía TLDs. Activar historial de depuración para este historiador para una completa lista de los JARs que fueron explorados y de los que nos se halló TLDs. Saltarse JARs no necesarios durante la exploración puede dar lugar a una mejora de tiempo significativa en el arranque y compilación de JSP .
13-Apr-2021 16:37:38.449 INFORMACIÓN [main] org.apache.catalina.startup.HostConfig.deployDescriptor Deployment of deployment descriptor [C:\TFG\tomcat\conf\Catalina\localhost\Rest-Try2.xml] has finished in [992] ms
13-Apr-2021 16:37:38.449 INFORMACIÓN [main] org.apache.catalina.startup.HostConfig.deployDescriptor Desplieque del descriptor de configuración [C:\TFG\tomcat\conf\Catalina\localhost\web.xml]
13-Apr-2021 16:37:38.451 ADVERTENCIA [main] org.apache.catalina.startup.HostConfig.deployDescriptor The path attribute with value [/web] in deployment descriptor [C:\TFG\tomcat\conf\Catalina\localhost\web.xml] has been ignored
13-Apr-2021 16:37:38.451 ADVERTENCIA [main] org.apache.catalina.startup.HostConfig.deployDescriptor Se ha especificado un docBase [C:\TFG\tomcat\webapps\home\clwn1\Escritorio\TFG\web\target\web-1.0-SNAPSHOT] dentro del appBase de la máquina y será ignorado
13-Apr-2021 16:37:38.455 ADVERTENCIA [main] org.apache.tomcat.util.digester.SetPropertiesRule.begin Match [Context/Realm/CredentialHandler] failed to set property [keyLength] to [256]
13-Apr-2021 16:37:38.455 GRAVE [main] org.apache.catalina.startup.HostConfig.deployDescriptor Error durante el despliegue del descriptor de configuración [C:\TFG\tomcat\conf\Catalina\localhost\web.xml]
	java.lang.IllegalStateException: Error starting child
		at org.apache.catalina.core.ContainerBase.addChildInternal(ContainerBase.java:720)
		at org.apache.catalina.core.ContainerBase.addChild(ContainerBase.java:690)
		at org.apache.catalina.core.StandardHost.addChild(StandardHost.java:705)
		at org.apache.catalina.startup.HostConfig.deployDescriptor(HostConfig.java:631)
		at org.apache.catalina.startup.HostConfig$DeployDescriptor.run(HostConfig.java:1830)
		at java.util.concurrent.Executors$RunnableAdapter.call(Executors.java:511)
		at java.util.concurrent.FutureTask.run(FutureTask.java:266)
		at org.apache.tomcat.util.threads.InlineExecutorService.execute(InlineExecutorService.java:75)
		at java.util.concurrent.AbstractExecutorService.submit(AbstractExecutorService.java:112)
		at org.apache.catalina.startup.HostConfig.deployDescriptors(HostConfig.java:526)
		at org.apache.catalina.startup.HostConfig.deployApps(HostConfig.java:425)
		at org.apache.catalina.startup.HostConfig.start(HostConfig.java:1576)
		at org.apache.catalina.startup.HostConfig.lifecycleEvent(HostConfig.java:309)
		at org.apache.catalina.util.LifecycleBase.fireLifecycleEvent(LifecycleBase.java:123)
		at org.apache.catalina.util.LifecycleBase.setStateInternal(LifecycleBase.java:423)
		at org.apache.catalina.util.LifecycleBase.setState(LifecycleBase.java:366)
		at org.apache.catalina.core.ContainerBase.startInternal(ContainerBase.java:936)
		at org.apache.catalina.core.StandardHost.startInternal(StandardHost.java:841)
		at org.apache.catalina.util.LifecycleBase.start(LifecycleBase.java:183)
		at org.apache.catalina.core.ContainerBase$StartChild.call(ContainerBase.java:1384)
		at org.apache.catalina.core.ContainerBase$StartChild.call(ContainerBase.java:1374)
		at java.util.concurrent.FutureTask.run(FutureTask.java:266)
		at org.apache.tomcat.util.threads.InlineExecutorService.execute(InlineExecutorService.java:75)
		at java.util.concurrent.AbstractExecutorService.submit(AbstractExecutorService.java:134)
		at org.apache.catalina.core.ContainerBase.startInternal(ContainerBase.java:909)
		at org.apache.catalina.core.StandardEngine.startInternal(StandardEngine.java:262)
		at org.apache.catalina.util.LifecycleBase.start(LifecycleBase.java:183)
		at org.apache.catalina.core.StandardService.startInternal(StandardService.java:421)
		at org.apache.catalina.util.LifecycleBase.start(LifecycleBase.java:183)
		at org.apache.catalina.core.StandardServer.startInternal(StandardServer.java:930)
		at org.apache.catalina.util.LifecycleBase.start(LifecycleBase.java:183)
		at org.apache.catalina.startup.Catalina.start(Catalina.java:738)
		at sun.reflect.NativeMethodAccessorImpl.invoke0(Native Method)
		at sun.reflect.NativeMethodAccessorImpl.invoke(NativeMethodAccessorImpl.java:62)
		at sun.reflect.DelegatingMethodAccessorImpl.invoke(DelegatingMethodAccessorImpl.java:43)
		at java.lang.reflect.Method.invoke(Method.java:498)
		at org.apache.catalina.startup.Bootstrap.start(Bootstrap.java:342)
		at org.apache.catalina.startup.Bootstrap.main(Bootstrap.java:473)
	Caused by: org.apache.catalina.LifecycleException: Failed to start component [org.apache.catalina.webresources.StandardRoot@7296675e]
		at org.apache.catalina.util.LifecycleBase.handleSubClassException(LifecycleBase.java:440)
		at org.apache.catalina.util.LifecycleBase.start(LifecycleBase.java:198)
		at org.apache.catalina.core.StandardContext.resourcesStart(StandardContext.java:4792)
		at org.apache.catalina.core.StandardContext.startInternal(StandardContext.java:4928)
		at org.apache.catalina.util.LifecycleBase.start(LifecycleBase.java:183)
		at org.apache.catalina.core.ContainerBase.addChildInternal(ContainerBase.java:717)
		... 37 more
	Caused by: java.lang.IllegalArgumentException: The main resource set specified [C:\TFG\tomcat\webapps\web] is not valid
		at org.apache.catalina.webresources.StandardRoot.createMainResourceSet(StandardRoot.java:751)
		at org.apache.catalina.webresources.StandardRoot.startInternal(StandardRoot.java:708)
		at org.apache.catalina.util.LifecycleBase.start(LifecycleBase.java:183)
		... 41 more
13-Apr-2021 16:37:38.457 INFORMACIÓN [main] org.apache.catalina.startup.HostConfig.deployDescriptor Deployment of deployment descriptor [C:\TFG\tomcat\conf\Catalina\localhost\web.xml] has finished in [7] ms
13-Apr-2021 16:37:38.458 INFORMACIÓN [main] org.apache.catalina.startup.HostConfig.deployWAR Despliegue del archivo [C:\TFG\tomcat\webapps\WebServer-1.0-SNAPSHOT.war] de la aplicación web
13-Apr-2021 16:37:38.564 INFORMACIÓN [main] org.apache.jasper.servlet.TldScanner.scanJars Al menos un JAR, que se ha explorado buscando TLDs, aún no contenía TLDs. Activar historial de depuración para este historiador para una completa lista de los JARs que fueron explorados y de los que nos se halló TLDs. Saltarse JARs no necesarios durante la exploración puede dar lugar a una mejora de tiempo significativa en el arranque y compilación de JSP .
13-Apr-2021 16:37:38.565 INFORMACIÓN [main] org.apache.catalina.startup.HostConfig.deployWAR Deployment of web application archive [C:\TFG\tomcat\webapps\WebServer-1.0-SNAPSHOT.war] has finished in [107] ms
13-Apr-2021 16:37:38.565 INFORMACIÓN [main] org.apache.catalina.startup.HostConfig.deployDirectory Desplegando el directorio [C:\TFG\tomcat\webapps\docs] de la aplicación web
13-Apr-2021 16:37:38.671 INFORMACIÓN [main] org.apache.jasper.servlet.TldScanner.scanJars Al menos un JAR, que se ha explorado buscando TLDs, aún no contenía TLDs. Activar historial de depuración para este historiador para una completa lista de los JARs que fueron explorados y de los que nos se halló TLDs. Saltarse JARs no necesarios durante la exploración puede dar lugar a una mejora de tiempo significativa en el arranque y compilación de JSP .
13-Apr-2021 16:37:38.672 INFORMACIÓN [main] org.apache.catalina.startup.HostConfig.deployDirectory Deployment of web application directory [C:\TFG\tomcat\webapps\docs] has finished in [107] ms
13-Apr-2021 16:37:38.672 INFORMACIÓN [main] org.apache.catalina.startup.HostConfig.deployDirectory Desplegando el directorio [C:\TFG\tomcat\webapps\examples] de la aplicación web
13-Apr-2021 16:37:38.870 INFORMACIÓN [main] org.apache.jasper.servlet.TldScanner.scanJars Al menos un JAR, que se ha explorado buscando TLDs, aún no contenía TLDs. Activar historial de depuración para este historiador para una completa lista de los JARs que fueron explorados y de los que nos se halló TLDs. Saltarse JARs no necesarios durante la exploración puede dar lugar a una mejora de tiempo significativa en el arranque y compilación de JSP .
13-Apr-2021 16:37:38.895 INFORMACIÓN [main] org.apache.catalina.startup.HostConfig.deployDirectory Deployment of web application directory [C:\TFG\tomcat\webapps\examples] has finished in [222] ms
13-Apr-2021 16:37:38.895 INFORMACIÓN [main] org.apache.catalina.startup.HostConfig.deployDirectory Desplegando el directorio [C:\TFG\tomcat\webapps\host-manager] de la aplicación web
13-Apr-2021 16:37:38.981 INFORMACIÓN [main] org.apache.jasper.servlet.TldScanner.scanJars Al menos un JAR, que se ha explorado buscando TLDs, aún no contenía TLDs. Activar historial de depuración para este historiador para una completa lista de los JARs que fueron explorados y de los que nos se halló TLDs. Saltarse JARs no necesarios durante la exploración puede dar lugar a una mejora de tiempo significativa en el arranque y compilación de JSP .
13-Apr-2021 16:37:38.983 INFORMACIÓN [main] org.apache.catalina.startup.HostConfig.deployDirectory Deployment of web application directory [C:\TFG\tomcat\webapps\host-manager] has finished in [88] ms
13-Apr-2021 16:37:38.983 INFORMACIÓN [main] org.apache.catalina.startup.HostConfig.deployDirectory Desplegando el directorio [C:\TFG\tomcat\webapps\manager] de la aplicación web
13-Apr-2021 16:37:39.069 INFORMACIÓN [main] org.apache.jasper.servlet.TldScanner.scanJars Al menos un JAR, que se ha explorado buscando TLDs, aún no contenía TLDs. Activar historial de depuración para este historiador para una completa lista de los JARs que fueron explorados y de los que nos se halló TLDs. Saltarse JARs no necesarios durante la exploración puede dar lugar a una mejora de tiempo significativa en el arranque y compilación de JSP .
13-Apr-2021 16:37:39.070 INFORMACIÓN [main] org.apache.catalina.startup.HostConfig.deployDirectory Deployment of web application directory [C:\TFG\tomcat\webapps\manager] has finished in [87] ms
13-Apr-2021 16:37:39.070 INFORMACIÓN [main] org.apache.catalina.startup.HostConfig.deployDirectory Desplegando el directorio [C:\TFG\tomcat\webapps\ROOT] de la aplicación web
13-Apr-2021 16:37:39.151 INFORMACIÓN [main] org.apache.jasper.servlet.TldScanner.scanJars Al menos un JAR, que se ha explorado buscando TLDs, aún no contenía TLDs. Activar historial de depuración para este historiador para una completa lista de los JARs que fueron explorados y de los que nos se halló TLDs. Saltarse JARs no necesarios durante la exploración puede dar lugar a una mejora de tiempo significativa en el arranque y compilación de JSP .
13-Apr-2021 16:37:39.152 INFORMACIÓN [main] org.apache.catalina.startup.HostConfig.deployDirectory Deployment of web application directory [C:\TFG\tomcat\webapps\ROOT] has finished in [82] ms
13-Apr-2021 16:37:39.154 INFORMACIÓN [main] org.apache.coyote.AbstractProtocol.start Starting ProtocolHandler ["http-nio-8080"]
13-Apr-2021 16:37:39.159 INFORMACIÓN [main] org.apache.coyote.AbstractProtocol.start Starting ProtocolHandler ["http-nio-100"]
13-Apr-2021 16:37:39.160 INFORMACIÓN [main] org.apache.catalina.startup.Catalina.start Server startup in [3856] milliseconds
13-Apr-2021 16:37:54.445 INFORMACIÓN [http-nio-8080-exec-2] org.apache.catalina.startup.HostConfig.deployDescriptor Desplieque del descriptor de configuración [C:\TFG\tomcat\conf\Catalina\localhost\WebServer.xml]
13-Apr-2021 16:37:54.446 ADVERTENCIA [http-nio-8080-exec-2] org.apache.catalina.startup.HostConfig.deployDescriptor The path attribute with value [/WebServer] in deployment descriptor [C:\TFG\tomcat\conf\Catalina\localhost\WebServer.xml] has been ignored
13-Apr-2021 16:37:55.512 INFORMACIÓN [http-nio-8080-exec-2] org.apache.jasper.servlet.TldScanner.scanJars Al menos un JAR, que se ha explorado buscando TLDs, aún no contenía TLDs. Activar historial de depuración para este historiador para una completa lista de los JARs que fueron explorados y de los que nos se halló TLDs. Saltarse JARs no necesarios durante la exploración puede dar lugar a una mejora de tiempo significativa en el arranque y compilación de JSP .
13-Apr-2021 16:37:56.021 INFORMACIÓN [http-nio-8080-exec-2] org.apache.catalina.startup.HostConfig.deployDescriptor Deployment of deployment descriptor [C:\TFG\tomcat\conf\Catalina\localhost\WebServer.xml] has finished in [1.576] ms
13-Apr-2021 16:37:56.024 INFORMACIÓN [http-nio-8080-exec-3] org.apache.catalina.util.LifecycleBase.start The start() method was called on component [StandardEngine[Catalina].StandardHost[localhost].StandardContext[/WebServer]] after start() had already been called. The second call will be ignored.
13-Apr-2021 16:55:21.324 INFORMACIÓN [http-nio-8080-exec-9] org.apache.catalina.core.StandardContext.reload Ha comenzado la recarga de Contexto [/WebServer]
13-Apr-2021 16:55:22.430 INFORMACIÓN [http-nio-8080-exec-9] org.apache.jasper.servlet.TldScanner.scanJars Al menos un JAR, que se ha explorado buscando TLDs, aún no contenía TLDs. Activar historial de depuración para este historiador para una completa lista de los JARs que fueron explorados y de los que nos se halló TLDs. Saltarse JARs no necesarios durante la exploración puede dar lugar a una mejora de tiempo significativa en el arranque y compilación de JSP .
13-Apr-2021 16:55:22.918 INFORMACIÓN [http-nio-8080-exec-9] org.apache.catalina.core.StandardContext.reload Se ha completado la recarga de este Contexto
13-Apr-2021 16:55:49.893 INFORMACIÓN [http-nio-8080-exec-1] org.apache.catalina.core.StandardContext.reload Ha comenzado la recarga de Contexto [/WebServer]
13-Apr-2021 16:55:50.962 INFORMACIÓN [http-nio-8080-exec-1] org.apache.jasper.servlet.TldScanner.scanJars Al menos un JAR, que se ha explorado buscando TLDs, aún no contenía TLDs. Activar historial de depuración para este historiador para una completa lista de los JARs que fueron explorados y de los que nos se halló TLDs. Saltarse JARs no necesarios durante la exploración puede dar lugar a una mejora de tiempo significativa en el arranque y compilación de JSP .
13-Apr-2021 16:55:51.524 INFORMACIÓN [http-nio-8080-exec-1] org.apache.catalina.core.StandardContext.reload Se ha completado la recarga de este Contexto
13-Apr-2021 16:55:53.899 INFORMACIÓN [http-nio-8080-exec-13] org.apache.catalina.startup.HostConfig.undeploy Repliegue (undeploy) de la aplicación web que tiene como trayectoria de contexto [/WebServer]
13-Apr-2021 16:57:06.690 INFORMACIÓN [http-nio-8080-exec-6] org.apache.catalina.startup.HostConfig.deployDescriptor Desplieque del descriptor de configuración [C:\TFG\tomcat\conf\Catalina\localhost\WebServer.xml]
13-Apr-2021 16:57:06.691 ADVERTENCIA [http-nio-8080-exec-6] org.apache.catalina.startup.HostConfig.deployDescriptor The path attribute with value [/WebServer] in deployment descriptor [C:\TFG\tomcat\conf\Catalina\localhost\WebServer.xml] has been ignored
13-Apr-2021 16:57:07.696 INFORMACIÓN [http-nio-8080-exec-6] org.apache.jasper.servlet.TldScanner.scanJars Al menos un JAR, que se ha explorado buscando TLDs, aún no contenía TLDs. Activar historial de depuración para este historiador para una completa lista de los JARs que fueron explorados y de los que nos se halló TLDs. Saltarse JARs no necesarios durante la exploración puede dar lugar a una mejora de tiempo significativa en el arranque y compilación de JSP .
13-Apr-2021 16:57:08.194 INFORMACIÓN [http-nio-8080-exec-6] org.apache.catalina.startup.HostConfig.deployDescriptor Deployment of deployment descriptor [C:\TFG\tomcat\conf\Catalina\localhost\WebServer.xml] has finished in [1.503] ms
13-Apr-2021 16:57:08.196 INFORMACIÓN [http-nio-8080-exec-7] org.apache.catalina.util.LifecycleBase.start The start() method was called on component [StandardEngine[Catalina].StandardHost[localhost].StandardContext[/WebServer]] after start() had already been called. The second call will be ignored.
13-Apr-2021 16:57:34.928 ADVERTENCIA [http-nio-8080-exec-12] org.apache.catalina.realm.JAASRealm.authenticate Excepción de Login autenticando nombre de usuario [admin]
	javax.security.auth.login.LoginException: Fallo en inicio de sesión: se han ignorado todos los módulos
		at javax.security.auth.login.LoginContext.invoke(LoginContext.java:906)
		at javax.security.auth.login.LoginContext.access$000(LoginContext.java:195)
		at javax.security.auth.login.LoginContext$4.run(LoginContext.java:682)
		at javax.security.auth.login.LoginContext$4.run(LoginContext.java:680)
		at java.security.AccessController.doPrivileged(Native Method)
		at javax.security.auth.login.LoginContext.invokePriv(LoginContext.java:680)
		at javax.security.auth.login.LoginContext.login(LoginContext.java:587)
		at org.apache.catalina.realm.JAASRealm.authenticate(JAASRealm.java:418)
		at org.apache.catalina.realm.JAASRealm.authenticate(JAASRealm.java:332)
		at org.apache.catalina.authenticator.FormAuthenticator.doAuthenticate(FormAuthenticator.java:243)
		at org.apache.catalina.authenticator.AuthenticatorBase.invoke(AuthenticatorBase.java:631)
		at org.apache.catalina.core.StandardHostValve.invoke(StandardHostValve.java:139)
		at org.apache.catalina.valves.ErrorReportValve.invoke(ErrorReportValve.java:92)
		at org.apache.catalina.valves.AbstractAccessLogValve.invoke(AbstractAccessLogValve.java:690)
		at org.apache.catalina.core.StandardEngineValve.invoke(StandardEngineValve.java:74)
		at org.apache.catalina.connector.CoyoteAdapter.service(CoyoteAdapter.java:343)
		at org.apache.coyote.http11.Http11Processor.service(Http11Processor.java:373)
		at org.apache.coyote.AbstractProcessorLight.process(AbstractProcessorLight.java:65)
		at org.apache.coyote.AbstractProtocol$ConnectionHandler.process(AbstractProtocol.java:868)
		at org.apache.tomcat.util.net.NioEndpoint$SocketProcessor.doRun(NioEndpoint.java:1589)
		at org.apache.tomcat.util.net.SocketProcessorBase.run(SocketProcessorBase.java:49)
		at java.util.concurrent.ThreadPoolExecutor.runWorker(ThreadPoolExecutor.java:1149)
		at java.util.concurrent.ThreadPoolExecutor$Worker.run(ThreadPoolExecutor.java:624)
		at org.apache.tomcat.util.threads.TaskThread$WrappingRunnable.run(TaskThread.java:61)
		at java.lang.Thread.run(Thread.java:748)
