23-Feb-2021 11:35:29.817 INFORMACIÓN [main] org.apache.catalina.startup.VersionLoggerListener.log Nombre de la versión del servidor:   Apache Tomcat/9.0.37

23-Feb-2021 11:35:29.819 INFORMACIÓN [main] org.apache.catalina.startup.VersionLoggerListener.log Server built:          Jun 30 2020 20:09:49 UTC
23-Feb-2021 11:35:29.821 INFORMACIÓN [main] org.apache.catalina.startup.VersionLoggerListener.log Número de versión de servidor:         9.0.37.0
23-Feb-2021 11:35:29.821 INFORMACIÓN [main] org.apache.catalina.startup.VersionLoggerListener.log OS Name:               Windows 10
23-Feb-2021 11:35:29.821 INFORMACIÓN [main] org.apache.catalina.startup.VersionLoggerListener.log Versión de Systema Operativo:      10.0

23-Feb-2021 11:35:29.821 INFORMACIÓN [main] org.apache.catalina.startup.VersionLoggerListener.log Arquitectura:          amd64

23-Feb-2021 11:35:29.821 INFORMACIÓN [main] org.apache.catalina.startup.VersionLoggerListener.log Java Home:             C:\Program Files\Java\jdk1.8.0_281\jre
23-Feb-2021 11:35:29.822 INFORMACIÓN [main] org.apache.catalina.startup.VersionLoggerListener.log JVM Version:           1.8.0_281-b09
23-Feb-2021 11:35:29.822 INFORMACIÓN [main] org.apache.catalina.startup.VersionLoggerListener.log Vededor JVM:     Oracle Corporation
23-Feb-2021 11:35:29.822 INFORMACIÓN [main] org.apache.catalina.startup.VersionLoggerListener.log CATALINA_BASE:         C:\TFG\tomcat
23-Feb-2021 11:35:29.822 INFORMACIÓN [main] org.apache.catalina.startup.VersionLoggerListener.log CATALINA_HOME:         C:\TFG\tomcat
23-Feb-2021 11:35:29.822 INFORMACIÓN [main] org.apache.catalina.startup.VersionLoggerListener.log Command line argument: -Djava.util.logging.config.file=C:\TFG\tomcat\conf\logging.properties
23-Feb-2021 11:35:29.822 INFORMACIÓN [main] org.apache.catalina.startup.VersionLoggerListener.log Command line argument: -Djava.util.logging.manager=org.apache.juli.ClassLoaderLogManager
23-Feb-2021 11:35:29.822 INFORMACIÓN [main] org.apache.catalina.startup.VersionLoggerListener.log Command line argument: -Djava.security.auth.login.config=C:\TFG\tomcat/conf/jaas.config
23-Feb-2021 11:35:29.822 INFORMACIÓN [main] org.apache.catalina.startup.VersionLoggerListener.log Command line argument: -Djdk.tls.ephemeralDHKeySize=2048
23-Feb-2021 11:35:29.823 INFORMACIÓN [main] org.apache.catalina.startup.VersionLoggerListener.log Command line argument: -Djava.protocol.handler.pkgs=org.apache.catalina.webresources
23-Feb-2021 11:35:29.823 INFORMACIÓN [main] org.apache.catalina.startup.VersionLoggerListener.log Command line argument: -Dignore.endorsed.dirs=
23-Feb-2021 11:35:29.824 INFORMACIÓN [main] org.apache.catalina.startup.VersionLoggerListener.log Command line argument: -Dcatalina.base=C:\TFG\tomcat
23-Feb-2021 11:35:29.824 INFORMACIÓN [main] org.apache.catalina.startup.VersionLoggerListener.log Command line argument: -Dcatalina.home=C:\TFG\tomcat
23-Feb-2021 11:35:29.824 INFORMACIÓN [main] org.apache.catalina.startup.VersionLoggerListener.log Command line argument: -Djava.io.tmpdir=C:\TFG\tomcat\temp
23-Feb-2021 11:35:29.825 INFORMACIÓN [main] org.apache.catalina.core.AprLifecycleListener.lifecycleEvent Cargada la biblioteca nativa APR de Apache Tomcat [1.2.26] con la versión APR [1.7.0].
23-Feb-2021 11:35:29.825 INFORMACIÓN [main] org.apache.catalina.core.AprLifecycleListener.lifecycleEvent Capacidades APR: IPv6 [true], enviar fichero [true], aceptar filtros [false], aleatorio [true].
23-Feb-2021 11:35:29.825 INFORMACIÓN [main] org.apache.catalina.core.AprLifecycleListener.lifecycleEvent APR/OpenSSL configuration: useAprConnector [false], useOpenSSL [true]
23-Feb-2021 11:35:29.828 INFORMACIÓN [main] org.apache.catalina.core.AprLifecycleListener.initializeSSL OpenSSL inicializado correctamente [OpenSSL 1.1.1i  8 Dec 2020]
23-Feb-2021 11:35:30.030 INFORMACIÓN [main] org.apache.coyote.AbstractProtocol.init Inicializando el manejador de protocolo ["http-nio-8080"]

23-Feb-2021 11:35:30.196 INFORMACIÓN [main] org.apache.catalina.startup.Catalina.load Server initialization in [1318] milliseconds
23-Feb-2021 11:35:30.215 INFORMACIÓN [main] org.apache.catalina.core.StandardService.startInternal Arrancando servicio [Catalina]
23-Feb-2021 11:35:30.216 INFORMACIÓN [main] org.apache.catalina.core.StandardEngine.startInternal Starting Servlet engine: [Apache Tomcat/9.0.37]
23-Feb-2021 11:35:30.221 INFORMACIÓN [main] org.apache.catalina.startup.HostConfig.deployDescriptor Desplieque del descriptor de configuración [C:\TFG\tomcat\conf\Catalina\localhost\bytes.xml]
23-Feb-2021 11:35:30.233 ADVERTENCIA [main] org.apache.catalina.startup.HostConfig.deployDescriptor The path attribute with value [/bytes] in deployment descriptor [C:\TFG\tomcat\conf\Catalina\localhost\bytes.xml] has been ignored
23-Feb-2021 11:35:30.237 ADVERTENCIA [main] org.apache.catalina.startup.HostConfig.deployDescriptor Se ha especificado un docBase [C:\TFG\tomcat\webapps\home\clwn1\Escritorio\urv\jaas-authentication-in-tomcat-example\com-byteslounge-jaas\target\com-byteslounge-jaas-1.0-SNAPSHOT] dentro del appBase de la máquina y será ignorado
23-Feb-2021 11:35:30.253 GRAVE [main] org.apache.catalina.startup.HostConfig.deployDescriptor Error durante el despliegue del descriptor de configuración [C:\TFG\tomcat\conf\Catalina\localhost\bytes.xml]
	java.lang.IllegalStateException: Error starting child
		at org.apache.catalina.core.ContainerBase.addChildInternal(ContainerBase.java:720)
		at org.apache.catalina.core.ContainerBase.addChild(ContainerBase.java:690)
		at org.apache.catalina.core.StandardHost.addChild(StandardHost.java:705)
		at org.apache.catalina.startup.HostConfig.deployDescriptor(HostConfig.java:631)
		at org.apache.catalina.startup.HostConfig$DeployDescriptor.run(HostConfig.java:1830)
		at java.util.concurrent.Executors$RunnableAdapter.call(Executors.java:511)
		at java.util.concurrent.FutureTask.run(FutureTask.java:266)
		at org.apache.tomcat.util.threads.InlineExecutorService.execute(InlineExecutorService.java:75)
		at java.util.concurrent.AbstractExecutorService.submit(AbstractExecutorService.java:112)
		at org.apache.catalina.startup.HostConfig.deployDescriptors(HostConfig.java:526)
		at org.apache.catalina.startup.HostConfig.deployApps(HostConfig.java:425)
		at org.apache.catalina.startup.HostConfig.start(HostConfig.java:1576)
		at org.apache.catalina.startup.HostConfig.lifecycleEvent(HostConfig.java:309)
		at org.apache.catalina.util.LifecycleBase.fireLifecycleEvent(LifecycleBase.java:123)
		at org.apache.catalina.util.LifecycleBase.setStateInternal(LifecycleBase.java:423)
		at org.apache.catalina.util.LifecycleBase.setState(LifecycleBase.java:366)
		at org.apache.catalina.core.ContainerBase.startInternal(ContainerBase.java:936)
		at org.apache.catalina.core.StandardHost.startInternal(StandardHost.java:841)
		at org.apache.catalina.util.LifecycleBase.start(LifecycleBase.java:183)
		at org.apache.catalina.core.ContainerBase$StartChild.call(ContainerBase.java:1384)
		at org.apache.catalina.core.ContainerBase$StartChild.call(ContainerBase.java:1374)
		at java.util.concurrent.FutureTask.run(FutureTask.java:266)
		at org.apache.tomcat.util.threads.InlineExecutorService.execute(InlineExecutorService.java:75)
		at java.util.concurrent.AbstractExecutorService.submit(AbstractExecutorService.java:134)
		at org.apache.catalina.core.ContainerBase.startInternal(ContainerBase.java:909)
		at org.apache.catalina.core.StandardEngine.startInternal(StandardEngine.java:262)
		at org.apache.catalina.util.LifecycleBase.start(LifecycleBase.java:183)
		at org.apache.catalina.core.StandardService.startInternal(StandardService.java:421)
		at org.apache.catalina.util.LifecycleBase.start(LifecycleBase.java:183)
		at org.apache.catalina.core.StandardServer.startInternal(StandardServer.java:930)
		at org.apache.catalina.util.LifecycleBase.start(LifecycleBase.java:183)
		at org.apache.catalina.startup.Catalina.start(Catalina.java:738)
		at sun.reflect.NativeMethodAccessorImpl.invoke0(Native Method)
		at sun.reflect.NativeMethodAccessorImpl.invoke(NativeMethodAccessorImpl.java:62)
		at sun.reflect.DelegatingMethodAccessorImpl.invoke(DelegatingMethodAccessorImpl.java:43)
		at java.lang.reflect.Method.invoke(Method.java:498)
		at org.apache.catalina.startup.Bootstrap.start(Bootstrap.java:342)
		at org.apache.catalina.startup.Bootstrap.main(Bootstrap.java:473)
	Caused by: org.apache.catalina.LifecycleException: Failed to start component [org.apache.catalina.webresources.StandardRoot@382db087]
		at org.apache.catalina.util.LifecycleBase.handleSubClassException(LifecycleBase.java:440)
		at org.apache.catalina.util.LifecycleBase.start(LifecycleBase.java:198)
		at org.apache.catalina.core.StandardContext.resourcesStart(StandardContext.java:4792)
		at org.apache.catalina.core.StandardContext.startInternal(StandardContext.java:4928)
		at org.apache.catalina.util.LifecycleBase.start(LifecycleBase.java:183)
		at org.apache.catalina.core.ContainerBase.addChildInternal(ContainerBase.java:717)
		... 37 more
	Caused by: java.lang.IllegalArgumentException: The main resource set specified [C:\TFG\tomcat\webapps\bytes] is not valid
		at org.apache.catalina.webresources.StandardRoot.createMainResourceSet(StandardRoot.java:751)
		at org.apache.catalina.webresources.StandardRoot.startInternal(StandardRoot.java:708)
		at org.apache.catalina.util.LifecycleBase.start(LifecycleBase.java:183)
		... 41 more
23-Feb-2021 11:35:30.256 INFORMACIÓN [main] org.apache.catalina.startup.HostConfig.deployDescriptor Deployment of deployment descriptor [C:\TFG\tomcat\conf\Catalina\localhost\bytes.xml] has finished in [34] ms
23-Feb-2021 11:35:30.256 INFORMACIÓN [main] org.apache.catalina.startup.HostConfig.deployDescriptor Desplieque del descriptor de configuración [C:\TFG\tomcat\conf\Catalina\localhost\web.xml]
23-Feb-2021 11:35:30.257 ADVERTENCIA [main] org.apache.catalina.startup.HostConfig.deployDescriptor The path attribute with value [/web] in deployment descriptor [C:\TFG\tomcat\conf\Catalina\localhost\web.xml] has been ignored
23-Feb-2021 11:35:30.258 ADVERTENCIA [main] org.apache.catalina.startup.HostConfig.deployDescriptor Se ha especificado un docBase [C:\TFG\tomcat\webapps\home\clwn1\Escritorio\TFG\web\target\web-1.0-SNAPSHOT] dentro del appBase de la máquina y será ignorado
23-Feb-2021 11:35:30.262 ADVERTENCIA [main] org.apache.tomcat.util.digester.SetPropertiesRule.begin Match [Context/Realm/CredentialHandler] failed to set property [keyLength] to [256]
23-Feb-2021 11:35:30.263 GRAVE [main] org.apache.catalina.startup.HostConfig.deployDescriptor Error durante el despliegue del descriptor de configuración [C:\TFG\tomcat\conf\Catalina\localhost\web.xml]
	java.lang.IllegalStateException: Error starting child
		at org.apache.catalina.core.ContainerBase.addChildInternal(ContainerBase.java:720)
		at org.apache.catalina.core.ContainerBase.addChild(ContainerBase.java:690)
		at org.apache.catalina.core.StandardHost.addChild(StandardHost.java:705)
		at org.apache.catalina.startup.HostConfig.deployDescriptor(HostConfig.java:631)
		at org.apache.catalina.startup.HostConfig$DeployDescriptor.run(HostConfig.java:1830)
		at java.util.concurrent.Executors$RunnableAdapter.call(Executors.java:511)
		at java.util.concurrent.FutureTask.run(FutureTask.java:266)
		at org.apache.tomcat.util.threads.InlineExecutorService.execute(InlineExecutorService.java:75)
		at java.util.concurrent.AbstractExecutorService.submit(AbstractExecutorService.java:112)
		at org.apache.catalina.startup.HostConfig.deployDescriptors(HostConfig.java:526)
		at org.apache.catalina.startup.HostConfig.deployApps(HostConfig.java:425)
		at org.apache.catalina.startup.HostConfig.start(HostConfig.java:1576)
		at org.apache.catalina.startup.HostConfig.lifecycleEvent(HostConfig.java:309)
		at org.apache.catalina.util.LifecycleBase.fireLifecycleEvent(LifecycleBase.java:123)
		at org.apache.catalina.util.LifecycleBase.setStateInternal(LifecycleBase.java:423)
		at org.apache.catalina.util.LifecycleBase.setState(LifecycleBase.java:366)
		at org.apache.catalina.core.ContainerBase.startInternal(ContainerBase.java:936)
		at org.apache.catalina.core.StandardHost.startInternal(StandardHost.java:841)
		at org.apache.catalina.util.LifecycleBase.start(LifecycleBase.java:183)
		at org.apache.catalina.core.ContainerBase$StartChild.call(ContainerBase.java:1384)
		at org.apache.catalina.core.ContainerBase$StartChild.call(ContainerBase.java:1374)
		at java.util.concurrent.FutureTask.run(FutureTask.java:266)
		at org.apache.tomcat.util.threads.InlineExecutorService.execute(InlineExecutorService.java:75)
		at java.util.concurrent.AbstractExecutorService.submit(AbstractExecutorService.java:134)
		at org.apache.catalina.core.ContainerBase.startInternal(ContainerBase.java:909)
		at org.apache.catalina.core.StandardEngine.startInternal(StandardEngine.java:262)
		at org.apache.catalina.util.LifecycleBase.start(LifecycleBase.java:183)
		at org.apache.catalina.core.StandardService.startInternal(StandardService.java:421)
		at org.apache.catalina.util.LifecycleBase.start(LifecycleBase.java:183)
		at org.apache.catalina.core.StandardServer.startInternal(StandardServer.java:930)
		at org.apache.catalina.util.LifecycleBase.start(LifecycleBase.java:183)
		at org.apache.catalina.startup.Catalina.start(Catalina.java:738)
		at sun.reflect.NativeMethodAccessorImpl.invoke0(Native Method)
		at sun.reflect.NativeMethodAccessorImpl.invoke(NativeMethodAccessorImpl.java:62)
		at sun.reflect.DelegatingMethodAccessorImpl.invoke(DelegatingMethodAccessorImpl.java:43)
		at java.lang.reflect.Method.invoke(Method.java:498)
		at org.apache.catalina.startup.Bootstrap.start(Bootstrap.java:342)
		at org.apache.catalina.startup.Bootstrap.main(Bootstrap.java:473)
	Caused by: org.apache.catalina.LifecycleException: Failed to start component [org.apache.catalina.webresources.StandardRoot@4f51b3e0]
		at org.apache.catalina.util.LifecycleBase.handleSubClassException(LifecycleBase.java:440)
		at org.apache.catalina.util.LifecycleBase.start(LifecycleBase.java:198)
		at org.apache.catalina.core.StandardContext.resourcesStart(StandardContext.java:4792)
		at org.apache.catalina.core.StandardContext.startInternal(StandardContext.java:4928)
		at org.apache.catalina.util.LifecycleBase.start(LifecycleBase.java:183)
		at org.apache.catalina.core.ContainerBase.addChildInternal(ContainerBase.java:717)
		... 37 more
	Caused by: java.lang.IllegalArgumentException: The main resource set specified [C:\TFG\tomcat\webapps\web] is not valid
		at org.apache.catalina.webresources.StandardRoot.createMainResourceSet(StandardRoot.java:751)
		at org.apache.catalina.webresources.StandardRoot.startInternal(StandardRoot.java:708)
		at org.apache.catalina.util.LifecycleBase.start(LifecycleBase.java:183)
		... 41 more
23-Feb-2021 11:35:30.264 INFORMACIÓN [main] org.apache.catalina.startup.HostConfig.deployDescriptor Deployment of deployment descriptor [C:\TFG\tomcat\conf\Catalina\localhost\web.xml] has finished in [8] ms
23-Feb-2021 11:35:30.264 INFORMACIÓN [main] org.apache.catalina.startup.HostConfig.deployDescriptor Desplieque del descriptor de configuración [C:\TFG\tomcat\conf\Catalina\localhost\WebServer.xml]
23-Feb-2021 11:35:30.265 ADVERTENCIA [main] org.apache.catalina.startup.HostConfig.deployDescriptor The path attribute with value [/WebServer] in deployment descriptor [C:\TFG\tomcat\conf\Catalina\localhost\WebServer.xml] has been ignored
23-Feb-2021 11:35:30.523 ADVERTENCIA [main] org.apache.tomcat.dbcp.dbcp2.BasicDataSourceFactory.getObjectInstance Name = webserver Property maxActive is not used in DBCP2, use maxTotal instead. maxTotal default value is 8. You have set value of "20" for "maxActive" property, which is being ignored.
23-Feb-2021 11:35:30.523 ADVERTENCIA [main] org.apache.tomcat.dbcp.dbcp2.BasicDataSourceFactory.getObjectInstance Name = webserver Property maxWait is not used in DBCP2 , use maxWaitMillis instead. maxWaitMillis default value is -1. You have set value of "-1" for "maxWait" property, which is being ignored.
23-Feb-2021 11:35:30.546 INFORMACIÓN [main] org.apache.jasper.servlet.TldScanner.scanJars Al menos un JAR, que se ha explorado buscando TLDs, aún no contenía TLDs. Activar historial de depuración para este historiador para una completa lista de los JARs que fueron explorados y de los que nos se halló TLDs. Saltarse JARs no necesarios durante la exploración puede dar lugar a una mejora de tiempo significativa en el arranque y compilación de JSP .
23-Feb-2021 11:35:30.575 INFORMACIÓN [main] org.apache.catalina.startup.HostConfig.deployDescriptor Deployment of deployment descriptor [C:\TFG\tomcat\conf\Catalina\localhost\WebServer.xml] has finished in [310] ms
23-Feb-2021 11:35:30.622 INFORMACIÓN [main] org.apache.catalina.startup.HostConfig.deployWAR Despliegue del archivo [C:\TFG\tomcat\webapps\WebServer-1.0-SNAPSHOT.war] de la aplicación web
23-Feb-2021 11:35:30.733 INFORMACIÓN [main] org.apache.jasper.servlet.TldScanner.scanJars Al menos un JAR, que se ha explorado buscando TLDs, aún no contenía TLDs. Activar historial de depuración para este historiador para una completa lista de los JARs que fueron explorados y de los que nos se halló TLDs. Saltarse JARs no necesarios durante la exploración puede dar lugar a una mejora de tiempo significativa en el arranque y compilación de JSP .
23-Feb-2021 11:35:30.735 INFORMACIÓN [main] org.apache.catalina.startup.HostConfig.deployWAR Deployment of web application archive [C:\TFG\tomcat\webapps\WebServer-1.0-SNAPSHOT.war] has finished in [113] ms
23-Feb-2021 11:35:30.735 INFORMACIÓN [main] org.apache.catalina.startup.HostConfig.deployDirectory Desplegando el directorio [C:\TFG\tomcat\webapps\docs] de la aplicación web
23-Feb-2021 11:35:30.834 INFORMACIÓN [main] org.apache.jasper.servlet.TldScanner.scanJars Al menos un JAR, que se ha explorado buscando TLDs, aún no contenía TLDs. Activar historial de depuración para este historiador para una completa lista de los JARs que fueron explorados y de los que nos se halló TLDs. Saltarse JARs no necesarios durante la exploración puede dar lugar a una mejora de tiempo significativa en el arranque y compilación de JSP .
23-Feb-2021 11:35:30.835 INFORMACIÓN [main] org.apache.catalina.startup.HostConfig.deployDirectory Deployment of web application directory [C:\TFG\tomcat\webapps\docs] has finished in [100] ms
23-Feb-2021 11:35:30.835 INFORMACIÓN [main] org.apache.catalina.startup.HostConfig.deployDirectory Desplegando el directorio [C:\TFG\tomcat\webapps\examples] de la aplicación web
23-Feb-2021 11:35:31.185 INFORMACIÓN [main] org.apache.jasper.servlet.TldScanner.scanJars Al menos un JAR, que se ha explorado buscando TLDs, aún no contenía TLDs. Activar historial de depuración para este historiador para una completa lista de los JARs que fueron explorados y de los que nos se halló TLDs. Saltarse JARs no necesarios durante la exploración puede dar lugar a una mejora de tiempo significativa en el arranque y compilación de JSP .
23-Feb-2021 11:35:31.213 INFORMACIÓN [main] org.apache.catalina.startup.HostConfig.deployDirectory Deployment of web application directory [C:\TFG\tomcat\webapps\examples] has finished in [377] ms
23-Feb-2021 11:35:31.213 INFORMACIÓN [main] org.apache.catalina.startup.HostConfig.deployDirectory Desplegando el directorio [C:\TFG\tomcat\webapps\host-manager] de la aplicación web
23-Feb-2021 11:35:31.314 INFORMACIÓN [main] org.apache.jasper.servlet.TldScanner.scanJars Al menos un JAR, que se ha explorado buscando TLDs, aún no contenía TLDs. Activar historial de depuración para este historiador para una completa lista de los JARs que fueron explorados y de los que nos se halló TLDs. Saltarse JARs no necesarios durante la exploración puede dar lugar a una mejora de tiempo significativa en el arranque y compilación de JSP .
23-Feb-2021 11:35:31.318 INFORMACIÓN [main] org.apache.catalina.startup.HostConfig.deployDirectory Deployment of web application directory [C:\TFG\tomcat\webapps\host-manager] has finished in [104] ms
23-Feb-2021 11:35:31.318 INFORMACIÓN [main] org.apache.catalina.startup.HostConfig.deployDirectory Desplegando el directorio [C:\TFG\tomcat\webapps\manager] de la aplicación web
23-Feb-2021 11:35:31.405 INFORMACIÓN [main] org.apache.jasper.servlet.TldScanner.scanJars Al menos un JAR, que se ha explorado buscando TLDs, aún no contenía TLDs. Activar historial de depuración para este historiador para una completa lista de los JARs que fueron explorados y de los que nos se halló TLDs. Saltarse JARs no necesarios durante la exploración puede dar lugar a una mejora de tiempo significativa en el arranque y compilación de JSP .
23-Feb-2021 11:35:31.407 INFORMACIÓN [main] org.apache.catalina.startup.HostConfig.deployDirectory Deployment of web application directory [C:\TFG\tomcat\webapps\manager] has finished in [89] ms
23-Feb-2021 11:35:31.407 INFORMACIÓN [main] org.apache.catalina.startup.HostConfig.deployDirectory Desplegando el directorio [C:\TFG\tomcat\webapps\ROOT] de la aplicación web
23-Feb-2021 11:35:31.490 INFORMACIÓN [main] org.apache.jasper.servlet.TldScanner.scanJars Al menos un JAR, que se ha explorado buscando TLDs, aún no contenía TLDs. Activar historial de depuración para este historiador para una completa lista de los JARs que fueron explorados y de los que nos se halló TLDs. Saltarse JARs no necesarios durante la exploración puede dar lugar a una mejora de tiempo significativa en el arranque y compilación de JSP .
23-Feb-2021 11:35:31.491 INFORMACIÓN [main] org.apache.catalina.startup.HostConfig.deployDirectory Deployment of web application directory [C:\TFG\tomcat\webapps\ROOT] has finished in [84] ms
23-Feb-2021 11:35:31.494 INFORMACIÓN [main] org.apache.coyote.AbstractProtocol.start Starting ProtocolHandler ["http-nio-8080"]
23-Feb-2021 11:35:31.499 INFORMACIÓN [main] org.apache.catalina.startup.Catalina.start Server startup in [1303] milliseconds
23-Feb-2021 11:37:31.874 INFORMACIÓN [http-nio-8080-exec-1] org.apache.catalina.startup.HostConfig.undeploy Repliegue (undeploy) de la aplicación web que tiene como trayectoria de contexto [/WebServer]
23-Feb-2021 11:38:03.426 INFORMACIÓN [http-nio-8080-exec-13] org.apache.catalina.startup.HostConfig.deployDescriptor Desplieque del descriptor de configuración [C:\TFG\tomcat\conf\Catalina\localhost\WebServer.xml]
23-Feb-2021 11:38:03.427 ADVERTENCIA [http-nio-8080-exec-13] org.apache.catalina.startup.HostConfig.deployDescriptor The path attribute with value [/WebServer] in deployment descriptor [C:\TFG\tomcat\conf\Catalina\localhost\WebServer.xml] has been ignored
23-Feb-2021 11:38:04.350 INFORMACIÓN [http-nio-8080-exec-13] org.apache.jasper.servlet.TldScanner.scanJars Al menos un JAR, que se ha explorado buscando TLDs, aún no contenía TLDs. Activar historial de depuración para este historiador para una completa lista de los JARs que fueron explorados y de los que nos se halló TLDs. Saltarse JARs no necesarios durante la exploración puede dar lugar a una mejora de tiempo significativa en el arranque y compilación de JSP .
23-Feb-2021 11:38:04.352 INFORMACIÓN [http-nio-8080-exec-13] org.apache.catalina.startup.HostConfig.deployDescriptor Deployment of deployment descriptor [C:\TFG\tomcat\conf\Catalina\localhost\WebServer.xml] has finished in [926] ms
23-Feb-2021 11:38:04.355 INFORMACIÓN [http-nio-8080-exec-2] org.apache.catalina.util.LifecycleBase.start The start() method was called on component [StandardEngine[Catalina].StandardHost[localhost].StandardContext[/WebServer]] after start() had already been called. The second call will be ignored.
23-Feb-2021 11:38:48.349 INFORMACIÓN [http-nio-8080-exec-20] org.apache.catalina.startup.HostConfig.undeploy Repliegue (undeploy) de la aplicación web que tiene como trayectoria de contexto [/WebServer]
23-Feb-2021 11:38:48.363 INFORMACIÓN [http-nio-8080-exec-16] org.apache.catalina.startup.HostConfig.deployDescriptor Desplieque del descriptor de configuración [C:\TFG\tomcat\conf\Catalina\localhost\WebServer.xml]
23-Feb-2021 11:38:48.364 ADVERTENCIA [http-nio-8080-exec-16] org.apache.catalina.startup.HostConfig.deployDescriptor The path attribute with value [/WebServer] in deployment descriptor [C:\TFG\tomcat\conf\Catalina\localhost\WebServer.xml] has been ignored
23-Feb-2021 11:38:49.199 INFORMACIÓN [http-nio-8080-exec-16] org.apache.jasper.servlet.TldScanner.scanJars Al menos un JAR, que se ha explorado buscando TLDs, aún no contenía TLDs. Activar historial de depuración para este historiador para una completa lista de los JARs que fueron explorados y de los que nos se halló TLDs. Saltarse JARs no necesarios durante la exploración puede dar lugar a una mejora de tiempo significativa en el arranque y compilación de JSP .
23-Feb-2021 11:38:49.201 INFORMACIÓN [http-nio-8080-exec-16] org.apache.catalina.startup.HostConfig.deployDescriptor Deployment of deployment descriptor [C:\TFG\tomcat\conf\Catalina\localhost\WebServer.xml] has finished in [838] ms
23-Feb-2021 11:38:49.204 INFORMACIÓN [http-nio-8080-exec-14] org.apache.catalina.util.LifecycleBase.start The start() method was called on component [StandardEngine[Catalina].StandardHost[localhost].StandardContext[/WebServer]] after start() had already been called. The second call will be ignored.
23-Feb-2021 11:39:41.950 INFORMACIÓN [http-nio-8080-exec-21] org.apache.catalina.startup.HostConfig.undeploy Repliegue (undeploy) de la aplicación web que tiene como trayectoria de contexto [/WebServer]
23-Feb-2021 11:39:47.435 INFORMACIÓN [http-nio-8080-exec-25] org.apache.catalina.startup.HostConfig.deployDescriptor Desplieque del descriptor de configuración [C:\TFG\tomcat\conf\Catalina\localhost\WebServer.xml]
23-Feb-2021 11:39:47.436 ADVERTENCIA [http-nio-8080-exec-25] org.apache.catalina.startup.HostConfig.deployDescriptor The path attribute with value [/WebServer] in deployment descriptor [C:\TFG\tomcat\conf\Catalina\localhost\WebServer.xml] has been ignored
23-Feb-2021 11:39:48.277 INFORMACIÓN [http-nio-8080-exec-25] org.apache.jasper.servlet.TldScanner.scanJars Al menos un JAR, que se ha explorado buscando TLDs, aún no contenía TLDs. Activar historial de depuración para este historiador para una completa lista de los JARs que fueron explorados y de los que nos se halló TLDs. Saltarse JARs no necesarios durante la exploración puede dar lugar a una mejora de tiempo significativa en el arranque y compilación de JSP .
23-Feb-2021 11:39:48.280 INFORMACIÓN [http-nio-8080-exec-25] org.apache.catalina.startup.HostConfig.deployDescriptor Deployment of deployment descriptor [C:\TFG\tomcat\conf\Catalina\localhost\WebServer.xml] has finished in [844] ms
23-Feb-2021 11:39:48.282 INFORMACIÓN [http-nio-8080-exec-22] org.apache.catalina.util.LifecycleBase.start The start() method was called on component [StandardEngine[Catalina].StandardHost[localhost].StandardContext[/WebServer]] after start() had already been called. The second call will be ignored.
23-Feb-2021 11:40:28.363 INFORMACIÓN [http-nio-8080-exec-14] org.apache.catalina.startup.HostConfig.undeploy Repliegue (undeploy) de la aplicación web que tiene como trayectoria de contexto [/WebServer]
23-Feb-2021 11:40:34.444 INFORMACIÓN [http-nio-8080-exec-33] org.apache.catalina.startup.HostConfig.deployDescriptor Desplieque del descriptor de configuración [C:\TFG\tomcat\conf\Catalina\localhost\WebServer.xml]
23-Feb-2021 11:40:34.445 ADVERTENCIA [http-nio-8080-exec-33] org.apache.catalina.startup.HostConfig.deployDescriptor The path attribute with value [/WebServer] in deployment descriptor [C:\TFG\tomcat\conf\Catalina\localhost\WebServer.xml] has been ignored
23-Feb-2021 11:40:35.257 INFORMACIÓN [http-nio-8080-exec-33] org.apache.jasper.servlet.TldScanner.scanJars Al menos un JAR, que se ha explorado buscando TLDs, aún no contenía TLDs. Activar historial de depuración para este historiador para una completa lista de los JARs que fueron explorados y de los que nos se halló TLDs. Saltarse JARs no necesarios durante la exploración puede dar lugar a una mejora de tiempo significativa en el arranque y compilación de JSP .
23-Feb-2021 11:40:35.260 INFORMACIÓN [http-nio-8080-exec-33] org.apache.catalina.startup.HostConfig.deployDescriptor Deployment of deployment descriptor [C:\TFG\tomcat\conf\Catalina\localhost\WebServer.xml] has finished in [816] ms
23-Feb-2021 11:40:35.263 INFORMACIÓN [http-nio-8080-exec-28] org.apache.catalina.util.LifecycleBase.start The start() method was called on component [StandardEngine[Catalina].StandardHost[localhost].StandardContext[/WebServer]] after start() had already been called. The second call will be ignored.
23-Feb-2021 11:55:49.984 INFORMACIÓN [http-nio-8080-exec-35] org.apache.catalina.core.StandardContext.reload Ha comenzado la recarga de Contexto [/WebServer]
23-Feb-2021 11:55:50.810 INFORMACIÓN [http-nio-8080-exec-35] org.apache.jasper.servlet.TldScanner.scanJars Al menos un JAR, que se ha explorado buscando TLDs, aún no contenía TLDs. Activar historial de depuración para este historiador para una completa lista de los JARs que fueron explorados y de los que nos se halló TLDs. Saltarse JARs no necesarios durante la exploración puede dar lugar a una mejora de tiempo significativa en el arranque y compilación de JSP .
23-Feb-2021 11:55:50.818 INFORMACIÓN [http-nio-8080-exec-35] org.apache.catalina.core.StandardContext.reload Se ha completado la recarga de este Contexto
23-Feb-2021 11:55:58.925 INFORMACIÓN [http-nio-8080-exec-39] org.apache.catalina.startup.HostConfig.undeploy Repliegue (undeploy) de la aplicación web que tiene como trayectoria de contexto [/WebServer]
23-Feb-2021 11:56:05.347 INFORMACIÓN [http-nio-8080-exec-38] org.apache.catalina.startup.HostConfig.deployDescriptor Desplieque del descriptor de configuración [C:\TFG\tomcat\conf\Catalina\localhost\WebServer.xml]
23-Feb-2021 11:56:05.348 ADVERTENCIA [http-nio-8080-exec-38] org.apache.catalina.startup.HostConfig.deployDescriptor The path attribute with value [/WebServer] in deployment descriptor [C:\TFG\tomcat\conf\Catalina\localhost\WebServer.xml] has been ignored
23-Feb-2021 11:56:06.203 INFORMACIÓN [http-nio-8080-exec-38] org.apache.jasper.servlet.TldScanner.scanJars Al menos un JAR, que se ha explorado buscando TLDs, aún no contenía TLDs. Activar historial de depuración para este historiador para una completa lista de los JARs que fueron explorados y de los que nos se halló TLDs. Saltarse JARs no necesarios durante la exploración puede dar lugar a una mejora de tiempo significativa en el arranque y compilación de JSP .
23-Feb-2021 11:56:06.205 INFORMACIÓN [http-nio-8080-exec-38] org.apache.catalina.startup.HostConfig.deployDescriptor Deployment of deployment descriptor [C:\TFG\tomcat\conf\Catalina\localhost\WebServer.xml] has finished in [858] ms
23-Feb-2021 11:56:06.208 INFORMACIÓN [http-nio-8080-exec-44] org.apache.catalina.util.LifecycleBase.start The start() method was called on component [StandardEngine[Catalina].StandardHost[localhost].StandardContext[/WebServer]] after start() had already been called. The second call will be ignored.
23-Feb-2021 11:56:10.471 ADVERTENCIA [http-nio-8080-exec-47] org.apache.catalina.realm.JAASRealm.authenticate Excepción de Login autenticando nombre de usuario [null]
	javax.security.auth.login.LoginException: Fallo en inicio de sesión: se han ignorado todos los módulos
		at javax.security.auth.login.LoginContext.invoke(LoginContext.java:906)
		at javax.security.auth.login.LoginContext.access$000(LoginContext.java:195)
		at javax.security.auth.login.LoginContext$4.run(LoginContext.java:682)
		at javax.security.auth.login.LoginContext$4.run(LoginContext.java:680)
		at java.security.AccessController.doPrivileged(Native Method)
		at javax.security.auth.login.LoginContext.invokePriv(LoginContext.java:680)
		at javax.security.auth.login.LoginContext.login(LoginContext.java:587)
		at org.apache.catalina.realm.JAASRealm.authenticate(JAASRealm.java:418)
		at org.apache.catalina.realm.JAASRealm.authenticate(JAASRealm.java:332)
		at org.apache.catalina.authenticator.FormAuthenticator.doAuthenticate(FormAuthenticator.java:243)
		at org.apache.catalina.authenticator.AuthenticatorBase.invoke(AuthenticatorBase.java:631)
		at org.apache.catalina.core.StandardHostValve.invoke(StandardHostValve.java:139)
		at org.apache.catalina.valves.ErrorReportValve.invoke(ErrorReportValve.java:92)
		at org.apache.catalina.valves.AbstractAccessLogValve.invoke(AbstractAccessLogValve.java:690)
		at org.apache.catalina.core.StandardEngineValve.invoke(StandardEngineValve.java:74)
		at org.apache.catalina.connector.CoyoteAdapter.service(CoyoteAdapter.java:343)
		at org.apache.coyote.http11.Http11Processor.service(Http11Processor.java:373)
		at org.apache.coyote.AbstractProcessorLight.process(AbstractProcessorLight.java:65)
		at org.apache.coyote.AbstractProtocol$ConnectionHandler.process(AbstractProtocol.java:868)
		at org.apache.tomcat.util.net.NioEndpoint$SocketProcessor.doRun(NioEndpoint.java:1589)
		at org.apache.tomcat.util.net.SocketProcessorBase.run(SocketProcessorBase.java:49)
		at java.util.concurrent.ThreadPoolExecutor.runWorker(ThreadPoolExecutor.java:1149)
		at java.util.concurrent.ThreadPoolExecutor$Worker.run(ThreadPoolExecutor.java:624)
		at org.apache.tomcat.util.threads.TaskThread$WrappingRunnable.run(TaskThread.java:61)
		at java.lang.Thread.run(Thread.java:748)
23-Feb-2021 11:57:11.163 INFORMACIÓN [http-nio-8080-exec-52] org.apache.catalina.startup.HostConfig.undeploy Repliegue (undeploy) de la aplicación web que tiene como trayectoria de contexto [/WebServer]
23-Feb-2021 11:57:11.177 INFORMACIÓN [http-nio-8080-exec-47] org.apache.catalina.startup.HostConfig.deployDescriptor Desplieque del descriptor de configuración [C:\TFG\tomcat\conf\Catalina\localhost\WebServer.xml]
23-Feb-2021 11:57:11.177 ADVERTENCIA [http-nio-8080-exec-47] org.apache.catalina.startup.HostConfig.deployDescriptor The path attribute with value [/WebServer] in deployment descriptor [C:\TFG\tomcat\conf\Catalina\localhost\WebServer.xml] has been ignored
23-Feb-2021 11:57:11.960 INFORMACIÓN [http-nio-8080-exec-47] org.apache.jasper.servlet.TldScanner.scanJars Al menos un JAR, que se ha explorado buscando TLDs, aún no contenía TLDs. Activar historial de depuración para este historiador para una completa lista de los JARs que fueron explorados y de los que nos se halló TLDs. Saltarse JARs no necesarios durante la exploración puede dar lugar a una mejora de tiempo significativa en el arranque y compilación de JSP .
23-Feb-2021 11:57:11.962 INFORMACIÓN [http-nio-8080-exec-47] org.apache.catalina.startup.HostConfig.deployDescriptor Deployment of deployment descriptor [C:\TFG\tomcat\conf\Catalina\localhost\WebServer.xml] has finished in [784] ms
23-Feb-2021 11:57:11.964 INFORMACIÓN [http-nio-8080-exec-44] org.apache.catalina.util.LifecycleBase.start The start() method was called on component [StandardEngine[Catalina].StandardHost[localhost].StandardContext[/WebServer]] after start() had already been called. The second call will be ignored.
23-Feb-2021 11:58:09.413 INFORMACIÓN [http-nio-8080-exec-55] org.apache.catalina.core.StandardContext.reload Ha comenzado la recarga de Contexto [/WebServer]
23-Feb-2021 11:58:10.180 INFORMACIÓN [http-nio-8080-exec-55] org.apache.jasper.servlet.TldScanner.scanJars Al menos un JAR, que se ha explorado buscando TLDs, aún no contenía TLDs. Activar historial de depuración para este historiador para una completa lista de los JARs que fueron explorados y de los que nos se halló TLDs. Saltarse JARs no necesarios durante la exploración puede dar lugar a una mejora de tiempo significativa en el arranque y compilación de JSP .
23-Feb-2021 11:58:10.187 INFORMACIÓN [http-nio-8080-exec-55] org.apache.catalina.core.StandardContext.reload Se ha completado la recarga de este Contexto
23-Feb-2021 11:58:10.530 INFORMACIÓN [http-nio-8080-exec-58] org.apache.catalina.core.StandardContext.reload Ha comenzado la recarga de Contexto [/WebServer]
23-Feb-2021 11:58:11.292 INFORMACIÓN [http-nio-8080-exec-58] org.apache.jasper.servlet.TldScanner.scanJars Al menos un JAR, que se ha explorado buscando TLDs, aún no contenía TLDs. Activar historial de depuración para este historiador para una completa lista de los JARs que fueron explorados y de los que nos se halló TLDs. Saltarse JARs no necesarios durante la exploración puede dar lugar a una mejora de tiempo significativa en el arranque y compilación de JSP .
23-Feb-2021 11:58:11.295 INFORMACIÓN [http-nio-8080-exec-58] org.apache.catalina.core.StandardContext.reload Se ha completado la recarga de este Contexto
23-Feb-2021 12:59:20.518 INFORMACIÓN [http-nio-8080-exec-67] org.apache.catalina.core.StandardContext.reload Ha comenzado la recarga de Contexto [/WebServer]
23-Feb-2021 12:59:21.504 INFORMACIÓN [http-nio-8080-exec-67] org.apache.jasper.servlet.TldScanner.scanJars Al menos un JAR, que se ha explorado buscando TLDs, aún no contenía TLDs. Activar historial de depuración para este historiador para una completa lista de los JARs que fueron explorados y de los que nos se halló TLDs. Saltarse JARs no necesarios durante la exploración puede dar lugar a una mejora de tiempo significativa en el arranque y compilación de JSP .
23-Feb-2021 12:59:21.506 INFORMACIÓN [http-nio-8080-exec-67] org.apache.catalina.core.StandardContext.reload Se ha completado la recarga de este Contexto
23-Feb-2021 12:59:21.823 INFORMACIÓN [http-nio-8080-exec-64] org.apache.catalina.core.StandardContext.reload Ha comenzado la recarga de Contexto [/WebServer]
23-Feb-2021 12:59:22.625 INFORMACIÓN [http-nio-8080-exec-64] org.apache.jasper.servlet.TldScanner.scanJars Al menos un JAR, que se ha explorado buscando TLDs, aún no contenía TLDs. Activar historial de depuración para este historiador para una completa lista de los JARs que fueron explorados y de los que nos se halló TLDs. Saltarse JARs no necesarios durante la exploración puede dar lugar a una mejora de tiempo significativa en el arranque y compilación de JSP .
23-Feb-2021 12:59:22.626 INFORMACIÓN [http-nio-8080-exec-64] org.apache.catalina.core.StandardContext.reload Se ha completado la recarga de este Contexto
23-Feb-2021 12:59:25.522 INFORMACIÓN [http-nio-8080-exec-62] org.apache.catalina.core.StandardContext.reload Ha comenzado la recarga de Contexto [/WebServer]
23-Feb-2021 12:59:26.518 INFORMACIÓN [http-nio-8080-exec-62] org.apache.jasper.servlet.TldScanner.scanJars Al menos un JAR, que se ha explorado buscando TLDs, aún no contenía TLDs. Activar historial de depuración para este historiador para una completa lista de los JARs que fueron explorados y de los que nos se halló TLDs. Saltarse JARs no necesarios durante la exploración puede dar lugar a una mejora de tiempo significativa en el arranque y compilación de JSP .
23-Feb-2021 12:59:26.520 INFORMACIÓN [http-nio-8080-exec-62] org.apache.catalina.core.StandardContext.reload Se ha completado la recarga de este Contexto
23-Feb-2021 12:59:26.922 INFORMACIÓN [http-nio-8080-exec-73] org.apache.catalina.core.StandardContext.reload Ha comenzado la recarga de Contexto [/WebServer]
23-Feb-2021 12:59:27.824 INFORMACIÓN [http-nio-8080-exec-73] org.apache.jasper.servlet.TldScanner.scanJars Al menos un JAR, que se ha explorado buscando TLDs, aún no contenía TLDs. Activar historial de depuración para este historiador para una completa lista de los JARs que fueron explorados y de los que nos se halló TLDs. Saltarse JARs no necesarios durante la exploración puede dar lugar a una mejora de tiempo significativa en el arranque y compilación de JSP .
23-Feb-2021 12:59:27.826 INFORMACIÓN [http-nio-8080-exec-73] org.apache.catalina.core.StandardContext.reload Se ha completado la recarga de este Contexto
23-Feb-2021 12:59:28.173 INFORMACIÓN [http-nio-8080-exec-74] org.apache.catalina.core.StandardContext.reload Ha comenzado la recarga de Contexto [/WebServer]
23-Feb-2021 12:59:28.977 INFORMACIÓN [http-nio-8080-exec-74] org.apache.jasper.servlet.TldScanner.scanJars Al menos un JAR, que se ha explorado buscando TLDs, aún no contenía TLDs. Activar historial de depuración para este historiador para una completa lista de los JARs que fueron explorados y de los que nos se halló TLDs. Saltarse JARs no necesarios durante la exploración puede dar lugar a una mejora de tiempo significativa en el arranque y compilación de JSP .
23-Feb-2021 12:59:28.978 INFORMACIÓN [http-nio-8080-exec-74] org.apache.catalina.core.StandardContext.reload Se ha completado la recarga de este Contexto
23-Feb-2021 12:59:55.404 INFORMACIÓN [http-nio-8080-exec-75] org.apache.catalina.core.StandardContext.reload Ha comenzado la recarga de Contexto [/WebServer]
23-Feb-2021 12:59:56.170 INFORMACIÓN [http-nio-8080-exec-75] org.apache.jasper.servlet.TldScanner.scanJars Al menos un JAR, que se ha explorado buscando TLDs, aún no contenía TLDs. Activar historial de depuración para este historiador para una completa lista de los JARs que fueron explorados y de los que nos se halló TLDs. Saltarse JARs no necesarios durante la exploración puede dar lugar a una mejora de tiempo significativa en el arranque y compilación de JSP .
23-Feb-2021 12:59:56.172 INFORMACIÓN [http-nio-8080-exec-75] org.apache.catalina.core.StandardContext.reload Se ha completado la recarga de este Contexto
23-Feb-2021 16:24:50.303 INFORMACIÓN [http-nio-8080-exec-84] org.apache.catalina.core.StandardContext.reload Ha comenzado la recarga de Contexto [/WebServer]
23-Feb-2021 16:24:51.135 INFORMACIÓN [http-nio-8080-exec-84] org.apache.jasper.servlet.TldScanner.scanJars Al menos un JAR, que se ha explorado buscando TLDs, aún no contenía TLDs. Activar historial de depuración para este historiador para una completa lista de los JARs que fueron explorados y de los que nos se halló TLDs. Saltarse JARs no necesarios durante la exploración puede dar lugar a una mejora de tiempo significativa en el arranque y compilación de JSP .
23-Feb-2021 16:24:51.137 INFORMACIÓN [http-nio-8080-exec-84] org.apache.catalina.core.StandardContext.reload Se ha completado la recarga de este Contexto
23-Feb-2021 16:26:23.374 INFORMACIÓN [http-nio-8080-exec-89] org.apache.jasper.servlet.TldScanner.scanJars Al menos un JAR, que se ha explorado buscando TLDs, aún no contenía TLDs. Activar historial de depuración para este historiador para una completa lista de los JARs que fueron explorados y de los que nos se halló TLDs. Saltarse JARs no necesarios durante la exploración puede dar lugar a una mejora de tiempo significativa en el arranque y compilación de JSP .
23-Feb-2021 16:26:24.472 INFORMACIÓN [http-nio-8080-exec-78] org.apache.jasper.servlet.TldScanner.scanJars Al menos un JAR, que se ha explorado buscando TLDs, aún no contenía TLDs. Activar historial de depuración para este historiador para una completa lista de los JARs que fueron explorados y de los que nos se halló TLDs. Saltarse JARs no necesarios durante la exploración puede dar lugar a una mejora de tiempo significativa en el arranque y compilación de JSP .
23-Feb-2021 16:26:24.792 INFORMACIÓN [Catalina-utility-1] org.apache.catalina.startup.HostConfig.reload Falló la recarga del contexto [/WebServer]
23-Feb-2021 16:26:24.792 INFORMACIÓN [Catalina-utility-1] org.apache.catalina.core.StandardContext.reload Ha comenzado la recarga de Contexto [/WebServer]
23-Feb-2021 16:26:25.613 INFORMACIÓN [Catalina-utility-1] org.apache.jasper.servlet.TldScanner.scanJars Al menos un JAR, que se ha explorado buscando TLDs, aún no contenía TLDs. Activar historial de depuración para este historiador para una completa lista de los JARs que fueron explorados y de los que nos se halló TLDs. Saltarse JARs no necesarios durante la exploración puede dar lugar a una mejora de tiempo significativa en el arranque y compilación de JSP .
23-Feb-2021 16:26:25.614 INFORMACIÓN [Catalina-utility-1] org.apache.catalina.core.StandardContext.reload Se ha completado la recarga de este Contexto
23-Feb-2021 16:27:51.079 INFORMACIÓN [http-nio-8080-exec-91] org.apache.catalina.core.StandardContext.reload Ha comenzado la recarga de Contexto [/WebServer]
23-Feb-2021 16:27:51.857 INFORMACIÓN [http-nio-8080-exec-91] org.apache.jasper.servlet.TldScanner.scanJars Al menos un JAR, que se ha explorado buscando TLDs, aún no contenía TLDs. Activar historial de depuración para este historiador para una completa lista de los JARs que fueron explorados y de los que nos se halló TLDs. Saltarse JARs no necesarios durante la exploración puede dar lugar a una mejora de tiempo significativa en el arranque y compilación de JSP .
23-Feb-2021 16:27:51.858 INFORMACIÓN [http-nio-8080-exec-91] org.apache.catalina.core.StandardContext.reload Se ha completado la recarga de este Contexto
23-Feb-2021 16:30:45.865 INFORMACIÓN [http-nio-8080-exec-86] org.apache.jasper.servlet.TldScanner.scanJars Al menos un JAR, que se ha explorado buscando TLDs, aún no contenía TLDs. Activar historial de depuración para este historiador para una completa lista de los JARs que fueron explorados y de los que nos se halló TLDs. Saltarse JARs no necesarios durante la exploración puede dar lugar a una mejora de tiempo significativa en el arranque y compilación de JSP .
23-Feb-2021 16:30:46.933 INFORMACIÓN [http-nio-8080-exec-78] org.apache.jasper.servlet.TldScanner.scanJars Al menos un JAR, que se ha explorado buscando TLDs, aún no contenía TLDs. Activar historial de depuración para este historiador para una completa lista de los JARs que fueron explorados y de los que nos se halló TLDs. Saltarse JARs no necesarios durante la exploración puede dar lugar a una mejora de tiempo significativa en el arranque y compilación de JSP .
23-Feb-2021 16:30:55.706 INFORMACIÓN [Catalina-utility-2] org.apache.catalina.startup.HostConfig.reload Falló la recarga del contexto [/WebServer]
23-Feb-2021 16:30:55.706 INFORMACIÓN [Catalina-utility-2] org.apache.catalina.core.StandardContext.reload Ha comenzado la recarga de Contexto [/WebServer]
23-Feb-2021 16:30:56.543 INFORMACIÓN [Catalina-utility-2] org.apache.jasper.servlet.TldScanner.scanJars Al menos un JAR, que se ha explorado buscando TLDs, aún no contenía TLDs. Activar historial de depuración para este historiador para una completa lista de los JARs que fueron explorados y de los que nos se halló TLDs. Saltarse JARs no necesarios durante la exploración puede dar lugar a una mejora de tiempo significativa en el arranque y compilación de JSP .
23-Feb-2021 16:30:56.545 INFORMACIÓN [Catalina-utility-2] org.apache.catalina.core.StandardContext.reload Se ha completado la recarga de este Contexto
23-Feb-2021 16:32:18.062 INFORMACIÓN [http-nio-8080-exec-91] org.apache.catalina.startup.HostConfig.undeploy Repliegue (undeploy) de la aplicación web que tiene como trayectoria de contexto [/WebServer]
23-Feb-2021 16:32:36.615 INFORMACIÓN [http-nio-8080-exec-86] org.apache.catalina.startup.HostConfig.deployDescriptor Desplieque del descriptor de configuración [C:\TFG\tomcat\conf\Catalina\localhost\WebServer.xml]
23-Feb-2021 16:32:36.616 ADVERTENCIA [http-nio-8080-exec-86] org.apache.catalina.startup.HostConfig.deployDescriptor The path attribute with value [/WebServer] in deployment descriptor [C:\TFG\tomcat\conf\Catalina\localhost\WebServer.xml] has been ignored
23-Feb-2021 16:32:37.347 INFORMACIÓN [http-nio-8080-exec-86] org.apache.jasper.servlet.TldScanner.scanJars Al menos un JAR, que se ha explorado buscando TLDs, aún no contenía TLDs. Activar historial de depuración para este historiador para una completa lista de los JARs que fueron explorados y de los que nos se halló TLDs. Saltarse JARs no necesarios durante la exploración puede dar lugar a una mejora de tiempo significativa en el arranque y compilación de JSP .
23-Feb-2021 16:32:37.349 INFORMACIÓN [http-nio-8080-exec-86] org.apache.catalina.startup.HostConfig.deployDescriptor Deployment of deployment descriptor [C:\TFG\tomcat\conf\Catalina\localhost\WebServer.xml] has finished in [734] ms
23-Feb-2021 16:32:37.351 INFORMACIÓN [http-nio-8080-exec-91] org.apache.catalina.util.LifecycleBase.start The start() method was called on component [StandardEngine[Catalina].StandardHost[localhost].StandardContext[/WebServer]] after start() had already been called. The second call will be ignored.
23-Feb-2021 16:33:53.254 INFORMACIÓN [http-nio-8080-exec-79] org.apache.catalina.startup.HostConfig.undeploy Repliegue (undeploy) de la aplicación web que tiene como trayectoria de contexto [/WebServer]
23-Feb-2021 16:33:58.977 INFORMACIÓN [http-nio-8080-exec-104] org.apache.catalina.startup.HostConfig.deployDescriptor Desplieque del descriptor de configuración [C:\TFG\tomcat\conf\Catalina\localhost\WebServer.xml]
23-Feb-2021 16:33:58.978 ADVERTENCIA [http-nio-8080-exec-104] org.apache.catalina.startup.HostConfig.deployDescriptor The path attribute with value [/WebServer] in deployment descriptor [C:\TFG\tomcat\conf\Catalina\localhost\WebServer.xml] has been ignored
23-Feb-2021 16:33:59.767 INFORMACIÓN [http-nio-8080-exec-104] org.apache.jasper.servlet.TldScanner.scanJars Al menos un JAR, que se ha explorado buscando TLDs, aún no contenía TLDs. Activar historial de depuración para este historiador para una completa lista de los JARs que fueron explorados y de los que nos se halló TLDs. Saltarse JARs no necesarios durante la exploración puede dar lugar a una mejora de tiempo significativa en el arranque y compilación de JSP .
23-Feb-2021 16:33:59.769 INFORMACIÓN [http-nio-8080-exec-104] org.apache.catalina.startup.HostConfig.deployDescriptor Deployment of deployment descriptor [C:\TFG\tomcat\conf\Catalina\localhost\WebServer.xml] has finished in [792] ms
23-Feb-2021 16:33:59.771 INFORMACIÓN [http-nio-8080-exec-79] org.apache.catalina.util.LifecycleBase.start The start() method was called on component [StandardEngine[Catalina].StandardHost[localhost].StandardContext[/WebServer]] after start() had already been called. The second call will be ignored.
23-Feb-2021 16:47:38.355 INFORMACIÓN [http-nio-8080-exec-115] org.apache.catalina.startup.HostConfig.undeploy Repliegue (undeploy) de la aplicación web que tiene como trayectoria de contexto [/WebServer]
23-Feb-2021 16:47:38.369 INFORMACIÓN [http-nio-8080-exec-116] org.apache.catalina.startup.HostConfig.deployDescriptor Desplieque del descriptor de configuración [C:\TFG\tomcat\conf\Catalina\localhost\WebServer.xml]
23-Feb-2021 16:47:38.370 ADVERTENCIA [http-nio-8080-exec-116] org.apache.catalina.startup.HostConfig.deployDescriptor The path attribute with value [/WebServer] in deployment descriptor [C:\TFG\tomcat\conf\Catalina\localhost\WebServer.xml] has been ignored
23-Feb-2021 16:47:39.409 INFORMACIÓN [http-nio-8080-exec-116] org.apache.jasper.servlet.TldScanner.scanJars Al menos un JAR, que se ha explorado buscando TLDs, aún no contenía TLDs. Activar historial de depuración para este historiador para una completa lista de los JARs que fueron explorados y de los que nos se halló TLDs. Saltarse JARs no necesarios durante la exploración puede dar lugar a una mejora de tiempo significativa en el arranque y compilación de JSP .
23-Feb-2021 16:47:39.411 INFORMACIÓN [http-nio-8080-exec-116] org.apache.catalina.startup.HostConfig.deployDescriptor Deployment of deployment descriptor [C:\TFG\tomcat\conf\Catalina\localhost\WebServer.xml] has finished in [1.042] ms
23-Feb-2021 16:47:39.413 INFORMACIÓN [http-nio-8080-exec-107] org.apache.catalina.util.LifecycleBase.start The start() method was called on component [StandardEngine[Catalina].StandardHost[localhost].StandardContext[/WebServer]] after start() had already been called. The second call will be ignored.
23-Feb-2021 16:47:44.750 INFORMACIÓN [http-nio-8080-exec-111] org.apache.catalina.startup.HostConfig.undeploy Repliegue (undeploy) de la aplicación web que tiene como trayectoria de contexto [/WebServer]
23-Feb-2021 16:47:44.764 INFORMACIÓN [http-nio-8080-exec-116] org.apache.catalina.startup.HostConfig.deployDescriptor Desplieque del descriptor de configuración [C:\TFG\tomcat\conf\Catalina\localhost\WebServer.xml]
23-Feb-2021 16:47:44.764 ADVERTENCIA [http-nio-8080-exec-116] org.apache.catalina.startup.HostConfig.deployDescriptor The path attribute with value [/WebServer] in deployment descriptor [C:\TFG\tomcat\conf\Catalina\localhost\WebServer.xml] has been ignored
23-Feb-2021 16:47:45.503 INFORMACIÓN [http-nio-8080-exec-116] org.apache.jasper.servlet.TldScanner.scanJars Al menos un JAR, que se ha explorado buscando TLDs, aún no contenía TLDs. Activar historial de depuración para este historiador para una completa lista de los JARs que fueron explorados y de los que nos se halló TLDs. Saltarse JARs no necesarios durante la exploración puede dar lugar a una mejora de tiempo significativa en el arranque y compilación de JSP .
23-Feb-2021 16:47:45.505 INFORMACIÓN [http-nio-8080-exec-116] org.apache.catalina.startup.HostConfig.deployDescriptor Deployment of deployment descriptor [C:\TFG\tomcat\conf\Catalina\localhost\WebServer.xml] has finished in [741] ms
23-Feb-2021 16:47:45.507 INFORMACIÓN [http-nio-8080-exec-110] org.apache.catalina.util.LifecycleBase.start The start() method was called on component [StandardEngine[Catalina].StandardHost[localhost].StandardContext[/WebServer]] after start() had already been called. The second call will be ignored.
23-Feb-2021 16:48:24.256 INFORMACIÓN [http-nio-8080-exec-124] org.apache.jasper.servlet.TldScanner.scanJars Al menos un JAR, que se ha explorado buscando TLDs, aún no contenía TLDs. Activar historial de depuración para este historiador para una completa lista de los JARs que fueron explorados y de los que nos se halló TLDs. Saltarse JARs no necesarios durante la exploración puede dar lugar a una mejora de tiempo significativa en el arranque y compilación de JSP .
23-Feb-2021 16:48:25.364 INFORMACIÓN [http-nio-8080-exec-123] org.apache.jasper.servlet.TldScanner.scanJars Al menos un JAR, que se ha explorado buscando TLDs, aún no contenía TLDs. Activar historial de depuración para este historiador para una completa lista de los JARs que fueron explorados y de los que nos se halló TLDs. Saltarse JARs no necesarios durante la exploración puede dar lugar a una mejora de tiempo significativa en el arranque y compilación de JSP .
23-Feb-2021 16:48:25.779 INFORMACIÓN [http-nio-8080-exec-125] org.apache.catalina.core.StandardContext.reload Ha comenzado la recarga de Contexto [/WebServer]
23-Feb-2021 16:48:26.642 INFORMACIÓN [http-nio-8080-exec-125] org.apache.jasper.servlet.TldScanner.scanJars Al menos un JAR, que se ha explorado buscando TLDs, aún no contenía TLDs. Activar historial de depuración para este historiador para una completa lista de los JARs que fueron explorados y de los que nos se halló TLDs. Saltarse JARs no necesarios durante la exploración puede dar lugar a una mejora de tiempo significativa en el arranque y compilación de JSP .
23-Feb-2021 16:48:26.645 INFORMACIÓN [http-nio-8080-exec-125] org.apache.catalina.core.StandardContext.reload Se ha completado la recarga de este Contexto
23-Feb-2021 16:48:26.896 INFORMACIÓN [Catalina-utility-2] org.apache.catalina.startup.HostConfig.reload Falló la recarga del contexto [/WebServer]
23-Feb-2021 16:48:26.896 INFORMACIÓN [Catalina-utility-2] org.apache.catalina.core.StandardContext.reload Ha comenzado la recarga de Contexto [/WebServer]
23-Feb-2021 16:48:27.737 INFORMACIÓN [Catalina-utility-2] org.apache.jasper.servlet.TldScanner.scanJars Al menos un JAR, que se ha explorado buscando TLDs, aún no contenía TLDs. Activar historial de depuración para este historiador para una completa lista de los JARs que fueron explorados y de los que nos se halló TLDs. Saltarse JARs no necesarios durante la exploración puede dar lugar a una mejora de tiempo significativa en el arranque y compilación de JSP .
23-Feb-2021 16:48:27.740 INFORMACIÓN [Catalina-utility-2] org.apache.catalina.core.StandardContext.reload Se ha completado la recarga de este Contexto
23-Feb-2021 16:48:27.740 INFORMACIÓN [http-nio-8080-exec-120] org.apache.catalina.core.StandardContext.reload Ha comenzado la recarga de Contexto [/WebServer]
23-Feb-2021 16:48:28.474 INFORMACIÓN [http-nio-8080-exec-120] org.apache.jasper.servlet.TldScanner.scanJars Al menos un JAR, que se ha explorado buscando TLDs, aún no contenía TLDs. Activar historial de depuración para este historiador para una completa lista de los JARs que fueron explorados y de los que nos se halló TLDs. Saltarse JARs no necesarios durante la exploración puede dar lugar a una mejora de tiempo significativa en el arranque y compilación de JSP .
23-Feb-2021 16:48:28.477 INFORMACIÓN [http-nio-8080-exec-120] org.apache.catalina.core.StandardContext.reload Se ha completado la recarga de este Contexto
23-Feb-2021 16:49:18.280 INFORMACIÓN [http-nio-8080-exec-127] org.apache.catalina.core.StandardContext.reload Ha comenzado la recarga de Contexto [/WebServer]
23-Feb-2021 16:49:19.174 INFORMACIÓN [http-nio-8080-exec-127] org.apache.jasper.servlet.TldScanner.scanJars Al menos un JAR, que se ha explorado buscando TLDs, aún no contenía TLDs. Activar historial de depuración para este historiador para una completa lista de los JARs que fueron explorados y de los que nos se halló TLDs. Saltarse JARs no necesarios durante la exploración puede dar lugar a una mejora de tiempo significativa en el arranque y compilación de JSP .
23-Feb-2021 16:49:19.177 INFORMACIÓN [http-nio-8080-exec-127] org.apache.catalina.core.StandardContext.reload Se ha completado la recarga de este Contexto
23-Feb-2021 16:49:19.523 INFORMACIÓN [http-nio-8080-exec-115] org.apache.catalina.core.StandardContext.reload Ha comenzado la recarga de Contexto [/WebServer]
23-Feb-2021 16:49:20.284 INFORMACIÓN [http-nio-8080-exec-115] org.apache.jasper.servlet.TldScanner.scanJars Al menos un JAR, que se ha explorado buscando TLDs, aún no contenía TLDs. Activar historial de depuración para este historiador para una completa lista de los JARs que fueron explorados y de los que nos se halló TLDs. Saltarse JARs no necesarios durante la exploración puede dar lugar a una mejora de tiempo significativa en el arranque y compilación de JSP .
23-Feb-2021 16:49:20.286 INFORMACIÓN [http-nio-8080-exec-115] org.apache.catalina.core.StandardContext.reload Se ha completado la recarga de este Contexto
23-Feb-2021 16:50:13.746 INFORMACIÓN [http-nio-8080-exec-111] org.apache.catalina.core.StandardContext.reload Ha comenzado la recarga de Contexto [/WebServer]
23-Feb-2021 16:50:14.543 INFORMACIÓN [http-nio-8080-exec-111] org.apache.jasper.servlet.TldScanner.scanJars Al menos un JAR, que se ha explorado buscando TLDs, aún no contenía TLDs. Activar historial de depuración para este historiador para una completa lista de los JARs que fueron explorados y de los que nos se halló TLDs. Saltarse JARs no necesarios durante la exploración puede dar lugar a una mejora de tiempo significativa en el arranque y compilación de JSP .
23-Feb-2021 16:50:14.546 INFORMACIÓN [http-nio-8080-exec-111] org.apache.catalina.core.StandardContext.reload Se ha completado la recarga de este Contexto
23-Feb-2021 16:50:56.320 INFORMACIÓN [http-nio-8080-exec-125] org.apache.jasper.servlet.TldScanner.scanJars Al menos un JAR, que se ha explorado buscando TLDs, aún no contenía TLDs. Activar historial de depuración para este historiador para una completa lista de los JARs que fueron explorados y de los que nos se halló TLDs. Saltarse JARs no necesarios durante la exploración puede dar lugar a una mejora de tiempo significativa en el arranque y compilación de JSP .
23-Feb-2021 16:50:57.509 INFORMACIÓN [http-nio-8080-exec-126] org.apache.jasper.servlet.TldScanner.scanJars Al menos un JAR, que se ha explorado buscando TLDs, aún no contenía TLDs. Activar historial de depuración para este historiador para una completa lista de los JARs que fueron explorados y de los que nos se halló TLDs. Saltarse JARs no necesarios durante la exploración puede dar lugar a una mejora de tiempo significativa en el arranque y compilación de JSP .
23-Feb-2021 16:50:57.791 INFORMACIÓN [Catalina-utility-1] org.apache.catalina.startup.HostConfig.reload Falló la recarga del contexto [/WebServer]
23-Feb-2021 16:50:57.791 INFORMACIÓN [Catalina-utility-1] org.apache.catalina.core.StandardContext.reload Ha comenzado la recarga de Contexto [/WebServer]
23-Feb-2021 16:50:58.558 INFORMACIÓN [Catalina-utility-1] org.apache.jasper.servlet.TldScanner.scanJars Al menos un JAR, que se ha explorado buscando TLDs, aún no contenía TLDs. Activar historial de depuración para este historiador para una completa lista de los JARs que fueron explorados y de los que nos se halló TLDs. Saltarse JARs no necesarios durante la exploración puede dar lugar a una mejora de tiempo significativa en el arranque y compilación de JSP .
23-Feb-2021 16:50:58.560 INFORMACIÓN [Catalina-utility-1] org.apache.catalina.core.StandardContext.reload Se ha completado la recarga de este Contexto
23-Feb-2021 16:51:28.802 INFORMACIÓN [http-nio-8080-exec-123] org.apache.catalina.startup.HostConfig.undeploy Repliegue (undeploy) de la aplicación web que tiene como trayectoria de contexto [/WebServer]
23-Feb-2021 16:51:33.818 INFORMACIÓN [http-nio-8080-exec-126] org.apache.catalina.startup.HostConfig.deployDescriptor Desplieque del descriptor de configuración [C:\TFG\tomcat\conf\Catalina\localhost\WebServer.xml]
23-Feb-2021 16:51:33.819 ADVERTENCIA [http-nio-8080-exec-126] org.apache.catalina.startup.HostConfig.deployDescriptor The path attribute with value [/WebServer] in deployment descriptor [C:\TFG\tomcat\conf\Catalina\localhost\WebServer.xml] has been ignored
23-Feb-2021 16:51:34.588 INFORMACIÓN [http-nio-8080-exec-126] org.apache.jasper.servlet.TldScanner.scanJars Al menos un JAR, que se ha explorado buscando TLDs, aún no contenía TLDs. Activar historial de depuración para este historiador para una completa lista de los JARs que fueron explorados y de los que nos se halló TLDs. Saltarse JARs no necesarios durante la exploración puede dar lugar a una mejora de tiempo significativa en el arranque y compilación de JSP .
23-Feb-2021 16:51:34.590 INFORMACIÓN [http-nio-8080-exec-126] org.apache.catalina.startup.HostConfig.deployDescriptor Deployment of deployment descriptor [C:\TFG\tomcat\conf\Catalina\localhost\WebServer.xml] has finished in [772] ms
23-Feb-2021 16:51:34.592 INFORMACIÓN [http-nio-8080-exec-133] org.apache.catalina.util.LifecycleBase.start The start() method was called on component [StandardEngine[Catalina].StandardHost[localhost].StandardContext[/WebServer]] after start() had already been called. The second call will be ignored.
23-Feb-2021 16:53:36.915 INFORMACIÓN [http-nio-8080-exec-141] org.apache.jasper.servlet.TldScanner.scanJars Al menos un JAR, que se ha explorado buscando TLDs, aún no contenía TLDs. Activar historial de depuración para este historiador para una completa lista de los JARs que fueron explorados y de los que nos se halló TLDs. Saltarse JARs no necesarios durante la exploración puede dar lugar a una mejora de tiempo significativa en el arranque y compilación de JSP .
23-Feb-2021 16:53:37.989 INFORMACIÓN [http-nio-8080-exec-141] org.apache.jasper.servlet.TldScanner.scanJars Al menos un JAR, que se ha explorado buscando TLDs, aún no contenía TLDs. Activar historial de depuración para este historiador para una completa lista de los JARs que fueron explorados y de los que nos se halló TLDs. Saltarse JARs no necesarios durante la exploración puede dar lugar a una mejora de tiempo significativa en el arranque y compilación de JSP .
23-Feb-2021 16:53:38.849 INFORMACIÓN [Catalina-utility-1] org.apache.catalina.startup.HostConfig.reload Falló la recarga del contexto [/WebServer]
23-Feb-2021 16:53:38.849 INFORMACIÓN [Catalina-utility-1] org.apache.catalina.core.StandardContext.reload Ha comenzado la recarga de Contexto [/WebServer]
23-Feb-2021 16:53:39.592 INFORMACIÓN [Catalina-utility-1] org.apache.jasper.servlet.TldScanner.scanJars Al menos un JAR, que se ha explorado buscando TLDs, aún no contenía TLDs. Activar historial de depuración para este historiador para una completa lista de los JARs que fueron explorados y de los que nos se halló TLDs. Saltarse JARs no necesarios durante la exploración puede dar lugar a una mejora de tiempo significativa en el arranque y compilación de JSP .
23-Feb-2021 16:53:39.595 INFORMACIÓN [Catalina-utility-1] org.apache.catalina.core.StandardContext.reload Se ha completado la recarga de este Contexto
23-Feb-2021 16:53:46.176 INFORMACIÓN [http-nio-8080-exec-141] org.apache.catalina.startup.HostConfig.undeploy Repliegue (undeploy) de la aplicación web que tiene como trayectoria de contexto [/WebServer]
23-Feb-2021 20:50:40.145 INFORMACIÓN [main] org.apache.catalina.core.StandardServer.await Se ha recibido un comando de apagado a través del puerto de apagado. Parando la instancia del Servidor.
23-Feb-2021 20:50:40.146 INFORMACIÓN [main] org.apache.coyote.AbstractProtocol.pause Pausing ProtocolHandler ["http-nio-8080"]
23-Feb-2021 20:50:40.284 INFORMACIÓN [main] org.apache.catalina.core.StandardService.stopInternal Parando servicio [Catalina]
23-Feb-2021 20:50:40.296 INFORMACIÓN [main] org.apache.coyote.AbstractProtocol.stop Stopping ProtocolHandler ["http-nio-8080"]
23-Feb-2021 20:50:40.298 INFORMACIÓN [main] org.apache.coyote.AbstractProtocol.destroy Destroying ProtocolHandler ["http-nio-8080"]
