30-Mar-2021 12:44:08.612 INFORMACIÓN [main] org.apache.catalina.startup.VersionLoggerListener.log Nombre de la versión del servidor:   Apache Tomcat/9.0.37

30-Mar-2021 12:44:08.613 INFORMACIÓN [main] org.apache.catalina.startup.VersionLoggerListener.log Server built:          Jun 30 2020 20:09:49 UTC
30-Mar-2021 12:44:08.615 INFORMACIÓN [main] org.apache.catalina.startup.VersionLoggerListener.log Número de versión de servidor:         9.0.37.0
30-Mar-2021 12:44:08.615 INFORMACIÓN [main] org.apache.catalina.startup.VersionLoggerListener.log OS Name:               Windows 10
30-Mar-2021 12:44:08.615 INFORMACIÓN [main] org.apache.catalina.startup.VersionLoggerListener.log Versión de Systema Operativo:      10.0

30-Mar-2021 12:44:08.615 INFORMACIÓN [main] org.apache.catalina.startup.VersionLoggerListener.log Arquitectura:          amd64

30-Mar-2021 12:44:08.615 INFORMACIÓN [main] org.apache.catalina.startup.VersionLoggerListener.log Java Home:             C:\Program Files\Java\jdk1.8.0_281\jre
30-Mar-2021 12:44:08.616 INFORMACIÓN [main] org.apache.catalina.startup.VersionLoggerListener.log JVM Version:           1.8.0_281-b09
30-Mar-2021 12:44:08.616 INFORMACIÓN [main] org.apache.catalina.startup.VersionLoggerListener.log Vededor JVM:     Oracle Corporation
30-Mar-2021 12:44:08.616 INFORMACIÓN [main] org.apache.catalina.startup.VersionLoggerListener.log CATALINA_BASE:         C:\TFG\tomcat
30-Mar-2021 12:44:08.616 INFORMACIÓN [main] org.apache.catalina.startup.VersionLoggerListener.log CATALINA_HOME:         C:\TFG\tomcat
30-Mar-2021 12:44:08.616 INFORMACIÓN [main] org.apache.catalina.startup.VersionLoggerListener.log Command line argument: -Djava.util.logging.config.file=C:\TFG\tomcat\conf\logging.properties
30-Mar-2021 12:44:08.616 INFORMACIÓN [main] org.apache.catalina.startup.VersionLoggerListener.log Command line argument: -Djava.util.logging.manager=org.apache.juli.ClassLoaderLogManager
30-Mar-2021 12:44:08.616 INFORMACIÓN [main] org.apache.catalina.startup.VersionLoggerListener.log Command line argument: -Djava.security.auth.login.config=C:\TFG\tomcat/conf/jaas.config
30-Mar-2021 12:44:08.616 INFORMACIÓN [main] org.apache.catalina.startup.VersionLoggerListener.log Command line argument: -Djdk.tls.ephemeralDHKeySize=2048
30-Mar-2021 12:44:08.617 INFORMACIÓN [main] org.apache.catalina.startup.VersionLoggerListener.log Command line argument: -Djava.protocol.handler.pkgs=org.apache.catalina.webresources
30-Mar-2021 12:44:08.617 INFORMACIÓN [main] org.apache.catalina.startup.VersionLoggerListener.log Command line argument: -Dignore.endorsed.dirs=
30-Mar-2021 12:44:08.617 INFORMACIÓN [main] org.apache.catalina.startup.VersionLoggerListener.log Command line argument: -Dcatalina.base=C:\TFG\tomcat
30-Mar-2021 12:44:08.618 INFORMACIÓN [main] org.apache.catalina.startup.VersionLoggerListener.log Command line argument: -Dcatalina.home=C:\TFG\tomcat
30-Mar-2021 12:44:08.618 INFORMACIÓN [main] org.apache.catalina.startup.VersionLoggerListener.log Command line argument: -Djava.io.tmpdir=C:\TFG\tomcat\temp
30-Mar-2021 12:44:08.618 INFORMACIÓN [main] org.apache.catalina.core.AprLifecycleListener.lifecycleEvent Cargada la biblioteca nativa APR de Apache Tomcat [1.2.26] con la versión APR [1.7.0].
30-Mar-2021 12:44:08.619 INFORMACIÓN [main] org.apache.catalina.core.AprLifecycleListener.lifecycleEvent Capacidades APR: IPv6 [true], enviar fichero [true], aceptar filtros [false], aleatorio [true].
30-Mar-2021 12:44:08.619 INFORMACIÓN [main] org.apache.catalina.core.AprLifecycleListener.lifecycleEvent APR/OpenSSL configuration: useAprConnector [false], useOpenSSL [true]
30-Mar-2021 12:44:08.624 INFORMACIÓN [main] org.apache.catalina.core.AprLifecycleListener.initializeSSL OpenSSL inicializado correctamente [OpenSSL 1.1.1i  8 Dec 2020]
30-Mar-2021 12:44:08.830 INFORMACIÓN [main] org.apache.coyote.AbstractProtocol.init Inicializando el manejador de protocolo ["http-nio-8080"]

30-Mar-2021 12:44:08.977 INFORMACIÓN [main] org.apache.coyote.AbstractProtocol.init Inicializando el manejador de protocolo ["http-nio-100"]

30-Mar-2021 12:44:08.978 INFORMACIÓN [main] org.apache.catalina.startup.Catalina.load Server initialization in [500] milliseconds
30-Mar-2021 12:44:08.996 INFORMACIÓN [main] org.apache.catalina.core.StandardService.startInternal Arrancando servicio [Catalina]
30-Mar-2021 12:44:08.996 INFORMACIÓN [main] org.apache.catalina.core.StandardEngine.startInternal Starting Servlet engine: [Apache Tomcat/9.0.37]
30-Mar-2021 12:44:09.002 INFORMACIÓN [main] org.apache.catalina.startup.HostConfig.deployDescriptor Desplieque del descriptor de configuración [C:\TFG\tomcat\conf\Catalina\localhost\bytes.xml]
30-Mar-2021 12:44:09.013 ADVERTENCIA [main] org.apache.catalina.startup.HostConfig.deployDescriptor The path attribute with value [/bytes] in deployment descriptor [C:\TFG\tomcat\conf\Catalina\localhost\bytes.xml] has been ignored
30-Mar-2021 12:44:09.017 ADVERTENCIA [main] org.apache.catalina.startup.HostConfig.deployDescriptor Se ha especificado un docBase [C:\TFG\tomcat\webapps\home\clwn1\Escritorio\urv\jaas-authentication-in-tomcat-example\com-byteslounge-jaas\target\com-byteslounge-jaas-1.0-SNAPSHOT] dentro del appBase de la máquina y será ignorado
30-Mar-2021 12:44:09.033 GRAVE [main] org.apache.catalina.startup.HostConfig.deployDescriptor Error durante el despliegue del descriptor de configuración [C:\TFG\tomcat\conf\Catalina\localhost\bytes.xml]
	java.lang.IllegalStateException: Error starting child
		at org.apache.catalina.core.ContainerBase.addChildInternal(ContainerBase.java:720)
		at org.apache.catalina.core.ContainerBase.addChild(ContainerBase.java:690)
		at org.apache.catalina.core.StandardHost.addChild(StandardHost.java:705)
		at org.apache.catalina.startup.HostConfig.deployDescriptor(HostConfig.java:631)
		at org.apache.catalina.startup.HostConfig$DeployDescriptor.run(HostConfig.java:1830)
		at java.util.concurrent.Executors$RunnableAdapter.call(Executors.java:511)
		at java.util.concurrent.FutureTask.run(FutureTask.java:266)
		at org.apache.tomcat.util.threads.InlineExecutorService.execute(InlineExecutorService.java:75)
		at java.util.concurrent.AbstractExecutorService.submit(AbstractExecutorService.java:112)
		at org.apache.catalina.startup.HostConfig.deployDescriptors(HostConfig.java:526)
		at org.apache.catalina.startup.HostConfig.deployApps(HostConfig.java:425)
		at org.apache.catalina.startup.HostConfig.start(HostConfig.java:1576)
		at org.apache.catalina.startup.HostConfig.lifecycleEvent(HostConfig.java:309)
		at org.apache.catalina.util.LifecycleBase.fireLifecycleEvent(LifecycleBase.java:123)
		at org.apache.catalina.util.LifecycleBase.setStateInternal(LifecycleBase.java:423)
		at org.apache.catalina.util.LifecycleBase.setState(LifecycleBase.java:366)
		at org.apache.catalina.core.ContainerBase.startInternal(ContainerBase.java:936)
		at org.apache.catalina.core.StandardHost.startInternal(StandardHost.java:841)
		at org.apache.catalina.util.LifecycleBase.start(LifecycleBase.java:183)
		at org.apache.catalina.core.ContainerBase$StartChild.call(ContainerBase.java:1384)
		at org.apache.catalina.core.ContainerBase$StartChild.call(ContainerBase.java:1374)
		at java.util.concurrent.FutureTask.run(FutureTask.java:266)
		at org.apache.tomcat.util.threads.InlineExecutorService.execute(InlineExecutorService.java:75)
		at java.util.concurrent.AbstractExecutorService.submit(AbstractExecutorService.java:134)
		at org.apache.catalina.core.ContainerBase.startInternal(ContainerBase.java:909)
		at org.apache.catalina.core.StandardEngine.startInternal(StandardEngine.java:262)
		at org.apache.catalina.util.LifecycleBase.start(LifecycleBase.java:183)
		at org.apache.catalina.core.StandardService.startInternal(StandardService.java:421)
		at org.apache.catalina.util.LifecycleBase.start(LifecycleBase.java:183)
		at org.apache.catalina.core.StandardServer.startInternal(StandardServer.java:930)
		at org.apache.catalina.util.LifecycleBase.start(LifecycleBase.java:183)
		at org.apache.catalina.startup.Catalina.start(Catalina.java:738)
		at sun.reflect.NativeMethodAccessorImpl.invoke0(Native Method)
		at sun.reflect.NativeMethodAccessorImpl.invoke(NativeMethodAccessorImpl.java:62)
		at sun.reflect.DelegatingMethodAccessorImpl.invoke(DelegatingMethodAccessorImpl.java:43)
		at java.lang.reflect.Method.invoke(Method.java:498)
		at org.apache.catalina.startup.Bootstrap.start(Bootstrap.java:342)
		at org.apache.catalina.startup.Bootstrap.main(Bootstrap.java:473)
	Caused by: org.apache.catalina.LifecycleException: Failed to start component [org.apache.catalina.webresources.StandardRoot@382db087]
		at org.apache.catalina.util.LifecycleBase.handleSubClassException(LifecycleBase.java:440)
		at org.apache.catalina.util.LifecycleBase.start(LifecycleBase.java:198)
		at org.apache.catalina.core.StandardContext.resourcesStart(StandardContext.java:4792)
		at org.apache.catalina.core.StandardContext.startInternal(StandardContext.java:4928)
		at org.apache.catalina.util.LifecycleBase.start(LifecycleBase.java:183)
		at org.apache.catalina.core.ContainerBase.addChildInternal(ContainerBase.java:717)
		... 37 more
	Caused by: java.lang.IllegalArgumentException: The main resource set specified [C:\TFG\tomcat\webapps\bytes] is not valid
		at org.apache.catalina.webresources.StandardRoot.createMainResourceSet(StandardRoot.java:751)
		at org.apache.catalina.webresources.StandardRoot.startInternal(StandardRoot.java:708)
		at org.apache.catalina.util.LifecycleBase.start(LifecycleBase.java:183)
		... 41 more
30-Mar-2021 12:44:09.036 INFORMACIÓN [main] org.apache.catalina.startup.HostConfig.deployDescriptor Deployment of deployment descriptor [C:\TFG\tomcat\conf\Catalina\localhost\bytes.xml] has finished in [33] ms
30-Mar-2021 12:44:09.036 INFORMACIÓN [main] org.apache.catalina.startup.HostConfig.deployDescriptor Desplieque del descriptor de configuración [C:\TFG\tomcat\conf\Catalina\localhost\hola.xml]
30-Mar-2021 12:44:09.037 ADVERTENCIA [main] org.apache.catalina.startup.HostConfig.deployDescriptor The path attribute with value [/hola] in deployment descriptor [C:\TFG\tomcat\conf\Catalina\localhost\hola.xml] has been ignored
30-Mar-2021 12:44:09.725 INFORMACIÓN [main] org.apache.jasper.servlet.TldScanner.scanJars Al menos un JAR, que se ha explorado buscando TLDs, aún no contenía TLDs. Activar historial de depuración para este historiador para una completa lista de los JARs que fueron explorados y de los que nos se halló TLDs. Saltarse JARs no necesarios durante la exploración puede dar lugar a una mejora de tiempo significativa en el arranque y compilación de JSP .
30-Mar-2021 12:44:09.757 INFORMACIÓN [main] org.apache.catalina.startup.HostConfig.deployDescriptor Deployment of deployment descriptor [C:\TFG\tomcat\conf\Catalina\localhost\hola.xml] has finished in [720] ms
30-Mar-2021 12:44:09.757 INFORMACIÓN [main] org.apache.catalina.startup.HostConfig.deployDescriptor Desplieque del descriptor de configuración [C:\TFG\tomcat\conf\Catalina\localhost\imageinservlet.xml]
30-Mar-2021 12:44:09.758 ADVERTENCIA [main] org.apache.catalina.startup.HostConfig.deployDescriptor The path attribute with value [/imageinservlet] in deployment descriptor [C:\TFG\tomcat\conf\Catalina\localhost\imageinservlet.xml] has been ignored
30-Mar-2021 12:44:09.889 INFORMACIÓN [main] org.apache.jasper.servlet.TldScanner.scanJars Al menos un JAR, que se ha explorado buscando TLDs, aún no contenía TLDs. Activar historial de depuración para este historiador para una completa lista de los JARs que fueron explorados y de los que nos se halló TLDs. Saltarse JARs no necesarios durante la exploración puede dar lugar a una mejora de tiempo significativa en el arranque y compilación de JSP .
30-Mar-2021 12:44:09.891 INFORMACIÓN [main] org.apache.catalina.startup.HostConfig.deployDescriptor Deployment of deployment descriptor [C:\TFG\tomcat\conf\Catalina\localhost\imageinservlet.xml] has finished in [134] ms
30-Mar-2021 12:44:09.891 INFORMACIÓN [main] org.apache.catalina.startup.HostConfig.deployDescriptor Desplieque del descriptor de configuración [C:\TFG\tomcat\conf\Catalina\localhost\web.xml]
30-Mar-2021 12:44:09.892 ADVERTENCIA [main] org.apache.catalina.startup.HostConfig.deployDescriptor The path attribute with value [/web] in deployment descriptor [C:\TFG\tomcat\conf\Catalina\localhost\web.xml] has been ignored
30-Mar-2021 12:44:09.893 ADVERTENCIA [main] org.apache.catalina.startup.HostConfig.deployDescriptor Se ha especificado un docBase [C:\TFG\tomcat\webapps\home\clwn1\Escritorio\TFG\web\target\web-1.0-SNAPSHOT] dentro del appBase de la máquina y será ignorado
30-Mar-2021 12:44:09.897 ADVERTENCIA [main] org.apache.tomcat.util.digester.SetPropertiesRule.begin Match [Context/Realm/CredentialHandler] failed to set property [keyLength] to [256]
30-Mar-2021 12:44:09.898 GRAVE [main] org.apache.catalina.startup.HostConfig.deployDescriptor Error durante el despliegue del descriptor de configuración [C:\TFG\tomcat\conf\Catalina\localhost\web.xml]
	java.lang.IllegalStateException: Error starting child
		at org.apache.catalina.core.ContainerBase.addChildInternal(ContainerBase.java:720)
		at org.apache.catalina.core.ContainerBase.addChild(ContainerBase.java:690)
		at org.apache.catalina.core.StandardHost.addChild(StandardHost.java:705)
		at org.apache.catalina.startup.HostConfig.deployDescriptor(HostConfig.java:631)
		at org.apache.catalina.startup.HostConfig$DeployDescriptor.run(HostConfig.java:1830)
		at java.util.concurrent.Executors$RunnableAdapter.call(Executors.java:511)
		at java.util.concurrent.FutureTask.run(FutureTask.java:266)
		at org.apache.tomcat.util.threads.InlineExecutorService.execute(InlineExecutorService.java:75)
		at java.util.concurrent.AbstractExecutorService.submit(AbstractExecutorService.java:112)
		at org.apache.catalina.startup.HostConfig.deployDescriptors(HostConfig.java:526)
		at org.apache.catalina.startup.HostConfig.deployApps(HostConfig.java:425)
		at org.apache.catalina.startup.HostConfig.start(HostConfig.java:1576)
		at org.apache.catalina.startup.HostConfig.lifecycleEvent(HostConfig.java:309)
		at org.apache.catalina.util.LifecycleBase.fireLifecycleEvent(LifecycleBase.java:123)
		at org.apache.catalina.util.LifecycleBase.setStateInternal(LifecycleBase.java:423)
		at org.apache.catalina.util.LifecycleBase.setState(LifecycleBase.java:366)
		at org.apache.catalina.core.ContainerBase.startInternal(ContainerBase.java:936)
		at org.apache.catalina.core.StandardHost.startInternal(StandardHost.java:841)
		at org.apache.catalina.util.LifecycleBase.start(LifecycleBase.java:183)
		at org.apache.catalina.core.ContainerBase$StartChild.call(ContainerBase.java:1384)
		at org.apache.catalina.core.ContainerBase$StartChild.call(ContainerBase.java:1374)
		at java.util.concurrent.FutureTask.run(FutureTask.java:266)
		at org.apache.tomcat.util.threads.InlineExecutorService.execute(InlineExecutorService.java:75)
		at java.util.concurrent.AbstractExecutorService.submit(AbstractExecutorService.java:134)
		at org.apache.catalina.core.ContainerBase.startInternal(ContainerBase.java:909)
		at org.apache.catalina.core.StandardEngine.startInternal(StandardEngine.java:262)
		at org.apache.catalina.util.LifecycleBase.start(LifecycleBase.java:183)
		at org.apache.catalina.core.StandardService.startInternal(StandardService.java:421)
		at org.apache.catalina.util.LifecycleBase.start(LifecycleBase.java:183)
		at org.apache.catalina.core.StandardServer.startInternal(StandardServer.java:930)
		at org.apache.catalina.util.LifecycleBase.start(LifecycleBase.java:183)
		at org.apache.catalina.startup.Catalina.start(Catalina.java:738)
		at sun.reflect.NativeMethodAccessorImpl.invoke0(Native Method)
		at sun.reflect.NativeMethodAccessorImpl.invoke(NativeMethodAccessorImpl.java:62)
		at sun.reflect.DelegatingMethodAccessorImpl.invoke(DelegatingMethodAccessorImpl.java:43)
		at java.lang.reflect.Method.invoke(Method.java:498)
		at org.apache.catalina.startup.Bootstrap.start(Bootstrap.java:342)
		at org.apache.catalina.startup.Bootstrap.main(Bootstrap.java:473)
	Caused by: org.apache.catalina.LifecycleException: Failed to start component [org.apache.catalina.webresources.StandardRoot@2ecf5915]
		at org.apache.catalina.util.LifecycleBase.handleSubClassException(LifecycleBase.java:440)
		at org.apache.catalina.util.LifecycleBase.start(LifecycleBase.java:198)
		at org.apache.catalina.core.StandardContext.resourcesStart(StandardContext.java:4792)
		at org.apache.catalina.core.StandardContext.startInternal(StandardContext.java:4928)
		at org.apache.catalina.util.LifecycleBase.start(LifecycleBase.java:183)
		at org.apache.catalina.core.ContainerBase.addChildInternal(ContainerBase.java:717)
		... 37 more
	Caused by: java.lang.IllegalArgumentException: The main resource set specified [C:\TFG\tomcat\webapps\web] is not valid
		at org.apache.catalina.webresources.StandardRoot.createMainResourceSet(StandardRoot.java:751)
		at org.apache.catalina.webresources.StandardRoot.startInternal(StandardRoot.java:708)
		at org.apache.catalina.util.LifecycleBase.start(LifecycleBase.java:183)
		... 41 more
30-Mar-2021 12:44:09.900 INFORMACIÓN [main] org.apache.catalina.startup.HostConfig.deployDescriptor Deployment of deployment descriptor [C:\TFG\tomcat\conf\Catalina\localhost\web.xml] has finished in [9] ms
30-Mar-2021 12:44:09.900 INFORMACIÓN [main] org.apache.catalina.startup.HostConfig.deployDescriptor Desplieque del descriptor de configuración [C:\TFG\tomcat\conf\Catalina\localhost\WebServer.xml]
30-Mar-2021 12:44:09.901 ADVERTENCIA [main] org.apache.catalina.startup.HostConfig.deployDescriptor The path attribute with value [/WebServer] in deployment descriptor [C:\TFG\tomcat\conf\Catalina\localhost\WebServer.xml] has been ignored
30-Mar-2021 12:44:10.845 INFORMACIÓN [main] org.apache.jasper.servlet.TldScanner.scanJars Al menos un JAR, que se ha explorado buscando TLDs, aún no contenía TLDs. Activar historial de depuración para este historiador para una completa lista de los JARs que fueron explorados y de los que nos se halló TLDs. Saltarse JARs no necesarios durante la exploración puede dar lugar a una mejora de tiempo significativa en el arranque y compilación de JSP .
30-Mar-2021 12:44:10.849 INFORMACIÓN [main] org.apache.catalina.startup.HostConfig.deployDescriptor Deployment of deployment descriptor [C:\TFG\tomcat\conf\Catalina\localhost\WebServer.xml] has finished in [949] ms
30-Mar-2021 12:44:10.907 INFORMACIÓN [main] org.apache.catalina.startup.HostConfig.deployWAR Despliegue del archivo [C:\TFG\tomcat\webapps\WebServer-1.0-SNAPSHOT.war] de la aplicación web
30-Mar-2021 12:44:11.022 INFORMACIÓN [main] org.apache.jasper.servlet.TldScanner.scanJars Al menos un JAR, que se ha explorado buscando TLDs, aún no contenía TLDs. Activar historial de depuración para este historiador para una completa lista de los JARs que fueron explorados y de los que nos se halló TLDs. Saltarse JARs no necesarios durante la exploración puede dar lugar a una mejora de tiempo significativa en el arranque y compilación de JSP .
30-Mar-2021 12:44:11.024 INFORMACIÓN [main] org.apache.catalina.startup.HostConfig.deployWAR Deployment of web application archive [C:\TFG\tomcat\webapps\WebServer-1.0-SNAPSHOT.war] has finished in [117] ms
30-Mar-2021 12:44:11.024 INFORMACIÓN [main] org.apache.catalina.startup.HostConfig.deployDirectory Desplegando el directorio [C:\TFG\tomcat\webapps\docs] de la aplicación web
30-Mar-2021 12:44:11.114 INFORMACIÓN [main] org.apache.jasper.servlet.TldScanner.scanJars Al menos un JAR, que se ha explorado buscando TLDs, aún no contenía TLDs. Activar historial de depuración para este historiador para una completa lista de los JARs que fueron explorados y de los que nos se halló TLDs. Saltarse JARs no necesarios durante la exploración puede dar lugar a una mejora de tiempo significativa en el arranque y compilación de JSP .
30-Mar-2021 12:44:11.115 INFORMACIÓN [main] org.apache.catalina.startup.HostConfig.deployDirectory Deployment of web application directory [C:\TFG\tomcat\webapps\docs] has finished in [91] ms
30-Mar-2021 12:44:11.116 INFORMACIÓN [main] org.apache.catalina.startup.HostConfig.deployDirectory Desplegando el directorio [C:\TFG\tomcat\webapps\examples] de la aplicación web
30-Mar-2021 12:44:11.461 INFORMACIÓN [main] org.apache.jasper.servlet.TldScanner.scanJars Al menos un JAR, que se ha explorado buscando TLDs, aún no contenía TLDs. Activar historial de depuración para este historiador para una completa lista de los JARs que fueron explorados y de los que nos se halló TLDs. Saltarse JARs no necesarios durante la exploración puede dar lugar a una mejora de tiempo significativa en el arranque y compilación de JSP .
30-Mar-2021 12:44:11.489 INFORMACIÓN [main] org.apache.catalina.startup.HostConfig.deployDirectory Deployment of web application directory [C:\TFG\tomcat\webapps\examples] has finished in [373] ms
30-Mar-2021 12:44:11.489 INFORMACIÓN [main] org.apache.catalina.startup.HostConfig.deployDirectory Desplegando el directorio [C:\TFG\tomcat\webapps\host-manager] de la aplicación web
30-Mar-2021 12:44:11.586 INFORMACIÓN [main] org.apache.jasper.servlet.TldScanner.scanJars Al menos un JAR, que se ha explorado buscando TLDs, aún no contenía TLDs. Activar historial de depuración para este historiador para una completa lista de los JARs que fueron explorados y de los que nos se halló TLDs. Saltarse JARs no necesarios durante la exploración puede dar lugar a una mejora de tiempo significativa en el arranque y compilación de JSP .
30-Mar-2021 12:44:11.588 INFORMACIÓN [main] org.apache.catalina.startup.HostConfig.deployDirectory Deployment of web application directory [C:\TFG\tomcat\webapps\host-manager] has finished in [99] ms
30-Mar-2021 12:44:11.589 INFORMACIÓN [main] org.apache.catalina.startup.HostConfig.deployDirectory Desplegando el directorio [C:\TFG\tomcat\webapps\manager] de la aplicación web
30-Mar-2021 12:44:11.679 INFORMACIÓN [main] org.apache.jasper.servlet.TldScanner.scanJars Al menos un JAR, que se ha explorado buscando TLDs, aún no contenía TLDs. Activar historial de depuración para este historiador para una completa lista de los JARs que fueron explorados y de los que nos se halló TLDs. Saltarse JARs no necesarios durante la exploración puede dar lugar a una mejora de tiempo significativa en el arranque y compilación de JSP .
30-Mar-2021 12:44:11.680 INFORMACIÓN [main] org.apache.catalina.startup.HostConfig.deployDirectory Deployment of web application directory [C:\TFG\tomcat\webapps\manager] has finished in [91] ms
30-Mar-2021 12:44:11.681 INFORMACIÓN [main] org.apache.catalina.startup.HostConfig.deployDirectory Desplegando el directorio [C:\TFG\tomcat\webapps\ROOT] de la aplicación web
30-Mar-2021 12:44:11.772 INFORMACIÓN [main] org.apache.jasper.servlet.TldScanner.scanJars Al menos un JAR, que se ha explorado buscando TLDs, aún no contenía TLDs. Activar historial de depuración para este historiador para una completa lista de los JARs que fueron explorados y de los que nos se halló TLDs. Saltarse JARs no necesarios durante la exploración puede dar lugar a una mejora de tiempo significativa en el arranque y compilación de JSP .
30-Mar-2021 12:44:11.773 INFORMACIÓN [main] org.apache.catalina.startup.HostConfig.deployDirectory Deployment of web application directory [C:\TFG\tomcat\webapps\ROOT] has finished in [92] ms
30-Mar-2021 12:44:11.775 INFORMACIÓN [main] org.apache.coyote.AbstractProtocol.start Starting ProtocolHandler ["http-nio-8080"]
30-Mar-2021 12:44:11.780 INFORMACIÓN [main] org.apache.coyote.AbstractProtocol.start Starting ProtocolHandler ["http-nio-100"]
30-Mar-2021 12:44:11.781 INFORMACIÓN [main] org.apache.catalina.startup.Catalina.start Server startup in [2802] milliseconds
30-Mar-2021 12:44:31.714 INFORMACIÓN [http-nio-8080-exec-1] org.apache.catalina.startup.HostConfig.undeploy Repliegue (undeploy) de la aplicación web que tiene como trayectoria de contexto [/WebServer]
30-Mar-2021 12:44:47.484 INFORMACIÓN [http-nio-8080-exec-6] org.apache.catalina.startup.HostConfig.deployDescriptor Desplieque del descriptor de configuración [C:\TFG\tomcat\conf\Catalina\localhost\WebServer.xml]
30-Mar-2021 12:44:47.485 ADVERTENCIA [http-nio-8080-exec-6] org.apache.catalina.startup.HostConfig.deployDescriptor The path attribute with value [/WebServer] in deployment descriptor [C:\TFG\tomcat\conf\Catalina\localhost\WebServer.xml] has been ignored
30-Mar-2021 12:44:48.303 INFORMACIÓN [http-nio-8080-exec-6] org.apache.jasper.servlet.TldScanner.scanJars Al menos un JAR, que se ha explorado buscando TLDs, aún no contenía TLDs. Activar historial de depuración para este historiador para una completa lista de los JARs que fueron explorados y de los que nos se halló TLDs. Saltarse JARs no necesarios durante la exploración puede dar lugar a una mejora de tiempo significativa en el arranque y compilación de JSP .
30-Mar-2021 12:44:48.366 INFORMACIÓN [http-nio-8080-exec-6] org.apache.catalina.startup.HostConfig.deployDescriptor Deployment of deployment descriptor [C:\TFG\tomcat\conf\Catalina\localhost\WebServer.xml] has finished in [882] ms
30-Mar-2021 12:44:48.371 INFORMACIÓN [http-nio-8080-exec-7] org.apache.catalina.util.LifecycleBase.start The start() method was called on component [StandardEngine[Catalina].StandardHost[localhost].StandardContext[/WebServer]] after start() had already been called. The second call will be ignored.
30-Mar-2021 12:58:14.624 INFORMACIÓN [http-nio-8080-exec-18] org.apache.catalina.startup.HostConfig.undeploy Repliegue (undeploy) de la aplicación web que tiene como trayectoria de contexto [/WebServer]
30-Mar-2021 12:58:21.896 INFORMACIÓN [http-nio-8080-exec-18] org.apache.catalina.startup.HostConfig.deployDescriptor Desplieque del descriptor de configuración [C:\TFG\tomcat\conf\Catalina\localhost\WebServer.xml]
30-Mar-2021 12:58:21.897 ADVERTENCIA [http-nio-8080-exec-18] org.apache.catalina.startup.HostConfig.deployDescriptor The path attribute with value [/WebServer] in deployment descriptor [C:\TFG\tomcat\conf\Catalina\localhost\WebServer.xml] has been ignored
30-Mar-2021 12:58:22.672 INFORMACIÓN [http-nio-8080-exec-18] org.apache.jasper.servlet.TldScanner.scanJars Al menos un JAR, que se ha explorado buscando TLDs, aún no contenía TLDs. Activar historial de depuración para este historiador para una completa lista de los JARs que fueron explorados y de los que nos se halló TLDs. Saltarse JARs no necesarios durante la exploración puede dar lugar a una mejora de tiempo significativa en el arranque y compilación de JSP .
30-Mar-2021 12:58:22.675 INFORMACIÓN [http-nio-8080-exec-18] org.apache.catalina.startup.HostConfig.deployDescriptor Deployment of deployment descriptor [C:\TFG\tomcat\conf\Catalina\localhost\WebServer.xml] has finished in [778] ms
30-Mar-2021 12:58:22.678 INFORMACIÓN [http-nio-8080-exec-21] org.apache.catalina.util.LifecycleBase.start The start() method was called on component [StandardEngine[Catalina].StandardHost[localhost].StandardContext[/WebServer]] after start() had already been called. The second call will be ignored.
30-Mar-2021 13:41:22.196 INFORMACIÓN [http-nio-8080-exec-29] org.apache.catalina.startup.HostConfig.undeploy Repliegue (undeploy) de la aplicación web que tiene como trayectoria de contexto [/WebServer]
30-Mar-2021 13:41:22.213 INFORMACIÓN [http-nio-8080-exec-24] org.apache.catalina.startup.HostConfig.deployDescriptor Desplieque del descriptor de configuración [C:\TFG\tomcat\conf\Catalina\localhost\WebServer.xml]
30-Mar-2021 13:41:22.214 ADVERTENCIA [http-nio-8080-exec-24] org.apache.catalina.startup.HostConfig.deployDescriptor The path attribute with value [/WebServer] in deployment descriptor [C:\TFG\tomcat\conf\Catalina\localhost\WebServer.xml] has been ignored
30-Mar-2021 13:41:23.015 INFORMACIÓN [http-nio-8080-exec-24] org.apache.jasper.servlet.TldScanner.scanJars Al menos un JAR, que se ha explorado buscando TLDs, aún no contenía TLDs. Activar historial de depuración para este historiador para una completa lista de los JARs que fueron explorados y de los que nos se halló TLDs. Saltarse JARs no necesarios durante la exploración puede dar lugar a una mejora de tiempo significativa en el arranque y compilación de JSP .
30-Mar-2021 13:41:23.018 INFORMACIÓN [http-nio-8080-exec-24] org.apache.catalina.startup.HostConfig.deployDescriptor Deployment of deployment descriptor [C:\TFG\tomcat\conf\Catalina\localhost\WebServer.xml] has finished in [804] ms
30-Mar-2021 13:41:23.020 INFORMACIÓN [http-nio-8080-exec-28] org.apache.catalina.util.LifecycleBase.start The start() method was called on component [StandardEngine[Catalina].StandardHost[localhost].StandardContext[/WebServer]] after start() had already been called. The second call will be ignored.
30-Mar-2021 13:41:32.674 INFORMACIÓN [http-nio-8080-exec-27] org.apache.catalina.startup.HostConfig.undeploy Repliegue (undeploy) de la aplicación web que tiene como trayectoria de contexto [/WebServer]
30-Mar-2021 13:41:39.385 INFORMACIÓN [http-nio-8080-exec-31] org.apache.catalina.startup.HostConfig.deployDescriptor Desplieque del descriptor de configuración [C:\TFG\tomcat\conf\Catalina\localhost\WebServer.xml]
30-Mar-2021 13:41:39.386 ADVERTENCIA [http-nio-8080-exec-31] org.apache.catalina.startup.HostConfig.deployDescriptor The path attribute with value [/WebServer] in deployment descriptor [C:\TFG\tomcat\conf\Catalina\localhost\WebServer.xml] has been ignored
30-Mar-2021 13:41:40.166 INFORMACIÓN [http-nio-8080-exec-31] org.apache.jasper.servlet.TldScanner.scanJars Al menos un JAR, que se ha explorado buscando TLDs, aún no contenía TLDs. Activar historial de depuración para este historiador para una completa lista de los JARs que fueron explorados y de los que nos se halló TLDs. Saltarse JARs no necesarios durante la exploración puede dar lugar a una mejora de tiempo significativa en el arranque y compilación de JSP .
30-Mar-2021 13:41:40.169 INFORMACIÓN [http-nio-8080-exec-31] org.apache.catalina.startup.HostConfig.deployDescriptor Deployment of deployment descriptor [C:\TFG\tomcat\conf\Catalina\localhost\WebServer.xml] has finished in [784] ms
30-Mar-2021 13:41:40.171 INFORMACIÓN [http-nio-8080-exec-23] org.apache.catalina.util.LifecycleBase.start The start() method was called on component [StandardEngine[Catalina].StandardHost[localhost].StandardContext[/WebServer]] after start() had already been called. The second call will be ignored.
30-Mar-2021 13:43:21.264 INFORMACIÓN [http-nio-8080-exec-40] org.apache.catalina.core.StandardContext.reload Ha comenzado la recarga de Contexto [/WebServer]
30-Mar-2021 13:43:22.020 INFORMACIÓN [http-nio-8080-exec-40] org.apache.jasper.servlet.TldScanner.scanJars Al menos un JAR, que se ha explorado buscando TLDs, aún no contenía TLDs. Activar historial de depuración para este historiador para una completa lista de los JARs que fueron explorados y de los que nos se halló TLDs. Saltarse JARs no necesarios durante la exploración puede dar lugar a una mejora de tiempo significativa en el arranque y compilación de JSP .
30-Mar-2021 13:43:22.023 INFORMACIÓN [http-nio-8080-exec-40] org.apache.catalina.core.StandardContext.reload Se ha completado la recarga de este Contexto
30-Mar-2021 13:43:55.732 INFORMACIÓN [http-nio-8080-exec-39] org.apache.catalina.core.StandardContext.reload Ha comenzado la recarga de Contexto [/WebServer]
30-Mar-2021 13:43:56.515 INFORMACIÓN [http-nio-8080-exec-39] org.apache.jasper.servlet.TldScanner.scanJars Al menos un JAR, que se ha explorado buscando TLDs, aún no contenía TLDs. Activar historial de depuración para este historiador para una completa lista de los JARs que fueron explorados y de los que nos se halló TLDs. Saltarse JARs no necesarios durante la exploración puede dar lugar a una mejora de tiempo significativa en el arranque y compilación de JSP .
30-Mar-2021 13:43:56.518 INFORMACIÓN [http-nio-8080-exec-39] org.apache.catalina.core.StandardContext.reload Se ha completado la recarga de este Contexto
30-Mar-2021 13:44:15.362 INFORMACIÓN [http-nio-8080-exec-38] org.apache.catalina.startup.HostConfig.undeploy Repliegue (undeploy) de la aplicación web que tiene como trayectoria de contexto [/WebServer]
30-Mar-2021 13:44:20.862 INFORMACIÓN [http-nio-8080-exec-39] org.apache.catalina.startup.HostConfig.deployDescriptor Desplieque del descriptor de configuración [C:\TFG\tomcat\conf\Catalina\localhost\WebServer.xml]
30-Mar-2021 13:44:20.863 ADVERTENCIA [http-nio-8080-exec-39] org.apache.catalina.startup.HostConfig.deployDescriptor The path attribute with value [/WebServer] in deployment descriptor [C:\TFG\tomcat\conf\Catalina\localhost\WebServer.xml] has been ignored
30-Mar-2021 13:44:21.744 INFORMACIÓN [http-nio-8080-exec-39] org.apache.jasper.servlet.TldScanner.scanJars Al menos un JAR, que se ha explorado buscando TLDs, aún no contenía TLDs. Activar historial de depuración para este historiador para una completa lista de los JARs que fueron explorados y de los que nos se halló TLDs. Saltarse JARs no necesarios durante la exploración puede dar lugar a una mejora de tiempo significativa en el arranque y compilación de JSP .
30-Mar-2021 13:44:21.748 INFORMACIÓN [http-nio-8080-exec-39] org.apache.catalina.startup.HostConfig.deployDescriptor Deployment of deployment descriptor [C:\TFG\tomcat\conf\Catalina\localhost\WebServer.xml] has finished in [886] ms
30-Mar-2021 13:44:21.750 INFORMACIÓN [http-nio-8080-exec-23] org.apache.catalina.util.LifecycleBase.start The start() method was called on component [StandardEngine[Catalina].StandardHost[localhost].StandardContext[/WebServer]] after start() had already been called. The second call will be ignored.
30-Mar-2021 14:01:10.468 INFORMACIÓN [http-nio-8080-exec-45] org.apache.catalina.startup.HostConfig.undeploy Repliegue (undeploy) de la aplicación web que tiene como trayectoria de contexto [/WebServer]
30-Mar-2021 14:01:16.997 INFORMACIÓN [http-nio-8080-exec-45] org.apache.catalina.startup.HostConfig.deployDescriptor Desplieque del descriptor de configuración [C:\TFG\tomcat\conf\Catalina\localhost\WebServer.xml]
30-Mar-2021 14:01:16.998 ADVERTENCIA [http-nio-8080-exec-45] org.apache.catalina.startup.HostConfig.deployDescriptor The path attribute with value [/WebServer] in deployment descriptor [C:\TFG\tomcat\conf\Catalina\localhost\WebServer.xml] has been ignored
30-Mar-2021 14:01:17.728 INFORMACIÓN [http-nio-8080-exec-45] org.apache.jasper.servlet.TldScanner.scanJars Al menos un JAR, que se ha explorado buscando TLDs, aún no contenía TLDs. Activar historial de depuración para este historiador para una completa lista de los JARs que fueron explorados y de los que nos se halló TLDs. Saltarse JARs no necesarios durante la exploración puede dar lugar a una mejora de tiempo significativa en el arranque y compilación de JSP .
30-Mar-2021 14:01:17.731 INFORMACIÓN [http-nio-8080-exec-45] org.apache.catalina.startup.HostConfig.deployDescriptor Deployment of deployment descriptor [C:\TFG\tomcat\conf\Catalina\localhost\WebServer.xml] has finished in [734] ms
30-Mar-2021 14:01:17.733 INFORMACIÓN [http-nio-8080-exec-43] org.apache.catalina.util.LifecycleBase.start The start() method was called on component [StandardEngine[Catalina].StandardHost[localhost].StandardContext[/WebServer]] after start() had already been called. The second call will be ignored.
30-Mar-2021 14:02:28.714 INFORMACIÓN [http-nio-8080-exec-58] org.apache.catalina.startup.HostConfig.undeploy Repliegue (undeploy) de la aplicación web que tiene como trayectoria de contexto [/WebServer]
30-Mar-2021 14:02:28.728 INFORMACIÓN [http-nio-8080-exec-47] org.apache.catalina.startup.HostConfig.deployDescriptor Desplieque del descriptor de configuración [C:\TFG\tomcat\conf\Catalina\localhost\WebServer.xml]
30-Mar-2021 14:02:28.729 ADVERTENCIA [http-nio-8080-exec-47] org.apache.catalina.startup.HostConfig.deployDescriptor The path attribute with value [/WebServer] in deployment descriptor [C:\TFG\tomcat\conf\Catalina\localhost\WebServer.xml] has been ignored
30-Mar-2021 14:02:29.539 INFORMACIÓN [http-nio-8080-exec-47] org.apache.jasper.servlet.TldScanner.scanJars Al menos un JAR, que se ha explorado buscando TLDs, aún no contenía TLDs. Activar historial de depuración para este historiador para una completa lista de los JARs que fueron explorados y de los que nos se halló TLDs. Saltarse JARs no necesarios durante la exploración puede dar lugar a una mejora de tiempo significativa en el arranque y compilación de JSP .
30-Mar-2021 14:02:29.541 INFORMACIÓN [http-nio-8080-exec-47] org.apache.catalina.startup.HostConfig.deployDescriptor Deployment of deployment descriptor [C:\TFG\tomcat\conf\Catalina\localhost\WebServer.xml] has finished in [813] ms
30-Mar-2021 14:02:29.544 INFORMACIÓN [http-nio-8080-exec-55] org.apache.catalina.util.LifecycleBase.start The start() method was called on component [StandardEngine[Catalina].StandardHost[localhost].StandardContext[/WebServer]] after start() had already been called. The second call will be ignored.
30-Mar-2021 14:02:32.672 INFORMACIÓN [http-nio-8080-exec-57] org.apache.catalina.startup.HostConfig.undeploy Repliegue (undeploy) de la aplicación web que tiene como trayectoria de contexto [/WebServer]
30-Mar-2021 14:04:21.863 INFORMACIÓN [http-nio-8080-exec-58] org.apache.catalina.startup.HostConfig.deployDescriptor Desplieque del descriptor de configuración [C:\TFG\tomcat\conf\Catalina\localhost\WebServer.xml]
30-Mar-2021 14:04:21.863 ADVERTENCIA [http-nio-8080-exec-58] org.apache.catalina.startup.HostConfig.deployDescriptor The path attribute with value [/WebServer] in deployment descriptor [C:\TFG\tomcat\conf\Catalina\localhost\WebServer.xml] has been ignored
30-Mar-2021 14:04:22.586 INFORMACIÓN [http-nio-8080-exec-58] org.apache.jasper.servlet.TldScanner.scanJars Al menos un JAR, que se ha explorado buscando TLDs, aún no contenía TLDs. Activar historial de depuración para este historiador para una completa lista de los JARs que fueron explorados y de los que nos se halló TLDs. Saltarse JARs no necesarios durante la exploración puede dar lugar a una mejora de tiempo significativa en el arranque y compilación de JSP .
30-Mar-2021 14:04:22.589 INFORMACIÓN [http-nio-8080-exec-58] org.apache.catalina.startup.HostConfig.deployDescriptor Deployment of deployment descriptor [C:\TFG\tomcat\conf\Catalina\localhost\WebServer.xml] has finished in [726] ms
30-Mar-2021 14:04:22.592 INFORMACIÓN [http-nio-8080-exec-56] org.apache.catalina.util.LifecycleBase.start The start() method was called on component [StandardEngine[Catalina].StandardHost[localhost].StandardContext[/WebServer]] after start() had already been called. The second call will be ignored.
30-Mar-2021 20:13:12.887 INFORMACIÓN [main] org.apache.catalina.startup.VersionLoggerListener.log Nombre de la versión del servidor:   Apache Tomcat/9.0.37

30-Mar-2021 20:13:12.888 INFORMACIÓN [main] org.apache.catalina.startup.VersionLoggerListener.log Server built:          Jun 30 2020 20:09:49 UTC
30-Mar-2021 20:13:12.890 INFORMACIÓN [main] org.apache.catalina.startup.VersionLoggerListener.log Número de versión de servidor:         9.0.37.0
30-Mar-2021 20:13:12.890 INFORMACIÓN [main] org.apache.catalina.startup.VersionLoggerListener.log OS Name:               Windows 10
30-Mar-2021 20:13:12.890 INFORMACIÓN [main] org.apache.catalina.startup.VersionLoggerListener.log Versión de Systema Operativo:      10.0

30-Mar-2021 20:13:12.890 INFORMACIÓN [main] org.apache.catalina.startup.VersionLoggerListener.log Arquitectura:          amd64

30-Mar-2021 20:13:12.890 INFORMACIÓN [main] org.apache.catalina.startup.VersionLoggerListener.log Java Home:             C:\Program Files\Java\jdk1.8.0_281\jre
30-Mar-2021 20:13:12.890 INFORMACIÓN [main] org.apache.catalina.startup.VersionLoggerListener.log JVM Version:           1.8.0_281-b09
30-Mar-2021 20:13:12.890 INFORMACIÓN [main] org.apache.catalina.startup.VersionLoggerListener.log Vededor JVM:     Oracle Corporation
30-Mar-2021 20:13:12.890 INFORMACIÓN [main] org.apache.catalina.startup.VersionLoggerListener.log CATALINA_BASE:         C:\TFG\tomcat
30-Mar-2021 20:13:12.891 INFORMACIÓN [main] org.apache.catalina.startup.VersionLoggerListener.log CATALINA_HOME:         C:\TFG\tomcat
30-Mar-2021 20:13:12.891 INFORMACIÓN [main] org.apache.catalina.startup.VersionLoggerListener.log Command line argument: -Djava.util.logging.config.file=C:\TFG\tomcat\conf\logging.properties
30-Mar-2021 20:13:12.891 INFORMACIÓN [main] org.apache.catalina.startup.VersionLoggerListener.log Command line argument: -Djava.util.logging.manager=org.apache.juli.ClassLoaderLogManager
30-Mar-2021 20:13:12.891 INFORMACIÓN [main] org.apache.catalina.startup.VersionLoggerListener.log Command line argument: -Djava.security.auth.login.config=C:\TFG\tomcat/conf/jaas.config
30-Mar-2021 20:13:12.891 INFORMACIÓN [main] org.apache.catalina.startup.VersionLoggerListener.log Command line argument: -Djdk.tls.ephemeralDHKeySize=2048
30-Mar-2021 20:13:12.891 INFORMACIÓN [main] org.apache.catalina.startup.VersionLoggerListener.log Command line argument: -Djava.protocol.handler.pkgs=org.apache.catalina.webresources
30-Mar-2021 20:13:12.892 INFORMACIÓN [main] org.apache.catalina.startup.VersionLoggerListener.log Command line argument: -Dignore.endorsed.dirs=
30-Mar-2021 20:13:12.892 INFORMACIÓN [main] org.apache.catalina.startup.VersionLoggerListener.log Command line argument: -Dcatalina.base=C:\TFG\tomcat
30-Mar-2021 20:13:12.892 INFORMACIÓN [main] org.apache.catalina.startup.VersionLoggerListener.log Command line argument: -Dcatalina.home=C:\TFG\tomcat
30-Mar-2021 20:13:12.893 INFORMACIÓN [main] org.apache.catalina.startup.VersionLoggerListener.log Command line argument: -Djava.io.tmpdir=C:\TFG\tomcat\temp
30-Mar-2021 20:13:12.893 INFORMACIÓN [main] org.apache.catalina.core.AprLifecycleListener.lifecycleEvent Cargada la biblioteca nativa APR de Apache Tomcat [1.2.26] con la versión APR [1.7.0].
30-Mar-2021 20:13:12.893 INFORMACIÓN [main] org.apache.catalina.core.AprLifecycleListener.lifecycleEvent Capacidades APR: IPv6 [true], enviar fichero [true], aceptar filtros [false], aleatorio [true].
30-Mar-2021 20:13:12.893 INFORMACIÓN [main] org.apache.catalina.core.AprLifecycleListener.lifecycleEvent APR/OpenSSL configuration: useAprConnector [false], useOpenSSL [true]
30-Mar-2021 20:13:12.898 INFORMACIÓN [main] org.apache.catalina.core.AprLifecycleListener.initializeSSL OpenSSL inicializado correctamente [OpenSSL 1.1.1i  8 Dec 2020]
30-Mar-2021 20:13:13.105 INFORMACIÓN [main] org.apache.coyote.AbstractProtocol.init Inicializando el manejador de protocolo ["http-nio-8080"]

30-Mar-2021 20:13:13.251 INFORMACIÓN [main] org.apache.coyote.AbstractProtocol.init Inicializando el manejador de protocolo ["http-nio-100"]

30-Mar-2021 20:13:13.252 INFORMACIÓN [main] org.apache.catalina.startup.Catalina.load Server initialization in [500] milliseconds
30-Mar-2021 20:13:13.270 INFORMACIÓN [main] org.apache.catalina.core.StandardService.startInternal Arrancando servicio [Catalina]
30-Mar-2021 20:13:13.270 INFORMACIÓN [main] org.apache.catalina.core.StandardEngine.startInternal Starting Servlet engine: [Apache Tomcat/9.0.37]
30-Mar-2021 20:13:13.276 INFORMACIÓN [main] org.apache.catalina.startup.HostConfig.deployDescriptor Desplieque del descriptor de configuración [C:\TFG\tomcat\conf\Catalina\localhost\bytes.xml]
30-Mar-2021 20:13:13.287 ADVERTENCIA [main] org.apache.catalina.startup.HostConfig.deployDescriptor The path attribute with value [/bytes] in deployment descriptor [C:\TFG\tomcat\conf\Catalina\localhost\bytes.xml] has been ignored
30-Mar-2021 20:13:13.291 ADVERTENCIA [main] org.apache.catalina.startup.HostConfig.deployDescriptor Se ha especificado un docBase [C:\TFG\tomcat\webapps\home\clwn1\Escritorio\urv\jaas-authentication-in-tomcat-example\com-byteslounge-jaas\target\com-byteslounge-jaas-1.0-SNAPSHOT] dentro del appBase de la máquina y será ignorado
30-Mar-2021 20:13:13.307 GRAVE [main] org.apache.catalina.startup.HostConfig.deployDescriptor Error durante el despliegue del descriptor de configuración [C:\TFG\tomcat\conf\Catalina\localhost\bytes.xml]
	java.lang.IllegalStateException: Error starting child
		at org.apache.catalina.core.ContainerBase.addChildInternal(ContainerBase.java:720)
		at org.apache.catalina.core.ContainerBase.addChild(ContainerBase.java:690)
		at org.apache.catalina.core.StandardHost.addChild(StandardHost.java:705)
		at org.apache.catalina.startup.HostConfig.deployDescriptor(HostConfig.java:631)
		at org.apache.catalina.startup.HostConfig$DeployDescriptor.run(HostConfig.java:1830)
		at java.util.concurrent.Executors$RunnableAdapter.call(Executors.java:511)
		at java.util.concurrent.FutureTask.run(FutureTask.java:266)
		at org.apache.tomcat.util.threads.InlineExecutorService.execute(InlineExecutorService.java:75)
		at java.util.concurrent.AbstractExecutorService.submit(AbstractExecutorService.java:112)
		at org.apache.catalina.startup.HostConfig.deployDescriptors(HostConfig.java:526)
		at org.apache.catalina.startup.HostConfig.deployApps(HostConfig.java:425)
		at org.apache.catalina.startup.HostConfig.start(HostConfig.java:1576)
		at org.apache.catalina.startup.HostConfig.lifecycleEvent(HostConfig.java:309)
		at org.apache.catalina.util.LifecycleBase.fireLifecycleEvent(LifecycleBase.java:123)
		at org.apache.catalina.util.LifecycleBase.setStateInternal(LifecycleBase.java:423)
		at org.apache.catalina.util.LifecycleBase.setState(LifecycleBase.java:366)
		at org.apache.catalina.core.ContainerBase.startInternal(ContainerBase.java:936)
		at org.apache.catalina.core.StandardHost.startInternal(StandardHost.java:841)
		at org.apache.catalina.util.LifecycleBase.start(LifecycleBase.java:183)
		at org.apache.catalina.core.ContainerBase$StartChild.call(ContainerBase.java:1384)
		at org.apache.catalina.core.ContainerBase$StartChild.call(ContainerBase.java:1374)
		at java.util.concurrent.FutureTask.run(FutureTask.java:266)
		at org.apache.tomcat.util.threads.InlineExecutorService.execute(InlineExecutorService.java:75)
		at java.util.concurrent.AbstractExecutorService.submit(AbstractExecutorService.java:134)
		at org.apache.catalina.core.ContainerBase.startInternal(ContainerBase.java:909)
		at org.apache.catalina.core.StandardEngine.startInternal(StandardEngine.java:262)
		at org.apache.catalina.util.LifecycleBase.start(LifecycleBase.java:183)
		at org.apache.catalina.core.StandardService.startInternal(StandardService.java:421)
		at org.apache.catalina.util.LifecycleBase.start(LifecycleBase.java:183)
		at org.apache.catalina.core.StandardServer.startInternal(StandardServer.java:930)
		at org.apache.catalina.util.LifecycleBase.start(LifecycleBase.java:183)
		at org.apache.catalina.startup.Catalina.start(Catalina.java:738)
		at sun.reflect.NativeMethodAccessorImpl.invoke0(Native Method)
		at sun.reflect.NativeMethodAccessorImpl.invoke(NativeMethodAccessorImpl.java:62)
		at sun.reflect.DelegatingMethodAccessorImpl.invoke(DelegatingMethodAccessorImpl.java:43)
		at java.lang.reflect.Method.invoke(Method.java:498)
		at org.apache.catalina.startup.Bootstrap.start(Bootstrap.java:342)
		at org.apache.catalina.startup.Bootstrap.main(Bootstrap.java:473)
	Caused by: org.apache.catalina.LifecycleException: Failed to start component [org.apache.catalina.webresources.StandardRoot@382db087]
		at org.apache.catalina.util.LifecycleBase.handleSubClassException(LifecycleBase.java:440)
		at org.apache.catalina.util.LifecycleBase.start(LifecycleBase.java:198)
		at org.apache.catalina.core.StandardContext.resourcesStart(StandardContext.java:4792)
		at org.apache.catalina.core.StandardContext.startInternal(StandardContext.java:4928)
		at org.apache.catalina.util.LifecycleBase.start(LifecycleBase.java:183)
		at org.apache.catalina.core.ContainerBase.addChildInternal(ContainerBase.java:717)
		... 37 more
	Caused by: java.lang.IllegalArgumentException: The main resource set specified [C:\TFG\tomcat\webapps\bytes] is not valid
		at org.apache.catalina.webresources.StandardRoot.createMainResourceSet(StandardRoot.java:751)
		at org.apache.catalina.webresources.StandardRoot.startInternal(StandardRoot.java:708)
		at org.apache.catalina.util.LifecycleBase.start(LifecycleBase.java:183)
		... 41 more
30-Mar-2021 20:13:13.309 INFORMACIÓN [main] org.apache.catalina.startup.HostConfig.deployDescriptor Deployment of deployment descriptor [C:\TFG\tomcat\conf\Catalina\localhost\bytes.xml] has finished in [33] ms
30-Mar-2021 20:13:13.310 INFORMACIÓN [main] org.apache.catalina.startup.HostConfig.deployDescriptor Desplieque del descriptor de configuración [C:\TFG\tomcat\conf\Catalina\localhost\hola.xml]
30-Mar-2021 20:13:13.311 ADVERTENCIA [main] org.apache.catalina.startup.HostConfig.deployDescriptor The path attribute with value [/hola] in deployment descriptor [C:\TFG\tomcat\conf\Catalina\localhost\hola.xml] has been ignored
30-Mar-2021 20:13:14.031 INFORMACIÓN [main] org.apache.jasper.servlet.TldScanner.scanJars Al menos un JAR, que se ha explorado buscando TLDs, aún no contenía TLDs. Activar historial de depuración para este historiador para una completa lista de los JARs que fueron explorados y de los que nos se halló TLDs. Saltarse JARs no necesarios durante la exploración puede dar lugar a una mejora de tiempo significativa en el arranque y compilación de JSP .
30-Mar-2021 20:13:14.066 INFORMACIÓN [main] org.apache.catalina.startup.HostConfig.deployDescriptor Deployment of deployment descriptor [C:\TFG\tomcat\conf\Catalina\localhost\hola.xml] has finished in [756] ms
30-Mar-2021 20:13:14.066 INFORMACIÓN [main] org.apache.catalina.startup.HostConfig.deployDescriptor Desplieque del descriptor de configuración [C:\TFG\tomcat\conf\Catalina\localhost\imageinservlet.xml]
30-Mar-2021 20:13:14.068 ADVERTENCIA [main] org.apache.catalina.startup.HostConfig.deployDescriptor The path attribute with value [/imageinservlet] in deployment descriptor [C:\TFG\tomcat\conf\Catalina\localhost\imageinservlet.xml] has been ignored
30-Mar-2021 20:13:14.189 INFORMACIÓN [main] org.apache.jasper.servlet.TldScanner.scanJars Al menos un JAR, que se ha explorado buscando TLDs, aún no contenía TLDs. Activar historial de depuración para este historiador para una completa lista de los JARs que fueron explorados y de los que nos se halló TLDs. Saltarse JARs no necesarios durante la exploración puede dar lugar a una mejora de tiempo significativa en el arranque y compilación de JSP .
30-Mar-2021 20:13:14.190 INFORMACIÓN [main] org.apache.catalina.startup.HostConfig.deployDescriptor Deployment of deployment descriptor [C:\TFG\tomcat\conf\Catalina\localhost\imageinservlet.xml] has finished in [124] ms
30-Mar-2021 20:13:14.190 INFORMACIÓN [main] org.apache.catalina.startup.HostConfig.deployDescriptor Desplieque del descriptor de configuración [C:\TFG\tomcat\conf\Catalina\localhost\web.xml]
30-Mar-2021 20:13:14.192 ADVERTENCIA [main] org.apache.catalina.startup.HostConfig.deployDescriptor The path attribute with value [/web] in deployment descriptor [C:\TFG\tomcat\conf\Catalina\localhost\web.xml] has been ignored
30-Mar-2021 20:13:14.192 ADVERTENCIA [main] org.apache.catalina.startup.HostConfig.deployDescriptor Se ha especificado un docBase [C:\TFG\tomcat\webapps\home\clwn1\Escritorio\TFG\web\target\web-1.0-SNAPSHOT] dentro del appBase de la máquina y será ignorado
30-Mar-2021 20:13:14.196 ADVERTENCIA [main] org.apache.tomcat.util.digester.SetPropertiesRule.begin Match [Context/Realm/CredentialHandler] failed to set property [keyLength] to [256]
30-Mar-2021 20:13:14.197 GRAVE [main] org.apache.catalina.startup.HostConfig.deployDescriptor Error durante el despliegue del descriptor de configuración [C:\TFG\tomcat\conf\Catalina\localhost\web.xml]
	java.lang.IllegalStateException: Error starting child
		at org.apache.catalina.core.ContainerBase.addChildInternal(ContainerBase.java:720)
		at org.apache.catalina.core.ContainerBase.addChild(ContainerBase.java:690)
		at org.apache.catalina.core.StandardHost.addChild(StandardHost.java:705)
		at org.apache.catalina.startup.HostConfig.deployDescriptor(HostConfig.java:631)
		at org.apache.catalina.startup.HostConfig$DeployDescriptor.run(HostConfig.java:1830)
		at java.util.concurrent.Executors$RunnableAdapter.call(Executors.java:511)
		at java.util.concurrent.FutureTask.run(FutureTask.java:266)
		at org.apache.tomcat.util.threads.InlineExecutorService.execute(InlineExecutorService.java:75)
		at java.util.concurrent.AbstractExecutorService.submit(AbstractExecutorService.java:112)
		at org.apache.catalina.startup.HostConfig.deployDescriptors(HostConfig.java:526)
		at org.apache.catalina.startup.HostConfig.deployApps(HostConfig.java:425)
		at org.apache.catalina.startup.HostConfig.start(HostConfig.java:1576)
		at org.apache.catalina.startup.HostConfig.lifecycleEvent(HostConfig.java:309)
		at org.apache.catalina.util.LifecycleBase.fireLifecycleEvent(LifecycleBase.java:123)
		at org.apache.catalina.util.LifecycleBase.setStateInternal(LifecycleBase.java:423)
		at org.apache.catalina.util.LifecycleBase.setState(LifecycleBase.java:366)
		at org.apache.catalina.core.ContainerBase.startInternal(ContainerBase.java:936)
		at org.apache.catalina.core.StandardHost.startInternal(StandardHost.java:841)
		at org.apache.catalina.util.LifecycleBase.start(LifecycleBase.java:183)
		at org.apache.catalina.core.ContainerBase$StartChild.call(ContainerBase.java:1384)
		at org.apache.catalina.core.ContainerBase$StartChild.call(ContainerBase.java:1374)
		at java.util.concurrent.FutureTask.run(FutureTask.java:266)
		at org.apache.tomcat.util.threads.InlineExecutorService.execute(InlineExecutorService.java:75)
		at java.util.concurrent.AbstractExecutorService.submit(AbstractExecutorService.java:134)
		at org.apache.catalina.core.ContainerBase.startInternal(ContainerBase.java:909)
		at org.apache.catalina.core.StandardEngine.startInternal(StandardEngine.java:262)
		at org.apache.catalina.util.LifecycleBase.start(LifecycleBase.java:183)
		at org.apache.catalina.core.StandardService.startInternal(StandardService.java:421)
		at org.apache.catalina.util.LifecycleBase.start(LifecycleBase.java:183)
		at org.apache.catalina.core.StandardServer.startInternal(StandardServer.java:930)
		at org.apache.catalina.util.LifecycleBase.start(LifecycleBase.java:183)
		at org.apache.catalina.startup.Catalina.start(Catalina.java:738)
		at sun.reflect.NativeMethodAccessorImpl.invoke0(Native Method)
		at sun.reflect.NativeMethodAccessorImpl.invoke(NativeMethodAccessorImpl.java:62)
		at sun.reflect.DelegatingMethodAccessorImpl.invoke(DelegatingMethodAccessorImpl.java:43)
		at java.lang.reflect.Method.invoke(Method.java:498)
		at org.apache.catalina.startup.Bootstrap.start(Bootstrap.java:342)
		at org.apache.catalina.startup.Bootstrap.main(Bootstrap.java:473)
	Caused by: org.apache.catalina.LifecycleException: Failed to start component [org.apache.catalina.webresources.StandardRoot@465b38e6]
		at org.apache.catalina.util.LifecycleBase.handleSubClassException(LifecycleBase.java:440)
		at org.apache.catalina.util.LifecycleBase.start(LifecycleBase.java:198)
		at org.apache.catalina.core.StandardContext.resourcesStart(StandardContext.java:4792)
		at org.apache.catalina.core.StandardContext.startInternal(StandardContext.java:4928)
		at org.apache.catalina.util.LifecycleBase.start(LifecycleBase.java:183)
		at org.apache.catalina.core.ContainerBase.addChildInternal(ContainerBase.java:717)
		... 37 more
	Caused by: java.lang.IllegalArgumentException: The main resource set specified [C:\TFG\tomcat\webapps\web] is not valid
		at org.apache.catalina.webresources.StandardRoot.createMainResourceSet(StandardRoot.java:751)
		at org.apache.catalina.webresources.StandardRoot.startInternal(StandardRoot.java:708)
		at org.apache.catalina.util.LifecycleBase.start(LifecycleBase.java:183)
		... 41 more
30-Mar-2021 20:13:14.198 INFORMACIÓN [main] org.apache.catalina.startup.HostConfig.deployDescriptor Deployment of deployment descriptor [C:\TFG\tomcat\conf\Catalina\localhost\web.xml] has finished in [8] ms
30-Mar-2021 20:13:14.198 INFORMACIÓN [main] org.apache.catalina.startup.HostConfig.deployDescriptor Desplieque del descriptor de configuración [C:\TFG\tomcat\conf\Catalina\localhost\WebServer.xml]
30-Mar-2021 20:13:14.199 ADVERTENCIA [main] org.apache.catalina.startup.HostConfig.deployDescriptor The path attribute with value [/WebServer] in deployment descriptor [C:\TFG\tomcat\conf\Catalina\localhost\WebServer.xml] has been ignored
30-Mar-2021 20:13:15.109 INFORMACIÓN [main] org.apache.jasper.servlet.TldScanner.scanJars Al menos un JAR, que se ha explorado buscando TLDs, aún no contenía TLDs. Activar historial de depuración para este historiador para una completa lista de los JARs que fueron explorados y de los que nos se halló TLDs. Saltarse JARs no necesarios durante la exploración puede dar lugar a una mejora de tiempo significativa en el arranque y compilación de JSP .
30-Mar-2021 20:13:15.113 INFORMACIÓN [main] org.apache.catalina.startup.HostConfig.deployDescriptor Deployment of deployment descriptor [C:\TFG\tomcat\conf\Catalina\localhost\WebServer.xml] has finished in [915] ms
30-Mar-2021 20:13:15.162 INFORMACIÓN [main] org.apache.catalina.startup.HostConfig.deployWAR Despliegue del archivo [C:\TFG\tomcat\webapps\WebServer-1.0-SNAPSHOT.war] de la aplicación web
30-Mar-2021 20:13:15.277 INFORMACIÓN [main] org.apache.jasper.servlet.TldScanner.scanJars Al menos un JAR, que se ha explorado buscando TLDs, aún no contenía TLDs. Activar historial de depuración para este historiador para una completa lista de los JARs que fueron explorados y de los que nos se halló TLDs. Saltarse JARs no necesarios durante la exploración puede dar lugar a una mejora de tiempo significativa en el arranque y compilación de JSP .
30-Mar-2021 20:13:15.278 INFORMACIÓN [main] org.apache.catalina.startup.HostConfig.deployWAR Deployment of web application archive [C:\TFG\tomcat\webapps\WebServer-1.0-SNAPSHOT.war] has finished in [116] ms
30-Mar-2021 20:13:15.279 INFORMACIÓN [main] org.apache.catalina.startup.HostConfig.deployDirectory Desplegando el directorio [C:\TFG\tomcat\webapps\docs] de la aplicación web
30-Mar-2021 20:13:15.369 INFORMACIÓN [main] org.apache.jasper.servlet.TldScanner.scanJars Al menos un JAR, que se ha explorado buscando TLDs, aún no contenía TLDs. Activar historial de depuración para este historiador para una completa lista de los JARs que fueron explorados y de los que nos se halló TLDs. Saltarse JARs no necesarios durante la exploración puede dar lugar a una mejora de tiempo significativa en el arranque y compilación de JSP .
30-Mar-2021 20:13:15.370 INFORMACIÓN [main] org.apache.catalina.startup.HostConfig.deployDirectory Deployment of web application directory [C:\TFG\tomcat\webapps\docs] has finished in [91] ms
30-Mar-2021 20:13:15.370 INFORMACIÓN [main] org.apache.catalina.startup.HostConfig.deployDirectory Desplegando el directorio [C:\TFG\tomcat\webapps\examples] de la aplicación web
30-Mar-2021 20:13:15.721 INFORMACIÓN [main] org.apache.jasper.servlet.TldScanner.scanJars Al menos un JAR, que se ha explorado buscando TLDs, aún no contenía TLDs. Activar historial de depuración para este historiador para una completa lista de los JARs que fueron explorados y de los que nos se halló TLDs. Saltarse JARs no necesarios durante la exploración puede dar lugar a una mejora de tiempo significativa en el arranque y compilación de JSP .
30-Mar-2021 20:13:15.748 INFORMACIÓN [main] org.apache.catalina.startup.HostConfig.deployDirectory Deployment of web application directory [C:\TFG\tomcat\webapps\examples] has finished in [378] ms
30-Mar-2021 20:13:15.748 INFORMACIÓN [main] org.apache.catalina.startup.HostConfig.deployDirectory Desplegando el directorio [C:\TFG\tomcat\webapps\host-manager] de la aplicación web
30-Mar-2021 20:13:15.858 INFORMACIÓN [main] org.apache.jasper.servlet.TldScanner.scanJars Al menos un JAR, que se ha explorado buscando TLDs, aún no contenía TLDs. Activar historial de depuración para este historiador para una completa lista de los JARs que fueron explorados y de los que nos se halló TLDs. Saltarse JARs no necesarios durante la exploración puede dar lugar a una mejora de tiempo significativa en el arranque y compilación de JSP .
30-Mar-2021 20:13:15.861 INFORMACIÓN [main] org.apache.catalina.startup.HostConfig.deployDirectory Deployment of web application directory [C:\TFG\tomcat\webapps\host-manager] has finished in [112] ms
30-Mar-2021 20:13:15.861 INFORMACIÓN [main] org.apache.catalina.startup.HostConfig.deployDirectory Desplegando el directorio [C:\TFG\tomcat\webapps\manager] de la aplicación web
30-Mar-2021 20:13:15.950 INFORMACIÓN [main] org.apache.jasper.servlet.TldScanner.scanJars Al menos un JAR, que se ha explorado buscando TLDs, aún no contenía TLDs. Activar historial de depuración para este historiador para una completa lista de los JARs que fueron explorados y de los que nos se halló TLDs. Saltarse JARs no necesarios durante la exploración puede dar lugar a una mejora de tiempo significativa en el arranque y compilación de JSP .
30-Mar-2021 20:13:15.952 INFORMACIÓN [main] org.apache.catalina.startup.HostConfig.deployDirectory Deployment of web application directory [C:\TFG\tomcat\webapps\manager] has finished in [91] ms
30-Mar-2021 20:13:15.952 INFORMACIÓN [main] org.apache.catalina.startup.HostConfig.deployDirectory Desplegando el directorio [C:\TFG\tomcat\webapps\ROOT] de la aplicación web
30-Mar-2021 20:13:16.042 INFORMACIÓN [main] org.apache.jasper.servlet.TldScanner.scanJars Al menos un JAR, que se ha explorado buscando TLDs, aún no contenía TLDs. Activar historial de depuración para este historiador para una completa lista de los JARs que fueron explorados y de los que nos se halló TLDs. Saltarse JARs no necesarios durante la exploración puede dar lugar a una mejora de tiempo significativa en el arranque y compilación de JSP .
30-Mar-2021 20:13:16.043 INFORMACIÓN [main] org.apache.catalina.startup.HostConfig.deployDirectory Deployment of web application directory [C:\TFG\tomcat\webapps\ROOT] has finished in [91] ms
30-Mar-2021 20:13:16.046 INFORMACIÓN [main] org.apache.coyote.AbstractProtocol.start Starting ProtocolHandler ["http-nio-8080"]
30-Mar-2021 20:13:16.051 INFORMACIÓN [main] org.apache.coyote.AbstractProtocol.start Starting ProtocolHandler ["http-nio-100"]
30-Mar-2021 20:13:16.052 INFORMACIÓN [main] org.apache.catalina.startup.Catalina.start Server startup in [2800] milliseconds
30-Mar-2021 20:30:14.472 INFORMACIÓN [http-nio-8080-exec-5] org.apache.catalina.core.StandardContext.reload Ha comenzado la recarga de Contexto [/WebServer]
30-Mar-2021 20:30:15.368 INFORMACIÓN [http-nio-8080-exec-5] org.apache.jasper.servlet.TldScanner.scanJars Al menos un JAR, que se ha explorado buscando TLDs, aún no contenía TLDs. Activar historial de depuración para este historiador para una completa lista de los JARs que fueron explorados y de los que nos se halló TLDs. Saltarse JARs no necesarios durante la exploración puede dar lugar a una mejora de tiempo significativa en el arranque y compilación de JSP .
30-Mar-2021 20:30:15.371 INFORMACIÓN [http-nio-8080-exec-5] org.apache.catalina.core.StandardContext.reload Se ha completado la recarga de este Contexto
30-Mar-2021 20:31:05.044 INFORMACIÓN [http-nio-8080-exec-3] org.apache.catalina.startup.HostConfig.undeploy Repliegue (undeploy) de la aplicación web que tiene como trayectoria de contexto [/WebServer]
30-Mar-2021 20:31:11.986 INFORMACIÓN [http-nio-8080-exec-10] org.apache.catalina.startup.HostConfig.deployDescriptor Desplieque del descriptor de configuración [C:\TFG\tomcat\conf\Catalina\localhost\WebServer.xml]
30-Mar-2021 20:31:11.987 ADVERTENCIA [http-nio-8080-exec-10] org.apache.catalina.startup.HostConfig.deployDescriptor The path attribute with value [/WebServer] in deployment descriptor [C:\TFG\tomcat\conf\Catalina\localhost\WebServer.xml] has been ignored
30-Mar-2021 20:31:12.758 INFORMACIÓN [http-nio-8080-exec-10] org.apache.jasper.servlet.TldScanner.scanJars Al menos un JAR, que se ha explorado buscando TLDs, aún no contenía TLDs. Activar historial de depuración para este historiador para una completa lista de los JARs que fueron explorados y de los que nos se halló TLDs. Saltarse JARs no necesarios durante la exploración puede dar lugar a una mejora de tiempo significativa en el arranque y compilación de JSP .
30-Mar-2021 20:31:12.761 INFORMACIÓN [http-nio-8080-exec-10] org.apache.catalina.startup.HostConfig.deployDescriptor Deployment of deployment descriptor [C:\TFG\tomcat\conf\Catalina\localhost\WebServer.xml] has finished in [776] ms
30-Mar-2021 20:31:12.764 INFORMACIÓN [http-nio-8080-exec-6] org.apache.catalina.util.LifecycleBase.start The start() method was called on component [StandardEngine[Catalina].StandardHost[localhost].StandardContext[/WebServer]] after start() had already been called. The second call will be ignored.
30-Mar-2021 20:55:26.332 INFORMACIÓN [http-nio-8080-exec-16] org.apache.catalina.startup.HostConfig.undeploy Repliegue (undeploy) de la aplicación web que tiene como trayectoria de contexto [/WebServer]
30-Mar-2021 20:55:33.671 INFORMACIÓN [http-nio-8080-exec-16] org.apache.catalina.startup.HostConfig.deployDescriptor Desplieque del descriptor de configuración [C:\TFG\tomcat\conf\Catalina\localhost\WebServer.xml]
30-Mar-2021 20:55:33.672 ADVERTENCIA [http-nio-8080-exec-16] org.apache.catalina.startup.HostConfig.deployDescriptor The path attribute with value [/WebServer] in deployment descriptor [C:\TFG\tomcat\conf\Catalina\localhost\WebServer.xml] has been ignored
30-Mar-2021 20:55:34.528 INFORMACIÓN [http-nio-8080-exec-16] org.apache.jasper.servlet.TldScanner.scanJars Al menos un JAR, que se ha explorado buscando TLDs, aún no contenía TLDs. Activar historial de depuración para este historiador para una completa lista de los JARs que fueron explorados y de los que nos se halló TLDs. Saltarse JARs no necesarios durante la exploración puede dar lugar a una mejora de tiempo significativa en el arranque y compilación de JSP .
30-Mar-2021 20:55:34.530 INFORMACIÓN [http-nio-8080-exec-16] org.apache.catalina.startup.HostConfig.deployDescriptor Deployment of deployment descriptor [C:\TFG\tomcat\conf\Catalina\localhost\WebServer.xml] has finished in [859] ms
30-Mar-2021 20:55:34.533 INFORMACIÓN [http-nio-8080-exec-24] org.apache.catalina.util.LifecycleBase.start The start() method was called on component [StandardEngine[Catalina].StandardHost[localhost].StandardContext[/WebServer]] after start() had already been called. The second call will be ignored.
30-Mar-2021 20:55:45.669 INFORMACIÓN [http-nio-8080-exec-26] org.apache.catalina.startup.HostConfig.undeploy Repliegue (undeploy) de la aplicación web que tiene como trayectoria de contexto [/WebServer]
30-Mar-2021 20:55:45.682 INFORMACIÓN [http-nio-8080-exec-23] org.apache.catalina.startup.HostConfig.deployDescriptor Desplieque del descriptor de configuración [C:\TFG\tomcat\conf\Catalina\localhost\WebServer.xml]
30-Mar-2021 20:55:45.683 ADVERTENCIA [http-nio-8080-exec-23] org.apache.catalina.startup.HostConfig.deployDescriptor The path attribute with value [/WebServer] in deployment descriptor [C:\TFG\tomcat\conf\Catalina\localhost\WebServer.xml] has been ignored
30-Mar-2021 20:55:46.502 INFORMACIÓN [http-nio-8080-exec-23] org.apache.jasper.servlet.TldScanner.scanJars Al menos un JAR, que se ha explorado buscando TLDs, aún no contenía TLDs. Activar historial de depuración para este historiador para una completa lista de los JARs que fueron explorados y de los que nos se halló TLDs. Saltarse JARs no necesarios durante la exploración puede dar lugar a una mejora de tiempo significativa en el arranque y compilación de JSP .
30-Mar-2021 20:55:46.505 INFORMACIÓN [http-nio-8080-exec-23] org.apache.catalina.startup.HostConfig.deployDescriptor Deployment of deployment descriptor [C:\TFG\tomcat\conf\Catalina\localhost\WebServer.xml] has finished in [823] ms
30-Mar-2021 20:55:46.508 INFORMACIÓN [http-nio-8080-exec-15] org.apache.catalina.util.LifecycleBase.start The start() method was called on component [StandardEngine[Catalina].StandardHost[localhost].StandardContext[/WebServer]] after start() had already been called. The second call will be ignored.
30-Mar-2021 20:57:59.459 INFORMACIÓN [http-nio-8080-exec-32] org.apache.catalina.startup.HostConfig.undeploy Repliegue (undeploy) de la aplicación web que tiene como trayectoria de contexto [/WebServer]
30-Mar-2021 20:58:09.993 INFORMACIÓN [http-nio-8080-exec-29] org.apache.catalina.startup.HostConfig.deployDescriptor Desplieque del descriptor de configuración [C:\TFG\tomcat\conf\Catalina\localhost\WebServer.xml]
30-Mar-2021 20:58:09.994 ADVERTENCIA [http-nio-8080-exec-29] org.apache.catalina.startup.HostConfig.deployDescriptor The path attribute with value [/WebServer] in deployment descriptor [C:\TFG\tomcat\conf\Catalina\localhost\WebServer.xml] has been ignored
30-Mar-2021 20:58:10.719 INFORMACIÓN [http-nio-8080-exec-29] org.apache.jasper.servlet.TldScanner.scanJars Al menos un JAR, que se ha explorado buscando TLDs, aún no contenía TLDs. Activar historial de depuración para este historiador para una completa lista de los JARs que fueron explorados y de los que nos se halló TLDs. Saltarse JARs no necesarios durante la exploración puede dar lugar a una mejora de tiempo significativa en el arranque y compilación de JSP .
30-Mar-2021 20:58:10.722 INFORMACIÓN [http-nio-8080-exec-29] org.apache.catalina.startup.HostConfig.deployDescriptor Deployment of deployment descriptor [C:\TFG\tomcat\conf\Catalina\localhost\WebServer.xml] has finished in [729] ms
30-Mar-2021 20:58:10.725 INFORMACIÓN [http-nio-8080-exec-16] org.apache.catalina.util.LifecycleBase.start The start() method was called on component [StandardEngine[Catalina].StandardHost[localhost].StandardContext[/WebServer]] after start() had already been called. The second call will be ignored.
30-Mar-2021 21:23:54.057 INFORMACIÓN [http-nio-8080-exec-38] org.apache.catalina.startup.HostConfig.undeploy Repliegue (undeploy) de la aplicación web que tiene como trayectoria de contexto [/WebServer]
30-Mar-2021 21:23:54.405 INFORMACIÓN [http-nio-8080-exec-42] org.apache.catalina.startup.HostConfig.deployDescriptor Desplieque del descriptor de configuración [C:\TFG\tomcat\conf\Catalina\localhost\WebServer.xml]
30-Mar-2021 21:23:54.406 ADVERTENCIA [http-nio-8080-exec-42] org.apache.catalina.startup.HostConfig.deployDescriptor The path attribute with value [/WebServer] in deployment descriptor [C:\TFG\tomcat\conf\Catalina\localhost\WebServer.xml] has been ignored
30-Mar-2021 21:23:55.215 INFORMACIÓN [http-nio-8080-exec-42] org.apache.jasper.servlet.TldScanner.scanJars Al menos un JAR, que se ha explorado buscando TLDs, aún no contenía TLDs. Activar historial de depuración para este historiador para una completa lista de los JARs que fueron explorados y de los que nos se halló TLDs. Saltarse JARs no necesarios durante la exploración puede dar lugar a una mejora de tiempo significativa en el arranque y compilación de JSP .
30-Mar-2021 21:23:55.218 INFORMACIÓN [http-nio-8080-exec-42] org.apache.catalina.startup.HostConfig.deployDescriptor Deployment of deployment descriptor [C:\TFG\tomcat\conf\Catalina\localhost\WebServer.xml] has finished in [813] ms
30-Mar-2021 21:23:55.222 INFORMACIÓN [http-nio-8080-exec-38] org.apache.catalina.util.LifecycleBase.start The start() method was called on component [StandardEngine[Catalina].StandardHost[localhost].StandardContext[/WebServer]] after start() had already been called. The second call will be ignored.
30-Mar-2021 21:24:01.024 INFORMACIÓN [http-nio-8080-exec-41] org.apache.catalina.startup.HostConfig.undeploy Repliegue (undeploy) de la aplicación web que tiene como trayectoria de contexto [/WebServer]
30-Mar-2021 21:24:01.036 INFORMACIÓN [http-nio-8080-exec-45] org.apache.catalina.startup.HostConfig.deployDescriptor Desplieque del descriptor de configuración [C:\TFG\tomcat\conf\Catalina\localhost\WebServer.xml]
30-Mar-2021 21:24:01.036 ADVERTENCIA [http-nio-8080-exec-45] org.apache.catalina.startup.HostConfig.deployDescriptor The path attribute with value [/WebServer] in deployment descriptor [C:\TFG\tomcat\conf\Catalina\localhost\WebServer.xml] has been ignored
30-Mar-2021 21:24:01.890 INFORMACIÓN [http-nio-8080-exec-45] org.apache.jasper.servlet.TldScanner.scanJars Al menos un JAR, que se ha explorado buscando TLDs, aún no contenía TLDs. Activar historial de depuración para este historiador para una completa lista de los JARs que fueron explorados y de los que nos se halló TLDs. Saltarse JARs no necesarios durante la exploración puede dar lugar a una mejora de tiempo significativa en el arranque y compilación de JSP .
30-Mar-2021 21:24:01.893 INFORMACIÓN [http-nio-8080-exec-45] org.apache.catalina.startup.HostConfig.deployDescriptor Deployment of deployment descriptor [C:\TFG\tomcat\conf\Catalina\localhost\WebServer.xml] has finished in [857] ms
30-Mar-2021 21:24:01.895 INFORMACIÓN [http-nio-8080-exec-43] org.apache.catalina.util.LifecycleBase.start The start() method was called on component [StandardEngine[Catalina].StandardHost[localhost].StandardContext[/WebServer]] after start() had already been called. The second call will be ignored.
30-Mar-2021 21:29:52.371 INFORMACIÓN [http-nio-8080-exec-53] org.apache.catalina.startup.HostConfig.undeploy Repliegue (undeploy) de la aplicación web que tiene como trayectoria de contexto [/WebServer]
30-Mar-2021 21:30:48.551 INFORMACIÓN [http-nio-8080-exec-57] org.apache.catalina.startup.HostConfig.deployDescriptor Desplieque del descriptor de configuración [C:\TFG\tomcat\conf\Catalina\localhost\WebServer.xml]
30-Mar-2021 21:30:48.552 ADVERTENCIA [http-nio-8080-exec-57] org.apache.catalina.startup.HostConfig.deployDescriptor The path attribute with value [/WebServer] in deployment descriptor [C:\TFG\tomcat\conf\Catalina\localhost\WebServer.xml] has been ignored
30-Mar-2021 21:30:49.270 INFORMACIÓN [http-nio-8080-exec-57] org.apache.jasper.servlet.TldScanner.scanJars Al menos un JAR, que se ha explorado buscando TLDs, aún no contenía TLDs. Activar historial de depuración para este historiador para una completa lista de los JARs que fueron explorados y de los que nos se halló TLDs. Saltarse JARs no necesarios durante la exploración puede dar lugar a una mejora de tiempo significativa en el arranque y compilación de JSP .
30-Mar-2021 21:30:49.273 INFORMACIÓN [http-nio-8080-exec-57] org.apache.catalina.startup.HostConfig.deployDescriptor Deployment of deployment descriptor [C:\TFG\tomcat\conf\Catalina\localhost\WebServer.xml] has finished in [722] ms
30-Mar-2021 21:30:49.276 INFORMACIÓN [http-nio-8080-exec-60] org.apache.catalina.util.LifecycleBase.start The start() method was called on component [StandardEngine[Catalina].StandardHost[localhost].StandardContext[/WebServer]] after start() had already been called. The second call will be ignored.
30-Mar-2021 21:30:57.223 INFORMACIÓN [http-nio-8080-exec-52] org.apache.catalina.startup.HostConfig.undeploy Repliegue (undeploy) de la aplicación web que tiene como trayectoria de contexto [/WebServer]
30-Mar-2021 21:30:57.237 INFORMACIÓN [http-nio-8080-exec-57] org.apache.catalina.startup.HostConfig.deployDescriptor Desplieque del descriptor de configuración [C:\TFG\tomcat\conf\Catalina\localhost\WebServer.xml]
30-Mar-2021 21:30:57.238 ADVERTENCIA [http-nio-8080-exec-57] org.apache.catalina.startup.HostConfig.deployDescriptor The path attribute with value [/WebServer] in deployment descriptor [C:\TFG\tomcat\conf\Catalina\localhost\WebServer.xml] has been ignored
30-Mar-2021 21:30:58.042 INFORMACIÓN [http-nio-8080-exec-57] org.apache.jasper.servlet.TldScanner.scanJars Al menos un JAR, que se ha explorado buscando TLDs, aún no contenía TLDs. Activar historial de depuración para este historiador para una completa lista de los JARs que fueron explorados y de los que nos se halló TLDs. Saltarse JARs no necesarios durante la exploración puede dar lugar a una mejora de tiempo significativa en el arranque y compilación de JSP .
30-Mar-2021 21:30:58.045 INFORMACIÓN [http-nio-8080-exec-57] org.apache.catalina.startup.HostConfig.deployDescriptor Deployment of deployment descriptor [C:\TFG\tomcat\conf\Catalina\localhost\WebServer.xml] has finished in [807] ms
30-Mar-2021 21:30:58.048 INFORMACIÓN [http-nio-8080-exec-55] org.apache.catalina.util.LifecycleBase.start The start() method was called on component [StandardEngine[Catalina].StandardHost[localhost].StandardContext[/WebServer]] after start() had already been called. The second call will be ignored.
