12-Apr-2021 18:18:22.626 INFORMACIÓN [main] org.apache.catalina.core.ApplicationContext.log No Spring WebApplicationInitializer types detected on classpath
12-Apr-2021 18:18:23.691 INFORMACIÓN [main] org.apache.catalina.core.ApplicationContext.log ContextListener: contextInitialized()
12-Apr-2021 18:18:23.691 INFORMACIÓN [main] org.apache.catalina.core.ApplicationContext.log SessionListener: contextInitialized()
12-Apr-2021 18:18:23.692 INFORMACIÓN [main] org.apache.catalina.core.ApplicationContext.log ContextListener: attributeAdded('StockTicker', 'async.Stockticker@3fe900b0')
12-Apr-2021 18:18:49.751 INFORMACIÓN [http-nio-8080-exec-2] org.apache.catalina.core.ApplicationContext.log No Spring WebApplicationInitializer types detected on classpath
12-Apr-2021 18:33:38.774 INFORMACIÓN [http-nio-8080-exec-11] org.apache.catalina.core.ApplicationContext.log No Spring WebApplicationInitializer types detected on classpath
12-Apr-2021 18:34:58.557 INFORMACIÓN [http-nio-8080-exec-12] org.apache.catalina.core.ApplicationContext.log No Spring WebApplicationInitializer types detected on classpath
12-Apr-2021 18:35:52.949 INFORMACIÓN [main] org.apache.catalina.core.ApplicationContext.log No Spring WebApplicationInitializer types detected on classpath
12-Apr-2021 18:35:53.837 INFORMACIÓN [main] org.apache.catalina.core.ApplicationContext.log ContextListener: contextInitialized()
12-Apr-2021 18:35:53.837 INFORMACIÓN [main] org.apache.catalina.core.ApplicationContext.log SessionListener: contextInitialized()
12-Apr-2021 18:35:53.838 INFORMACIÓN [main] org.apache.catalina.core.ApplicationContext.log ContextListener: attributeAdded('StockTicker', 'async.Stockticker@55bf52b9')
12-Apr-2021 18:36:20.651 INFORMACIÓN [http-nio-8080-exec-9] org.apache.catalina.core.ApplicationContext.log No Spring WebApplicationInitializer types detected on classpath
12-Apr-2021 18:39:48.512 INFORMACIÓN [main] org.apache.catalina.core.ApplicationContext.log No Spring WebApplicationInitializer types detected on classpath
12-Apr-2021 18:39:49.404 INFORMACIÓN [main] org.apache.catalina.core.ApplicationContext.log ContextListener: contextInitialized()
12-Apr-2021 18:39:49.404 INFORMACIÓN [main] org.apache.catalina.core.ApplicationContext.log SessionListener: contextInitialized()
12-Apr-2021 18:39:49.405 INFORMACIÓN [main] org.apache.catalina.core.ApplicationContext.log ContextListener: attributeAdded('StockTicker', 'async.Stockticker@6eae9895')
12-Apr-2021 18:41:12.160 INFORMACIÓN [http-nio-8080-exec-18] org.apache.catalina.core.ApplicationContext.log No Spring WebApplicationInitializer types detected on classpath
12-Apr-2021 18:41:54.101 INFORMACIÓN [http-nio-8080-exec-19] org.apache.catalina.core.ApplicationContext.log No Spring WebApplicationInitializer types detected on classpath
12-Apr-2021 18:48:26.802 INFORMACIÓN [http-nio-8080-exec-22] org.apache.catalina.core.ApplicationContext.log No Spring WebApplicationInitializer types detected on classpath
12-Apr-2021 18:49:27.399 INFORMACIÓN [http-nio-8080-exec-26] org.apache.catalina.core.ApplicationContext.log No Spring WebApplicationInitializer types detected on classpath
12-Apr-2021 18:51:12.194 INFORMACIÓN [http-nio-8080-exec-32] org.apache.catalina.core.ApplicationContext.log No Spring WebApplicationInitializer types detected on classpath
12-Apr-2021 18:51:24.709 INFORMACIÓN [http-nio-8080-exec-34] org.apache.catalina.core.ApplicationContext.log No Spring WebApplicationInitializer types detected on classpath
12-Apr-2021 18:51:55.772 GRAVE [http-nio-8080-exec-27] org.apache.catalina.core.ApplicationDispatcher.invoke El Servlet.service() para servlet [jsp] lanzó una excepción
	java.lang.NullPointerException
		at org.apache.jsp.login_jsp._jspService(login_jsp.java:120)
		at org.apache.jasper.runtime.HttpJspBase.service(HttpJspBase.java:71)
		at javax.servlet.http.HttpServlet.service(HttpServlet.java:733)
		at org.apache.jasper.servlet.JspServletWrapper.service(JspServletWrapper.java:477)
		at org.apache.jasper.servlet.JspServlet.serviceJspFile(JspServlet.java:385)
		at org.apache.jasper.servlet.JspServlet.service(JspServlet.java:329)
		at javax.servlet.http.HttpServlet.service(HttpServlet.java:733)
		at org.apache.catalina.core.ApplicationFilterChain.internalDoFilter(ApplicationFilterChain.java:231)
		at org.apache.catalina.core.ApplicationFilterChain.doFilter(ApplicationFilterChain.java:166)
		at org.apache.tomcat.websocket.server.WsFilter.doFilter(WsFilter.java:53)
		at org.apache.catalina.core.ApplicationFilterChain.internalDoFilter(ApplicationFilterChain.java:193)
		at org.apache.catalina.core.ApplicationFilterChain.doFilter(ApplicationFilterChain.java:166)
		at org.apache.catalina.core.ApplicationDispatcher.invoke(ApplicationDispatcher.java:712)
		at org.apache.catalina.core.ApplicationDispatcher.processRequest(ApplicationDispatcher.java:459)
		at org.apache.catalina.core.ApplicationDispatcher.doForward(ApplicationDispatcher.java:384)
		at org.apache.catalina.core.ApplicationDispatcher.forward(ApplicationDispatcher.java:312)
		at org.apache.catalina.authenticator.FormAuthenticator.forwardToLoginPage(FormAuthenticator.java:433)
		at org.apache.catalina.authenticator.FormAuthenticator.doAuthenticate(FormAuthenticator.java:227)
		at org.apache.catalina.authenticator.AuthenticatorBase.invoke(AuthenticatorBase.java:631)
		at org.apache.catalina.core.StandardHostValve.invoke(StandardHostValve.java:139)
		at org.apache.catalina.valves.ErrorReportValve.invoke(ErrorReportValve.java:92)
		at org.apache.catalina.valves.AbstractAccessLogValve.invoke(AbstractAccessLogValve.java:690)
		at org.apache.catalina.core.StandardEngineValve.invoke(StandardEngineValve.java:74)
		at org.apache.catalina.connector.CoyoteAdapter.service(CoyoteAdapter.java:343)
		at org.apache.coyote.http11.Http11Processor.service(Http11Processor.java:373)
		at org.apache.coyote.AbstractProcessorLight.process(AbstractProcessorLight.java:65)
		at org.apache.coyote.AbstractProtocol$ConnectionHandler.process(AbstractProtocol.java:868)
		at org.apache.tomcat.util.net.NioEndpoint$SocketProcessor.doRun(NioEndpoint.java:1589)
		at org.apache.tomcat.util.net.SocketProcessorBase.run(SocketProcessorBase.java:49)
		at java.util.concurrent.ThreadPoolExecutor.runWorker(ThreadPoolExecutor.java:1149)
		at java.util.concurrent.ThreadPoolExecutor$Worker.run(ThreadPoolExecutor.java:624)
		at org.apache.tomcat.util.threads.TaskThread$WrappingRunnable.run(TaskThread.java:61)
		at java.lang.Thread.run(Thread.java:748)
12-Apr-2021 18:52:20.386 INFORMACIÓN [http-nio-8080-exec-43] org.apache.catalina.core.ApplicationContext.log No Spring WebApplicationInitializer types detected on classpath
12-Apr-2021 18:53:55.452 INFORMACIÓN [http-nio-8080-exec-48] org.apache.catalina.core.ApplicationContext.log No Spring WebApplicationInitializer types detected on classpath
12-Apr-2021 18:55:31.850 INFORMACIÓN [http-nio-8080-exec-51] org.apache.catalina.core.ApplicationContext.log No Spring WebApplicationInitializer types detected on classpath
12-Apr-2021 18:56:25.486 INFORMACIÓN [main] org.apache.catalina.core.ApplicationContext.log No Spring WebApplicationInitializer types detected on classpath
12-Apr-2021 18:56:26.370 INFORMACIÓN [main] org.apache.catalina.core.ApplicationContext.log ContextListener: contextInitialized()
12-Apr-2021 18:56:26.370 INFORMACIÓN [main] org.apache.catalina.core.ApplicationContext.log SessionListener: contextInitialized()
12-Apr-2021 18:56:26.371 INFORMACIÓN [main] org.apache.catalina.core.ApplicationContext.log ContextListener: attributeAdded('StockTicker', 'async.Stockticker@3650cc1a')
12-Apr-2021 18:56:36.221 INFORMACIÓN [http-nio-8080-exec-9] org.apache.catalina.core.ApplicationContext.log No Spring WebApplicationInitializer types detected on classpath
