15-Mar-2021 12:22:32.195 INFORMACIÓN [main] org.apache.catalina.core.ApplicationContext.log No Spring WebApplicationInitializer types detected on classpath
15-Mar-2021 12:22:32.837 INFORMACIÓN [main] org.apache.catalina.core.ApplicationContext.log ContextListener: contextInitialized()
15-Mar-2021 12:22:32.838 INFORMACIÓN [main] org.apache.catalina.core.ApplicationContext.log SessionListener: contextInitialized()
15-Mar-2021 12:22:32.838 INFORMACIÓN [main] org.apache.catalina.core.ApplicationContext.log ContextListener: attributeAdded('StockTicker', 'async.Stockticker@3c1df0e9')
15-Mar-2021 12:24:39.194 INFORMACIÓN [http-nio-8080-exec-10] org.apache.catalina.core.ApplicationContext.log No Spring WebApplicationInitializer types detected on classpath
15-Mar-2021 12:26:29.484 INFORMACIÓN [http-nio-8080-exec-18] org.apache.catalina.core.ApplicationContext.log No Spring WebApplicationInitializer types detected on classpath
15-Mar-2021 12:26:53.024 INFORMACIÓN [http-nio-8080-exec-10] org.apache.catalina.core.ApplicationContext.log No Spring WebApplicationInitializer types detected on classpath
15-Mar-2021 12:27:09.324 INFORMACIÓN [http-nio-8080-exec-14] org.apache.catalina.core.ApplicationContext.log No Spring WebApplicationInitializer types detected on classpath
15-Mar-2021 12:43:09.937 INFORMACIÓN [http-nio-8080-exec-22] org.apache.catalina.core.ApplicationContext.log No Spring WebApplicationInitializer types detected on classpath
15-Mar-2021 12:53:36.820 INFORMACIÓN [http-nio-8080-exec-36] org.apache.catalina.core.ApplicationContext.log No Spring WebApplicationInitializer types detected on classpath
15-Mar-2021 12:55:01.516 INFORMACIÓN [http-nio-8080-exec-33] org.apache.catalina.core.ApplicationContext.log No Spring WebApplicationInitializer types detected on classpath
15-Mar-2021 12:56:31.601 INFORMACIÓN [http-nio-8080-exec-50] org.apache.catalina.core.ApplicationContext.log No Spring WebApplicationInitializer types detected on classpath
15-Mar-2021 12:57:29.076 INFORMACIÓN [http-nio-8080-exec-50] org.apache.catalina.core.ApplicationContext.log No Spring WebApplicationInitializer types detected on classpath
15-Mar-2021 12:59:13.633 INFORMACIÓN [http-nio-8080-exec-58] org.apache.catalina.core.ApplicationContext.log No Spring WebApplicationInitializer types detected on classpath
15-Mar-2021 12:59:39.698 INFORMACIÓN [http-nio-8080-exec-58] org.apache.catalina.core.ApplicationContext.log No Spring WebApplicationInitializer types detected on classpath
15-Mar-2021 12:59:43.039 INFORMACIÓN [http-nio-8080-exec-61] org.apache.catalina.core.ApplicationContext.log No Spring WebApplicationInitializer types detected on classpath
15-Mar-2021 13:00:14.393 INFORMACIÓN [http-nio-8080-exec-65] org.apache.catalina.core.ApplicationContext.log No Spring WebApplicationInitializer types detected on classpath
15-Mar-2021 13:18:18.886 INFORMACIÓN [http-nio-8080-exec-74] org.apache.catalina.core.ApplicationContext.log No Spring WebApplicationInitializer types detected on classpath
15-Mar-2021 13:18:19.946 INFORMACIÓN [http-nio-8080-exec-80] org.apache.catalina.core.ApplicationContext.log No Spring WebApplicationInitializer types detected on classpath
15-Mar-2021 13:19:30.459 INFORMACIÓN [http-nio-8080-exec-77] org.apache.catalina.core.ApplicationContext.log No Spring WebApplicationInitializer types detected on classpath
15-Mar-2021 13:20:10.012 INFORMACIÓN [http-nio-8080-exec-84] org.apache.catalina.core.ApplicationContext.log No Spring WebApplicationInitializer types detected on classpath
15-Mar-2021 13:21:46.746 INFORMACIÓN [http-nio-8080-exec-79] org.apache.catalina.core.ApplicationContext.log No Spring WebApplicationInitializer types detected on classpath
15-Mar-2021 13:22:12.551 INFORMACIÓN [http-nio-8080-exec-89] org.apache.catalina.core.ApplicationContext.log No Spring WebApplicationInitializer types detected on classpath
15-Mar-2021 13:27:45.073 INFORMACIÓN [http-nio-8080-exec-93] org.apache.catalina.core.ApplicationContext.log No Spring WebApplicationInitializer types detected on classpath
15-Mar-2021 13:27:50.360 INFORMACIÓN [http-nio-8080-exec-95] org.apache.catalina.core.ApplicationContext.log No Spring WebApplicationInitializer types detected on classpath
15-Mar-2021 13:30:16.730 INFORMACIÓN [http-nio-8080-exec-100] org.apache.catalina.core.ApplicationContext.log No Spring WebApplicationInitializer types detected on classpath
15-Mar-2021 13:33:10.278 INFORMACIÓN [http-nio-8080-exec-112] org.apache.catalina.core.ApplicationContext.log No Spring WebApplicationInitializer types detected on classpath
15-Mar-2021 13:33:27.814 INFORMACIÓN [http-nio-8080-exec-102] org.apache.catalina.core.ApplicationContext.log No Spring WebApplicationInitializer types detected on classpath
15-Mar-2021 13:35:30.051 INFORMACIÓN [http-nio-8080-exec-122] org.apache.catalina.core.ApplicationContext.log No Spring WebApplicationInitializer types detected on classpath
15-Mar-2021 13:36:03.317 INFORMACIÓN [http-nio-8080-exec-121] org.apache.catalina.core.ApplicationContext.log No Spring WebApplicationInitializer types detected on classpath
15-Mar-2021 13:38:04.299 INFORMACIÓN [http-nio-8080-exec-132] org.apache.catalina.core.ApplicationContext.log No Spring WebApplicationInitializer types detected on classpath
15-Mar-2021 13:38:13.043 INFORMACIÓN [http-nio-8080-exec-140] org.apache.catalina.core.ApplicationContext.log No Spring WebApplicationInitializer types detected on classpath
15-Mar-2021 17:08:39.339 INFORMACIÓN [main] org.apache.catalina.core.ApplicationContext.log No Spring WebApplicationInitializer types detected on classpath
15-Mar-2021 17:08:40.327 INFORMACIÓN [main] org.apache.catalina.core.ApplicationContext.log No Spring WebApplicationInitializer types detected on classpath
15-Mar-2021 17:08:40.852 INFORMACIÓN [main] org.apache.catalina.core.ApplicationContext.log ContextListener: contextInitialized()
15-Mar-2021 17:08:40.852 INFORMACIÓN [main] org.apache.catalina.core.ApplicationContext.log SessionListener: contextInitialized()
15-Mar-2021 17:08:40.853 INFORMACIÓN [main] org.apache.catalina.core.ApplicationContext.log ContextListener: attributeAdded('StockTicker', 'async.Stockticker@625430f8')
15-Mar-2021 17:08:57.685 INFORMACIÓN [http-nio-8080-exec-3] org.apache.catalina.core.ApplicationContext.log No Spring WebApplicationInitializer types detected on classpath
15-Mar-2021 17:13:20.351 INFORMACIÓN [http-nio-8080-exec-16] org.apache.catalina.core.ApplicationContext.log No Spring WebApplicationInitializer types detected on classpath
15-Mar-2021 17:13:38.152 INFORMACIÓN [http-nio-8080-exec-21] org.apache.catalina.core.ApplicationContext.log No Spring WebApplicationInitializer types detected on classpath
15-Mar-2021 17:15:34.828 INFORMACIÓN [http-nio-8080-exec-26] org.apache.catalina.core.ApplicationContext.log No Spring WebApplicationInitializer types detected on classpath
15-Mar-2021 17:15:52.057 INFORMACIÓN [http-nio-8080-exec-19] org.apache.catalina.core.ApplicationContext.log No Spring WebApplicationInitializer types detected on classpath
15-Mar-2021 18:48:35.656 INFORMACIÓN [http-nio-8080-exec-33] org.apache.catalina.core.ApplicationContext.log No Spring WebApplicationInitializer types detected on classpath
15-Mar-2021 18:48:46.073 INFORMACIÓN [http-nio-8080-exec-41] org.apache.catalina.core.ApplicationContext.log No Spring WebApplicationInitializer types detected on classpath
15-Mar-2021 20:08:45.998 INFORMACIÓN [http-nio-8080-exec-45] org.apache.catalina.core.ApplicationContext.log No Spring WebApplicationInitializer types detected on classpath
15-Mar-2021 20:08:47.837 INFORMACIÓN [http-nio-8080-exec-47] org.apache.catalina.core.ApplicationContext.log No Spring WebApplicationInitializer types detected on classpath
15-Mar-2021 20:19:45.700 INFORMACIÓN [http-nio-8080-exec-54] org.apache.catalina.core.ApplicationContext.log No Spring WebApplicationInitializer types detected on classpath
15-Mar-2021 20:22:14.007 INFORMACIÓN [http-nio-8080-exec-53] org.apache.catalina.core.ApplicationContext.log No Spring WebApplicationInitializer types detected on classpath
15-Mar-2021 20:22:14.807 INFORMACIÓN [http-nio-8080-exec-64] org.apache.catalina.core.ApplicationContext.log No Spring WebApplicationInitializer types detected on classpath
