29-Mar-2021 13:08:11.389 INFORMACIÓN [main] org.apache.catalina.core.ApplicationContext.log No Spring WebApplicationInitializer types detected on classpath
29-Mar-2021 13:08:12.459 INFORMACIÓN [main] org.apache.catalina.core.ApplicationContext.log No Spring WebApplicationInitializer types detected on classpath
29-Mar-2021 13:08:13.080 INFORMACIÓN [main] org.apache.catalina.core.ApplicationContext.log ContextListener: contextInitialized()
29-Mar-2021 13:08:13.080 INFORMACIÓN [main] org.apache.catalina.core.ApplicationContext.log SessionListener: contextInitialized()
29-Mar-2021 13:08:13.082 INFORMACIÓN [main] org.apache.catalina.core.ApplicationContext.log ContextListener: attributeAdded('StockTicker', 'async.Stockticker@3fb54673')
29-Mar-2021 13:11:29.815 INFORMACIÓN [http-nio-8080-exec-5] org.apache.catalina.core.ApplicationContext.log No Spring WebApplicationInitializer types detected on classpath
29-Mar-2021 13:12:18.037 INFORMACIÓN [http-nio-8080-exec-13] org.apache.catalina.core.ApplicationContext.log No Spring WebApplicationInitializer types detected on classpath
29-Mar-2021 13:14:38.904 INFORMACIÓN [http-nio-8080-exec-22] org.apache.catalina.core.ApplicationContext.log No Spring WebApplicationInitializer types detected on classpath
29-Mar-2021 13:15:37.284 INFORMACIÓN [http-nio-8080-exec-34] org.apache.catalina.core.ApplicationContext.log No Spring WebApplicationInitializer types detected on classpath
29-Mar-2021 13:47:13.483 INFORMACIÓN [http-nio-8080-exec-37] org.apache.catalina.core.ApplicationContext.log No Spring WebApplicationInitializer types detected on classpath
29-Mar-2021 13:47:31.262 INFORMACIÓN [http-nio-8080-exec-46] org.apache.catalina.core.ApplicationContext.log No Spring WebApplicationInitializer types detected on classpath
29-Mar-2021 13:49:19.343 INFORMACIÓN [http-nio-8080-exec-36] org.apache.catalina.core.ApplicationContext.log No Spring WebApplicationInitializer types detected on classpath
29-Mar-2021 13:49:20.391 INFORMACIÓN [http-nio-8080-exec-46] org.apache.catalina.core.ApplicationContext.log No Spring WebApplicationInitializer types detected on classpath
29-Mar-2021 13:49:46.696 INFORMACIÓN [http-nio-8080-exec-52] org.apache.catalina.core.ApplicationContext.log No Spring WebApplicationInitializer types detected on classpath
29-Mar-2021 13:51:32.230 INFORMACIÓN [http-nio-8080-exec-61] org.apache.catalina.core.ApplicationContext.log No Spring WebApplicationInitializer types detected on classpath
29-Mar-2021 14:33:39.012 INFORMACIÓN [http-nio-8080-exec-73] org.apache.catalina.core.ApplicationContext.log No Spring WebApplicationInitializer types detected on classpath
29-Mar-2021 14:33:40.242 INFORMACIÓN [http-nio-8080-exec-74] org.apache.catalina.core.ApplicationContext.log No Spring WebApplicationInitializer types detected on classpath
29-Mar-2021 14:33:44.278 INFORMACIÓN [Catalina-utility-2] org.apache.catalina.core.ApplicationContext.log No Spring WebApplicationInitializer types detected on classpath
29-Mar-2021 17:06:33.235 INFORMACIÓN [http-nio-8080-exec-87] org.apache.catalina.core.ApplicationContext.log No Spring WebApplicationInitializer types detected on classpath
29-Mar-2021 17:10:02.552 INFORMACIÓN [http-nio-8080-exec-91] org.apache.catalina.core.ApplicationContext.log No Spring WebApplicationInitializer types detected on classpath
29-Mar-2021 17:10:13.706 INFORMACIÓN [http-nio-8080-exec-101] org.apache.catalina.core.ApplicationContext.log No Spring WebApplicationInitializer types detected on classpath
29-Mar-2021 17:10:59.794 INFORMACIÓN [http-nio-8080-exec-109] org.apache.catalina.core.ApplicationContext.log No Spring WebApplicationInitializer types detected on classpath
29-Mar-2021 17:11:08.722 INFORMACIÓN [http-nio-8080-exec-109] org.apache.catalina.core.ApplicationContext.log No Spring WebApplicationInitializer types detected on classpath
