22-Feb-2021 10:11:26.083 INFORMACIÓN [main] org.apache.catalina.core.ApplicationContext.log ContextListener: contextInitialized()
22-Feb-2021 10:11:26.083 INFORMACIÓN [main] org.apache.catalina.core.ApplicationContext.log SessionListener: contextInitialized()
22-Feb-2021 10:11:26.084 INFORMACIÓN [main] org.apache.catalina.core.ApplicationContext.log ContextListener: attributeAdded('StockTicker', 'async.Stockticker@27fde870')
22-Feb-2021 10:11:39.053 INFORMACIÓN [main] org.apache.catalina.core.ApplicationContext.log SessionListener: contextDestroyed()
22-Feb-2021 10:11:39.053 INFORMACIÓN [main] org.apache.catalina.core.ApplicationContext.log ContextListener: contextDestroyed()
22-Feb-2021 10:12:52.172 INFORMACIÓN [main] org.apache.catalina.core.ApplicationContext.log ContextListener: contextInitialized()
22-Feb-2021 10:12:52.172 INFORMACIÓN [main] org.apache.catalina.core.ApplicationContext.log SessionListener: contextInitialized()
22-Feb-2021 10:12:52.173 INFORMACIÓN [main] org.apache.catalina.core.ApplicationContext.log ContextListener: attributeAdded('StockTicker', 'async.Stockticker@4d74c3ba')
22-Feb-2021 11:53:57.621 INFORMACIÓN [main] org.apache.catalina.core.ApplicationContext.log SessionListener: contextDestroyed()
22-Feb-2021 11:53:57.621 INFORMACIÓN [main] org.apache.catalina.core.ApplicationContext.log ContextListener: contextDestroyed()
22-Feb-2021 11:53:59.825 INFORMACIÓN [main] org.apache.catalina.core.ApplicationContext.log ContextListener: contextInitialized()
22-Feb-2021 11:53:59.826 INFORMACIÓN [main] org.apache.catalina.core.ApplicationContext.log SessionListener: contextInitialized()
22-Feb-2021 11:53:59.827 INFORMACIÓN [main] org.apache.catalina.core.ApplicationContext.log ContextListener: attributeAdded('StockTicker', 'async.Stockticker@85ec632')
22-Feb-2021 11:54:44.690 INFORMACIÓN [main] org.apache.catalina.core.ApplicationContext.log SessionListener: contextDestroyed()
22-Feb-2021 11:54:44.690 INFORMACIÓN [main] org.apache.catalina.core.ApplicationContext.log ContextListener: contextDestroyed()
22-Feb-2021 11:55:09.602 INFORMACIÓN [main] org.apache.catalina.core.ApplicationContext.log ContextListener: contextInitialized()
22-Feb-2021 11:55:09.602 INFORMACIÓN [main] org.apache.catalina.core.ApplicationContext.log SessionListener: contextInitialized()
22-Feb-2021 11:55:09.604 INFORMACIÓN [main] org.apache.catalina.core.ApplicationContext.log ContextListener: attributeAdded('StockTicker', 'async.Stockticker@74a9c4b0')
22-Feb-2021 11:58:27.496 INFORMACIÓN [main] org.apache.catalina.core.ApplicationContext.log ContextListener: contextInitialized()
22-Feb-2021 11:58:27.496 INFORMACIÓN [main] org.apache.catalina.core.ApplicationContext.log SessionListener: contextInitialized()
22-Feb-2021 11:58:27.497 INFORMACIÓN [main] org.apache.catalina.core.ApplicationContext.log ContextListener: attributeAdded('StockTicker', 'async.Stockticker@59221b97')
22-Feb-2021 11:58:48.262 INFORMACIÓN [main] org.apache.catalina.core.ApplicationContext.log SessionListener: contextDestroyed()
22-Feb-2021 11:58:48.262 INFORMACIÓN [main] org.apache.catalina.core.ApplicationContext.log ContextListener: contextDestroyed()
22-Feb-2021 11:59:33.003 INFORMACIÓN [main] org.apache.catalina.core.ApplicationContext.log ContextListener: contextInitialized()
22-Feb-2021 11:59:33.003 INFORMACIÓN [main] org.apache.catalina.core.ApplicationContext.log SessionListener: contextInitialized()
22-Feb-2021 11:59:33.004 INFORMACIÓN [main] org.apache.catalina.core.ApplicationContext.log ContextListener: attributeAdded('StockTicker', 'async.Stockticker@85ec632')
22-Feb-2021 13:10:25.543 INFORMACIÓN [main] org.apache.catalina.core.ApplicationContext.log SessionListener: contextDestroyed()
22-Feb-2021 13:10:25.543 INFORMACIÓN [main] org.apache.catalina.core.ApplicationContext.log ContextListener: contextDestroyed()
