08-Mar-2021 10:40:16.024 INFORMACIÓN [http-nio-8080-exec-1] org.apache.catalina.core.ApplicationContext.log Manager: init: Associated with Deployer 'Catalina:type=Deployer,host=localhost'
08-Mar-2021 10:40:16.024 INFORMACIÓN [http-nio-8080-exec-1] org.apache.catalina.core.ApplicationContext.log Manager: init: Global resources are available
08-Mar-2021 10:40:16.040 INFORMACIÓN [http-nio-8080-exec-8] org.apache.catalina.core.ApplicationContext.log Manager: list: Listing contexts for virtual host 'localhost'
08-Mar-2021 10:40:16.046 INFORMACIÓN [http-nio-8080-exec-9] org.apache.catalina.core.ApplicationContext.log Manager: undeploy: Undeploying web application at '/WebServer'
08-Mar-2021 10:40:16.114 INFORMACIÓN [http-nio-8080-exec-6] org.apache.catalina.core.ApplicationContext.log Manager: list: Listing contexts for virtual host 'localhost'
08-Mar-2021 10:40:16.564 INFORMACIÓN [http-nio-8080-exec-1] org.apache.catalina.core.ApplicationContext.log Manager: restart: Reloading web application '/WebServer'
08-Mar-2021 10:40:16.880 INFORMACIÓN [http-nio-8080-exec-11] org.apache.catalina.core.ApplicationContext.log Manager: list: Listing contexts for virtual host 'localhost'
08-Mar-2021 10:40:16.883 INFORMACIÓN [http-nio-8080-exec-7] org.apache.catalina.core.ApplicationContext.log Manager: list: Listing contexts for virtual host 'localhost'
08-Mar-2021 10:40:16.910 INFORMACIÓN [http-nio-8080-exec-2] org.apache.catalina.core.ApplicationContext.log Manager: install: Installing context configuration at 'file:/C:/Users/CLwn1/AppData/Local/Temp/context5340171332136364805.xml'
08-Mar-2021 10:40:17.480 INFORMACIÓN [http-nio-8080-exec-4] org.apache.catalina.core.ApplicationContext.log Manager: start: Starting web application '/WebServer'
08-Mar-2021 10:52:59.337 INFORMACIÓN [http-nio-8080-exec-11] org.apache.catalina.core.ApplicationContext.log Manager: list: Listing contexts for virtual host 'localhost'
08-Mar-2021 10:52:59.394 INFORMACIÓN [http-nio-8080-exec-12] org.apache.catalina.core.ApplicationContext.log Manager: restart: Reloading web application '/WebServer'
08-Mar-2021 11:04:30.605 INFORMACIÓN [http-nio-8080-exec-28] org.apache.catalina.core.ApplicationContext.log Manager: list: Listing contexts for virtual host 'localhost'
08-Mar-2021 11:04:30.610 INFORMACIÓN [http-nio-8080-exec-29] org.apache.catalina.core.ApplicationContext.log Manager: undeploy: Undeploying web application at '/WebServer'
08-Mar-2021 11:04:58.199 INFORMACIÓN [http-nio-8080-exec-33] org.apache.catalina.core.ApplicationContext.log Manager: list: Listing contexts for virtual host 'localhost'
08-Mar-2021 11:10:34.293 INFORMACIÓN [http-nio-8080-exec-32] org.apache.catalina.core.ApplicationContext.log Manager: list: Listing contexts for virtual host 'localhost'
08-Mar-2021 11:10:49.899 INFORMACIÓN [http-nio-8080-exec-35] org.apache.catalina.core.ApplicationContext.log Manager: list: Listing contexts for virtual host 'localhost'
08-Mar-2021 11:10:50.083 INFORMACIÓN [http-nio-8080-exec-33] org.apache.catalina.core.ApplicationContext.log Manager: list: Listing contexts for virtual host 'localhost'
08-Mar-2021 11:10:50.238 INFORMACIÓN [http-nio-8080-exec-32] org.apache.catalina.core.ApplicationContext.log Manager: list: Listing contexts for virtual host 'localhost'
08-Mar-2021 12:16:00.148 INFORMACIÓN [http-nio-8080-exec-35] org.apache.catalina.core.ApplicationContext.log Manager: list: Listing contexts for virtual host 'localhost'
08-Mar-2021 12:17:27.263 INFORMACIÓN [http-nio-8080-exec-38] org.apache.catalina.core.ApplicationContext.log Manager: list: Listing contexts for virtual host 'localhost'
08-Mar-2021 12:17:27.266 INFORMACIÓN [http-nio-8080-exec-34] org.apache.catalina.core.ApplicationContext.log Manager: list: Listing contexts for virtual host 'localhost'
08-Mar-2021 12:17:27.278 INFORMACIÓN [http-nio-8080-exec-33] org.apache.catalina.core.ApplicationContext.log Manager: install: Installing context configuration at 'file:/C:/Users/CLwn1/AppData/Local/Temp/context4014178066845281191.xml'
08-Mar-2021 12:17:27.978 INFORMACIÓN [http-nio-8080-exec-35] org.apache.catalina.core.ApplicationContext.log Manager: start: Starting web application '/WebServer'
08-Mar-2021 12:17:48.064 INFORMACIÓN [http-nio-8080-exec-33] org.apache.catalina.core.ApplicationContext.log Manager: list: Listing contexts for virtual host 'localhost'
08-Mar-2021 12:48:44.163 INFORMACIÓN [http-nio-8080-exec-33] org.apache.catalina.core.ApplicationContext.log Manager: list: Listing contexts for virtual host 'localhost'
