05-Apr-2021 13:30:59.170 INFORMACIÓN [http-nio-8080-exec-4] org.apache.catalina.core.ApplicationContext.log Manager: init: Associated with Deployer 'Catalina:type=Deployer,host=localhost'
05-Apr-2021 13:30:59.170 INFORMACIÓN [http-nio-8080-exec-4] org.apache.catalina.core.ApplicationContext.log Manager: init: Global resources are available
05-Apr-2021 13:30:59.208 INFORMACIÓN [http-nio-8080-exec-4] org.apache.catalina.core.ApplicationContext.log Manager: list: Listing contexts for virtual host 'localhost'
05-Apr-2021 13:30:59.320 INFORMACIÓN [http-nio-8080-exec-5] org.apache.catalina.core.ApplicationContext.log Manager: restart: Reloading web application '/WebServer'
05-Apr-2021 13:36:40.105 INFORMACIÓN [http-nio-8080-exec-13] org.apache.catalina.core.ApplicationContext.log Manager: list: Listing contexts for virtual host 'localhost'
05-Apr-2021 13:36:40.139 INFORMACIÓN [http-nio-8080-exec-14] org.apache.catalina.core.ApplicationContext.log Manager: restart: Reloading web application '/WebServer'
05-Apr-2021 13:38:47.864 INFORMACIÓN [http-nio-8080-exec-18] org.apache.catalina.core.ApplicationContext.log Manager: list: Listing contexts for virtual host 'localhost'
05-Apr-2021 13:38:47.894 INFORMACIÓN [http-nio-8080-exec-20] org.apache.catalina.core.ApplicationContext.log Manager: restart: Reloading web application '/WebServer'
05-Apr-2021 16:57:39.031 INFORMACIÓN [http-nio-8080-exec-21] org.apache.catalina.core.ApplicationContext.log Manager: list: Listing contexts for virtual host 'localhost'
05-Apr-2021 16:57:39.067 INFORMACIÓN [http-nio-8080-exec-22] org.apache.catalina.core.ApplicationContext.log Manager: restart: Reloading web application '/WebServer'
05-Apr-2021 16:57:40.152 INFORMACIÓN [http-nio-8080-exec-26] org.apache.catalina.core.ApplicationContext.log Manager: list: Listing contexts for virtual host 'localhost'
05-Apr-2021 16:57:40.227 INFORMACIÓN [http-nio-8080-exec-23] org.apache.catalina.core.ApplicationContext.log Manager: restart: Reloading web application '/WebServer'
05-Apr-2021 17:09:42.204 INFORMACIÓN [http-nio-8080-exec-34] org.apache.catalina.core.ApplicationContext.log Manager: list: Listing contexts for virtual host 'localhost'
05-Apr-2021 17:09:42.236 INFORMACIÓN [http-nio-8080-exec-35] org.apache.catalina.core.ApplicationContext.log Manager: restart: Reloading web application '/WebServer'
05-Apr-2021 17:10:31.328 INFORMACIÓN [http-nio-8080-exec-41] org.apache.catalina.core.ApplicationContext.log Manager: list: Listing contexts for virtual host 'localhost'
05-Apr-2021 17:10:31.361 INFORMACIÓN [http-nio-8080-exec-36] org.apache.catalina.core.ApplicationContext.log Manager: restart: Reloading web application '/WebServer'
05-Apr-2021 17:10:57.366 INFORMACIÓN [http-nio-8080-exec-33] org.apache.catalina.core.ApplicationContext.log Manager: list: Listing contexts for virtual host 'localhost'
05-Apr-2021 17:10:57.396 INFORMACIÓN [http-nio-8080-exec-39] org.apache.catalina.core.ApplicationContext.log Manager: undeploy: Undeploying web application at '/WebServer'
05-Apr-2021 17:13:14.490 INFORMACIÓN [http-nio-8080-exec-41] org.apache.catalina.core.ApplicationContext.log Manager: list: Listing contexts for virtual host 'localhost'
05-Apr-2021 17:13:14.492 INFORMACIÓN [http-nio-8080-exec-43] org.apache.catalina.core.ApplicationContext.log Manager: list: Listing contexts for virtual host 'localhost'
05-Apr-2021 17:13:14.526 INFORMACIÓN [http-nio-8080-exec-37] org.apache.catalina.core.ApplicationContext.log Manager: install: Installing context configuration at 'file:/C:/Users/CLwn1/AppData/Local/Temp/context8638813215342988461.xml'
05-Apr-2021 17:13:15.272 INFORMACIÓN [http-nio-8080-exec-47] org.apache.catalina.core.ApplicationContext.log Manager: start: Starting web application '/WebServer'
05-Apr-2021 17:13:37.855 INFORMACIÓN [http-nio-8080-exec-53] org.apache.catalina.core.ApplicationContext.log Manager: list: Listing contexts for virtual host 'localhost'
05-Apr-2021 17:15:29.431 INFORMACIÓN [http-nio-8080-exec-49] org.apache.catalina.core.ApplicationContext.log Manager: list: Listing contexts for virtual host 'localhost'
05-Apr-2021 17:15:29.437 INFORMACIÓN [http-nio-8080-exec-53] org.apache.catalina.core.ApplicationContext.log Manager: undeploy: Undeploying web application at '/WebServer'
05-Apr-2021 17:16:20.043 INFORMACIÓN [http-nio-8080-exec-2] org.apache.catalina.core.ApplicationContext.log Manager: init: Associated with Deployer 'Catalina:type=Deployer,host=localhost'
05-Apr-2021 17:16:20.044 INFORMACIÓN [http-nio-8080-exec-2] org.apache.catalina.core.ApplicationContext.log Manager: init: Global resources are available
05-Apr-2021 17:16:20.062 INFORMACIÓN [http-nio-8080-exec-1] org.apache.catalina.core.ApplicationContext.log Manager: list: Listing contexts for virtual host 'localhost'
05-Apr-2021 17:16:20.075 INFORMACIÓN [http-nio-8080-exec-3] org.apache.catalina.core.ApplicationContext.log Manager: undeploy: Undeploying web application at '/WebServer'
05-Apr-2021 17:16:27.406 INFORMACIÓN [http-nio-8080-exec-5] org.apache.catalina.core.ApplicationContext.log Manager: list: Listing contexts for virtual host 'localhost'
05-Apr-2021 17:16:27.409 INFORMACIÓN [http-nio-8080-exec-4] org.apache.catalina.core.ApplicationContext.log Manager: list: Listing contexts for virtual host 'localhost'
05-Apr-2021 17:16:27.432 INFORMACIÓN [http-nio-8080-exec-6] org.apache.catalina.core.ApplicationContext.log Manager: install: Installing context configuration at 'file:/C:/Users/CLwn1/AppData/Local/Temp/context6472413260158647315.xml'
05-Apr-2021 17:16:28.248 INFORMACIÓN [http-nio-8080-exec-8] org.apache.catalina.core.ApplicationContext.log Manager: start: Starting web application '/WebServer'
05-Apr-2021 17:16:56.696 INFORMACIÓN [http-nio-8080-exec-11] org.apache.catalina.core.ApplicationContext.log Manager: list: Listing contexts for virtual host 'localhost'
05-Apr-2021 17:19:54.089 INFORMACIÓN [http-nio-8080-exec-11] org.apache.catalina.core.ApplicationContext.log Manager: list: Listing contexts for virtual host 'localhost'
05-Apr-2021 17:19:54.159 INFORMACIÓN [http-nio-8080-exec-14] org.apache.catalina.core.ApplicationContext.log Manager: restart: Reloading web application '/WebServer'
05-Apr-2021 17:19:56.943 INFORMACIÓN [http-nio-8080-exec-11] org.apache.catalina.core.ApplicationContext.log Manager: list: Listing contexts for virtual host 'localhost'
05-Apr-2021 17:27:13.601 INFORMACIÓN [http-nio-8080-exec-2] org.apache.catalina.core.ApplicationContext.log Manager: init: Associated with Deployer 'Catalina:type=Deployer,host=localhost'
05-Apr-2021 17:27:13.601 INFORMACIÓN [http-nio-8080-exec-2] org.apache.catalina.core.ApplicationContext.log Manager: init: Global resources are available
05-Apr-2021 17:27:20.119 INFORMACIÓN [http-nio-8080-exec-11] org.apache.catalina.core.ApplicationContext.log Manager: list: Listing contexts for virtual host 'localhost'
05-Apr-2021 17:27:20.122 INFORMACIÓN [http-nio-8080-exec-5] org.apache.catalina.core.ApplicationContext.log Manager: list: Listing contexts for virtual host 'localhost'
05-Apr-2021 17:27:20.139 INFORMACIÓN [http-nio-8080-exec-3] org.apache.catalina.core.ApplicationContext.log Manager: undeploy: Undeploying web application at '/WebServer'
05-Apr-2021 17:27:20.690 INFORMACIÓN [http-nio-8080-exec-12] org.apache.catalina.core.ApplicationContext.log Manager: install: Installing context configuration at 'file:/C:/Users/CLwn1/AppData/Local/Temp/context3648911074219041237.xml'
05-Apr-2021 17:27:21.549 INFORMACIÓN [http-nio-8080-exec-11] org.apache.catalina.core.ApplicationContext.log Manager: start: Starting web application '/WebServer'
05-Apr-2021 17:27:36.474 INFORMACIÓN [http-nio-8080-exec-3] org.apache.catalina.core.ApplicationContext.log Manager: list: Listing contexts for virtual host 'localhost'
