10-Aug-2020 20:47:16.074 INFO [main] org.apache.catalina.startup.VersionLoggerListener.log Nombre de la versión del servidor:   Apache Tomcat/9.0.37

10-Aug-2020 20:47:16.078 INFO [main] org.apache.catalina.startup.VersionLoggerListener.log Server built:          Jun 30 2020 20:09:49 UTC
10-Aug-2020 20:47:16.078 INFO [main] org.apache.catalina.startup.VersionLoggerListener.log Número de versión de servidor:         9.0.37.0
10-Aug-2020 20:47:16.078 INFO [main] org.apache.catalina.startup.VersionLoggerListener.log OS Name:               Windows 10
10-Aug-2020 20:47:16.078 INFO [main] org.apache.catalina.startup.VersionLoggerListener.log Versión de Systema Operativo:      10.0

10-Aug-2020 20:47:16.078 INFO [main] org.apache.catalina.startup.VersionLoggerListener.log Arquitectura:          amd64

10-Aug-2020 20:47:16.078 INFO [main] org.apache.catalina.startup.VersionLoggerListener.log Java Home:             C:\Program Files\Java\jdk-14.0.2
10-Aug-2020 20:47:16.078 INFO [main] org.apache.catalina.startup.VersionLoggerListener.log JVM Version:           14.0.2+12-46
10-Aug-2020 20:47:16.079 INFO [main] org.apache.catalina.startup.VersionLoggerListener.log Vededor JVM:     Oracle Corporation
10-Aug-2020 20:47:16.079 INFO [main] org.apache.catalina.startup.VersionLoggerListener.log CATALINA_BASE:         C:\Users\marc_\Desktop\apache-tomcat-9.0.37
10-Aug-2020 20:47:16.079 INFO [main] org.apache.catalina.startup.VersionLoggerListener.log CATALINA_HOME:         C:\Users\marc_\Desktop\apache-tomcat-9.0.37
10-Aug-2020 20:47:16.093 INFO [main] org.apache.catalina.startup.VersionLoggerListener.log Command line argument: --add-opens=java.base/java.lang=ALL-UNNAMED
10-Aug-2020 20:47:16.093 INFO [main] org.apache.catalina.startup.VersionLoggerListener.log Command line argument: --add-opens=java.base/java.io=ALL-UNNAMED
10-Aug-2020 20:47:16.093 INFO [main] org.apache.catalina.startup.VersionLoggerListener.log Command line argument: --add-opens=java.rmi/sun.rmi.transport=ALL-UNNAMED
10-Aug-2020 20:47:16.093 INFO [main] org.apache.catalina.startup.VersionLoggerListener.log Command line argument: -Djava.util.logging.config.file=C:\Users\marc_\Desktop\apache-tomcat-9.0.37\conf\logging.properties
10-Aug-2020 20:47:16.093 INFO [main] org.apache.catalina.startup.VersionLoggerListener.log Command line argument: -Djava.util.logging.manager=org.apache.juli.ClassLoaderLogManager
10-Aug-2020 20:47:16.094 INFO [main] org.apache.catalina.startup.VersionLoggerListener.log Command line argument: -Dhttp.nonProxyHosts=localhost|127.0.0.1|DESKTOP-RAM3TKJ
10-Aug-2020 20:47:16.094 INFO [main] org.apache.catalina.startup.VersionLoggerListener.log Command line argument: -Djdk.tls.ephemeralDHKeySize=2048
10-Aug-2020 20:47:16.094 INFO [main] org.apache.catalina.startup.VersionLoggerListener.log Command line argument: -Djava.protocol.handler.pkgs=org.apache.catalina.webresources
10-Aug-2020 20:47:16.094 INFO [main] org.apache.catalina.startup.VersionLoggerListener.log Command line argument: -Dignore.endorsed.dirs=
10-Aug-2020 20:47:16.094 INFO [main] org.apache.catalina.startup.VersionLoggerListener.log Command line argument: -Dcatalina.base=C:\Users\marc_\Desktop\apache-tomcat-9.0.37
10-Aug-2020 20:47:16.094 INFO [main] org.apache.catalina.startup.VersionLoggerListener.log Command line argument: -Dcatalina.home=C:\Users\marc_\Desktop\apache-tomcat-9.0.37
10-Aug-2020 20:47:16.094 INFO [main] org.apache.catalina.startup.VersionLoggerListener.log Command line argument: -Djava.io.tmpdir=C:\Users\marc_\Desktop\apache-tomcat-9.0.37\temp
10-Aug-2020 20:47:16.094 INFO [main] org.apache.catalina.core.AprLifecycleListener.lifecycleEvent La biblioteca nativa de Apache Tomcat basada en ARP que permite un rendimiento óptimo en entornos de desarrollo no ha sido hallada en java.library.path: [C:\Program Files\Java\jdk-14.0.2\bin;C:\Windows\Sun\Java\bin;C:\Windows\system32;C:\Windows;C:\ProgramData\Oracle\Java\javapath;C:\Windows\system32;C:\Windows;C:\Windows\System32\Wbem;C:\Windows\System32\WindowsPowerShell\v1.0\;C:\Windows\System32\OpenSSH\;C:\Program Files (x86)\NVIDIA Corporation\PhysX\Common;C:\Program Files\NVIDIA Corporation\NVIDIA NvDLISR;C:\Program Files\Java\jdk-14.0.2\bin;C:\Users\marc_\AppData\Local\Microsoft\WindowsApps;;C:\Program Files\JetBrains\IntelliJ IDEA Community Edition 2020.2\bin;;.]
10-Aug-2020 20:47:16.509 INFO [main] org.apache.coyote.AbstractProtocol.init Inicializando el manejador de protocolo ["http-nio-8080"]

10-Aug-2020 20:47:16.592 INFO [main] org.apache.catalina.startup.Catalina.load Server initialization in [756] milliseconds
10-Aug-2020 20:47:16.655 INFO [main] org.apache.catalina.core.StandardService.startInternal Arrancando servicio [Catalina]
10-Aug-2020 20:47:16.655 INFO [main] org.apache.catalina.core.StandardEngine.startInternal Starting Servlet engine: [Apache Tomcat/9.0.37]
10-Aug-2020 20:47:16.671 INFO [main] org.apache.catalina.startup.HostConfig.deployDirectory Desplegando el directorio [C:\Users\marc_\Desktop\apache-tomcat-9.0.37\webapps\docs] de la aplicación web
10-Aug-2020 20:47:17.068 INFO [main] org.apache.catalina.startup.HostConfig.deployDirectory Deployment of web application directory [C:\Users\marc_\Desktop\apache-tomcat-9.0.37\webapps\docs] has finished in [396] ms
10-Aug-2020 20:47:17.069 INFO [main] org.apache.catalina.startup.HostConfig.deployDirectory Desplegando el directorio [C:\Users\marc_\Desktop\apache-tomcat-9.0.37\webapps\examples] de la aplicación web
10-Aug-2020 20:47:17.510 INFO [main] org.apache.catalina.startup.HostConfig.deployDirectory Deployment of web application directory [C:\Users\marc_\Desktop\apache-tomcat-9.0.37\webapps\examples] has finished in [441] ms
10-Aug-2020 20:47:17.510 INFO [main] org.apache.catalina.startup.HostConfig.deployDirectory Desplegando el directorio [C:\Users\marc_\Desktop\apache-tomcat-9.0.37\webapps\host-manager] de la aplicación web
10-Aug-2020 20:47:17.555 INFO [main] org.apache.catalina.startup.HostConfig.deployDirectory Deployment of web application directory [C:\Users\marc_\Desktop\apache-tomcat-9.0.37\webapps\host-manager] has finished in [45] ms
10-Aug-2020 20:47:17.556 INFO [main] org.apache.catalina.startup.HostConfig.deployDirectory Desplegando el directorio [C:\Users\marc_\Desktop\apache-tomcat-9.0.37\webapps\manager] de la aplicación web
10-Aug-2020 20:47:17.598 INFO [main] org.apache.catalina.startup.HostConfig.deployDirectory Deployment of web application directory [C:\Users\marc_\Desktop\apache-tomcat-9.0.37\webapps\manager] has finished in [43] ms
10-Aug-2020 20:47:17.598 INFO [main] org.apache.catalina.startup.HostConfig.deployDirectory Desplegando el directorio [C:\Users\marc_\Desktop\apache-tomcat-9.0.37\webapps\ROOT] de la aplicación web
10-Aug-2020 20:47:17.627 INFO [main] org.apache.catalina.startup.HostConfig.deployDirectory Deployment of web application directory [C:\Users\marc_\Desktop\apache-tomcat-9.0.37\webapps\ROOT] has finished in [29] ms
10-Aug-2020 20:47:17.634 INFO [main] org.apache.coyote.AbstractProtocol.start Starting ProtocolHandler ["http-nio-8080"]
10-Aug-2020 20:47:17.647 INFO [main] org.apache.catalina.startup.Catalina.start Server startup in [1053] milliseconds
