25-Aug-2020 12:11:03.811 INFO [main] org.apache.catalina.startup.VersionLoggerListener.log Nombre de la versión del servidor:   Apache Tomcat/9.0.37

25-Aug-2020 12:11:03.815 INFO [main] org.apache.catalina.startup.VersionLoggerListener.log Server built:          Jun 30 2020 20:09:49 UTC
25-Aug-2020 12:11:03.815 INFO [main] org.apache.catalina.startup.VersionLoggerListener.log Número de versión de servidor:         9.0.37.0
25-Aug-2020 12:11:03.815 INFO [main] org.apache.catalina.startup.VersionLoggerListener.log OS Name:               Windows 10
25-Aug-2020 12:11:03.815 INFO [main] org.apache.catalina.startup.VersionLoggerListener.log Versión de Systema Operativo:      10.0

25-Aug-2020 12:11:03.815 INFO [main] org.apache.catalina.startup.VersionLoggerListener.log Arquitectura:          amd64

25-Aug-2020 12:11:03.816 INFO [main] org.apache.catalina.startup.VersionLoggerListener.log Java Home:             C:\Program Files\Java\jdk-14.0.2
25-Aug-2020 12:11:03.816 INFO [main] org.apache.catalina.startup.VersionLoggerListener.log JVM Version:           14.0.2+12-46
25-Aug-2020 12:11:03.816 INFO [main] org.apache.catalina.startup.VersionLoggerListener.log Vededor JVM:     Oracle Corporation
25-Aug-2020 12:11:03.816 INFO [main] org.apache.catalina.startup.VersionLoggerListener.log CATALINA_BASE:         C:\Users\marc_\Desktop\TFG\apache-tomcat-9.0.37
25-Aug-2020 12:11:03.816 INFO [main] org.apache.catalina.startup.VersionLoggerListener.log CATALINA_HOME:         C:\Users\marc_\Desktop\TFG\apache-tomcat-9.0.37
25-Aug-2020 12:11:03.835 INFO [main] org.apache.catalina.startup.VersionLoggerListener.log Command line argument: --add-opens=java.base/java.lang=ALL-UNNAMED
25-Aug-2020 12:11:03.836 INFO [main] org.apache.catalina.startup.VersionLoggerListener.log Command line argument: --add-opens=java.base/java.io=ALL-UNNAMED
25-Aug-2020 12:11:03.836 INFO [main] org.apache.catalina.startup.VersionLoggerListener.log Command line argument: --add-opens=java.rmi/sun.rmi.transport=ALL-UNNAMED
25-Aug-2020 12:11:03.836 INFO [main] org.apache.catalina.startup.VersionLoggerListener.log Command line argument: -Djava.util.logging.config.file=C:\Users\marc_\Desktop\TFG\apache-tomcat-9.0.37\conf\logging.properties
25-Aug-2020 12:11:03.836 INFO [main] org.apache.catalina.startup.VersionLoggerListener.log Command line argument: -Djava.util.logging.manager=org.apache.juli.ClassLoaderLogManager
25-Aug-2020 12:11:03.836 INFO [main] org.apache.catalina.startup.VersionLoggerListener.log Command line argument: -Dhttp.nonProxyHosts=localhost|127.0.0.1|DESKTOP-RAM3TKJ
25-Aug-2020 12:11:03.836 INFO [main] org.apache.catalina.startup.VersionLoggerListener.log Command line argument: -Djdk.tls.ephemeralDHKeySize=2048
25-Aug-2020 12:11:03.836 INFO [main] org.apache.catalina.startup.VersionLoggerListener.log Command line argument: -Djava.protocol.handler.pkgs=org.apache.catalina.webresources
25-Aug-2020 12:11:03.836 INFO [main] org.apache.catalina.startup.VersionLoggerListener.log Command line argument: -Dignore.endorsed.dirs=
25-Aug-2020 12:11:03.836 INFO [main] org.apache.catalina.startup.VersionLoggerListener.log Command line argument: -Dcatalina.base=C:\Users\marc_\Desktop\TFG\apache-tomcat-9.0.37
25-Aug-2020 12:11:03.837 INFO [main] org.apache.catalina.startup.VersionLoggerListener.log Command line argument: -Dcatalina.home=C:\Users\marc_\Desktop\TFG\apache-tomcat-9.0.37
25-Aug-2020 12:11:03.837 INFO [main] org.apache.catalina.startup.VersionLoggerListener.log Command line argument: -Djava.io.tmpdir=C:\Users\marc_\Desktop\TFG\apache-tomcat-9.0.37\temp
25-Aug-2020 12:11:03.837 INFO [main] org.apache.catalina.core.AprLifecycleListener.lifecycleEvent La biblioteca nativa de Apache Tomcat basada en ARP que permite un rendimiento óptimo en entornos de desarrollo no ha sido hallada en java.library.path: [C:\Program Files\Java\jdk-14.0.2\bin;C:\WINDOWS\Sun\Java\bin;C:\WINDOWS\system32;C:\WINDOWS;C:\Program Files (x86)\Common Files\Oracle\Java\javapath;C:\ProgramData\Oracle\Java\javapath;C:\Windows\system32;C:\Windows;C:\Windows\System32\Wbem;C:\Windows\System32\WindowsPowerShell\v1.0\;C:\Windows\System32\OpenSSH\;C:\Program Files (x86)\NVIDIA Corporation\PhysX\Common;C:\Program Files\NVIDIA Corporation\NVIDIA NvDLISR;C:\Program Files\Java\jdk-14.0.2\bin;C:\Program Files\MariaDB 10.5\bin;C:\Users\marc_\Desktop\TFG\Tomcat\lib\mysql-connector-java-8.0.21.jar;C:\Program Files\Git\cmd;C:\Program Files\Git\mingw64\bin;C:\Program Files\Git\usr\bin;C:\WINDOWS\system32;C:\WINDOWS;C:\WINDOWS\System32\Wbem;C:\WINDOWS\System32\WindowsPowerShell\v1.0\;C:\WINDOWS\System32\OpenSSH\;C:\MinGW\bin;C:\Users\marc_\AppData\Local\Microsoft\WindowsApps;C:\Program Files\JetBrains\IntelliJ IDEA Community Edition 2020.2\bin;C:\Users\marc_\AppData\Local\atom\bin;%USERPROFILE%\AppData\Local\Microsoft\WindowsApps;;.]
25-Aug-2020 12:11:04.573 INFO [main] org.apache.coyote.AbstractProtocol.init Inicializando el manejador de protocolo ["http-nio-8080"]

25-Aug-2020 12:11:04.762 INFO [main] org.apache.catalina.startup.Catalina.load Server initialization in [1433] milliseconds
25-Aug-2020 12:11:04.891 INFO [main] org.apache.catalina.core.StandardService.startInternal Arrancando servicio [Catalina]
25-Aug-2020 12:11:04.891 INFO [main] org.apache.catalina.core.StandardEngine.startInternal Starting Servlet engine: [Apache Tomcat/9.0.37]
25-Aug-2020 12:11:04.921 INFO [main] org.apache.catalina.startup.HostConfig.deployDescriptor Desplieque del descriptor de configuración [C:\Users\marc_\Desktop\TFG\apache-tomcat-9.0.37\conf\Catalina\localhost\web.xml]
25-Aug-2020 12:11:04.947 WARNING [main] org.apache.catalina.startup.HostConfig.deployDescriptor The path attribute with value [/web] in deployment descriptor [C:\Users\marc_\Desktop\TFG\apache-tomcat-9.0.37\conf\Catalina\localhost\web.xml] has been ignored
25-Aug-2020 12:11:05.032 WARNING [main] org.apache.tomcat.util.digester.SetPropertiesRule.begin Match [Context/Realm/CredentialHandler] failed to set property [keyLength] to [256]
25-Aug-2020 12:11:06.901 WARNING [main] org.apache.catalina.startup.ContextConfig.validateSecurityRoles El nombre de papel de seguridad [user] es usado en un <auth-constraint> sin haber sido definido en <security-role>
25-Aug-2020 12:11:06.979 INFO [main] org.apache.jasper.servlet.TldScanner.scanJars Al menos un JAR, que se ha explorado buscando TLDs, aún no contenía TLDs. Activar historial de depuración para este historiador para una completa lista de los JARs que fueron explorados y de los que nos se halló TLDs. Saltarse JARs no necesarios durante la exploración puede dar lugar a una mejora de tiempo significativa en el arranque y compilación de JSP .
25-Aug-2020 12:11:07.140 INFO [main] org.apache.catalina.startup.HostConfig.deployDescriptor Deployment of deployment descriptor [C:\Users\marc_\Desktop\TFG\apache-tomcat-9.0.37\conf\Catalina\localhost\web.xml] has finished in [2.216] ms
25-Aug-2020 12:11:07.141 INFO [main] org.apache.catalina.startup.HostConfig.deployDirectory Desplegando el directorio [C:\Users\marc_\Desktop\TFG\apache-tomcat-9.0.37\webapps\docs] de la aplicación web
25-Aug-2020 12:11:07.578 INFO [main] org.apache.jasper.servlet.TldScanner.scanJars Al menos un JAR, que se ha explorado buscando TLDs, aún no contenía TLDs. Activar historial de depuración para este historiador para una completa lista de los JARs que fueron explorados y de los que nos se halló TLDs. Saltarse JARs no necesarios durante la exploración puede dar lugar a una mejora de tiempo significativa en el arranque y compilación de JSP .
25-Aug-2020 12:11:07.581 INFO [main] org.apache.catalina.startup.HostConfig.deployDirectory Deployment of web application directory [C:\Users\marc_\Desktop\TFG\apache-tomcat-9.0.37\webapps\docs] has finished in [440] ms
25-Aug-2020 12:11:07.581 INFO [main] org.apache.catalina.startup.HostConfig.deployDirectory Desplegando el directorio [C:\Users\marc_\Desktop\TFG\apache-tomcat-9.0.37\webapps\examples] de la aplicación web
25-Aug-2020 12:11:08.948 INFO [main] org.apache.jasper.servlet.TldScanner.scanJars Al menos un JAR, que se ha explorado buscando TLDs, aún no contenía TLDs. Activar historial de depuración para este historiador para una completa lista de los JARs que fueron explorados y de los que nos se halló TLDs. Saltarse JARs no necesarios durante la exploración puede dar lugar a una mejora de tiempo significativa en el arranque y compilación de JSP .
25-Aug-2020 12:11:09.019 INFO [main] org.apache.catalina.startup.HostConfig.deployDirectory Deployment of web application directory [C:\Users\marc_\Desktop\TFG\apache-tomcat-9.0.37\webapps\examples] has finished in [1.438] ms
25-Aug-2020 12:11:09.020 INFO [main] org.apache.catalina.startup.HostConfig.deployDirectory Desplegando el directorio [C:\Users\marc_\Desktop\TFG\apache-tomcat-9.0.37\webapps\host-manager] de la aplicación web
25-Aug-2020 12:11:09.546 INFO [main] org.apache.jasper.servlet.TldScanner.scanJars Al menos un JAR, que se ha explorado buscando TLDs, aún no contenía TLDs. Activar historial de depuración para este historiador para una completa lista de los JARs que fueron explorados y de los que nos se halló TLDs. Saltarse JARs no necesarios durante la exploración puede dar lugar a una mejora de tiempo significativa en el arranque y compilación de JSP .
25-Aug-2020 12:11:09.561 INFO [main] org.apache.catalina.startup.HostConfig.deployDirectory Deployment of web application directory [C:\Users\marc_\Desktop\TFG\apache-tomcat-9.0.37\webapps\host-manager] has finished in [541] ms
25-Aug-2020 12:11:09.562 INFO [main] org.apache.catalina.startup.HostConfig.deployDirectory Desplegando el directorio [C:\Users\marc_\Desktop\TFG\apache-tomcat-9.0.37\webapps\manager] de la aplicación web
25-Aug-2020 12:11:10.046 INFO [main] org.apache.jasper.servlet.TldScanner.scanJars Al menos un JAR, que se ha explorado buscando TLDs, aún no contenía TLDs. Activar historial de depuración para este historiador para una completa lista de los JARs que fueron explorados y de los que nos se halló TLDs. Saltarse JARs no necesarios durante la exploración puede dar lugar a una mejora de tiempo significativa en el arranque y compilación de JSP .
25-Aug-2020 12:11:10.057 INFO [main] org.apache.catalina.startup.HostConfig.deployDirectory Deployment of web application directory [C:\Users\marc_\Desktop\TFG\apache-tomcat-9.0.37\webapps\manager] has finished in [495] ms
25-Aug-2020 12:11:10.058 INFO [main] org.apache.catalina.startup.HostConfig.deployDirectory Desplegando el directorio [C:\Users\marc_\Desktop\TFG\apache-tomcat-9.0.37\webapps\ROOT] de la aplicación web
25-Aug-2020 12:11:10.452 INFO [main] org.apache.jasper.servlet.TldScanner.scanJars Al menos un JAR, que se ha explorado buscando TLDs, aún no contenía TLDs. Activar historial de depuración para este historiador para una completa lista de los JARs que fueron explorados y de los que nos se halló TLDs. Saltarse JARs no necesarios durante la exploración puede dar lugar a una mejora de tiempo significativa en el arranque y compilación de JSP .
25-Aug-2020 12:11:10.455 INFO [main] org.apache.catalina.startup.HostConfig.deployDirectory Deployment of web application directory [C:\Users\marc_\Desktop\TFG\apache-tomcat-9.0.37\webapps\ROOT] has finished in [396] ms
25-Aug-2020 12:11:10.457 INFO [main] org.apache.coyote.AbstractProtocol.start Starting ProtocolHandler ["http-nio-8080"]
25-Aug-2020 12:11:10.465 INFO [main] org.apache.catalina.startup.Catalina.start Server startup in [5702] milliseconds
25-Aug-2020 12:11:13.183 INFO [http-nio-8080-exec-9] org.apache.catalina.startup.HostConfig.undeploy Repliegue (undeploy) de la aplicación web que tiene como trayectoria de contexto [/web]
25-Aug-2020 12:11:13.261 INFO [http-nio-8080-exec-6] org.apache.catalina.startup.HostConfig.deployDescriptor Desplieque del descriptor de configuración [C:\Users\marc_\Desktop\TFG\apache-tomcat-9.0.37\conf\Catalina\localhost\web.xml]
25-Aug-2020 12:11:13.263 WARNING [http-nio-8080-exec-6] org.apache.catalina.startup.HostConfig.deployDescriptor The path attribute with value [/web] in deployment descriptor [C:\Users\marc_\Desktop\TFG\apache-tomcat-9.0.37\conf\Catalina\localhost\web.xml] has been ignored
25-Aug-2020 12:11:13.267 WARNING [http-nio-8080-exec-6] org.apache.tomcat.util.digester.SetPropertiesRule.begin Match [Context/Realm/CredentialHandler] failed to set property [keyLength] to [256]
25-Aug-2020 12:11:13.728 WARNING [http-nio-8080-exec-6] org.apache.catalina.startup.ContextConfig.validateSecurityRoles El nombre de papel de seguridad [user] es usado en un <auth-constraint> sin haber sido definido en <security-role>
25-Aug-2020 12:11:13.740 INFO [http-nio-8080-exec-6] org.apache.jasper.servlet.TldScanner.scanJars Al menos un JAR, que se ha explorado buscando TLDs, aún no contenía TLDs. Activar historial de depuración para este historiador para una completa lista de los JARs que fueron explorados y de los que nos se halló TLDs. Saltarse JARs no necesarios durante la exploración puede dar lugar a una mejora de tiempo significativa en el arranque y compilación de JSP .
25-Aug-2020 12:11:13.747 INFO [http-nio-8080-exec-6] org.apache.catalina.startup.HostConfig.deployDescriptor Deployment of deployment descriptor [C:\Users\marc_\Desktop\TFG\apache-tomcat-9.0.37\conf\Catalina\localhost\web.xml] has finished in [485] ms
25-Aug-2020 12:11:13.755 INFO [http-nio-8080-exec-8] org.apache.catalina.util.LifecycleBase.start The start() method was called on component [StandardEngine[Catalina].StandardHost[localhost].StandardContext[/web]] after start() had already been called. The second call will be ignored.
25-Aug-2020 12:13:08.696 INFO [http-nio-8080-exec-18] org.apache.catalina.startup.HostConfig.undeploy Repliegue (undeploy) de la aplicación web que tiene como trayectoria de contexto [/web]
25-Aug-2020 12:13:27.542 INFO [http-nio-8080-exec-11] org.apache.catalina.startup.HostConfig.deployDescriptor Desplieque del descriptor de configuración [C:\Users\marc_\Desktop\TFG\apache-tomcat-9.0.37\conf\Catalina\localhost\web.xml]
25-Aug-2020 12:13:27.545 WARNING [http-nio-8080-exec-11] org.apache.catalina.startup.HostConfig.deployDescriptor The path attribute with value [/web] in deployment descriptor [C:\Users\marc_\Desktop\TFG\apache-tomcat-9.0.37\conf\Catalina\localhost\web.xml] has been ignored
25-Aug-2020 12:13:27.555 WARNING [http-nio-8080-exec-11] org.apache.tomcat.util.digester.SetPropertiesRule.begin Match [Context/Realm/CredentialHandler] failed to set property [keyLength] to [256]
25-Aug-2020 12:13:28.157 WARNING [http-nio-8080-exec-11] org.apache.catalina.startup.ContextConfig.validateSecurityRoles El nombre de papel de seguridad [user] es usado en un <auth-constraint> sin haber sido definido en <security-role>
25-Aug-2020 12:13:28.164 INFO [http-nio-8080-exec-11] org.apache.jasper.servlet.TldScanner.scanJars Al menos un JAR, que se ha explorado buscando TLDs, aún no contenía TLDs. Activar historial de depuración para este historiador para una completa lista de los JARs que fueron explorados y de los que nos se halló TLDs. Saltarse JARs no necesarios durante la exploración puede dar lugar a una mejora de tiempo significativa en el arranque y compilación de JSP .
25-Aug-2020 12:13:28.167 INFO [http-nio-8080-exec-11] org.apache.catalina.startup.HostConfig.deployDescriptor Deployment of deployment descriptor [C:\Users\marc_\Desktop\TFG\apache-tomcat-9.0.37\conf\Catalina\localhost\web.xml] has finished in [625] ms
25-Aug-2020 12:13:28.171 INFO [http-nio-8080-exec-15] org.apache.catalina.util.LifecycleBase.start The start() method was called on component [StandardEngine[Catalina].StandardHost[localhost].StandardContext[/web]] after start() had already been called. The second call will be ignored.
25-Aug-2020 13:35:21.061 INFO [main] org.apache.catalina.core.StandardServer.await Se ha recibido un comando de apagado a través del puerto de apagado. Parando la instancia del Servidor.
25-Aug-2020 13:35:21.063 INFO [main] org.apache.coyote.AbstractProtocol.pause Pausing ProtocolHandler ["http-nio-8080"]
25-Aug-2020 13:35:21.079 INFO [main] org.apache.catalina.core.StandardService.stopInternal Parando servicio [Catalina]
25-Aug-2020 13:35:21.194 INFO [main] org.apache.coyote.AbstractProtocol.stop Stopping ProtocolHandler ["http-nio-8080"]
25-Aug-2020 13:35:21.198 INFO [main] org.apache.coyote.AbstractProtocol.destroy Destroying ProtocolHandler ["http-nio-8080"]
