26-Aug-2020 19:28:28.385 INFO [main] org.apache.catalina.startup.VersionLoggerListener.log Nombre de la versión del servidor:   Apache Tomcat/9.0.37

26-Aug-2020 19:28:28.389 INFO [main] org.apache.catalina.startup.VersionLoggerListener.log Server built:          Jun 30 2020 20:09:49 UTC
26-Aug-2020 19:28:28.389 INFO [main] org.apache.catalina.startup.VersionLoggerListener.log Número de versión de servidor:         9.0.37.0
26-Aug-2020 19:28:28.389 INFO [main] org.apache.catalina.startup.VersionLoggerListener.log OS Name:               Windows 10
26-Aug-2020 19:28:28.390 INFO [main] org.apache.catalina.startup.VersionLoggerListener.log Versión de Systema Operativo:      10.0

26-Aug-2020 19:28:28.390 INFO [main] org.apache.catalina.startup.VersionLoggerListener.log Arquitectura:          amd64

26-Aug-2020 19:28:28.390 INFO [main] org.apache.catalina.startup.VersionLoggerListener.log Java Home:             C:\Program Files\Java\jdk-14.0.2
26-Aug-2020 19:28:28.390 INFO [main] org.apache.catalina.startup.VersionLoggerListener.log JVM Version:           14.0.2+12-46
26-Aug-2020 19:28:28.390 INFO [main] org.apache.catalina.startup.VersionLoggerListener.log Vededor JVM:     Oracle Corporation
26-Aug-2020 19:28:28.390 INFO [main] org.apache.catalina.startup.VersionLoggerListener.log CATALINA_BASE:         C:\Users\marc_\Desktop\TFG\apache-tomcat-9.0.37
26-Aug-2020 19:28:28.390 INFO [main] org.apache.catalina.startup.VersionLoggerListener.log CATALINA_HOME:         C:\Users\marc_\Desktop\TFG\apache-tomcat-9.0.37
26-Aug-2020 19:28:28.413 INFO [main] org.apache.catalina.startup.VersionLoggerListener.log Command line argument: --add-opens=java.base/java.lang=ALL-UNNAMED
26-Aug-2020 19:28:28.414 INFO [main] org.apache.catalina.startup.VersionLoggerListener.log Command line argument: --add-opens=java.base/java.io=ALL-UNNAMED
26-Aug-2020 19:28:28.414 INFO [main] org.apache.catalina.startup.VersionLoggerListener.log Command line argument: --add-opens=java.rmi/sun.rmi.transport=ALL-UNNAMED
26-Aug-2020 19:28:28.414 INFO [main] org.apache.catalina.startup.VersionLoggerListener.log Command line argument: -Djava.util.logging.config.file=C:\Users\marc_\Desktop\TFG\apache-tomcat-9.0.37\conf\logging.properties
26-Aug-2020 19:28:28.414 INFO [main] org.apache.catalina.startup.VersionLoggerListener.log Command line argument: -Djava.util.logging.manager=org.apache.juli.ClassLoaderLogManager
26-Aug-2020 19:28:28.414 INFO [main] org.apache.catalina.startup.VersionLoggerListener.log Command line argument: -Dhttp.nonProxyHosts=localhost|127.0.0.1|DESKTOP-RAM3TKJ
26-Aug-2020 19:28:28.414 INFO [main] org.apache.catalina.startup.VersionLoggerListener.log Command line argument: -Djdk.tls.ephemeralDHKeySize=2048
26-Aug-2020 19:28:28.415 INFO [main] org.apache.catalina.startup.VersionLoggerListener.log Command line argument: -Djava.protocol.handler.pkgs=org.apache.catalina.webresources
26-Aug-2020 19:28:28.415 INFO [main] org.apache.catalina.startup.VersionLoggerListener.log Command line argument: -Dignore.endorsed.dirs=
26-Aug-2020 19:28:28.415 INFO [main] org.apache.catalina.startup.VersionLoggerListener.log Command line argument: -Dcatalina.base=C:\Users\marc_\Desktop\TFG\apache-tomcat-9.0.37
26-Aug-2020 19:28:28.415 INFO [main] org.apache.catalina.startup.VersionLoggerListener.log Command line argument: -Dcatalina.home=C:\Users\marc_\Desktop\TFG\apache-tomcat-9.0.37
26-Aug-2020 19:28:28.415 INFO [main] org.apache.catalina.startup.VersionLoggerListener.log Command line argument: -Djava.io.tmpdir=C:\Users\marc_\Desktop\TFG\apache-tomcat-9.0.37\temp
26-Aug-2020 19:28:28.416 INFO [main] org.apache.catalina.core.AprLifecycleListener.lifecycleEvent La biblioteca nativa de Apache Tomcat basada en ARP que permite un rendimiento óptimo en entornos de desarrollo no ha sido hallada en java.library.path: [C:\Program Files\Java\jdk-14.0.2\bin;C:\WINDOWS\Sun\Java\bin;C:\WINDOWS\system32;C:\WINDOWS;C:\Program Files (x86)\Common Files\Oracle\Java\javapath;C:\ProgramData\Oracle\Java\javapath;C:\Windows\system32;C:\Windows;C:\Windows\System32\Wbem;C:\Windows\System32\WindowsPowerShell\v1.0\;C:\Windows\System32\OpenSSH\;C:\Program Files (x86)\NVIDIA Corporation\PhysX\Common;C:\Program Files\NVIDIA Corporation\NVIDIA NvDLISR;C:\Program Files\Java\jdk-14.0.2\bin;C:\Program Files\MariaDB 10.5\bin;C:\Users\marc_\Desktop\TFG\Tomcat\lib\mysql-connector-java-8.0.21.jar;C:\Program Files\Git\cmd;C:\Program Files\Git\mingw64\bin;C:\Program Files\Git\usr\bin;C:\WINDOWS\system32;C:\WINDOWS;C:\WINDOWS\System32\Wbem;C:\WINDOWS\System32\WindowsPowerShell\v1.0\;C:\WINDOWS\System32\OpenSSH\;C:\MinGW\bin;C:\Users\marc_\AppData\Local\Microsoft\WindowsApps;C:\Program Files\JetBrains\IntelliJ IDEA Community Edition 2020.2\bin;C:\Users\marc_\AppData\Local\atom\bin;%USERPROFILE%\AppData\Local\Microsoft\WindowsApps;;.]
26-Aug-2020 19:28:29.438 INFO [main] org.apache.coyote.AbstractProtocol.init Inicializando el manejador de protocolo ["http-nio-8080"]

26-Aug-2020 19:28:29.705 INFO [main] org.apache.catalina.startup.Catalina.load Server initialization in [2608] milliseconds
26-Aug-2020 19:28:29.821 INFO [main] org.apache.catalina.core.StandardService.startInternal Arrancando servicio [Catalina]
26-Aug-2020 19:28:29.821 INFO [main] org.apache.catalina.core.StandardEngine.startInternal Starting Servlet engine: [Apache Tomcat/9.0.37]
26-Aug-2020 19:28:29.835 INFO [main] org.apache.catalina.startup.HostConfig.deployDescriptor Desplieque del descriptor de configuración [C:\Users\marc_\Desktop\TFG\apache-tomcat-9.0.37\conf\Catalina\localhost\web.xml]
26-Aug-2020 19:28:29.879 WARNING [main] org.apache.catalina.startup.HostConfig.deployDescriptor The path attribute with value [/web] in deployment descriptor [C:\Users\marc_\Desktop\TFG\apache-tomcat-9.0.37\conf\Catalina\localhost\web.xml] has been ignored
26-Aug-2020 19:28:29.950 WARNING [main] org.apache.tomcat.util.digester.SetPropertiesRule.begin Match [Context/Realm/CredentialHandler] failed to set property [keyLength] to [256]
26-Aug-2020 19:28:31.942 WARNING [main] org.apache.catalina.startup.ContextConfig.validateSecurityRoles El nombre de papel de seguridad [user] es usado en un <auth-constraint> sin haber sido definido en <security-role>
26-Aug-2020 19:28:32.024 INFO [main] org.apache.jasper.servlet.TldScanner.scanJars Al menos un JAR, que se ha explorado buscando TLDs, aún no contenía TLDs. Activar historial de depuración para este historiador para una completa lista de los JARs que fueron explorados y de los que nos se halló TLDs. Saltarse JARs no necesarios durante la exploración puede dar lugar a una mejora de tiempo significativa en el arranque y compilación de JSP .
26-Aug-2020 19:28:32.141 INFO [main] org.apache.catalina.startup.HostConfig.deployDescriptor Deployment of deployment descriptor [C:\Users\marc_\Desktop\TFG\apache-tomcat-9.0.37\conf\Catalina\localhost\web.xml] has finished in [2.304] ms
26-Aug-2020 19:28:32.143 INFO [main] org.apache.catalina.startup.HostConfig.deployDirectory Desplegando el directorio [C:\Users\marc_\Desktop\TFG\apache-tomcat-9.0.37\webapps\docs] de la aplicación web
26-Aug-2020 19:28:32.616 INFO [main] org.apache.jasper.servlet.TldScanner.scanJars Al menos un JAR, que se ha explorado buscando TLDs, aún no contenía TLDs. Activar historial de depuración para este historiador para una completa lista de los JARs que fueron explorados y de los que nos se halló TLDs. Saltarse JARs no necesarios durante la exploración puede dar lugar a una mejora de tiempo significativa en el arranque y compilación de JSP .
26-Aug-2020 19:28:32.619 INFO [main] org.apache.catalina.startup.HostConfig.deployDirectory Deployment of web application directory [C:\Users\marc_\Desktop\TFG\apache-tomcat-9.0.37\webapps\docs] has finished in [477] ms
26-Aug-2020 19:28:32.620 INFO [main] org.apache.catalina.startup.HostConfig.deployDirectory Desplegando el directorio [C:\Users\marc_\Desktop\TFG\apache-tomcat-9.0.37\webapps\examples] de la aplicación web
26-Aug-2020 19:28:34.075 INFO [main] org.apache.jasper.servlet.TldScanner.scanJars Al menos un JAR, que se ha explorado buscando TLDs, aún no contenía TLDs. Activar historial de depuración para este historiador para una completa lista de los JARs que fueron explorados y de los que nos se halló TLDs. Saltarse JARs no necesarios durante la exploración puede dar lugar a una mejora de tiempo significativa en el arranque y compilación de JSP .
26-Aug-2020 19:28:34.151 INFO [main] org.apache.catalina.startup.HostConfig.deployDirectory Deployment of web application directory [C:\Users\marc_\Desktop\TFG\apache-tomcat-9.0.37\webapps\examples] has finished in [1.531] ms
26-Aug-2020 19:28:34.152 INFO [main] org.apache.catalina.startup.HostConfig.deployDirectory Desplegando el directorio [C:\Users\marc_\Desktop\TFG\apache-tomcat-9.0.37\webapps\host-manager] de la aplicación web
26-Aug-2020 19:28:34.712 INFO [main] org.apache.jasper.servlet.TldScanner.scanJars Al menos un JAR, que se ha explorado buscando TLDs, aún no contenía TLDs. Activar historial de depuración para este historiador para una completa lista de los JARs que fueron explorados y de los que nos se halló TLDs. Saltarse JARs no necesarios durante la exploración puede dar lugar a una mejora de tiempo significativa en el arranque y compilación de JSP .
26-Aug-2020 19:28:34.727 INFO [main] org.apache.catalina.startup.HostConfig.deployDirectory Deployment of web application directory [C:\Users\marc_\Desktop\TFG\apache-tomcat-9.0.37\webapps\host-manager] has finished in [576] ms
26-Aug-2020 19:28:34.728 INFO [main] org.apache.catalina.startup.HostConfig.deployDirectory Desplegando el directorio [C:\Users\marc_\Desktop\TFG\apache-tomcat-9.0.37\webapps\manager] de la aplicación web
26-Aug-2020 19:28:35.194 INFO [main] org.apache.jasper.servlet.TldScanner.scanJars Al menos un JAR, que se ha explorado buscando TLDs, aún no contenía TLDs. Activar historial de depuración para este historiador para una completa lista de los JARs que fueron explorados y de los que nos se halló TLDs. Saltarse JARs no necesarios durante la exploración puede dar lugar a una mejora de tiempo significativa en el arranque y compilación de JSP .
26-Aug-2020 19:28:35.197 INFO [main] org.apache.catalina.startup.HostConfig.deployDirectory Deployment of web application directory [C:\Users\marc_\Desktop\TFG\apache-tomcat-9.0.37\webapps\manager] has finished in [469] ms
26-Aug-2020 19:28:35.197 INFO [main] org.apache.catalina.startup.HostConfig.deployDirectory Desplegando el directorio [C:\Users\marc_\Desktop\TFG\apache-tomcat-9.0.37\webapps\ROOT] de la aplicación web
26-Aug-2020 19:28:35.577 INFO [main] org.apache.jasper.servlet.TldScanner.scanJars Al menos un JAR, que se ha explorado buscando TLDs, aún no contenía TLDs. Activar historial de depuración para este historiador para una completa lista de los JARs que fueron explorados y de los que nos se halló TLDs. Saltarse JARs no necesarios durante la exploración puede dar lugar a una mejora de tiempo significativa en el arranque y compilación de JSP .
26-Aug-2020 19:28:35.580 INFO [main] org.apache.catalina.startup.HostConfig.deployDirectory Deployment of web application directory [C:\Users\marc_\Desktop\TFG\apache-tomcat-9.0.37\webapps\ROOT] has finished in [383] ms
26-Aug-2020 19:28:35.585 INFO [main] org.apache.coyote.AbstractProtocol.start Starting ProtocolHandler ["http-nio-8080"]
26-Aug-2020 19:28:35.593 INFO [main] org.apache.catalina.startup.Catalina.start Server startup in [5887] milliseconds
26-Aug-2020 19:28:38.668 INFO [http-nio-8080-exec-1] org.apache.catalina.startup.HostConfig.undeploy Repliegue (undeploy) de la aplicación web que tiene como trayectoria de contexto [/web]
26-Aug-2020 19:28:38.831 INFO [http-nio-8080-exec-5] org.apache.catalina.startup.HostConfig.deployDescriptor Desplieque del descriptor de configuración [C:\Users\marc_\Desktop\TFG\apache-tomcat-9.0.37\conf\Catalina\localhost\web.xml]
26-Aug-2020 19:28:38.835 WARNING [http-nio-8080-exec-5] org.apache.catalina.startup.HostConfig.deployDescriptor The path attribute with value [/web] in deployment descriptor [C:\Users\marc_\Desktop\TFG\apache-tomcat-9.0.37\conf\Catalina\localhost\web.xml] has been ignored
26-Aug-2020 19:28:38.843 WARNING [http-nio-8080-exec-5] org.apache.tomcat.util.digester.SetPropertiesRule.begin Match [Context/Realm/CredentialHandler] failed to set property [keyLength] to [256]
26-Aug-2020 19:28:39.400 WARNING [http-nio-8080-exec-5] org.apache.catalina.startup.ContextConfig.validateSecurityRoles El nombre de papel de seguridad [user] es usado en un <auth-constraint> sin haber sido definido en <security-role>
26-Aug-2020 19:28:39.408 INFO [http-nio-8080-exec-5] org.apache.jasper.servlet.TldScanner.scanJars Al menos un JAR, que se ha explorado buscando TLDs, aún no contenía TLDs. Activar historial de depuración para este historiador para una completa lista de los JARs que fueron explorados y de los que nos se halló TLDs. Saltarse JARs no necesarios durante la exploración puede dar lugar a una mejora de tiempo significativa en el arranque y compilación de JSP .
26-Aug-2020 19:28:39.412 INFO [http-nio-8080-exec-5] org.apache.catalina.startup.HostConfig.deployDescriptor Deployment of deployment descriptor [C:\Users\marc_\Desktop\TFG\apache-tomcat-9.0.37\conf\Catalina\localhost\web.xml] has finished in [580] ms
26-Aug-2020 19:28:39.418 INFO [http-nio-8080-exec-10] org.apache.catalina.util.LifecycleBase.start The start() method was called on component [StandardEngine[Catalina].StandardHost[localhost].StandardContext[/web]] after start() had already been called. The second call will be ignored.
