24-Aug-2020 20:11:18.485 INFO [main] org.apache.catalina.startup.VersionLoggerListener.log Nombre de la versión del servidor:   Apache Tomcat/9.0.37

24-Aug-2020 20:11:18.488 INFO [main] org.apache.catalina.startup.VersionLoggerListener.log Server built:          Jun 30 2020 20:09:49 UTC
24-Aug-2020 20:11:18.489 INFO [main] org.apache.catalina.startup.VersionLoggerListener.log Número de versión de servidor:         9.0.37.0
24-Aug-2020 20:11:18.489 INFO [main] org.apache.catalina.startup.VersionLoggerListener.log OS Name:               Windows 10
24-Aug-2020 20:11:18.489 INFO [main] org.apache.catalina.startup.VersionLoggerListener.log Versión de Systema Operativo:      10.0

24-Aug-2020 20:11:18.489 INFO [main] org.apache.catalina.startup.VersionLoggerListener.log Arquitectura:          amd64

24-Aug-2020 20:11:18.489 INFO [main] org.apache.catalina.startup.VersionLoggerListener.log Java Home:             C:\Program Files\Java\jdk-14.0.2
24-Aug-2020 20:11:18.489 INFO [main] org.apache.catalina.startup.VersionLoggerListener.log JVM Version:           14.0.2+12-46
24-Aug-2020 20:11:18.489 INFO [main] org.apache.catalina.startup.VersionLoggerListener.log Vededor JVM:     Oracle Corporation
24-Aug-2020 20:11:18.489 INFO [main] org.apache.catalina.startup.VersionLoggerListener.log CATALINA_BASE:         C:\Users\marc_\Desktop\TFG\apache-tomcat-9.0.37
24-Aug-2020 20:11:18.489 INFO [main] org.apache.catalina.startup.VersionLoggerListener.log CATALINA_HOME:         C:\Users\marc_\Desktop\TFG\apache-tomcat-9.0.37
24-Aug-2020 20:11:18.502 INFO [main] org.apache.catalina.startup.VersionLoggerListener.log Command line argument: --add-opens=java.base/java.lang=ALL-UNNAMED
24-Aug-2020 20:11:18.502 INFO [main] org.apache.catalina.startup.VersionLoggerListener.log Command line argument: --add-opens=java.base/java.io=ALL-UNNAMED
24-Aug-2020 20:11:18.502 INFO [main] org.apache.catalina.startup.VersionLoggerListener.log Command line argument: --add-opens=java.rmi/sun.rmi.transport=ALL-UNNAMED
24-Aug-2020 20:11:18.503 INFO [main] org.apache.catalina.startup.VersionLoggerListener.log Command line argument: -Djava.util.logging.config.file=C:\Users\marc_\Desktop\TFG\apache-tomcat-9.0.37\conf\logging.properties
24-Aug-2020 20:11:18.503 INFO [main] org.apache.catalina.startup.VersionLoggerListener.log Command line argument: -Djava.util.logging.manager=org.apache.juli.ClassLoaderLogManager
24-Aug-2020 20:11:18.503 INFO [main] org.apache.catalina.startup.VersionLoggerListener.log Command line argument: -Dhttp.nonProxyHosts=localhost|127.0.0.1|DESKTOP-RAM3TKJ
24-Aug-2020 20:11:18.503 INFO [main] org.apache.catalina.startup.VersionLoggerListener.log Command line argument: -Djdk.tls.ephemeralDHKeySize=2048
24-Aug-2020 20:11:18.503 INFO [main] org.apache.catalina.startup.VersionLoggerListener.log Command line argument: -Djava.protocol.handler.pkgs=org.apache.catalina.webresources
24-Aug-2020 20:11:18.503 INFO [main] org.apache.catalina.startup.VersionLoggerListener.log Command line argument: -Dignore.endorsed.dirs=
24-Aug-2020 20:11:18.503 INFO [main] org.apache.catalina.startup.VersionLoggerListener.log Command line argument: -Dcatalina.base=C:\Users\marc_\Desktop\TFG\apache-tomcat-9.0.37
24-Aug-2020 20:11:18.503 INFO [main] org.apache.catalina.startup.VersionLoggerListener.log Command line argument: -Dcatalina.home=C:\Users\marc_\Desktop\TFG\apache-tomcat-9.0.37
24-Aug-2020 20:11:18.503 INFO [main] org.apache.catalina.startup.VersionLoggerListener.log Command line argument: -Djava.io.tmpdir=C:\Users\marc_\Desktop\TFG\apache-tomcat-9.0.37\temp
24-Aug-2020 20:11:18.503 INFO [main] org.apache.catalina.core.AprLifecycleListener.lifecycleEvent La biblioteca nativa de Apache Tomcat basada en ARP que permite un rendimiento óptimo en entornos de desarrollo no ha sido hallada en java.library.path: [C:\Program Files\Java\jdk-14.0.2\bin;C:\WINDOWS\Sun\Java\bin;C:\WINDOWS\system32;C:\WINDOWS;C:\Program Files (x86)\Common Files\Oracle\Java\javapath;C:\ProgramData\Oracle\Java\javapath;C:\Windows\system32;C:\Windows;C:\Windows\System32\Wbem;C:\Windows\System32\WindowsPowerShell\v1.0\;C:\Windows\System32\OpenSSH\;C:\Program Files (x86)\NVIDIA Corporation\PhysX\Common;C:\Program Files\NVIDIA Corporation\NVIDIA NvDLISR;C:\Program Files\Java\jdk-14.0.2\bin;C:\Program Files\MariaDB 10.5\bin;C:\Users\marc_\Desktop\TFG\Tomcat\lib\mysql-connector-java-8.0.21.jar;C:\Program Files\Git\cmd;C:\Program Files\Git\mingw64\bin;C:\Program Files\Git\usr\bin;C:\WINDOWS\system32;C:\WINDOWS;C:\WINDOWS\System32\Wbem;C:\WINDOWS\System32\WindowsPowerShell\v1.0\;C:\WINDOWS\System32\OpenSSH\;C:\Users\marc_\AppData\Local\Microsoft\WindowsApps;C:\Program Files\JetBrains\IntelliJ IDEA Community Edition 2020.2\bin;C:\Users\marc_\AppData\Local\atom\bin;%USERPROFILE%\AppData\Local\Microsoft\WindowsApps;;.]
24-Aug-2020 20:11:18.917 INFO [main] org.apache.coyote.AbstractProtocol.init Inicializando el manejador de protocolo ["http-nio-8080"]

24-Aug-2020 20:11:19.017 INFO [main] org.apache.catalina.startup.Catalina.load Server initialization in [738] milliseconds
24-Aug-2020 20:11:19.078 INFO [main] org.apache.catalina.core.StandardService.startInternal Arrancando servicio [Catalina]
24-Aug-2020 20:11:19.078 INFO [main] org.apache.catalina.core.StandardEngine.startInternal Starting Servlet engine: [Apache Tomcat/9.0.37]
24-Aug-2020 20:11:19.089 INFO [main] org.apache.catalina.startup.HostConfig.deployDirectory Desplegando el directorio [C:\Users\marc_\Desktop\TFG\apache-tomcat-9.0.37\webapps\docs] de la aplicación web
24-Aug-2020 20:11:19.862 INFO [main] org.apache.jasper.servlet.TldScanner.scanJars Al menos un JAR, que se ha explorado buscando TLDs, aún no contenía TLDs. Activar historial de depuración para este historiador para una completa lista de los JARs que fueron explorados y de los que nos se halló TLDs. Saltarse JARs no necesarios durante la exploración puede dar lugar a una mejora de tiempo significativa en el arranque y compilación de JSP .
24-Aug-2020 20:11:19.917 INFO [main] org.apache.catalina.startup.HostConfig.deployDirectory Deployment of web application directory [C:\Users\marc_\Desktop\TFG\apache-tomcat-9.0.37\webapps\docs] has finished in [828] ms
24-Aug-2020 20:11:19.917 INFO [main] org.apache.catalina.startup.HostConfig.deployDirectory Desplegando el directorio [C:\Users\marc_\Desktop\TFG\apache-tomcat-9.0.37\webapps\examples] de la aplicación web
24-Aug-2020 20:11:20.852 INFO [main] org.apache.jasper.servlet.TldScanner.scanJars Al menos un JAR, que se ha explorado buscando TLDs, aún no contenía TLDs. Activar historial de depuración para este historiador para una completa lista de los JARs que fueron explorados y de los que nos se halló TLDs. Saltarse JARs no necesarios durante la exploración puede dar lugar a una mejora de tiempo significativa en el arranque y compilación de JSP .
24-Aug-2020 20:11:20.929 INFO [main] org.apache.catalina.startup.HostConfig.deployDirectory Deployment of web application directory [C:\Users\marc_\Desktop\TFG\apache-tomcat-9.0.37\webapps\examples] has finished in [1.012] ms
24-Aug-2020 20:11:20.929 INFO [main] org.apache.catalina.startup.HostConfig.deployDirectory Desplegando el directorio [C:\Users\marc_\Desktop\TFG\apache-tomcat-9.0.37\webapps\host-manager] de la aplicación web
24-Aug-2020 20:11:21.379 INFO [main] org.apache.jasper.servlet.TldScanner.scanJars Al menos un JAR, que se ha explorado buscando TLDs, aún no contenía TLDs. Activar historial de depuración para este historiador para una completa lista de los JARs que fueron explorados y de los que nos se halló TLDs. Saltarse JARs no necesarios durante la exploración puede dar lugar a una mejora de tiempo significativa en el arranque y compilación de JSP .
24-Aug-2020 20:11:21.388 INFO [main] org.apache.catalina.startup.HostConfig.deployDirectory Deployment of web application directory [C:\Users\marc_\Desktop\TFG\apache-tomcat-9.0.37\webapps\host-manager] has finished in [459] ms
24-Aug-2020 20:11:21.389 INFO [main] org.apache.catalina.startup.HostConfig.deployDirectory Desplegando el directorio [C:\Users\marc_\Desktop\TFG\apache-tomcat-9.0.37\webapps\manager] de la aplicación web
24-Aug-2020 20:11:21.866 INFO [main] org.apache.jasper.servlet.TldScanner.scanJars Al menos un JAR, que se ha explorado buscando TLDs, aún no contenía TLDs. Activar historial de depuración para este historiador para una completa lista de los JARs que fueron explorados y de los que nos se halló TLDs. Saltarse JARs no necesarios durante la exploración puede dar lugar a una mejora de tiempo significativa en el arranque y compilación de JSP .
24-Aug-2020 20:11:21.870 INFO [main] org.apache.catalina.startup.HostConfig.deployDirectory Deployment of web application directory [C:\Users\marc_\Desktop\TFG\apache-tomcat-9.0.37\webapps\manager] has finished in [481] ms
24-Aug-2020 20:11:21.871 INFO [main] org.apache.catalina.startup.HostConfig.deployDirectory Desplegando el directorio [C:\Users\marc_\Desktop\TFG\apache-tomcat-9.0.37\webapps\ROOT] de la aplicación web
24-Aug-2020 20:11:22.354 INFO [main] org.apache.jasper.servlet.TldScanner.scanJars Al menos un JAR, que se ha explorado buscando TLDs, aún no contenía TLDs. Activar historial de depuración para este historiador para una completa lista de los JARs que fueron explorados y de los que nos se halló TLDs. Saltarse JARs no necesarios durante la exploración puede dar lugar a una mejora de tiempo significativa en el arranque y compilación de JSP .
24-Aug-2020 20:11:22.358 INFO [main] org.apache.catalina.startup.HostConfig.deployDirectory Deployment of web application directory [C:\Users\marc_\Desktop\TFG\apache-tomcat-9.0.37\webapps\ROOT] has finished in [487] ms
24-Aug-2020 20:11:22.363 INFO [main] org.apache.coyote.AbstractProtocol.start Starting ProtocolHandler ["http-nio-8080"]
24-Aug-2020 20:11:22.380 INFO [main] org.apache.catalina.startup.Catalina.start Server startup in [3357] milliseconds
24-Aug-2020 20:11:24.240 INFO [http-nio-8080-exec-10] org.apache.catalina.startup.HostConfig.deployDescriptor Desplieque del descriptor de configuración [C:\Users\marc_\Desktop\TFG\apache-tomcat-9.0.37\conf\Catalina\localhost\web.xml]
24-Aug-2020 20:11:24.242 WARNING [http-nio-8080-exec-10] org.apache.catalina.startup.HostConfig.deployDescriptor The path attribute with value [/web] in deployment descriptor [C:\Users\marc_\Desktop\TFG\apache-tomcat-9.0.37\conf\Catalina\localhost\web.xml] has been ignored
24-Aug-2020 20:11:24.249 WARNING [http-nio-8080-exec-10] org.apache.tomcat.util.digester.SetPropertiesRule.begin Match [Context/Realm/CredentialHandler] failed to set property [keyLength] to [256]
24-Aug-2020 20:11:24.828 WARNING [http-nio-8080-exec-10] org.apache.catalina.startup.ContextConfig.validateSecurityRoles El nombre de papel de seguridad [user] es usado en un <auth-constraint> sin haber sido definido en <security-role>
24-Aug-2020 20:11:24.835 INFO [http-nio-8080-exec-10] org.apache.jasper.servlet.TldScanner.scanJars Al menos un JAR, que se ha explorado buscando TLDs, aún no contenía TLDs. Activar historial de depuración para este historiador para una completa lista de los JARs que fueron explorados y de los que nos se halló TLDs. Saltarse JARs no necesarios durante la exploración puede dar lugar a una mejora de tiempo significativa en el arranque y compilación de JSP .
24-Aug-2020 20:11:24.842 INFO [http-nio-8080-exec-10] org.apache.catalina.startup.HostConfig.deployDescriptor Deployment of deployment descriptor [C:\Users\marc_\Desktop\TFG\apache-tomcat-9.0.37\conf\Catalina\localhost\web.xml] has finished in [602] ms
24-Aug-2020 20:11:24.847 INFO [http-nio-8080-exec-2] org.apache.catalina.util.LifecycleBase.start The start() method was called on component [StandardEngine[Catalina].StandardHost[localhost].StandardContext[/web]] after start() had already been called. The second call will be ignored.
24-Aug-2020 20:15:53.601 INFO [http-nio-8080-exec-6] org.apache.catalina.startup.HostConfig.undeploy Repliegue (undeploy) de la aplicación web que tiene como trayectoria de contexto [/web]
24-Aug-2020 20:16:07.628 INFO [http-nio-8080-exec-4] org.apache.catalina.startup.HostConfig.deployDescriptor Desplieque del descriptor de configuración [C:\Users\marc_\Desktop\TFG\apache-tomcat-9.0.37\conf\Catalina\localhost\web.xml]
24-Aug-2020 20:16:07.628 WARNING [http-nio-8080-exec-4] org.apache.catalina.startup.HostConfig.deployDescriptor The path attribute with value [/web] in deployment descriptor [C:\Users\marc_\Desktop\TFG\apache-tomcat-9.0.37\conf\Catalina\localhost\web.xml] has been ignored
24-Aug-2020 20:16:07.628 WARNING [http-nio-8080-exec-4] org.apache.tomcat.util.digester.SetPropertiesRule.begin Match [Context/Realm/CredentialHandler] failed to set property [keyLength] to [256]
24-Aug-2020 20:16:08.117 WARNING [http-nio-8080-exec-4] org.apache.catalina.startup.ContextConfig.validateSecurityRoles El nombre de papel de seguridad [user] es usado en un <auth-constraint> sin haber sido definido en <security-role>
24-Aug-2020 20:16:08.123 INFO [http-nio-8080-exec-4] org.apache.jasper.servlet.TldScanner.scanJars Al menos un JAR, que se ha explorado buscando TLDs, aún no contenía TLDs. Activar historial de depuración para este historiador para una completa lista de los JARs que fueron explorados y de los que nos se halló TLDs. Saltarse JARs no necesarios durante la exploración puede dar lugar a una mejora de tiempo significativa en el arranque y compilación de JSP .
24-Aug-2020 20:16:08.133 INFO [http-nio-8080-exec-4] org.apache.catalina.startup.HostConfig.deployDescriptor Deployment of deployment descriptor [C:\Users\marc_\Desktop\TFG\apache-tomcat-9.0.37\conf\Catalina\localhost\web.xml] has finished in [504] ms
24-Aug-2020 20:16:08.137 INFO [http-nio-8080-exec-1] org.apache.catalina.util.LifecycleBase.start The start() method was called on component [StandardEngine[Catalina].StandardHost[localhost].StandardContext[/web]] after start() had already been called. The second call will be ignored.
24-Aug-2020 20:18:31.205 INFO [http-nio-8080-exec-19] org.apache.catalina.startup.HostConfig.undeploy Repliegue (undeploy) de la aplicación web que tiene como trayectoria de contexto [/web]
24-Aug-2020 20:21:49.018 INFO [http-nio-8080-exec-14] org.apache.catalina.startup.HostConfig.deployDescriptor Desplieque del descriptor de configuración [C:\Users\marc_\Desktop\TFG\apache-tomcat-9.0.37\conf\Catalina\localhost\web.xml]
24-Aug-2020 20:21:49.021 WARNING [http-nio-8080-exec-14] org.apache.catalina.startup.HostConfig.deployDescriptor The path attribute with value [/web] in deployment descriptor [C:\Users\marc_\Desktop\TFG\apache-tomcat-9.0.37\conf\Catalina\localhost\web.xml] has been ignored
24-Aug-2020 20:21:49.027 WARNING [http-nio-8080-exec-14] org.apache.tomcat.util.digester.SetPropertiesRule.begin Match [Context/Realm/CredentialHandler] failed to set property [keyLength] to [256]
24-Aug-2020 20:21:49.464 WARNING [http-nio-8080-exec-14] org.apache.catalina.startup.ContextConfig.validateSecurityRoles El nombre de papel de seguridad [user] es usado en un <auth-constraint> sin haber sido definido en <security-role>
24-Aug-2020 20:21:49.472 INFO [http-nio-8080-exec-14] org.apache.jasper.servlet.TldScanner.scanJars Al menos un JAR, que se ha explorado buscando TLDs, aún no contenía TLDs. Activar historial de depuración para este historiador para una completa lista de los JARs que fueron explorados y de los que nos se halló TLDs. Saltarse JARs no necesarios durante la exploración puede dar lugar a una mejora de tiempo significativa en el arranque y compilación de JSP .
24-Aug-2020 20:21:49.475 INFO [http-nio-8080-exec-14] org.apache.catalina.startup.HostConfig.deployDescriptor Deployment of deployment descriptor [C:\Users\marc_\Desktop\TFG\apache-tomcat-9.0.37\conf\Catalina\localhost\web.xml] has finished in [457] ms
24-Aug-2020 20:21:49.479 INFO [http-nio-8080-exec-24] org.apache.catalina.util.LifecycleBase.start The start() method was called on component [StandardEngine[Catalina].StandardHost[localhost].StandardContext[/web]] after start() had already been called. The second call will be ignored.
24-Aug-2020 20:22:31.179 INFO [http-nio-8080-exec-24] org.apache.catalina.startup.HostConfig.undeploy Repliegue (undeploy) de la aplicación web que tiene como trayectoria de contexto [/web]
24-Aug-2020 20:22:31.219 INFO [http-nio-8080-exec-21] org.apache.catalina.startup.HostConfig.deployDescriptor Desplieque del descriptor de configuración [C:\Users\marc_\Desktop\TFG\apache-tomcat-9.0.37\conf\Catalina\localhost\web.xml]
24-Aug-2020 20:22:31.221 WARNING [http-nio-8080-exec-21] org.apache.catalina.startup.HostConfig.deployDescriptor The path attribute with value [/web] in deployment descriptor [C:\Users\marc_\Desktop\TFG\apache-tomcat-9.0.37\conf\Catalina\localhost\web.xml] has been ignored
24-Aug-2020 20:22:31.229 WARNING [http-nio-8080-exec-21] org.apache.tomcat.util.digester.SetPropertiesRule.begin Match [Context/Realm/CredentialHandler] failed to set property [keyLength] to [256]
24-Aug-2020 20:22:31.856 WARNING [http-nio-8080-exec-21] org.apache.catalina.startup.ContextConfig.validateSecurityRoles El nombre de papel de seguridad [user] es usado en un <auth-constraint> sin haber sido definido en <security-role>
24-Aug-2020 20:22:31.864 INFO [http-nio-8080-exec-21] org.apache.jasper.servlet.TldScanner.scanJars Al menos un JAR, que se ha explorado buscando TLDs, aún no contenía TLDs. Activar historial de depuración para este historiador para una completa lista de los JARs que fueron explorados y de los que nos se halló TLDs. Saltarse JARs no necesarios durante la exploración puede dar lugar a una mejora de tiempo significativa en el arranque y compilación de JSP .
24-Aug-2020 20:22:31.872 INFO [http-nio-8080-exec-21] org.apache.catalina.startup.HostConfig.deployDescriptor Deployment of deployment descriptor [C:\Users\marc_\Desktop\TFG\apache-tomcat-9.0.37\conf\Catalina\localhost\web.xml] has finished in [654] ms
24-Aug-2020 20:22:31.879 INFO [http-nio-8080-exec-23] org.apache.catalina.util.LifecycleBase.start The start() method was called on component [StandardEngine[Catalina].StandardHost[localhost].StandardContext[/web]] after start() had already been called. The second call will be ignored.
24-Aug-2020 20:23:03.508 INFO [http-nio-8080-exec-29] org.apache.catalina.startup.HostConfig.undeploy Repliegue (undeploy) de la aplicación web que tiene como trayectoria de contexto [/web]
24-Aug-2020 20:23:16.495 INFO [http-nio-8080-exec-33] org.apache.catalina.startup.HostConfig.deployDescriptor Desplieque del descriptor de configuración [C:\Users\marc_\Desktop\TFG\apache-tomcat-9.0.37\conf\Catalina\localhost\web.xml]
24-Aug-2020 20:23:16.498 WARNING [http-nio-8080-exec-33] org.apache.catalina.startup.HostConfig.deployDescriptor The path attribute with value [/web] in deployment descriptor [C:\Users\marc_\Desktop\TFG\apache-tomcat-9.0.37\conf\Catalina\localhost\web.xml] has been ignored
24-Aug-2020 20:23:16.507 WARNING [http-nio-8080-exec-33] org.apache.tomcat.util.digester.SetPropertiesRule.begin Match [Context/Realm/CredentialHandler] failed to set property [keyLength] to [256]
24-Aug-2020 20:23:17.421 WARNING [http-nio-8080-exec-33] org.apache.catalina.startup.ContextConfig.validateSecurityRoles El nombre de papel de seguridad [user] es usado en un <auth-constraint> sin haber sido definido en <security-role>
24-Aug-2020 20:23:17.433 INFO [http-nio-8080-exec-33] org.apache.jasper.servlet.TldScanner.scanJars Al menos un JAR, que se ha explorado buscando TLDs, aún no contenía TLDs. Activar historial de depuración para este historiador para una completa lista de los JARs que fueron explorados y de los que nos se halló TLDs. Saltarse JARs no necesarios durante la exploración puede dar lugar a una mejora de tiempo significativa en el arranque y compilación de JSP .
24-Aug-2020 20:23:17.438 INFO [http-nio-8080-exec-33] org.apache.catalina.startup.HostConfig.deployDescriptor Deployment of deployment descriptor [C:\Users\marc_\Desktop\TFG\apache-tomcat-9.0.37\conf\Catalina\localhost\web.xml] has finished in [942] ms
24-Aug-2020 20:23:17.445 INFO [http-nio-8080-exec-28] org.apache.catalina.util.LifecycleBase.start The start() method was called on component [StandardEngine[Catalina].StandardHost[localhost].StandardContext[/web]] after start() had already been called. The second call will be ignored.
24-Aug-2020 20:24:51.734 INFO [http-nio-8080-exec-30] org.apache.catalina.startup.HostConfig.undeploy Repliegue (undeploy) de la aplicación web que tiene como trayectoria de contexto [/web]
24-Aug-2020 20:25:09.138 INFO [http-nio-8080-exec-36] org.apache.catalina.startup.HostConfig.deployDescriptor Desplieque del descriptor de configuración [C:\Users\marc_\Desktop\TFG\apache-tomcat-9.0.37\conf\Catalina\localhost\web.xml]
24-Aug-2020 20:25:09.140 WARNING [http-nio-8080-exec-36] org.apache.catalina.startup.HostConfig.deployDescriptor The path attribute with value [/web] in deployment descriptor [C:\Users\marc_\Desktop\TFG\apache-tomcat-9.0.37\conf\Catalina\localhost\web.xml] has been ignored
24-Aug-2020 20:25:09.144 WARNING [http-nio-8080-exec-36] org.apache.tomcat.util.digester.SetPropertiesRule.begin Match [Context/Realm/CredentialHandler] failed to set property [keyLength] to [256]
24-Aug-2020 20:25:09.572 WARNING [http-nio-8080-exec-36] org.apache.catalina.startup.ContextConfig.validateSecurityRoles El nombre de papel de seguridad [user] es usado en un <auth-constraint> sin haber sido definido en <security-role>
24-Aug-2020 20:25:09.578 INFO [http-nio-8080-exec-36] org.apache.jasper.servlet.TldScanner.scanJars Al menos un JAR, que se ha explorado buscando TLDs, aún no contenía TLDs. Activar historial de depuración para este historiador para una completa lista de los JARs que fueron explorados y de los que nos se halló TLDs. Saltarse JARs no necesarios durante la exploración puede dar lugar a una mejora de tiempo significativa en el arranque y compilación de JSP .
24-Aug-2020 20:25:09.581 INFO [http-nio-8080-exec-36] org.apache.catalina.startup.HostConfig.deployDescriptor Deployment of deployment descriptor [C:\Users\marc_\Desktop\TFG\apache-tomcat-9.0.37\conf\Catalina\localhost\web.xml] has finished in [443] ms
24-Aug-2020 20:25:09.584 INFO [http-nio-8080-exec-37] org.apache.catalina.util.LifecycleBase.start The start() method was called on component [StandardEngine[Catalina].StandardHost[localhost].StandardContext[/web]] after start() had already been called. The second call will be ignored.
24-Aug-2020 20:32:33.199 INFO [http-nio-8080-exec-48] org.apache.catalina.startup.HostConfig.undeploy Repliegue (undeploy) de la aplicación web que tiene como trayectoria de contexto [/web]
24-Aug-2020 20:33:34.284 INFO [http-nio-8080-exec-49] org.apache.catalina.startup.HostConfig.deployDescriptor Desplieque del descriptor de configuración [C:\Users\marc_\Desktop\TFG\apache-tomcat-9.0.37\conf\Catalina\localhost\web.xml]
24-Aug-2020 20:33:34.288 WARNING [http-nio-8080-exec-49] org.apache.catalina.startup.HostConfig.deployDescriptor The path attribute with value [/web] in deployment descriptor [C:\Users\marc_\Desktop\TFG\apache-tomcat-9.0.37\conf\Catalina\localhost\web.xml] has been ignored
24-Aug-2020 20:33:34.293 WARNING [http-nio-8080-exec-49] org.apache.tomcat.util.digester.SetPropertiesRule.begin Match [Context/Realm/CredentialHandler] failed to set property [keyLength] to [256]
24-Aug-2020 20:33:34.723 WARNING [http-nio-8080-exec-49] org.apache.catalina.startup.ContextConfig.validateSecurityRoles El nombre de papel de seguridad [user] es usado en un <auth-constraint> sin haber sido definido en <security-role>
24-Aug-2020 20:33:34.729 INFO [http-nio-8080-exec-49] org.apache.jasper.servlet.TldScanner.scanJars Al menos un JAR, que se ha explorado buscando TLDs, aún no contenía TLDs. Activar historial de depuración para este historiador para una completa lista de los JARs que fueron explorados y de los que nos se halló TLDs. Saltarse JARs no necesarios durante la exploración puede dar lugar a una mejora de tiempo significativa en el arranque y compilación de JSP .
24-Aug-2020 20:33:34.732 INFO [http-nio-8080-exec-49] org.apache.catalina.startup.HostConfig.deployDescriptor Deployment of deployment descriptor [C:\Users\marc_\Desktop\TFG\apache-tomcat-9.0.37\conf\Catalina\localhost\web.xml] has finished in [448] ms
24-Aug-2020 20:33:34.734 INFO [http-nio-8080-exec-54] org.apache.catalina.util.LifecycleBase.start The start() method was called on component [StandardEngine[Catalina].StandardHost[localhost].StandardContext[/web]] after start() had already been called. The second call will be ignored.
