24-Aug-2020 20:11:24.117 INFO [http-nio-8080-exec-4] org.apache.catalina.core.ApplicationContext.log Manager: init: Associated with Deployer 'Catalina:type=Deployer,host=localhost'
24-Aug-2020 20:11:24.117 INFO [http-nio-8080-exec-4] org.apache.catalina.core.ApplicationContext.log Manager: init: Global resources are available
24-Aug-2020 20:11:24.187 INFO [http-nio-8080-exec-6] org.apache.catalina.core.ApplicationContext.log Manager: list: Listing contexts for virtual host 'localhost'
24-Aug-2020 20:11:24.207 INFO [http-nio-8080-exec-7] org.apache.catalina.core.ApplicationContext.log Manager: list: Listing contexts for virtual host 'localhost'
24-Aug-2020 20:11:24.233 INFO [http-nio-8080-exec-10] org.apache.catalina.core.ApplicationContext.log Manager: install: Installing context configuration at 'file:/C:/Users/marc_/AppData/Local/Temp/context8663961021974393084.xml'
24-Aug-2020 20:11:24.847 INFO [http-nio-8080-exec-2] org.apache.catalina.core.ApplicationContext.log Manager: start: Starting web application '/web'
24-Aug-2020 20:15:53.034 INFO [http-nio-8080-exec-5] org.apache.catalina.core.ApplicationContext.log Manager: list: Listing contexts for virtual host 'localhost'
24-Aug-2020 20:15:53.048 INFO [http-nio-8080-exec-6] org.apache.catalina.core.ApplicationContext.log Manager: undeploy: Undeploying web application at '/web'
24-Aug-2020 20:16:07.598 INFO [http-nio-8080-exec-10] org.apache.catalina.core.ApplicationContext.log Manager: list: Listing contexts for virtual host 'localhost'
24-Aug-2020 20:16:07.605 INFO [http-nio-8080-exec-5] org.apache.catalina.core.ApplicationContext.log Manager: list: Listing contexts for virtual host 'localhost'
24-Aug-2020 20:16:07.628 INFO [http-nio-8080-exec-4] org.apache.catalina.core.ApplicationContext.log Manager: install: Installing context configuration at 'file:/C:/Users/marc_/AppData/Local/Temp/context3850886889871593418.xml'
24-Aug-2020 20:16:08.137 INFO [http-nio-8080-exec-1] org.apache.catalina.core.ApplicationContext.log Manager: start: Starting web application '/web'
24-Aug-2020 20:18:30.674 INFO [http-nio-8080-exec-18] org.apache.catalina.core.ApplicationContext.log Manager: list: Listing contexts for virtual host 'localhost'
24-Aug-2020 20:18:30.685 INFO [http-nio-8080-exec-19] org.apache.catalina.core.ApplicationContext.log Manager: undeploy: Undeploying web application at '/web'
24-Aug-2020 20:21:48.981 INFO [http-nio-8080-exec-22] org.apache.catalina.core.ApplicationContext.log Manager: list: Listing contexts for virtual host 'localhost'
24-Aug-2020 20:21:48.987 INFO [http-nio-8080-exec-25] org.apache.catalina.core.ApplicationContext.log Manager: list: Listing contexts for virtual host 'localhost'
24-Aug-2020 20:21:49.016 INFO [http-nio-8080-exec-14] org.apache.catalina.core.ApplicationContext.log Manager: install: Installing context configuration at 'file:/C:/Users/marc_/AppData/Local/Temp/context829756615705440033.xml'
24-Aug-2020 20:21:49.479 INFO [http-nio-8080-exec-24] org.apache.catalina.core.ApplicationContext.log Manager: start: Starting web application '/web'
24-Aug-2020 20:22:30.653 INFO [http-nio-8080-exec-20] org.apache.catalina.core.ApplicationContext.log Manager: list: Listing contexts for virtual host 'localhost'
24-Aug-2020 20:22:30.657 INFO [http-nio-8080-exec-21] org.apache.catalina.core.ApplicationContext.log Manager: list: Listing contexts for virtual host 'localhost'
24-Aug-2020 20:22:30.665 INFO [http-nio-8080-exec-24] org.apache.catalina.core.ApplicationContext.log Manager: undeploy: Undeploying web application at '/web'
24-Aug-2020 20:22:31.215 INFO [http-nio-8080-exec-21] org.apache.catalina.core.ApplicationContext.log Manager: install: Installing context configuration at 'file:/C:/Users/marc_/AppData/Local/Temp/context6655965243399170572.xml'
24-Aug-2020 20:22:31.879 INFO [http-nio-8080-exec-23] org.apache.catalina.core.ApplicationContext.log Manager: start: Starting web application '/web'
24-Aug-2020 20:23:02.983 INFO [http-nio-8080-exec-33] org.apache.catalina.core.ApplicationContext.log Manager: list: Listing contexts for virtual host 'localhost'
24-Aug-2020 20:23:02.991 INFO [http-nio-8080-exec-29] org.apache.catalina.core.ApplicationContext.log Manager: undeploy: Undeploying web application at '/web'
24-Aug-2020 20:23:16.438 INFO [http-nio-8080-exec-34] org.apache.catalina.core.ApplicationContext.log Manager: list: Listing contexts for virtual host 'localhost'
24-Aug-2020 20:23:16.443 INFO [http-nio-8080-exec-23] org.apache.catalina.core.ApplicationContext.log Manager: list: Listing contexts for virtual host 'localhost'
24-Aug-2020 20:23:16.486 INFO [http-nio-8080-exec-33] org.apache.catalina.core.ApplicationContext.log Manager: install: Installing context configuration at 'file:/C:/Users/marc_/AppData/Local/Temp/context17768405137349123020.xml'
24-Aug-2020 20:23:17.445 INFO [http-nio-8080-exec-28] org.apache.catalina.core.ApplicationContext.log Manager: start: Starting web application '/web'
24-Aug-2020 20:24:51.201 INFO [http-nio-8080-exec-42] org.apache.catalina.core.ApplicationContext.log Manager: list: Listing contexts for virtual host 'localhost'
24-Aug-2020 20:24:51.212 INFO [http-nio-8080-exec-30] org.apache.catalina.core.ApplicationContext.log Manager: undeploy: Undeploying web application at '/web'
24-Aug-2020 20:25:09.109 INFO [http-nio-8080-exec-40] org.apache.catalina.core.ApplicationContext.log Manager: list: Listing contexts for virtual host 'localhost'
24-Aug-2020 20:25:09.112 INFO [http-nio-8080-exec-42] org.apache.catalina.core.ApplicationContext.log Manager: list: Listing contexts for virtual host 'localhost'
24-Aug-2020 20:25:09.136 INFO [http-nio-8080-exec-36] org.apache.catalina.core.ApplicationContext.log Manager: install: Installing context configuration at 'file:/C:/Users/marc_/AppData/Local/Temp/context17151538964392804524.xml'
24-Aug-2020 20:25:09.584 INFO [http-nio-8080-exec-37] org.apache.catalina.core.ApplicationContext.log Manager: start: Starting web application '/web'
24-Aug-2020 20:32:32.671 INFO [http-nio-8080-exec-47] org.apache.catalina.core.ApplicationContext.log Manager: list: Listing contexts for virtual host 'localhost'
24-Aug-2020 20:32:32.679 INFO [http-nio-8080-exec-48] org.apache.catalina.core.ApplicationContext.log Manager: undeploy: Undeploying web application at '/web'
24-Aug-2020 20:33:31.220 INFO [http-nio-8080-exec-51] org.apache.catalina.core.ApplicationContext.log Manager: list: Listing contexts for virtual host 'localhost'
24-Aug-2020 20:33:34.232 INFO [http-nio-8080-exec-46] org.apache.catalina.core.ApplicationContext.log Manager: list: Listing contexts for virtual host 'localhost'
24-Aug-2020 20:33:34.284 INFO [http-nio-8080-exec-49] org.apache.catalina.core.ApplicationContext.log Manager: install: Installing context configuration at 'file:/C:/Users/marc_/AppData/Local/Temp/context17701362920898764845.xml'
24-Aug-2020 20:33:34.734 INFO [http-nio-8080-exec-54] org.apache.catalina.core.ApplicationContext.log Manager: start: Starting web application '/web'
